FCL
Testing on interval [ 1000, 40000000]
Element calculation test with N = 1000 Time: 1.58834e-05 Melement/s: 62 GFLOPS/s: 4.91079 GB/s: 6.29588 Jtransfer timer: 5.334e-06 Atransfer time: 1.892e-06
Element calculation test with N = 1101 Time: 1.75916e-05 Melement/s: 62 GFLOPS/s: 4.88176 GB/s: 6.25867 Jtransfer timer: 1.863e-06 Atransfer time: 1.726e-06
Element calculation test with N = 1212 Time: 1.92044e-05 Melement/s: 63 GFLOPS/s: 4.92263 GB/s: 6.31107 Jtransfer timer: 1.439e-06 Atransfer time: 1.692e-06
Element calculation test with N = 1334 Time: 1.75899e-05 Melement/s: 75 GFLOPS/s: 5.91544 GB/s: 7.5839 Jtransfer timer: 1.695e-06 Atransfer time: 1.796e-06
Element calculation test with N = 1468 Time: 1.81455e-05 Melement/s: 80 GFLOPS/s: 6.31032 GB/s: 8.09016 Jtransfer timer: 1.576e-06 Atransfer time: 1.619e-06
Element calculation test with N = 1615 Time: 1.94171e-05 Melement/s: 83 GFLOPS/s: 6.48758 GB/s: 8.31741 Jtransfer timer: 1.412e-06 Atransfer time: 1.808e-06
Element calculation test with N = 1777 Time: 1.86643e-05 Melement/s: 95 GFLOPS/s: 7.42626 GB/s: 9.52085 Jtransfer timer: 1.517e-06 Atransfer time: 1.518e-06
Element calculation test with N = 1955 Time: 2.00288e-05 Melement/s: 97 GFLOPS/s: 7.61354 GB/s: 9.76094 Jtransfer timer: 1.839e-06 Atransfer time: 1.522e-06
Element calculation test with N = 2151 Time: 2.12991e-05 Melement/s: 100 GFLOPS/s: 7.87725 GB/s: 10.099 Jtransfer timer: 1.829e-06 Atransfer time: 1.462e-06
Element calculation test with N = 2367 Time: 2.01583e-05 Melement/s: 117 GFLOPS/s: 9.15881 GB/s: 11.7421 Jtransfer timer: 1.354e-06 Atransfer time: 1.559e-06
Element calculation test with N = 2604 Time: 2.14583e-05 Melement/s: 121 GFLOPS/s: 9.46545 GB/s: 12.1352 Jtransfer timer: 1.527e-06 Atransfer time: 1.642e-06
Element calculation test with N = 2865 Time: 2.23703e-05 Melement/s: 128 GFLOPS/s: 9.98956 GB/s: 12.8071 Jtransfer timer: 1.492e-06 Atransfer time: 1.242e-06
Element calculation test with N = 3152 Time: 2.35754e-05 Melement/s: 133 GFLOPS/s: 10.4285 GB/s: 13.3699 Jtransfer timer: 1.42e-06 Atransfer time: 1.467e-06
Element calculation test with N = 3468 Time: 2.60215e-05 Melement/s: 133 GFLOPS/s: 10.3954 GB/s: 13.3274 Jtransfer timer: 1.299e-06 Atransfer time: 1.733e-06
Element calculation test with N = 3815 Time: 2.60851e-05 Melement/s: 146 GFLOPS/s: 11.4077 GB/s: 14.6252 Jtransfer timer: 1.226e-06 Atransfer time: 1.766e-06
Element calculation test with N = 4197 Time: 2.68018e-05 Melement/s: 156 GFLOPS/s: 12.2143 GB/s: 15.6594 Jtransfer timer: 1.227e-06 Atransfer time: 1.375e-06
Element calculation test with N = 4617 Time: 2.94674e-05 Melement/s: 156 GFLOPS/s: 12.2212 GB/s: 15.6682 Jtransfer timer: 1.252e-06 Atransfer time: 1.159e-06
Element calculation test with N = 5079 Time: 2.94061e-05 Melement/s: 172 GFLOPS/s: 13.4721 GB/s: 17.2719 Jtransfer timer: 1.216e-06 Atransfer time: 1.476e-06
Element calculation test with N = 5587 Time: 3.21113e-05 Melement/s: 173 GFLOPS/s: 13.5711 GB/s: 17.3989 Jtransfer timer: 1.413e-06 Atransfer time: 9.28e-07
Element calculation test with N = 6146 Time: 3.86728e-05 Melement/s: 158 GFLOPS/s: 12.396 GB/s: 15.8923 Jtransfer timer: 4.574e-06 Atransfer time: 1.052e-06
Element calculation test with N = 6761 Time: 3.64344e-05 Melement/s: 185 GFLOPS/s: 14.4742 GB/s: 18.5567 Jtransfer timer: 1.229e-06 Atransfer time: 1.265e-06
Element calculation test with N = 7438 Time: 3.7377e-05 Melement/s: 198 GFLOPS/s: 15.522 GB/s: 19.8999 Jtransfer timer: 1.269e-06 Atransfer time: 1.394e-06
Element calculation test with N = 8182 Time: 4.06801e-05 Melement/s: 201 GFLOPS/s: 15.6882 GB/s: 20.1131 Jtransfer timer: 1.469e-06 Atransfer time: 1.763e-06
Element calculation test with N = 9001 Time: 4.47827e-05 Melement/s: 200 GFLOPS/s: 15.6774 GB/s: 20.0993 Jtransfer timer: 1.507e-06 Atransfer time: 1.157e-06
Element calculation test with N = 9902 Time: 4.2661e-05 Melement/s: 232 GFLOPS/s: 18.1045 GB/s: 23.2109 Jtransfer timer: 1.225e-06 Atransfer time: 1.163e-06
Element calculation test with N = 10893 Time: 4.92948e-05 Melement/s: 220 GFLOPS/s: 17.2362 GB/s: 22.0977 Jtransfer timer: 1.467e-06 Atransfer time: 1.404e-06
Element calculation test with N = 11983 Time: 4.77099e-05 Melement/s: 251 GFLOPS/s: 19.5908 GB/s: 25.1164 Jtransfer timer: 1.247e-06 Atransfer time: 1.374e-06
Element calculation test with N = 13182 Time: 5.35156e-05 Melement/s: 246 GFLOPS/s: 19.213 GB/s: 24.6321 Jtransfer timer: 1.381e-06 Atransfer time: 1.465e-06
Element calculation test with N = 14501 Time: 5.47995e-05 Melement/s: 264 GFLOPS/s: 20.6403 GB/s: 26.4619 Jtransfer timer: 1.292e-06 Atransfer time: 1.055e-06
Element calculation test with N = 15952 Time: 5.68987e-05 Melement/s: 280 GFLOPS/s: 21.8679 GB/s: 28.0358 Jtransfer timer: 1.274e-06 Atransfer time: 1.128e-06
Element calculation test with N = 17548 Time: 6.49113e-05 Melement/s: 270 GFLOPS/s: 21.0864 GB/s: 27.0338 Jtransfer timer: 1.451e-06 Atransfer time: 1.135e-06
Element calculation test with N = 19303 Time: 6.59291e-05 Melement/s: 292 GFLOPS/s: 22.8372 GB/s: 29.2784 Jtransfer timer: 1.196e-06 Atransfer time: 1.09e-06
Element calculation test with N = 21234 Time: 7.19839e-05 Melement/s: 294 GFLOPS/s: 23.0087 GB/s: 29.4983 Jtransfer timer: 1.453e-06 Atransfer time: 1.081e-06
Element calculation test with N = 23358 Time: 7.67438e-05 Melement/s: 304 GFLOPS/s: 23.7403 GB/s: 30.4363 Jtransfer timer: 1.183e-06 Atransfer time: 1.055e-06
Element calculation test with N = 25694 Time: 8.24583e-05 Melement/s: 311 GFLOPS/s: 24.3048 GB/s: 31.16 Jtransfer timer: 1.24e-06 Atransfer time: 1.151e-06
Element calculation test with N = 28264 Time: 8.84722e-05 Melement/s: 319 GFLOPS/s: 24.9185 GB/s: 31.9468 Jtransfer timer: 1.323e-06 Atransfer time: 1.168e-06
Element calculation test with N = 31091 Time: 9.03403e-05 Melement/s: 344 GFLOPS/s: 26.844 GB/s: 34.4154 Jtransfer timer: 1.358e-06 Atransfer time: 1.149e-06
Element calculation test with N = 34201 Time: 9.87901e-05 Melement/s: 346 GFLOPS/s: 27.0035 GB/s: 34.6199 Jtransfer timer: 1.261e-06 Atransfer time: 1.374e-06
Element calculation test with N = 37622 Time: 0.000107691 Melement/s: 349 GFLOPS/s: 27.2494 GB/s: 34.9351 Jtransfer timer: 1.223e-06 Atransfer time: 1.382e-06
Element calculation test with N = 41385 Time: 0.000116162 Melement/s: 356 GFLOPS/s: 27.7891 GB/s: 35.627 Jtransfer timer: 1.324e-06 Atransfer time: 1.103e-06
Element calculation test with N = 45524 Time: 0.000127063 Melement/s: 358 GFLOPS/s: 27.9457 GB/s: 35.8278 Jtransfer timer: 1.449e-06 Atransfer time: 1.055e-06
Element calculation test with N = 50077 Time: 0.000138727 Melement/s: 360 GFLOPS/s: 28.1561 GB/s: 36.0975 Jtransfer timer: 1.333e-06 Atransfer time: 1.293e-06
Element calculation test with N = 55085 Time: 0.000146698 Melement/s: 375 GFLOPS/s: 29.289 GB/s: 37.55 Jtransfer timer: 1.306e-06 Atransfer time: 1.432e-06
Element calculation test with N = 60594 Time: 0.000156189 Melement/s: 387 GFLOPS/s: 30.2603 GB/s: 38.7952 Jtransfer timer: 1.26e-06 Atransfer time: 1.331e-06
Element calculation test with N = 66654 Time: 0.000163497 Melement/s: 407 GFLOPS/s: 31.7988 GB/s: 40.7676 Jtransfer timer: 1.564e-06 Atransfer time: 1.081e-06
Element calculation test with N = 73320 Time: 0.000175788 Melement/s: 417 GFLOPS/s: 32.5333 GB/s: 41.7094 Jtransfer timer: 1.347e-06 Atransfer time: 1.376e-06
Element calculation test with N = 80653 Time: 0.000185101 Melement/s: 435 GFLOPS/s: 33.9865 GB/s: 43.5724 Jtransfer timer: 1.436e-06 Atransfer time: 1.389e-06
Element calculation test with N = 88719 Time: 0.000200597 Melement/s: 442 GFLOPS/s: 34.4975 GB/s: 44.2276 Jtransfer timer: 1.347e-06 Atransfer time: 1.312e-06
Element calculation test with N = 97591 Time: 0.00021878 Melement/s: 446 GFLOPS/s: 34.7934 GB/s: 44.6069 Jtransfer timer: 1.278e-06 Atransfer time: 1.258e-06
Element calculation test with N = 107351 Time: 0.000239176 Melement/s: 448 GFLOPS/s: 35.0093 GB/s: 44.8838 Jtransfer timer: 1.486e-06 Atransfer time: 1.402e-06
Element calculation test with N = 118087 Time: 0.000262081 Melement/s: 450 GFLOPS/s: 35.1447 GB/s: 45.0574 Jtransfer timer: 1.985e-06 Atransfer time: 1.409e-06
Element calculation test with N = 129896 Time: 0.00028744 Melement/s: 451 GFLOPS/s: 35.2487 GB/s: 45.1907 Jtransfer timer: 1.396e-06 Atransfer time: 1.416e-06
Element calculation test with N = 142886 Time: 0.000309895 Melement/s: 461 GFLOPS/s: 35.9641 GB/s: 46.1079 Jtransfer timer: 1.717e-06 Atransfer time: 1.251e-06
Element calculation test with N = 157175 Time: 0.000339792 Melement/s: 462 GFLOPS/s: 36.0799 GB/s: 46.2562 Jtransfer timer: 1.658e-06 Atransfer time: 1.247e-06
Element calculation test with N = 172893 Time: 0.000370171 Melement/s: 467 GFLOPS/s: 36.4309 GB/s: 46.7062 Jtransfer timer: 2.025e-06 Atransfer time: 1.282e-06
Element calculation test with N = 190183 Time: 0.000407977 Melement/s: 466 GFLOPS/s: 36.3605 GB/s: 46.6161 Jtransfer timer: 2.063e-06 Atransfer time: 1.332e-06
Element calculation test with N = 209202 Time: 0.000444643 Melement/s: 470 GFLOPS/s: 36.6986 GB/s: 47.0494 Jtransfer timer: 2.019e-06 Atransfer time: 1.325e-06
Element calculation test with N = 230123 Time: 0.000488268 Melement/s: 471 GFLOPS/s: 36.7617 GB/s: 47.1304 Jtransfer timer: 2.602e-06 Atransfer time: 1.388e-06
Element calculation test with N = 253136 Time: 0.000532832 Melement/s: 475 GFLOPS/s: 37.056 GB/s: 47.5077 Jtransfer timer: 2.488e-06 Atransfer time: 1.381e-06
Element calculation test with N = 278450 Time: 0.000623976 Melement/s: 446 GFLOPS/s: 34.8076 GB/s: 44.6251 Jtransfer timer: 3.06e-06 Atransfer time: 1.3e-06
Element calculation test with N = 306296 Time: 0.000678134 Melement/s: 451 GFLOPS/s: 35.2306 GB/s: 45.1675 Jtransfer timer: 2.998e-06 Atransfer time: 1.385e-06
Element calculation test with N = 336926 Time: 0.000723575 Melement/s: 465 GFLOPS/s: 36.32 GB/s: 46.5641 Jtransfer timer: 2.861e-06 Atransfer time: 1.872e-06
Element calculation test with N = 370619 Time: 0.000830358 Melement/s: 446 GFLOPS/s: 34.8142 GB/s: 44.6336 Jtransfer timer: 3.104e-06 Atransfer time: 1.484e-06
Element calculation test with N = 407681 Time: 0.000972104 Melement/s: 419 GFLOPS/s: 32.7116 GB/s: 41.938 Jtransfer timer: 2.952e-06 Atransfer time: 2.051e-06
Element calculation test with N = 448450 Time: 0.00125661 Melement/s: 356 GFLOPS/s: 27.8361 GB/s: 35.6873 Jtransfer timer: 3.616e-06 Atransfer time: 2.062e-06
Element calculation test with N = 493296 Time: 0.00175652 Melement/s: 280 GFLOPS/s: 21.9052 GB/s: 28.0836 Jtransfer timer: 3.286e-06 Atransfer time: 2.575e-06
Element calculation test with N = 542626 Time: 0.00261107 Melement/s: 207 GFLOPS/s: 16.2098 GB/s: 20.7817 Jtransfer timer: 3.306e-06 Atransfer time: 2.509e-06
Element calculation test with N = 596889 Time: 0.00287796 Melement/s: 207 GFLOPS/s: 16.1772 GB/s: 20.74 Jtransfer timer: 2.802e-06 Atransfer time: 1.954e-06
Element calculation test with N = 656578 Time: 0.00366746 Melement/s: 179 GFLOPS/s: 13.9642 GB/s: 17.9028 Jtransfer timer: 2.781e-06 Atransfer time: 3.065e-06
Element calculation test with N = 722236 Time: 0.00432084 Melement/s: 167 GFLOPS/s: 13.0378 GB/s: 16.7152 Jtransfer timer: 3.878e-06 Atransfer time: 2.72e-06
Element calculation test with N = 794460 Time: 0.00474593 Melement/s: 167 GFLOPS/s: 13.0571 GB/s: 16.7398 Jtransfer timer: 3.232e-06 Atransfer time: 2.984e-06
Element calculation test with N = 873907 Time: 0.00515929 Melement/s: 169 GFLOPS/s: 13.212 GB/s: 16.9385 Jtransfer timer: 3.453e-06 Atransfer time: 4.755e-06
Element calculation test with N = 961298 Time: 0.00618711 Melement/s: 155 GFLOPS/s: 12.119 GB/s: 15.5371 Jtransfer timer: 2.998e-06 Atransfer time: 5.023e-06
Element calculation test with N = 1057428 Time: 0.00644669 Melement/s: 164 GFLOPS/s: 12.7941 GB/s: 16.4027 Jtransfer timer: 3.841e-06 Atransfer time: 4.538e-06
Element calculation test with N = 1163171 Time: 0.00761758 Melement/s: 152 GFLOPS/s: 11.9103 GB/s: 15.2696 Jtransfer timer: 3.513e-06 Atransfer time: 2.869e-06
Element calculation test with N = 1279489 Time: 0.00816386 Melement/s: 156 GFLOPS/s: 12.2246 GB/s: 15.6726 Jtransfer timer: 3.344e-06 Atransfer time: 2.774e-06
Element calculation test with N = 1407438 Time: 0.00901289 Melement/s: 156 GFLOPS/s: 12.1804 GB/s: 15.6158 Jtransfer timer: 3.978e-06 Atransfer time: 2.695e-06
Element calculation test with N = 1548182 Time: 0.00961768 Melement/s: 160 GFLOPS/s: 12.5559 GB/s: 16.0973 Jtransfer timer: 3.642e-06 Atransfer time: 3.07e-06
Element calculation test with N = 1703001 Time: 0.0108819 Melement/s: 156 GFLOPS/s: 12.2068 GB/s: 15.6498 Jtransfer timer: 3.452e-06 Atransfer time: 1.5751e-05
Element calculation test with N = 1873302 Time: 0.00935188 Melement/s: 200 GFLOPS/s: 15.6244 GB/s: 20.0313 Jtransfer timer: 3.927e-06 Atransfer time: 2.749e-06
Element calculation test with N = 2060633 Time: 0.012592 Melement/s: 163 GFLOPS/s: 12.7644 GB/s: 16.3647 Jtransfer timer: 4.024e-06 Atransfer time: 2.936e-06
Element calculation test with N = 2266697 Time: 0.0144314 Melement/s: 157 GFLOPS/s: 12.2512 GB/s: 15.7067 Jtransfer timer: 1.0486e-05 Atransfer time: 2.774e-06
Element calculation test with N = 2493367 Time: 0.0178091 Melement/s: 140 GFLOPS/s: 10.9204 GB/s: 14.0006 Jtransfer timer: 3.866e-06 Atransfer time: 3.573e-06
Element calculation test with N = 2742704 Time: 0.0173105 Melement/s: 158 GFLOPS/s: 12.3584 GB/s: 15.8441 Jtransfer timer: 4.171e-06 Atransfer time: 2.5e-06
Element calculation test with N = 3016975 Time: 0.0191353 Melement/s: 157 GFLOPS/s: 12.2979 GB/s: 15.7665 Jtransfer timer: 3.744e-06 Atransfer time: 2.868e-06
Element calculation test with N = 3318673 Time: 0.0184145 Melement/s: 180 GFLOPS/s: 14.0572 GB/s: 18.0221 Jtransfer timer: 3.361e-06 Atransfer time: 2.937e-06
Element calculation test with N = 3650541 Time: 0.0231396 Melement/s: 157 GFLOPS/s: 12.3054 GB/s: 15.7761 Jtransfer timer: 4.033e-06 Atransfer time: 2.747e-06
Element calculation test with N = 4015596 Time: 0.0216565 Melement/s: 185 GFLOPS/s: 14.4629 GB/s: 18.5422 Jtransfer timer: 4.047e-06 Atransfer time: 2.86e-06
Element calculation test with N = 4417156 Time: 0.0237265 Melement/s: 186 GFLOPS/s: 14.5212 GB/s: 18.6169 Jtransfer timer: 3.901e-06 Atransfer time: 2.502e-06
Element calculation test with N = 4858872 Time: 0.0280549 Melement/s: 173 GFLOPS/s: 13.5089 GB/s: 17.3192 Jtransfer timer: 3.655e-06 Atransfer time: 3.075e-06
Element calculation test with N = 5344760 Time: 0.0272549 Melement/s: 196 GFLOPS/s: 15.296 GB/s: 19.6103 Jtransfer timer: 4.114e-06 Atransfer time: 2.725e-06
Element calculation test with N = 5879237 Time: 0.0368534 Melement/s: 159 GFLOPS/s: 12.4434 GB/s: 15.953 Jtransfer timer: 3.91e-06 Atransfer time: 2.759e-06
Element calculation test with N = 6467161 Time: 0.03167 Melement/s: 204 GFLOPS/s: 15.9279 GB/s: 20.4204 Jtransfer timer: 4.182e-06 Atransfer time: 3.079e-06
Element calculation test with N = 7113878 Time: 0.0427921 Melement/s: 166 GFLOPS/s: 12.967 GB/s: 16.6243 Jtransfer timer: 3.757e-06 Atransfer time: 1.6467e-05
Element calculation test with N = 7825266 Time: 0.0495428 Melement/s: 157 GFLOPS/s: 12.3201 GB/s: 15.795 Jtransfer timer: 3.667e-06 Atransfer time: 3.467e-06
Element calculation test with N = 8607793 Time: 0.0506147 Melement/s: 170 GFLOPS/s: 13.2651 GB/s: 17.0065 Jtransfer timer: 3.717e-06 Atransfer time: 2.816e-06
Element calculation test with N = 9468573 Time: 0.0549127 Melement/s: 172 GFLOPS/s: 13.4495 GB/s: 17.243 Jtransfer timer: 3.647e-06 Atransfer time: 2.831e-06
Element calculation test with N = 10415431 Time: 0.0612343 Melement/s: 170 GFLOPS/s: 13.2671 GB/s: 17.0091 Jtransfer timer: 4.119e-06 Atransfer time: 2.542e-06
Element calculation test with N = 11456975 Time: 0.0713121 Melement/s: 160 GFLOPS/s: 12.5315 GB/s: 16.066 Jtransfer timer: 3.795e-06 Atransfer time: 1.2105e-05
Element calculation test with N = 12602673 Time: 0.0722423 Melement/s: 174 GFLOPS/s: 13.6071 GB/s: 17.445 Jtransfer timer: 3.505e-06 Atransfer time: 2.598e-06
Element calculation test with N = 13862941 Time: 0.0680935 Melement/s: 203 GFLOPS/s: 15.8798 GB/s: 20.3587 Jtransfer timer: 3.918e-06 Atransfer time: 2.911e-06
Element calculation test with N = 15249236 Time: 0.0849935 Melement/s: 179 GFLOPS/s: 13.9945 GB/s: 17.9417 Jtransfer timer: 3.705e-06 Atransfer time: 2.64e-06
Element calculation test with N = 16774160 Time: 0.0794603 Melement/s: 211 GFLOPS/s: 16.4659 GB/s: 21.1101 Jtransfer timer: 3.605e-06 Atransfer time: 3.071e-06
Element calculation test with N = 18451577 Time: 0.0958765 Melement/s: 192 GFLOPS/s: 15.0112 GB/s: 19.2452 Jtransfer timer: 3.996e-06 Atransfer time: 2.565e-06
Element calculation test with N = 20296735 Time: 0.0985549 Melement/s: 205 GFLOPS/s: 16.0636 GB/s: 20.5943 Jtransfer timer: 3.918e-06 Atransfer time: 2.529e-06
Element calculation test with N = 22326409 Time: 0.136739 Melement/s: 163 GFLOPS/s: 12.7357 GB/s: 16.3278 Jtransfer timer: 4.382e-06 Atransfer time: 3.199e-06
Element calculation test with N = 24559050 Time: 0.16209 Melement/s: 151 GFLOPS/s: 11.8181 GB/s: 15.1514 Jtransfer timer: 3.896e-06 Atransfer time: 2.785e-06
Element calculation test with N = 27014956 Time: 0.179759 Melement/s: 150 GFLOPS/s: 11.7222 GB/s: 15.0285 Jtransfer timer: 4.01e-06 Atransfer time: 3.039e-06
Element calculation test with N = 29716452 Time: 0.179558 Melement/s: 165 GFLOPS/s: 12.9089 GB/s: 16.5498 Jtransfer timer: 4.392e-06 Atransfer time: 3.42e-06
Element calculation test with N = 32688098 Time: 0.199413 Melement/s: 163 GFLOPS/s: 12.7859 GB/s: 16.3922 Jtransfer timer: 5.545e-06 Atransfer time: 3.067e-06
Element calculation test with N = 35956908 Time: 0.241809 Melement/s: 148 GFLOPS/s: 11.5985 GB/s: 14.8699 Jtransfer timer: 4.289e-06 Atransfer time: 2.725e-06
Element calculation test with N = 39552599 Time: 0.283866 Melement/s: 139 GFLOPS/s: 10.8682 GB/s: 13.9335 Jtransfer timer: 4.004e-06 Atransfer time: 2.947e-06
FCR
Testing on interval [ 1000, 40000000]
Element calculation test with N = 1000 Time: 1.11363e-05 Melement/s: 89 GFLOPS/s: 7.00412 GB/s: 8.97964 Jtransfer timer: 3.692e-06 Atransfer time: 1.129e-06
Element calculation test with N = 1101 Time: 1.07983e-05 Melement/s: 101 GFLOPS/s: 7.95292 GB/s: 10.196 Jtransfer timer: 1.402e-06 Atransfer time: 9.68e-07
Element calculation test with N = 1212 Time: 1.14574e-05 Melement/s: 105 GFLOPS/s: 8.25105 GB/s: 10.5783 Jtransfer timer: 1.105e-06 Atransfer time: 9.31e-07
Element calculation test with N = 1334 Time: 1.19008e-05 Melement/s: 112 GFLOPS/s: 8.74324 GB/s: 11.2093 Jtransfer timer: 1.023e-06 Atransfer time: 1.396e-06
Element calculation test with N = 1468 Time: 1.25694e-05 Melement/s: 116 GFLOPS/s: 9.10978 GB/s: 11.6792 Jtransfer timer: 1.014e-06 Atransfer time: 9.7e-07
Element calculation test with N = 1615 Time: 1.31947e-05 Melement/s: 122 GFLOPS/s: 9.54702 GB/s: 12.2398 Jtransfer timer: 1.23e-06 Atransfer time: 8.49e-07
Element calculation test with N = 1777 Time: 1.32682e-05 Melement/s: 133 GFLOPS/s: 10.4465 GB/s: 13.3929 Jtransfer timer: 1.236e-06 Atransfer time: 9.39e-07
Element calculation test with N = 1955 Time: 1.36997e-05 Melement/s: 142 GFLOPS/s: 11.1309 GB/s: 14.2704 Jtransfer timer: 1.233e-06 Atransfer time: 9.14e-07
Element calculation test with N = 2151 Time: 1.43274e-05 Melement/s: 150 GFLOPS/s: 11.7102 GB/s: 15.0131 Jtransfer timer: 1.113e-06 Atransfer time: 7.87e-07
Element calculation test with N = 2367 Time: 1.50036e-05 Melement/s: 157 GFLOPS/s: 12.3054 GB/s: 15.7762 Jtransfer timer: 1.049e-06 Atransfer time: 7.66e-07
Element calculation test with N = 2604 Time: 1.51587e-05 Melement/s: 171 GFLOPS/s: 13.399 GB/s: 17.1783 Jtransfer timer: 1.074e-06 Atransfer time: 7.63e-07
Element calculation test with N = 2865 Time: 1.56262e-05 Melement/s: 183 GFLOPS/s: 14.3009 GB/s: 18.3345 Jtransfer timer: 1.376e-06 Atransfer time: 1.163e-06
Element calculation test with N = 3152 Time: 1.65913e-05 Melement/s: 189 GFLOPS/s: 14.8184 GB/s: 18.998 Jtransfer timer: 1.015e-06 Atransfer time: 1.046e-06
Element calculation test with N = 3468 Time: 1.806e-05 Melement/s: 192 GFLOPS/s: 14.9781 GB/s: 19.2027 Jtransfer timer: 1.093e-06 Atransfer time: 1.154e-06
Element calculation test with N = 3815 Time: 1.8815e-05 Melement/s: 202 GFLOPS/s: 15.8155 GB/s: 20.2763 Jtransfer timer: 1.11e-06 Atransfer time: 6.89e-07
Element calculation test with N = 4197 Time: 1.98159e-05 Melement/s: 211 GFLOPS/s: 16.5204 GB/s: 21.18 Jtransfer timer: 1.124e-06 Atransfer time: 8.97e-07
Element calculation test with N = 4617 Time: 2.15571e-05 Melement/s: 214 GFLOPS/s: 16.7057 GB/s: 21.4176 Jtransfer timer: 1.111e-06 Atransfer time: 9.55e-07
Element calculation test with N = 5079 Time: 2.20416e-05 Melement/s: 230 GFLOPS/s: 17.9734 GB/s: 23.0428 Jtransfer timer: 1.012e-06 Atransfer time: 8.7e-07
Element calculation test with N = 5587 Time: 2.35703e-05 Melement/s: 237 GFLOPS/s: 18.4888 GB/s: 23.7036 Jtransfer timer: 1.133e-06 Atransfer time: 6.16e-07
Element calculation test with N = 6146 Time: 2.48747e-05 Melement/s: 247 GFLOPS/s: 19.2722 GB/s: 24.7079 Jtransfer timer: 3.66e-06 Atransfer time: 8.16e-07
Element calculation test with N = 6761 Time: 2.52749e-05 Melement/s: 267 GFLOPS/s: 20.8649 GB/s: 26.7499 Jtransfer timer: 1.426e-06 Atransfer time: 1.023e-06
Element calculation test with N = 7438 Time: 2.69161e-05 Melement/s: 276 GFLOPS/s: 21.5545 GB/s: 27.634 Jtransfer timer: 1.271e-06 Atransfer time: 8.08e-07
Element calculation test with N = 8182 Time: 2.91318e-05 Melement/s: 280 GFLOPS/s: 21.9072 GB/s: 28.0861 Jtransfer timer: 1.368e-06 Atransfer time: 7.87e-07
Element calculation test with N = 9001 Time: 3.12908e-05 Melement/s: 287 GFLOPS/s: 22.4372 GB/s: 28.7656 Jtransfer timer: 9.93e-07 Atransfer time: 5.92e-07
Element calculation test with N = 9902 Time: 3.39818e-05 Melement/s: 291 GFLOPS/s: 22.7285 GB/s: 29.1391 Jtransfer timer: 1.215e-06 Atransfer time: 6.47e-07
Element calculation test with N = 10893 Time: 3.7298e-05 Melement/s: 292 GFLOPS/s: 22.7802 GB/s: 29.2054 Jtransfer timer: 1.024e-06 Atransfer time: 1.392e-06
Element calculation test with N = 11983 Time: 3.97771e-05 Melement/s: 301 GFLOPS/s: 23.4978 GB/s: 30.1253 Jtransfer timer: 1.058e-06 Atransfer time: 9.68e-07
Element calculation test with N = 13182 Time: 4.31906e-05 Melement/s: 305 GFLOPS/s: 23.806 GB/s: 30.5206 Jtransfer timer: 1.062e-06 Atransfer time: 9.88e-07
Element calculation test with N = 14501 Time: 4.63891e-05 Melement/s: 312 GFLOPS/s: 24.3824 GB/s: 31.2595 Jtransfer timer: 1.077e-06 Atransfer time: 9.91e-07
Element calculation test with N = 15952 Time: 4.80827e-05 Melement/s: 331 GFLOPS/s: 25.8774 GB/s: 33.1761 Jtransfer timer: 1.108e-06 Atransfer time: 9.57e-07
Element calculation test with N = 17548 Time: 5.19177e-05 Melement/s: 337 GFLOPS/s: 26.3637 GB/s: 33.7996 Jtransfer timer: 1.136e-06 Atransfer time: 9.86e-07
Element calculation test with N = 19303 Time: 5.615e-05 Melement/s: 343 GFLOPS/s: 26.8145 GB/s: 34.3775 Jtransfer timer: 1.079e-06 Atransfer time: 8.71e-07
Element calculation test with N = 21234 Time: 6.14725e-05 Melement/s: 345 GFLOPS/s: 26.943 GB/s: 34.5423 Jtransfer timer: 1.121e-06 Atransfer time: 1.004e-06
Element calculation test with N = 23358 Time: 6.67593e-05 Melement/s: 349 GFLOPS/s: 27.2909 GB/s: 34.9884 Jtransfer timer: 1.172e-06 Atransfer time: 9.84e-07
Element calculation test with N = 25694 Time: 6.91339e-05 Melement/s: 371 GFLOPS/s: 28.9891 GB/s: 37.1656 Jtransfer timer: 1.055e-06 Atransfer time: 9.62e-07
Element calculation test with N = 28264 Time: 7.66754e-05 Melement/s: 368 GFLOPS/s: 28.7523 GB/s: 36.8619 Jtransfer timer: 1.177e-06 Atransfer time: 9.36e-07
Element calculation test with N = 31091 Time: 8.23878e-05 Melement/s: 377 GFLOPS/s: 29.4352 GB/s: 37.7374 Jtransfer timer: 1.087e-06 Atransfer time: 1.164e-06
Element calculation test with N = 34201 Time: 8.81527e-05 Melement/s: 387 GFLOPS/s: 30.262 GB/s: 38.7975 Jtransfer timer: 1.149e-06 Atransfer time: 8.61e-07
Element calculation test with N = 37622 Time: 9.37767e-05 Melement/s: 401 GFLOPS/s: 31.2926 GB/s: 40.1187 Jtransfer timer: 1.101e-06 Atransfer time: 1.066e-06
Element calculation test with N = 41385 Time: 0.00010317 Melement/s: 401 GFLOPS/s: 31.2885 GB/s: 40.1134 Jtransfer timer: 1.085e-06 Atransfer time: 8.33e-07
Element calculation test with N = 45524 Time: 0.00010772 Melement/s: 422 GFLOPS/s: 32.964 GB/s: 42.2615 Jtransfer timer: 1.112e-06 Atransfer time: 7.15e-07
Element calculation test with N = 50077 Time: 0.000118915 Melement/s: 421 GFLOPS/s: 32.8469 GB/s: 42.1114 Jtransfer timer: 1.466e-06 Atransfer time: 7.8e-07
Element calculation test with N = 55085 Time: 0.000123741 Melement/s: 445 GFLOPS/s: 34.7227 GB/s: 44.5162 Jtransfer timer: 1.088e-06 Atransfer time: 8.02e-07
Element calculation test with N = 60594 Time: 0.000135616 Melement/s: 446 GFLOPS/s: 34.8508 GB/s: 44.6806 Jtransfer timer: 1.105e-06 Atransfer time: 1.125e-06
Element calculation test with N = 66654 Time: 0.000141874 Melement/s: 469 GFLOPS/s: 36.6452 GB/s: 46.981 Jtransfer timer: 1.091e-06 Atransfer time: 1.302e-06
Element calculation test with N = 73320 Time: 0.000158033 Melement/s: 463 GFLOPS/s: 36.1885 GB/s: 46.3955 Jtransfer timer: 1.14e-06 Atransfer time: 1.129e-06
Element calculation test with N = 80653 Time: 0.000161162 Melement/s: 500 GFLOPS/s: 39.0349 GB/s: 50.0447 Jtransfer timer: 1.465e-06 Atransfer time: 1.115e-06
Element calculation test with N = 88719 Time: 0.000176018 Melement/s: 504 GFLOPS/s: 39.3146 GB/s: 50.4034 Jtransfer timer: 1.226e-06 Atransfer time: 9.95e-07
Element calculation test with N = 97591 Time: 0.000193687 Melement/s: 503 GFLOPS/s: 39.3011 GB/s: 50.386 Jtransfer timer: 1.254e-06 Atransfer time: 1.164e-06
Element calculation test with N = 107351 Time: 0.000212995 Melement/s: 504 GFLOPS/s: 39.3125 GB/s: 50.4006 Jtransfer timer: 1.206e-06 Atransfer time: 1.004e-06
Element calculation test with N = 118087 Time: 0.000231727 Melement/s: 509 GFLOPS/s: 39.7484 GB/s: 50.9595 Jtransfer timer: 1.248e-06 Atransfer time: 1.11e-06
Element calculation test with N = 129896 Time: 0.000254603 Melement/s: 510 GFLOPS/s: 39.7949 GB/s: 51.0191 Jtransfer timer: 1.144e-06 Atransfer time: 1.044e-06
Element calculation test with N = 142886 Time: 0.000281691 Melement/s: 507 GFLOPS/s: 39.565 GB/s: 50.7243 Jtransfer timer: 1.477e-06 Atransfer time: 1.163e-06
Element calculation test with N = 157175 Time: 0.000307616 Melement/s: 510 GFLOPS/s: 39.8537 GB/s: 51.0945 Jtransfer timer: 1.266e-06 Atransfer time: 1.146e-06
Element calculation test with N = 172893 Time: 0.000353554 Melement/s: 489 GFLOPS/s: 38.1431 GB/s: 48.9014 Jtransfer timer: 1.651e-06 Atransfer time: 1.528e-06
Element calculation test with N = 190183 Time: 0.000378687 Melement/s: 502 GFLOPS/s: 39.1729 GB/s: 50.2216 Jtransfer timer: 1.731e-06 Atransfer time: 1.262e-06
Element calculation test with N = 209202 Time: 0.00041577 Melement/s: 503 GFLOPS/s: 39.247 GB/s: 50.3167 Jtransfer timer: 1.672e-06 Atransfer time: 1.605e-06
Element calculation test with N = 230123 Time: 0.000454992 Melement/s: 505 GFLOPS/s: 39.4504 GB/s: 50.5774 Jtransfer timer: 1.963e-06 Atransfer time: 1.321e-06
Element calculation test with N = 253136 Time: 0.000499557 Melement/s: 506 GFLOPS/s: 39.5242 GB/s: 50.6721 Jtransfer timer: 2.584e-06 Atransfer time: 1.201e-06
Element calculation test with N = 278450 Time: 0.000550078 Melement/s: 506 GFLOPS/s: 39.4837 GB/s: 50.6201 Jtransfer timer: 3.01e-06 Atransfer time: 1.292e-06
Element calculation test with N = 306296 Time: 0.000631342 Melement/s: 485 GFLOPS/s: 37.8418 GB/s: 48.5151 Jtransfer timer: 3.056e-06 Atransfer time: 1.398e-06
Element calculation test with N = 336926 Time: 0.000683179 Melement/s: 493 GFLOPS/s: 38.4675 GB/s: 49.3174 Jtransfer timer: 3.038e-06 Atransfer time: 1.804e-06
Element calculation test with N = 370619 Time: 0.000780882 Melement/s: 474 GFLOPS/s: 37.0201 GB/s: 47.4616 Jtransfer timer: 2.742e-06 Atransfer time: 1.564e-06
Element calculation test with N = 407681 Time: 0.000941285 Melement/s: 433 GFLOPS/s: 33.7827 GB/s: 43.3111 Jtransfer timer: 2.974e-06 Atransfer time: 1.56e-06
Element calculation test with N = 448450 Time: 0.00126625 Melement/s: 354 GFLOPS/s: 27.6243 GB/s: 35.4157 Jtransfer timer: 3.453e-06 Atransfer time: 2.084e-06
Element calculation test with N = 493296 Time: 0.00167681 Melement/s: 294 GFLOPS/s: 22.9466 GB/s: 29.4187 Jtransfer timer: 3.442e-06 Atransfer time: 1.969e-06
Element calculation test with N = 542626 Time: 0.00218901 Melement/s: 247 GFLOPS/s: 19.3352 GB/s: 24.7887 Jtransfer timer: 2.672e-06 Atransfer time: 2.124e-06
Element calculation test with N = 596889 Time: 0.00269691 Melement/s: 221 GFLOPS/s: 17.2632 GB/s: 22.1323 Jtransfer timer: 3.292e-06 Atransfer time: 1.891e-06
Element calculation test with N = 656578 Time: 0.00319782 Melement/s: 205 GFLOPS/s: 16.015 GB/s: 20.532 Jtransfer timer: 3.221e-06 Atransfer time: 2.468e-06
Element calculation test with N = 722236 Time: 0.00373992 Melement/s: 193 GFLOPS/s: 15.063 GB/s: 19.3115 Jtransfer timer: 3.387e-06 Atransfer time: 2.384e-06
Element calculation test with N = 794460 Time: 0.00472051 Melement/s: 168 GFLOPS/s: 13.1274 GB/s: 16.83 Jtransfer timer: 1.2273e-05 Atransfer time: 2.546e-06
Element calculation test with N = 873907 Time: 0.0048796 Melement/s: 179 GFLOPS/s: 13.9693 GB/s: 17.9094 Jtransfer timer: 7.337e-06 Atransfer time: 3.203e-06
Element calculation test with N = 961298 Time: 0.00589384 Melement/s: 163 GFLOPS/s: 12.722 GB/s: 16.3102 Jtransfer timer: 4.266e-06 Atransfer time: 1.5632e-05
Element calculation test with N = 1057428 Time: 0.0065231 Melement/s: 162 GFLOPS/s: 12.6442 GB/s: 16.2105 Jtransfer timer: 3.377e-06 Atransfer time: 4.218e-06
Element calculation test with N = 1163171 Time: 0.00715838 Melement/s: 162 GFLOPS/s: 12.6743 GB/s: 16.2491 Jtransfer timer: 4.243e-06 Atransfer time: 5.003e-06
Element calculation test with N = 1279489 Time: 0.0078618 Melement/s: 162 GFLOPS/s: 12.6943 GB/s: 16.2748 Jtransfer timer: 4.051e-06 Atransfer time: 3.124e-06
Element calculation test with N = 1407438 Time: 0.00862347 Melement/s: 163 GFLOPS/s: 12.7304 GB/s: 16.321 Jtransfer timer: 4.522e-06 Atransfer time: 1.5574e-05
Element calculation test with N = 1548182 Time: 0.00932618 Melement/s: 166 GFLOPS/s: 12.9483 GB/s: 16.6004 Jtransfer timer: 4.119e-06 Atransfer time: 2.86e-06
Element calculation test with N = 1703001 Time: 0.0103663 Melement/s: 164 GFLOPS/s: 12.814 GB/s: 16.4282 Jtransfer timer: 3.867e-06 Atransfer time: 3.128e-06
Element calculation test with N = 1873302 Time: 0.0112271 Melement/s: 166 GFLOPS/s: 13.0147 GB/s: 16.6855 Jtransfer timer: 4.41e-06 Atransfer time: 2.823e-06
Element calculation test with N = 2060633 Time: 0.0147574 Melement/s: 139 GFLOPS/s: 10.8915 GB/s: 13.9634 Jtransfer timer: 3.877e-06 Atransfer time: 3.28e-06
Element calculation test with N = 2266697 Time: 0.0138004 Melement/s: 164 GFLOPS/s: 12.8114 GB/s: 16.4249 Jtransfer timer: 4.005e-06 Atransfer time: 2.646e-06
Element calculation test with N = 2493367 Time: 0.0151771 Melement/s: 164 GFLOPS/s: 12.8142 GB/s: 16.4284 Jtransfer timer: 3.761e-06 Atransfer time: 3.205e-06
Element calculation test with N = 2742704 Time: 0.016659 Melement/s: 164 GFLOPS/s: 12.8418 GB/s: 16.4638 Jtransfer timer: 3.871e-06 Atransfer time: 3.093e-06
Element calculation test with N = 3016975 Time: 0.0183693 Melement/s: 164 GFLOPS/s: 12.8107 GB/s: 16.424 Jtransfer timer: 4.332e-06 Atransfer time: 2.784e-06
Element calculation test with N = 3318673 Time: 0.0199558 Melement/s: 166 GFLOPS/s: 12.9715 GB/s: 16.6301 Jtransfer timer: 4.14e-06 Atransfer time: 4.553e-06
Element calculation test with N = 3650541 Time: 0.0223006 Melement/s: 163 GFLOPS/s: 12.7684 GB/s: 16.3697 Jtransfer timer: 4.183e-06 Atransfer time: 2.842e-06
Element calculation test with N = 4015596 Time: 0.0231348 Melement/s: 173 GFLOPS/s: 13.5387 GB/s: 17.3574 Jtransfer timer: 3.648e-06 Atransfer time: 2.969e-06
Element calculation test with N = 4417156 Time: 0.0269041 Melement/s: 164 GFLOPS/s: 12.8061 GB/s: 16.4181 Jtransfer timer: 3.936e-06 Atransfer time: 5.603e-06
Element calculation test with N = 4858872 Time: 0.0292363 Melement/s: 166 GFLOPS/s: 12.9631 GB/s: 16.6193 Jtransfer timer: 3.974e-06 Atransfer time: 2.991e-06
Element calculation test with N = 5344760 Time: 0.0322682 Melement/s: 165 GFLOPS/s: 12.9196 GB/s: 16.5635 Jtransfer timer: 3.968e-06 Atransfer time: 3.069e-06
Element calculation test with N = 5879237 Time: 0.0346737 Melement/s: 169 GFLOPS/s: 13.2256 GB/s: 16.9559 Jtransfer timer: 3.838e-06 Atransfer time: 1.6678e-05
Element calculation test with N = 6467161 Time: 0.0388005 Melement/s: 166 GFLOPS/s: 13.0008 GB/s: 16.6677 Jtransfer timer: 5.768e-06 Atransfer time: 3.542e-06
Element calculation test with N = 7113878 Time: 0.0424766 Melement/s: 167 GFLOPS/s: 13.0632 GB/s: 16.7477 Jtransfer timer: 3.955e-06 Atransfer time: 2.674e-06
Element calculation test with N = 7825266 Time: 0.0466067 Melement/s: 167 GFLOPS/s: 13.0962 GB/s: 16.79 Jtransfer timer: 4.016e-06 Atransfer time: 2.876e-06
Element calculation test with N = 8607793 Time: 0.0511832 Melement/s: 168 GFLOPS/s: 13.1177 GB/s: 16.8176 Jtransfer timer: 3.813e-06 Atransfer time: 3.273e-06
Element calculation test with N = 9468573 Time: 0.0585488 Melement/s: 161 GFLOPS/s: 12.6143 GB/s: 16.1721 Jtransfer timer: 3.93e-06 Atransfer time: 3.053e-06
Element calculation test with N = 10415431 Time: 0.0439799 Melement/s: 236 GFLOPS/s: 18.4722 GB/s: 23.6823 Jtransfer timer: 3.801e-06 Atransfer time: 4.336e-06
Element calculation test with N = 11456975 Time: 0.0588516 Melement/s: 194 GFLOPS/s: 15.1847 GB/s: 19.4676 Jtransfer timer: 4.567e-06 Atransfer time: 5.123e-06
Element calculation test with N = 12602673 Time: 0.0604158 Melement/s: 208 GFLOPS/s: 16.2707 GB/s: 20.8599 Jtransfer timer: 1.1998e-05 Atransfer time: 4.518e-06
Element calculation test with N = 13862941 Time: 0.0732603 Melement/s: 189 GFLOPS/s: 14.7598 GB/s: 18.9229 Jtransfer timer: 4.201e-06 Atransfer time: 5.271e-06
Element calculation test with N = 15249236 Time: 0.0921789 Melement/s: 165 GFLOPS/s: 12.9036 GB/s: 16.5431 Jtransfer timer: 4.617e-06 Atransfer time: 4.713e-06
Element calculation test with N = 16774160 Time: 0.107189 Melement/s: 156 GFLOPS/s: 12.2064 GB/s: 15.6492 Jtransfer timer: 3.918e-06 Atransfer time: 4.985e-06
Element calculation test with N = 18451577 Time: 0.125489 Melement/s: 147 GFLOPS/s: 11.4689 GB/s: 14.7037 Jtransfer timer: 6.318e-06 Atransfer time: 4.885e-06
Element calculation test with N = 20296735 Time: 0.115183 Melement/s: 176 GFLOPS/s: 13.7446 GB/s: 17.6212 Jtransfer timer: 6.969e-06 Atransfer time: 4.192e-06
Element calculation test with N = 22326409 Time: 0.130717 Melement/s: 170 GFLOPS/s: 13.3224 GB/s: 17.0799 Jtransfer timer: 3.684e-06 Atransfer time: 4.41e-06
Element calculation test with N = 24559050 Time: 0.144514 Melement/s: 169 GFLOPS/s: 13.2555 GB/s: 16.9943 Jtransfer timer: 3.696e-06 Atransfer time: 3.421e-06
Element calculation test with N = 27014956 Time: 0.171091 Melement/s: 157 GFLOPS/s: 12.3161 GB/s: 15.7898 Jtransfer timer: 3.866e-06 Atransfer time: 5.191e-06
Element calculation test with N = 29716452 Time: 0.17538 Melement/s: 169 GFLOPS/s: 13.2164 GB/s: 16.9441 Jtransfer timer: 4.797e-06 Atransfer time: 1.5408e-05
Element calculation test with N = 32688098 Time: 0.192698 Melement/s: 169 GFLOPS/s: 13.2314 GB/s: 16.9634 Jtransfer timer: 4.029e-06 Atransfer time: 3.266e-06
Element calculation test with N = 35956908 Time: 0.212505 Melement/s: 169 GFLOPS/s: 13.198 GB/s: 16.9205 Jtransfer timer: 4.665e-06 Atransfer time: 3.391e-06
Element calculation test with N = 39552599 Time: 0.22096 Melement/s: 179 GFLOPS/s: 13.9622 GB/s: 17.9003 Jtransfer timer: 3.751e-06 Atransfer time: 4.613e-06
DCL
Testing on interval [ 1000, 40000000]
Element calculation test with N = 1000 Time: 1.1384e-05 Melement/s: 87 GFLOPS/s: 6.85172 GB/s: 17.5685 Jtransfer timer: 3.886e-06 Atransfer time: 1.177e-06
Element calculation test with N = 1101 Time: 1.32984e-05 Melement/s: 82 GFLOPS/s: 6.45777 GB/s: 16.5584 Jtransfer timer: 1.337e-06 Atransfer time: 1.428e-06
Element calculation test with N = 1212 Time: 1.33913e-05 Melement/s: 90 GFLOPS/s: 7.05951 GB/s: 18.1013 Jtransfer timer: 1.181e-06 Atransfer time: 1.19e-06
Element calculation test with N = 1334 Time: 1.41257e-05 Melement/s: 94 GFLOPS/s: 7.36615 GB/s: 18.8876 Jtransfer timer: 1.282e-06 Atransfer time: 1.296e-06
Element calculation test with N = 1468 Time: 1.45435e-05 Melement/s: 100 GFLOPS/s: 7.87321 GB/s: 20.1877 Jtransfer timer: 1.254e-06 Atransfer time: 1.214e-06
Element calculation test with N = 1615 Time: 1.60793e-05 Melement/s: 100 GFLOPS/s: 7.83432 GB/s: 20.088 Jtransfer timer: 1.352e-06 Atransfer time: 1.29e-06
Element calculation test with N = 1777 Time: 1.59782e-05 Melement/s: 111 GFLOPS/s: 8.67467 GB/s: 22.2427 Jtransfer timer: 1.049e-06 Atransfer time: 1.269e-06
Element calculation test with N = 1955 Time: 1.72946e-05 Melement/s: 113 GFLOPS/s: 8.81718 GB/s: 22.6081 Jtransfer timer: 1.265e-06 Atransfer time: 9.91e-07
Element calculation test with N = 2151 Time: 1.54703e-05 Melement/s: 139 GFLOPS/s: 10.8452 GB/s: 27.8081 Jtransfer timer: 1.143e-06 Atransfer time: 1.21e-06
Element calculation test with N = 2367 Time: 1.66993e-05 Melement/s: 141 GFLOPS/s: 11.0559 GB/s: 28.3485 Jtransfer timer: 1.118e-06 Atransfer time: 9.31e-07
Element calculation test with N = 2604 Time: 1.8456e-05 Melement/s: 141 GFLOPS/s: 11.0052 GB/s: 28.2184 Jtransfer timer: 1.319e-06 Atransfer time: 9.14e-07
Element calculation test with N = 2865 Time: 1.99901e-05 Melement/s: 143 GFLOPS/s: 11.1791 GB/s: 28.6643 Jtransfer timer: 1.09e-06 Atransfer time: 9.71e-07
Element calculation test with N = 3152 Time: 1.68773e-05 Melement/s: 186 GFLOPS/s: 14.5673 GB/s: 37.3521 Jtransfer timer: 1.249e-06 Atransfer time: 8.72e-07
Element calculation test with N = 3468 Time: 2.03658e-05 Melement/s: 170 GFLOPS/s: 13.2822 GB/s: 34.057 Jtransfer timer: 1.283e-06 Atransfer time: 9.78e-07
Element calculation test with N = 3815 Time: 2.13256e-05 Melement/s: 178 GFLOPS/s: 13.9537 GB/s: 35.7786 Jtransfer timer: 1.083e-06 Atransfer time: 7.1e-07
Element calculation test with N = 4197 Time: 2.10501e-05 Melement/s: 199 GFLOPS/s: 15.5518 GB/s: 39.8764 Jtransfer timer: 1.116e-06 Atransfer time: 1.458e-06
Element calculation test with N = 4617 Time: 2.02164e-05 Melement/s: 228 GFLOPS/s: 17.8135 GB/s: 45.6757 Jtransfer timer: 1.065e-06 Atransfer time: 1.06e-06
Element calculation test with N = 5079 Time: 1.82844e-05 Melement/s: 277 GFLOPS/s: 21.6667 GB/s: 55.5557 Jtransfer timer: 1.127e-06 Atransfer time: 1.01e-06
Element calculation test with N = 5587 Time: 1.96707e-05 Melement/s: 284 GFLOPS/s: 22.154 GB/s: 56.8052 Jtransfer timer: 1.182e-06 Atransfer time: 9.03e-07
Element calculation test with N = 6146 Time: 2.28368e-05 Melement/s: 269 GFLOPS/s: 20.992 GB/s: 53.8255 Jtransfer timer: 1.191e-06 Atransfer time: 7.69e-07
Element calculation test with N = 6761 Time: 2.26511e-05 Melement/s: 298 GFLOPS/s: 23.2818 GB/s: 59.6969 Jtransfer timer: 1.205e-06 Atransfer time: 9.83e-07
Element calculation test with N = 7438 Time: 2.36096e-05 Melement/s: 315 GFLOPS/s: 24.5732 GB/s: 63.0083 Jtransfer timer: 1.096e-06 Atransfer time: 9.35e-07
Element calculation test with N = 8182 Time: 2.95441e-05 Melement/s: 276 GFLOPS/s: 21.6015 GB/s: 55.3885 Jtransfer timer: 1.419e-06 Atransfer time: 1.113e-06
Element calculation test with N = 9001 Time: 2.61013e-05 Melement/s: 344 GFLOPS/s: 26.8982 GB/s: 68.9697 Jtransfer timer: 1.419e-06 Atransfer time: 1.264e-06
Element calculation test with N = 9902 Time: 2.8822e-05 Melement/s: 343 GFLOPS/s: 26.7974 GB/s: 68.7114 Jtransfer timer: 1.14e-06 Atransfer time: 8.29e-07
Element calculation test with N = 10893 Time: 3.68593e-05 Melement/s: 295 GFLOPS/s: 23.0513 GB/s: 59.1058 Jtransfer timer: 1.103e-06 Atransfer time: 8.4e-07
Element calculation test with N = 11983 Time: 3.58433e-05 Melement/s: 334 GFLOPS/s: 26.0767 GB/s: 66.8633 Jtransfer timer: 1.225e-06 Atransfer time: 1.053e-06
Element calculation test with N = 13182 Time: 3.79754e-05 Melement/s: 347 GFLOPS/s: 27.0753 GB/s: 69.4239 Jtransfer timer: 1.276e-06 Atransfer time: 8.92e-07
Element calculation test with N = 14501 Time: 3.87243e-05 Melement/s: 374 GFLOPS/s: 29.2085 GB/s: 74.8936 Jtransfer timer: 1.096e-06 Atransfer time: 1.576e-06
Element calculation test with N = 15952 Time: 3.79189e-05 Melement/s: 420 GFLOPS/s: 32.8136 GB/s: 84.1374 Jtransfer timer: 1.275e-06 Atransfer time: 9.43e-07
Element calculation test with N = 17548 Time: 4.66577e-05 Melement/s: 376 GFLOPS/s: 29.3359 GB/s: 75.2202 Jtransfer timer: 1.224e-06 Atransfer time: 1.015e-06
Element calculation test with N = 19303 Time: 5.11015e-05 Melement/s: 377 GFLOPS/s: 29.4636 GB/s: 75.5477 Jtransfer timer: 1.087e-06 Atransfer time: 9.16e-07
Element calculation test with N = 21234 Time: 5.45295e-05 Melement/s: 389 GFLOPS/s: 30.3735 GB/s: 77.8807 Jtransfer timer: 1.168e-06 Atransfer time: 1.086e-06
Element calculation test with N = 23358 Time: 5.85479e-05 Melement/s: 398 GFLOPS/s: 31.1185 GB/s: 79.7911 Jtransfer timer: 1.078e-06 Atransfer time: 1.162e-06
Element calculation test with N = 25694 Time: 6.75187e-05 Melement/s: 380 GFLOPS/s: 29.6826 GB/s: 76.1092 Jtransfer timer: 1.242e-06 Atransfer time: 1.171e-06
Element calculation test with N = 28264 Time: 5.98506e-05 Melement/s: 472 GFLOPS/s: 36.8349 GB/s: 94.4485 Jtransfer timer: 1.085e-06 Atransfer time: 1.109e-06
Element calculation test with N = 31091 Time: 9.26276e-05 Melement/s: 335 GFLOPS/s: 26.1812 GB/s: 67.1312 Jtransfer timer: 1.133e-06 Atransfer time: 1.131e-06
Element calculation test with N = 34201 Time: 8.1478e-05 Melement/s: 419 GFLOPS/s: 32.7411 GB/s: 83.9515 Jtransfer timer: 1.31e-06 Atransfer time: 1.192e-06
Element calculation test with N = 37622 Time: 8.87191e-05 Melement/s: 424 GFLOPS/s: 33.0765 GB/s: 84.8115 Jtransfer timer: 1.102e-06 Atransfer time: 9.59e-07
Element calculation test with N = 41385 Time: 9.86371e-05 Melement/s: 419 GFLOPS/s: 32.7263 GB/s: 83.9136 Jtransfer timer: 1.379e-06 Atransfer time: 1.064e-06
Element calculation test with N = 45524 Time: 9.66366e-05 Melement/s: 471 GFLOPS/s: 36.7446 GB/s: 94.2169 Jtransfer timer: 1.206e-06 Atransfer time: 1.365e-06
Element calculation test with N = 50077 Time: 0.000104236 Melement/s: 480 GFLOPS/s: 37.4726 GB/s: 96.0837 Jtransfer timer: 1.186e-06 Atransfer time: 1.156e-06
Element calculation test with N = 55085 Time: 0.000113929 Melement/s: 483 GFLOPS/s: 37.7133 GB/s: 96.7007 Jtransfer timer: 1.307e-06 Atransfer time: 1.299e-06
Element calculation test with N = 60594 Time: 0.000127439 Melement/s: 475 GFLOPS/s: 37.0871 GB/s: 95.0952 Jtransfer timer: 1.539e-06 Atransfer time: 1.175e-06
Element calculation test with N = 66654 Time: 0.000133649 Melement/s: 498 GFLOPS/s: 38.9004 GB/s: 99.7447 Jtransfer timer: 1.087e-06 Atransfer time: 1.228e-06
Element calculation test with N = 73320 Time: 0.000136717 Melement/s: 536 GFLOPS/s: 41.8308 GB/s: 107.258 Jtransfer timer: 1.193e-06 Atransfer time: 1.051e-06
Element calculation test with N = 80653 Time: 0.000162687 Melement/s: 495 GFLOPS/s: 38.6689 GB/s: 99.151 Jtransfer timer: 1.364e-06 Atransfer time: 1.325e-06
Element calculation test with N = 88719 Time: 0.000176659 Melement/s: 502 GFLOPS/s: 39.172 GB/s: 100.441 Jtransfer timer: 1.498e-06 Atransfer time: 1.053e-06
Element calculation test with N = 97591 Time: 0.000183512 Melement/s: 531 GFLOPS/s: 41.4801 GB/s: 106.359 Jtransfer timer: 2.16e-06 Atransfer time: 1.194e-06
Element calculation test with N = 107351 Time: 0.000205682 Melement/s: 521 GFLOPS/s: 40.7102 GB/s: 104.385 Jtransfer timer: 2.443e-06 Atransfer time: 9.21e-07
Element calculation test with N = 118087 Time: 0.000224183 Melement/s: 526 GFLOPS/s: 41.0861 GB/s: 105.349 Jtransfer timer: 2.347e-06 Atransfer time: 1.409e-06
Element calculation test with N = 129896 Time: 0.0002437 Melement/s: 533 GFLOPS/s: 41.5753 GB/s: 106.603 Jtransfer timer: 2.673e-06 Atransfer time: 1.53e-06
Element calculation test with N = 142886 Time: 0.000281962 Melement/s: 506 GFLOPS/s: 39.527 GB/s: 101.351 Jtransfer timer: 2.898e-06 Atransfer time: 1.609e-06
Element calculation test with N = 157175 Time: 0.00032904 Melement/s: 477 GFLOPS/s: 37.2588 GB/s: 95.5355 Jtransfer timer: 2.543e-06 Atransfer time: 1.713e-06
Element calculation test with N = 172893 Time: 0.000386587 Melement/s: 447 GFLOPS/s: 34.8839 GB/s: 89.4458 Jtransfer timer: 2.552e-06 Atransfer time: 1.998e-06
Element calculation test with N = 190183 Time: 0.000614562 Melement/s: 309 GFLOPS/s: 24.138 GB/s: 61.8922 Jtransfer timer: 2.92e-06 Atransfer time: 1.795e-06
Element calculation test with N = 209202 Time: 0.00091684 Melement/s: 228 GFLOPS/s: 17.7978 GB/s: 45.6354 Jtransfer timer: 3.587e-06 Atransfer time: 2.12e-06
Element calculation test with N = 230123 Time: 0.0013457 Melement/s: 171 GFLOPS/s: 13.3385 GB/s: 34.2013 Jtransfer timer: 2.943e-06 Atransfer time: 2.057e-06
Element calculation test with N = 253136 Time: 0.00182839 Melement/s: 138 GFLOPS/s: 10.7989 GB/s: 27.6895 Jtransfer timer: 2.931e-06 Atransfer time: 2.101e-06
Element calculation test with N = 278450 Time: 0.00233523 Melement/s: 119 GFLOPS/s: 9.30064 GB/s: 23.8478 Jtransfer timer: 2.809e-06 Atransfer time: 2.324e-06
Element calculation test with N = 306296 Time: 0.00285002 Melement/s: 107 GFLOPS/s: 8.38279 GB/s: 21.4943 Jtransfer timer: 2.482e-06 Atransfer time: 2.063e-06
Element calculation test with N = 336926 Time: 0.00339509 Melement/s: 99 GFLOPS/s: 7.74066 GB/s: 19.8478 Jtransfer timer: 3.66e-06 Atransfer time: 2.492e-06
Element calculation test with N = 370619 Time: 0.0039094 Melement/s: 94 GFLOPS/s: 7.39455 GB/s: 18.9604 Jtransfer timer: 2.588e-06 Atransfer time: 2.129e-06
Element calculation test with N = 407681 Time: 0.00499985 Melement/s: 81 GFLOPS/s: 6.36001 GB/s: 16.3077 Jtransfer timer: 2.381e-06 Atransfer time: 5.253e-06
Element calculation test with N = 448450 Time: 0.00508138 Melement/s: 88 GFLOPS/s: 6.88379 GB/s: 17.6507 Jtransfer timer: 3.192e-06 Atransfer time: 4.587e-06
Element calculation test with N = 493296 Time: 0.00627232 Melement/s: 78 GFLOPS/s: 6.13443 GB/s: 15.7293 Jtransfer timer: 3.374e-06 Atransfer time: 2.85e-06
Element calculation test with N = 542626 Time: 0.00695331 Melement/s: 78 GFLOPS/s: 6.087 GB/s: 15.6077 Jtransfer timer: 3.22e-06 Atransfer time: 4.853e-06
Element calculation test with N = 596889 Time: 0.0076444 Melement/s: 78 GFLOPS/s: 6.09039 GB/s: 15.6164 Jtransfer timer: 3.582e-06 Atransfer time: 2.753e-06
Element calculation test with N = 656578 Time: 0.0080467 Melement/s: 81 GFLOPS/s: 6.36448 GB/s: 16.3192 Jtransfer timer: 3.391e-06 Atransfer time: 3.212e-06
Element calculation test with N = 722236 Time: 0.00919575 Melement/s: 78 GFLOPS/s: 6.12613 GB/s: 15.708 Jtransfer timer: 3.83e-06 Atransfer time: 2.824e-06
Element calculation test with N = 794460 Time: 0.0101101 Melement/s: 78 GFLOPS/s: 6.12928 GB/s: 15.7161 Jtransfer timer: 3.463e-06 Atransfer time: 2.683e-06
Element calculation test with N = 873907 Time: 0.0111226 Melement/s: 78 GFLOPS/s: 6.12848 GB/s: 15.7141 Jtransfer timer: 3.53e-06 Atransfer time: 2.662e-06
Element calculation test with N = 961298 Time: 0.0111603 Melement/s: 86 GFLOPS/s: 6.71855 GB/s: 17.2271 Jtransfer timer: 3.37e-06 Atransfer time: 4.864e-06
Element calculation test with N = 1057428 Time: 0.0133753 Melement/s: 79 GFLOPS/s: 6.16654 GB/s: 15.8116 Jtransfer timer: 4.147e-06 Atransfer time: 3.152e-06
Element calculation test with N = 1163171 Time: 0.0144195 Melement/s: 80 GFLOPS/s: 6.29201 GB/s: 16.1333 Jtransfer timer: 4.008e-06 Atransfer time: 2.782e-06
Element calculation test with N = 1279489 Time: 0.0156123 Melement/s: 81 GFLOPS/s: 6.3924 GB/s: 16.3908 Jtransfer timer: 3.157e-06 Atransfer time: 2.535e-06
Element calculation test with N = 1407438 Time: 0.0176118 Melement/s: 79 GFLOPS/s: 6.23334 GB/s: 15.9829 Jtransfer timer: 3.355e-06 Atransfer time: 2.931e-06
Element calculation test with N = 1548182 Time: 0.0161649 Melement/s: 95 GFLOPS/s: 7.4704 GB/s: 19.1549 Jtransfer timer: 3.044e-06 Atransfer time: 3.337e-06
Element calculation test with N = 1703001 Time: 0.0214676 Melement/s: 79 GFLOPS/s: 6.18765 GB/s: 15.8658 Jtransfer timer: 3.747e-06 Atransfer time: 2.771e-06
Element calculation test with N = 1873302 Time: 0.0236085 Melement/s: 79 GFLOPS/s: 6.18919 GB/s: 15.8697 Jtransfer timer: 3.389e-06 Atransfer time: 2.817e-06
Element calculation test with N = 2060633 Time: 0.0248391 Melement/s: 82 GFLOPS/s: 6.47083 GB/s: 16.5919 Jtransfer timer: 3.45e-06 Atransfer time: 2.562e-06
Element calculation test with N = 2266697 Time: 0.028347 Melement/s: 79 GFLOPS/s: 6.23708 GB/s: 15.9925 Jtransfer timer: 3.515e-06 Atransfer time: 2.625e-06
Element calculation test with N = 2493367 Time: 0.028846 Melement/s: 86 GFLOPS/s: 6.74209 GB/s: 17.2874 Jtransfer timer: 3.124e-06 Atransfer time: 3.685e-06
Element calculation test with N = 2742704 Time: 0.0342127 Melement/s: 80 GFLOPS/s: 6.25297 GB/s: 16.0333 Jtransfer timer: 3.895e-06 Atransfer time: 3.36e-06
Element calculation test with N = 3016975 Time: 0.0341093 Melement/s: 88 GFLOPS/s: 6.89912 GB/s: 17.69 Jtransfer timer: 3.526e-06 Atransfer time: 5.173e-06
Element calculation test with N = 3318673 Time: 0.0413326 Melement/s: 80 GFLOPS/s: 6.26276 GB/s: 16.0584 Jtransfer timer: 3.98e-06 Atransfer time: 2.697e-06
Element calculation test with N = 3650541 Time: 0.0410653 Melement/s: 88 GFLOPS/s: 6.93389 GB/s: 17.7792 Jtransfer timer: 3.724e-06 Atransfer time: 2.638e-06
Element calculation test with N = 4015596 Time: 0.0443928 Melement/s: 90 GFLOPS/s: 7.05558 GB/s: 18.0912 Jtransfer timer: 3.393e-06 Atransfer time: 3.083e-06
Element calculation test with N = 4417156 Time: 0.0496616 Melement/s: 88 GFLOPS/s: 6.93771 GB/s: 17.789 Jtransfer timer: 3.753e-06 Atransfer time: 5.238e-06
Element calculation test with N = 4858872 Time: 0.0558619 Melement/s: 86 GFLOPS/s: 6.78445 GB/s: 17.396 Jtransfer timer: 3.82e-06 Atransfer time: 2.731e-06
Element calculation test with N = 5344760 Time: 0.0543524 Melement/s: 98 GFLOPS/s: 7.67015 GB/s: 19.667 Jtransfer timer: 3.79e-06 Atransfer time: 3.379e-06
Element calculation test with N = 5879237 Time: 0.0629931 Melement/s: 93 GFLOPS/s: 7.27985 GB/s: 18.6663 Jtransfer timer: 3.46e-06 Atransfer time: 2.743e-06
Element calculation test with N = 6467161 Time: 0.0768402 Melement/s: 84 GFLOPS/s: 6.56478 GB/s: 16.8328 Jtransfer timer: 3.409e-06 Atransfer time: 5.515e-06
Element calculation test with N = 7113878 Time: 0.0857183 Melement/s: 82 GFLOPS/s: 6.47333 GB/s: 16.5983 Jtransfer timer: 3.821e-06 Atransfer time: 4.695e-06
Element calculation test with N = 7825266 Time: 0.0964337 Melement/s: 81 GFLOPS/s: 6.32944 GB/s: 16.2293 Jtransfer timer: 3.574e-06 Atransfer time: 4.356e-06
Element calculation test with N = 8607793 Time: 0.116604 Melement/s: 73 GFLOPS/s: 5.75803 GB/s: 14.7642 Jtransfer timer: 4.053e-06 Atransfer time: 4.654e-06
Element calculation test with N = 9468573 Time: 0.136252 Melement/s: 69 GFLOPS/s: 5.42048 GB/s: 13.8987 Jtransfer timer: 3.78e-06 Atransfer time: 5.423e-06
Element calculation test with N = 10415431 Time: 0.10306 Melement/s: 101 GFLOPS/s: 7.8828 GB/s: 20.2123 Jtransfer timer: 3.805e-06 Atransfer time: 4.335e-06
Element calculation test with N = 11456975 Time: 0.141008 Melement/s: 81 GFLOPS/s: 6.33754 GB/s: 16.2501 Jtransfer timer: 5.15e-06 Atransfer time: 3.294e-06
Element calculation test with N = 12602673 Time: 0.159101 Melement/s: 79 GFLOPS/s: 6.17853 GB/s: 15.8424 Jtransfer timer: 3.443e-06 Atransfer time: 5.027e-06
Element calculation test with N = 13862941 Time: 0.167427 Melement/s: 82 GFLOPS/s: 6.45839 GB/s: 16.56 Jtransfer timer: 5.554e-06 Atransfer time: 3.225e-06
Element calculation test with N = 15249236 Time: 0.139213 Melement/s: 109 GFLOPS/s: 8.54406 GB/s: 21.9078 Jtransfer timer: 4.115e-06 Atransfer time: 4.376e-06
Element calculation test with N = 16774160 Time: 0.164299 Melement/s: 102 GFLOPS/s: 7.96345 GB/s: 20.4191 Jtransfer timer: 3.562e-06 Atransfer time: 1.591e-05
Element calculation test with N = 18451577 Time: 0.217157 Melement/s: 84 GFLOPS/s: 6.62756 GB/s: 16.9937 Jtransfer timer: 3.729e-06 Atransfer time: 5.133e-06
Element calculation test with N = 20296735 Time: 0.215911 Melement/s: 94 GFLOPS/s: 7.3324 GB/s: 18.801 Jtransfer timer: 4.045e-06 Atransfer time: 4.288e-06
Element calculation test with N = 22326409 Time: 0.280439 Melement/s: 79 GFLOPS/s: 6.20977 GB/s: 15.9225 Jtransfer timer: 5.251e-06 Atransfer time: 4.806e-06
Element calculation test with N = 24559050 Time: 0.300498 Melement/s: 81 GFLOPS/s: 6.37477 GB/s: 16.3456 Jtransfer timer: 4.355e-06 Atransfer time: 2.758e-06
Element calculation test with N = 27014956 Time: 0.352051 Melement/s: 76 GFLOPS/s: 5.98541 GB/s: 15.3472 Jtransfer timer: 3.341e-06 Atransfer time: 4.391e-06
Element calculation test with N = 29716452 Time: 0.298659 Melement/s: 99 GFLOPS/s: 7.76096 GB/s: 19.8999 Jtransfer timer: 5.561e-06 Atransfer time: 4.645e-06
Element calculation test with N = 32688098 Time: 0.417215 Melement/s: 78 GFLOPS/s: 6.11117 GB/s: 15.6697 Jtransfer timer: 5.463e-06 Atransfer time: 4.699e-06
Element calculation test with N = 35956908 Time: 0.418699 Melement/s: 85 GFLOPS/s: 6.69846 GB/s: 17.1756 Jtransfer timer: 6.475e-06 Atransfer time: 4.527e-06
Element calculation test with N = 39552599 Time: 0.591263 Melement/s: 66 GFLOPS/s: 5.21781 GB/s: 13.379 Jtransfer timer: 5.526e-06 Atransfer time: 4.038e-06
DCR
Testing on interval [ 1000, 40000000]
Element calculation test with N = 1000 Time: 1.09177e-05 Melement/s: 91 GFLOPS/s: 7.14436 GB/s: 18.3189 Jtransfer timer: 3.905e-06 Atransfer time: 1.06e-06
Element calculation test with N = 1101 Time: 1.19971e-05 Melement/s: 91 GFLOPS/s: 7.15826 GB/s: 18.3545 Jtransfer timer: 1.358e-06 Atransfer time: 1.316e-06
Element calculation test with N = 1212 Time: 1.19259e-05 Melement/s: 101 GFLOPS/s: 7.92695 GB/s: 20.3255 Jtransfer timer: 1.238e-06 Atransfer time: 1.049e-06
Element calculation test with N = 1334 Time: 1.32136e-05 Melement/s: 100 GFLOPS/s: 7.87458 GB/s: 20.1912 Jtransfer timer: 1.084e-06 Atransfer time: 8.82e-07
Element calculation test with N = 1468 Time: 1.33028e-05 Melement/s: 110 GFLOPS/s: 8.60751 GB/s: 22.0705 Jtransfer timer: 1.117e-06 Atransfer time: 7.98e-07
Element calculation test with N = 1615 Time: 1.41367e-05 Melement/s: 114 GFLOPS/s: 8.91085 GB/s: 22.8483 Jtransfer timer: 1.203e-06 Atransfer time: 9.32e-07
Element calculation test with N = 1777 Time: 1.41966e-05 Melement/s: 125 GFLOPS/s: 9.76332 GB/s: 25.0342 Jtransfer timer: 1.066e-06 Atransfer time: 8.3e-07
Element calculation test with N = 1955 Time: 1.5733e-05 Melement/s: 124 GFLOPS/s: 9.69237 GB/s: 24.8522 Jtransfer timer: 1.167e-06 Atransfer time: 1.124e-06
Element calculation test with N = 2151 Time: 1.53994e-05 Melement/s: 139 GFLOPS/s: 10.8951 GB/s: 27.9362 Jtransfer timer: 1.05e-06 Atransfer time: 9.54e-07
Element calculation test with N = 2367 Time: 1.65659e-05 Melement/s: 142 GFLOPS/s: 11.1449 GB/s: 28.5768 Jtransfer timer: 1.171e-06 Atransfer time: 8.05e-07
Element calculation test with N = 2604 Time: 1.70667e-05 Melement/s: 152 GFLOPS/s: 11.9011 GB/s: 30.5157 Jtransfer timer: 1.145e-06 Atransfer time: 9.68e-07
Element calculation test with N = 2865 Time: 1.71841e-05 Melement/s: 166 GFLOPS/s: 13.0045 GB/s: 33.3448 Jtransfer timer: 1.124e-06 Atransfer time: 8.41e-07
Element calculation test with N = 3152 Time: 1.83576e-05 Melement/s: 171 GFLOPS/s: 13.3926 GB/s: 34.34 Jtransfer timer: 1.178e-06 Atransfer time: 9.53e-07
Element calculation test with N = 3468 Time: 1.91353e-05 Melement/s: 181 GFLOPS/s: 14.1364 GB/s: 36.2471 Jtransfer timer: 1.195e-06 Atransfer time: 1.002e-06
Element calculation test with N = 3815 Time: 2.06302e-05 Melement/s: 184 GFLOPS/s: 14.424 GB/s: 36.9846 Jtransfer timer: 1.343e-06 Atransfer time: 6.9e-07
Element calculation test with N = 4197 Time: 2.17155e-05 Melement/s: 193 GFLOPS/s: 15.0753 GB/s: 38.6545 Jtransfer timer: 1.583e-06 Atransfer time: 1.009e-06
Element calculation test with N = 4617 Time: 2.36471e-05 Melement/s: 195 GFLOPS/s: 15.2292 GB/s: 39.0492 Jtransfer timer: 1.174e-06 Atransfer time: 8.6e-07
Element calculation test with N = 5079 Time: 2.34915e-05 Melement/s: 216 GFLOPS/s: 16.8641 GB/s: 43.2412 Jtransfer timer: 1.855e-06 Atransfer time: 8.76e-07
Element calculation test with N = 5587 Time: 2.51103e-05 Melement/s: 222 GFLOPS/s: 17.3548 GB/s: 44.4996 Jtransfer timer: 1.17e-06 Atransfer time: 9.21e-07
Element calculation test with N = 6146 Time: 2.65746e-05 Melement/s: 231 GFLOPS/s: 18.0394 GB/s: 46.2548 Jtransfer timer: 1.356e-06 Atransfer time: 6.61e-07
Element calculation test with N = 6761 Time: 2.81698e-05 Melement/s: 240 GFLOPS/s: 18.7207 GB/s: 48.0017 Jtransfer timer: 1.26e-06 Atransfer time: 8.78e-07
Element calculation test with N = 7438 Time: 3.08973e-05 Melement/s: 240 GFLOPS/s: 18.7772 GB/s: 48.1466 Jtransfer timer: 1.333e-06 Atransfer time: 9.03e-07
Element calculation test with N = 8182 Time: 3.26792e-05 Melement/s: 250 GFLOPS/s: 19.5291 GB/s: 50.0747 Jtransfer timer: 1.345e-06 Atransfer time: 7.81e-07
Element calculation test with N = 9001 Time: 3.578e-05 Melement/s: 251 GFLOPS/s: 19.6221 GB/s: 50.313 Jtransfer timer: 1.244e-06 Atransfer time: 1.187e-06
Element calculation test with N = 9902 Time: 3.8868e-05 Melement/s: 254 GFLOPS/s: 19.8712 GB/s: 50.9519 Jtransfer timer: 1.281e-06 Atransfer time: 7.24e-07
Element calculation test with N = 10893 Time: 3.89618e-05 Melement/s: 279 GFLOPS/s: 21.8074 GB/s: 55.9163 Jtransfer timer: 1.719e-06 Atransfer time: 8.89e-07
Element calculation test with N = 11983 Time: 4.2773e-05 Melement/s: 280 GFLOPS/s: 21.852 GB/s: 56.0307 Jtransfer timer: 1.183e-06 Atransfer time: 1.024e-06
Element calculation test with N = 13182 Time: 4.63685e-05 Melement/s: 284 GFLOPS/s: 22.1745 GB/s: 56.8576 Jtransfer timer: 1.191e-06 Atransfer time: 1.05e-06
Element calculation test with N = 14501 Time: 5.03486e-05 Melement/s: 288 GFLOPS/s: 22.4649 GB/s: 57.6023 Jtransfer timer: 1.325e-06 Atransfer time: 1.158e-06
Element calculation test with N = 15952 Time: 5.16916e-05 Melement/s: 308 GFLOPS/s: 24.0708 GB/s: 61.7199 Jtransfer timer: 1.173e-06 Atransfer time: 9.85e-07
Element calculation test with N = 17548 Time: 5.6247e-05 Melement/s: 311 GFLOPS/s: 24.3345 GB/s: 62.3962 Jtransfer timer: 1.35e-06 Atransfer time: 9.32e-07
Element calculation test with N = 19303 Time: 6.11745e-05 Melement/s: 315 GFLOPS/s: 24.6121 GB/s: 63.108 Jtransfer timer: 1.153e-06 Atransfer time: 8.96e-07
Element calculation test with N = 21234 Time: 6.72637e-05 Melement/s: 315 GFLOPS/s: 24.6233 GB/s: 63.1366 Jtransfer timer: 1.184e-06 Atransfer time: 9.46e-07
Element calculation test with N = 23358 Time: 6.93741e-05 Melement/s: 336 GFLOPS/s: 26.2623 GB/s: 67.3393 Jtransfer timer: 1.228e-06 Atransfer time: 1.296e-06
Element calculation test with N = 25694 Time: 7.52582e-05 Melement/s: 341 GFLOPS/s: 26.6301 GB/s: 68.2823 Jtransfer timer: 1.175e-06 Atransfer time: 9e-07
Element calculation test with N = 28264 Time: 8.21539e-05 Melement/s: 344 GFLOPS/s: 26.8349 GB/s: 68.8075 Jtransfer timer: 1.206e-06 Atransfer time: 9.64e-07
Element calculation test with N = 31091 Time: 8.54469e-05 Melement/s: 363 GFLOPS/s: 28.3813 GB/s: 72.7727 Jtransfer timer: 1.172e-06 Atransfer time: 9.45e-07
Element calculation test with N = 34201 Time: 9.3744e-05 Melement/s: 364 GFLOPS/s: 28.4571 GB/s: 72.9668 Jtransfer timer: 1.344e-06 Atransfer time: 9.12e-07
Element calculation test with N = 37622 Time: 9.77445e-05 Melement/s: 384 GFLOPS/s: 30.0223 GB/s: 76.9802 Jtransfer timer: 1.249e-06 Atransfer time: 9.27e-07
Element calculation test with N = 41385 Time: 0.000106055 Melement/s: 390 GFLOPS/s: 30.4373 GB/s: 78.0443 Jtransfer timer: 1.146e-06 Atransfer time: 9.26e-07
Element calculation test with N = 45524 Time: 0.000111289 Melement/s: 409 GFLOPS/s: 31.9069 GB/s: 81.8125 Jtransfer timer: 1.261e-06 Atransfer time: 1.371e-06
Element calculation test with N = 50077 Time: 0.000118125 Melement/s: 423 GFLOPS/s: 33.0668 GB/s: 84.7868 Jtransfer timer: 1.17e-06 Atransfer time: 8.84e-07
Element calculation test with N = 55085 Time: 0.000126768 Melement/s: 434 GFLOPS/s: 33.8937 GB/s: 86.9069 Jtransfer timer: 1.147e-06 Atransfer time: 9.25e-07
Element calculation test with N = 60594 Time: 0.000132929 Melement/s: 455 GFLOPS/s: 35.5553 GB/s: 91.1675 Jtransfer timer: 1.192e-06 Atransfer time: 8.88e-07
Element calculation test with N = 66654 Time: 0.000145895 Melement/s: 456 GFLOPS/s: 35.6353 GB/s: 91.3724 Jtransfer timer: 1.161e-06 Atransfer time: 8.57e-07
Element calculation test with N = 73320 Time: 0.000158742 Melement/s: 461 GFLOPS/s: 36.0267 GB/s: 92.3762 Jtransfer timer: 1.191e-06 Atransfer time: 1.218e-06
Element calculation test with N = 80653 Time: 0.00016788 Melement/s: 480 GFLOPS/s: 37.4728 GB/s: 96.0842 Jtransfer timer: 1.603e-06 Atransfer time: 8.96e-07
Element calculation test with N = 88719 Time: 0.000184347 Melement/s: 481 GFLOPS/s: 37.5385 GB/s: 96.2524 Jtransfer timer: 1.488e-06 Atransfer time: 8.5e-07
Element calculation test with N = 97591 Time: 0.000203094 Melement/s: 480 GFLOPS/s: 37.4807 GB/s: 96.1045 Jtransfer timer: 1.565e-06 Atransfer time: 9.04e-07
Element calculation test with N = 107351 Time: 0.000225763 Melement/s: 475 GFLOPS/s: 37.0893 GB/s: 95.1008 Jtransfer timer: 1.727e-06 Atransfer time: 1.049e-06
Element calculation test with N = 118087 Time: 0.000255748 Melement/s: 461 GFLOPS/s: 36.0151 GB/s: 92.3463 Jtransfer timer: 2.416e-06 Atransfer time: 1.748e-06
Element calculation test with N = 129896 Time: 0.00028883 Melement/s: 449 GFLOPS/s: 35.079 GB/s: 89.9462 Jtransfer timer: 2.454e-06 Atransfer time: 1.261e-06
Element calculation test with N = 142886 Time: 0.000322958 Melement/s: 442 GFLOPS/s: 34.5095 GB/s: 88.4859 Jtransfer timer: 2.474e-06 Atransfer time: 1.473e-06
Element calculation test with N = 157175 Time: 0.000368359 Melement/s: 426 GFLOPS/s: 33.2818 GB/s: 85.338 Jtransfer timer: 2.548e-06 Atransfer time: 1.797e-06
Element calculation test with N = 172893 Time: 0.000458842 Melement/s: 376 GFLOPS/s: 29.3906 GB/s: 75.3605 Jtransfer timer: 2.972e-06 Atransfer time: 2.048e-06
Element calculation test with N = 190183 Time: 0.000611321 Melement/s: 311 GFLOPS/s: 24.2659 GB/s: 62.2204 Jtransfer timer: 3.246e-06 Atransfer time: 1.358e-06
Element calculation test with N = 209202 Time: 0.000926899 Melement/s: 225 GFLOPS/s: 17.6047 GB/s: 45.1402 Jtransfer timer: 3.254e-06 Atransfer time: 1.898e-06
Element calculation test with N = 230123 Time: 0.00135857 Melement/s: 169 GFLOPS/s: 13.2121 GB/s: 33.8772 Jtransfer timer: 3.404e-06 Atransfer time: 1.723e-06
Element calculation test with N = 253136 Time: 0.00201486 Melement/s: 125 GFLOPS/s: 9.7995 GB/s: 25.1269 Jtransfer timer: 2.91e-06 Atransfer time: 2.006e-06
Element calculation test with N = 278450 Time: 0.00236864 Melement/s: 117 GFLOPS/s: 9.16944 GB/s: 23.5114 Jtransfer timer: 3.459e-06 Atransfer time: 2.164e-06
Element calculation test with N = 306296 Time: 0.00310267 Melement/s: 98 GFLOPS/s: 7.70018 GB/s: 19.7441 Jtransfer timer: 3.072e-06 Atransfer time: 2.826e-06
Element calculation test with N = 336926 Time: 0.0033526 Melement/s: 100 GFLOPS/s: 7.83875 GB/s: 20.0994 Jtransfer timer: 3.983e-06 Atransfer time: 2.135e-06
Element calculation test with N = 370619 Time: 0.00427946 Melement/s: 86 GFLOPS/s: 6.75512 GB/s: 17.3208 Jtransfer timer: 3.18e-06 Atransfer time: 5.189e-06
Element calculation test with N = 407681 Time: 0.00450399 Melement/s: 90 GFLOPS/s: 7.06021 GB/s: 18.1031 Jtransfer timer: 3.679e-06 Atransfer time: 1.5468e-05
Element calculation test with N = 448450 Time: 0.00469501 Melement/s: 95 GFLOPS/s: 7.45027 GB/s: 19.1033 Jtransfer timer: 3.353e-06 Atransfer time: 4.432e-06
Element calculation test with N = 493296 Time: 0.00604525 Melement/s: 81 GFLOPS/s: 6.36485 GB/s: 16.3201 Jtransfer timer: 3.754e-06 Atransfer time: 5.103e-06
Element calculation test with N = 542626 Time: 0.00667918 Melement/s: 81 GFLOPS/s: 6.33683 GB/s: 16.2483 Jtransfer timer: 4.102e-06 Atransfer time: 4.782e-06
Element calculation test with N = 596889 Time: 0.00735063 Melement/s: 81 GFLOPS/s: 6.33379 GB/s: 16.2405 Jtransfer timer: 4.299e-06 Atransfer time: 2.608e-06
Element calculation test with N = 656578 Time: 0.00802184 Melement/s: 81 GFLOPS/s: 6.3842 GB/s: 16.3698 Jtransfer timer: 3.907e-06 Atransfer time: 1.4702e-05
Element calculation test with N = 722236 Time: 0.00883984 Melement/s: 81 GFLOPS/s: 6.37279 GB/s: 16.3405 Jtransfer timer: 4.161e-06 Atransfer time: 2.582e-06
Element calculation test with N = 794460 Time: 0.00935879 Melement/s: 84 GFLOPS/s: 6.62136 GB/s: 16.9778 Jtransfer timer: 4.205e-06 Atransfer time: 2.599e-06
Element calculation test with N = 873907 Time: 0.0106502 Melement/s: 82 GFLOPS/s: 6.40033 GB/s: 16.4111 Jtransfer timer: 3.746e-06 Atransfer time: 2.591e-06
Element calculation test with N = 961298 Time: 0.0117174 Melement/s: 82 GFLOPS/s: 6.39916 GB/s: 16.4081 Jtransfer timer: 4.39e-06 Atransfer time: 3.002e-06
Element calculation test with N = 1057428 Time: 0.0103188 Melement/s: 102 GFLOPS/s: 7.9931 GB/s: 20.4951 Jtransfer timer: 4.109e-06 Atransfer time: 3.084e-06
Element calculation test with N = 1163171 Time: 0.0140823 Melement/s: 82 GFLOPS/s: 6.44267 GB/s: 16.5197 Jtransfer timer: 1.4142e-05 Atransfer time: 2.892e-06
Element calculation test with N = 1279489 Time: 0.0150626 Melement/s: 84 GFLOPS/s: 6.62568 GB/s: 16.9889 Jtransfer timer: 4.461e-06 Atransfer time: 2.548e-06
Element calculation test with N = 1407438 Time: 0.0128543 Melement/s: 109 GFLOPS/s: 8.54032 GB/s: 21.8983 Jtransfer timer: 4.124e-06 Atransfer time: 5.355e-06
Element calculation test with N = 1548182 Time: 0.0187561 Melement/s: 82 GFLOPS/s: 6.43835 GB/s: 16.5086 Jtransfer timer: 5.279e-06 Atransfer time: 1.5607e-05
Element calculation test with N = 1703001 Time: 0.0196068 Melement/s: 86 GFLOPS/s: 6.77491 GB/s: 17.3716 Jtransfer timer: 4.648e-06 Atransfer time: 3.019e-06
Element calculation test with N = 1873302 Time: 0.0218791 Melement/s: 85 GFLOPS/s: 6.67839 GB/s: 17.1241 Jtransfer timer: 4.046e-06 Atransfer time: 4.395e-06
Element calculation test with N = 2060633 Time: 0.0146279 Melement/s: 140 GFLOPS/s: 10.9879 GB/s: 28.174 Jtransfer timer: 4.276e-06 Atransfer time: 5.412e-06
Element calculation test with N = 2266697 Time: 0.0265066 Melement/s: 85 GFLOPS/s: 6.67013 GB/s: 17.1029 Jtransfer timer: 4.14e-06 Atransfer time: 2.94e-06
Element calculation test with N = 2493367 Time: 0.0212334 Melement/s: 117 GFLOPS/s: 9.1593 GB/s: 23.4854 Jtransfer timer: 3.946e-06 Atransfer time: 3.283e-06
Element calculation test with N = 2742704 Time: 0.0276573 Melement/s: 99 GFLOPS/s: 7.73505 GB/s: 19.8335 Jtransfer timer: 4.107e-06 Atransfer time: 4.251e-06
Element calculation test with N = 3016975 Time: 0.0329635 Melement/s: 91 GFLOPS/s: 7.13894 GB/s: 18.305 Jtransfer timer: 5.348e-06 Atransfer time: 1.179e-05
Element calculation test with N = 3318673 Time: 0.0279973 Melement/s: 118 GFLOPS/s: 9.24576 GB/s: 23.7071 Jtransfer timer: 4.463e-06 Atransfer time: 5.003e-06
Element calculation test with N = 3650541 Time: 0.0386405 Melement/s: 94 GFLOPS/s: 7.36901 GB/s: 18.8949 Jtransfer timer: 4.56e-06 Atransfer time: 6.967e-06
Element calculation test with N = 4015596 Time: 0.0501956 Melement/s: 79 GFLOPS/s: 6.23992 GB/s: 15.9998 Jtransfer timer: 3.933e-06 Atransfer time: 3.108e-06
Element calculation test with N = 4417156 Time: 0.0430968 Melement/s: 102 GFLOPS/s: 7.99452 GB/s: 20.4988 Jtransfer timer: 4.012e-06 Atransfer time: 1.2588e-05
Element calculation test with N = 4858872 Time: 0.0441805 Melement/s: 109 GFLOPS/s: 8.57827 GB/s: 21.9956 Jtransfer timer: 4.109e-06 Atransfer time: 5.06e-06
Element calculation test with N = 5344760 Time: 0.0635281 Melement/s: 84 GFLOPS/s: 6.56231 GB/s: 16.8264 Jtransfer timer: 4.387e-06 Atransfer time: 4.732e-06
Element calculation test with N = 5879237 Time: 0.0555437 Melement/s: 105 GFLOPS/s: 8.25621 GB/s: 21.1698 Jtransfer timer: 3.912e-06 Atransfer time: 4.169e-06
Element calculation test with N = 6467161 Time: 0.0788592 Melement/s: 82 GFLOPS/s: 6.3967 GB/s: 16.4018 Jtransfer timer: 4.003e-06 Atransfer time: 5.85e-06
Element calculation test with N = 7113878 Time: 0.0665638 Melement/s: 106 GFLOPS/s: 8.3361 GB/s: 21.3746 Jtransfer timer: 4.219e-06 Atransfer time: 4.038e-06
Element calculation test with N = 7825266 Time: 0.0939896 Melement/s: 83 GFLOPS/s: 6.49402 GB/s: 16.6513 Jtransfer timer: 3.886e-06 Atransfer time: 5.296e-06
Element calculation test with N = 8607793 Time: 0.0831639 Melement/s: 103 GFLOPS/s: 8.07331 GB/s: 20.7008 Jtransfer timer: 4.204e-06 Atransfer time: 4.725e-06
Element calculation test with N = 9468573 Time: 0.0987521 Melement/s: 95 GFLOPS/s: 7.47881 GB/s: 19.1764 Jtransfer timer: 4.045e-06 Atransfer time: 4.97e-06
Element calculation test with N = 10415431 Time: 0.105769 Melement/s: 98 GFLOPS/s: 7.68095 GB/s: 19.6947 Jtransfer timer: 4.126e-06 Atransfer time: 4.009e-06
Element calculation test with N = 11456975 Time: 0.12262 Melement/s: 93 GFLOPS/s: 7.28794 GB/s: 18.687 Jtransfer timer: 4.224e-06 Atransfer time: 4.58e-06
Element calculation test with N = 12602673 Time: 0.149736 Melement/s: 84 GFLOPS/s: 6.56496 GB/s: 16.8332 Jtransfer timer: 5.661e-06 Atransfer time: 2.973e-06
Element calculation test with N = 13862941 Time: 0.174746 Melement/s: 79 GFLOPS/s: 6.18789 GB/s: 15.8664 Jtransfer timer: 4.309e-06 Atransfer time: 5.299e-06
Element calculation test with N = 15249236 Time: 0.181389 Melement/s: 84 GFLOPS/s: 6.55739 GB/s: 16.8138 Jtransfer timer: 4.249e-06 Atransfer time: 3.165e-06
Element calculation test with N = 16774160 Time: 0.164056 Melement/s: 102 GFLOPS/s: 7.97523 GB/s: 20.4493 Jtransfer timer: 4.393e-06 Atransfer time: 4.512e-06
Element calculation test with N = 18451577 Time: 0.186728 Melement/s: 98 GFLOPS/s: 7.70757 GB/s: 19.763 Jtransfer timer: 4.039e-06 Atransfer time: 4.113e-06
Element calculation test with N = 20296735 Time: 0.245263 Melement/s: 82 GFLOPS/s: 6.4549 GB/s: 16.551 Jtransfer timer: 4.058e-06 Atransfer time: 4.675e-06
Element calculation test with N = 22326409 Time: 0.277585 Melement/s: 80 GFLOPS/s: 6.27361 GB/s: 16.0862 Jtransfer timer: 4.418e-06 Atransfer time: 5.245e-06
Element calculation test with N = 24559050 Time: 0.227763 Melement/s: 107 GFLOPS/s: 8.41053 GB/s: 21.5655 Jtransfer timer: 4.495e-06 Atransfer time: 4.901e-06
Element calculation test with N = 27014956 Time: 0.265379 Melement/s: 101 GFLOPS/s: 7.94022 GB/s: 20.3595 Jtransfer timer: 4.454e-06 Atransfer time: 4.623e-06
Element calculation test with N = 29716452 Time: 0.333708 Melement/s: 89 GFLOPS/s: 6.94585 GB/s: 17.8099 Jtransfer timer: 4.241e-06 Atransfer time: 4.566e-06
Element calculation test with N = 32688098 Time: 0.382722 Melement/s: 85 GFLOPS/s: 6.66194 GB/s: 17.0819 Jtransfer timer: 5.978e-06 Atransfer time: 4.267e-06
Element calculation test with N = 35956908 Time: 0.416197 Melement/s: 86 GFLOPS/s: 6.73873 GB/s: 17.2788 Jtransfer timer: 5.454e-06 Atransfer time: 4.55e-06
Element calculation test with N = 39552599 Time: 0.533062 Melement/s: 74 GFLOPS/s: 5.78751 GB/s: 14.8398 Jtransfer timer: 5.54e-06 Atransfer time: 5.359e-06
FGL
/var/spool/slurmd/job8455818/slurm_script: line 23: ./exec/elemmatFGL.host: No such file or directory
FGR
/var/spool/slurmd/job8455818/slurm_script: line 25: ./exec/elemmatFGR.host: No such file or directory
DGL
/var/spool/slurmd/job8455818/slurm_script: line 27: ./exec/elemmatDGL.host: No such file or directory
DGR
/var/spool/slurmd/job8455818/slurm_script: line 29: ./exec/elemmatDGR.host: No such file or directory
