Testing on interval [ 1000, 40000000]
Element calculation test with N = 1000 Time: 2.28581e-05 Melement/s: 43 GFLOPS/s: 3.41236 GB/s: 8.74965 Jtransfer timer: 6.2698e-05 Atransfer time: 6.9388e-05
Element calculation test with N = 1101 Time: 1.97398e-05 Melement/s: 55 GFLOPS/s: 4.3505 GB/s: 11.1551 Jtransfer timer: 5.7135e-05 Atransfer time: 7.1772e-05
Element calculation test with N = 1212 Time: 2.07107e-05 Melement/s: 58 GFLOPS/s: 4.5646 GB/s: 11.7041 Jtransfer timer: 6.1698e-05 Atransfer time: 7.3364e-05
Element calculation test with N = 1334 Time: 2.07084e-05 Melement/s: 64 GFLOPS/s: 5.02462 GB/s: 12.8836 Jtransfer timer: 6.4963e-05 Atransfer time: 7.9629e-05
Element calculation test with N = 1468 Time: 2.06099e-05 Melement/s: 71 GFLOPS/s: 5.55576 GB/s: 14.2455 Jtransfer timer: 6.9373e-05 Atransfer time: 8.6172e-05
Element calculation test with N = 1615 Time: 2.0617e-05 Melement/s: 78 GFLOPS/s: 6.11001 GB/s: 15.6667 Jtransfer timer: 7.1493e-05 Atransfer time: 9.1591e-05
Element calculation test with N = 1777 Time: 2.0503e-05 Melement/s: 86 GFLOPS/s: 6.76028 GB/s: 17.334 Jtransfer timer: 8.9187e-05 Atransfer time: 0.000100413
Element calculation test with N = 1955 Time: 2.07957e-05 Melement/s: 94 GFLOPS/s: 7.33278 GB/s: 18.802 Jtransfer timer: 9.2683e-05 Atransfer time: 0.000388079
Element calculation test with N = 2151 Time: 2.051e-05 Melement/s: 104 GFLOPS/s: 8.1803 GB/s: 20.9751 Jtransfer timer: 8.6497e-05 Atransfer time: 0.000128102
Element calculation test with N = 2367 Time: 2.13344e-05 Melement/s: 110 GFLOPS/s: 8.65391 GB/s: 22.1895 Jtransfer timer: 9.4068e-05 Atransfer time: 0.000126408
Element calculation test with N = 2604 Time: 2.09351e-05 Melement/s: 124 GFLOPS/s: 9.70198 GB/s: 24.8769 Jtransfer timer: 9.8355e-05 Atransfer time: 0.000136082
Element calculation test with N = 2865 Time: 2.08995e-05 Melement/s: 137 GFLOPS/s: 10.6926 GB/s: 27.4169 Jtransfer timer: 0.0001051 Atransfer time: 0.000148136
Element calculation test with N = 3152 Time: 2.06639e-05 Melement/s: 152 GFLOPS/s: 11.8979 GB/s: 30.5074 Jtransfer timer: 0.000115765 Atransfer time: 0.000161269
Element calculation test with N = 3468 Time: 2.07757e-05 Melement/s: 166 GFLOPS/s: 13.0202 GB/s: 33.3851 Jtransfer timer: 0.000122728 Atransfer time: 0.000184689
Element calculation test with N = 3815 Time: 2.10207e-05 Melement/s: 181 GFLOPS/s: 14.1561 GB/s: 36.2976 Jtransfer timer: 0.000134244 Atransfer time: 0.00019372
Element calculation test with N = 4197 Time: 2.07649e-05 Melement/s: 202 GFLOPS/s: 15.7653 GB/s: 40.4239 Jtransfer timer: 0.000141924 Atransfer time: 0.000208151
Element calculation test with N = 4617 Time: 2.07921e-05 Melement/s: 222 GFLOPS/s: 17.3204 GB/s: 44.4112 Jtransfer timer: 0.000154286 Atransfer time: 0.000235615
Element calculation test with N = 5079 Time: 2.06766e-05 Melement/s: 245 GFLOPS/s: 19.16 GB/s: 49.1281 Jtransfer timer: 0.000167077 Atransfer time: 0.000245041
Element calculation test with N = 5587 Time: 2.581e-05 Melement/s: 216 GFLOPS/s: 16.8844 GB/s: 43.2933 Jtransfer timer: 0.000181861 Atransfer time: 0.000268626
Element calculation test with N = 6146 Time: 2.53072e-05 Melement/s: 242 GFLOPS/s: 18.9428 GB/s: 48.5713 Jtransfer timer: 0.000195022 Atransfer time: 0.00030285
Element calculation test with N = 6761 Time: 2.63716e-05 Melement/s: 256 GFLOPS/s: 19.9972 GB/s: 51.2749 Jtransfer timer: 0.000213842 Atransfer time: 0.000334487
Element calculation test with N = 7438 Time: 3.37939e-05 Melement/s: 220 GFLOPS/s: 17.1677 GB/s: 44.0197 Jtransfer timer: 0.00024565 Atransfer time: 0.000353698
Element calculation test with N = 8182 Time: 2.63749e-05 Melement/s: 310 GFLOPS/s: 24.1971 GB/s: 62.044 Jtransfer timer: 0.000253278 Atransfer time: 0.000385204
Element calculation test with N = 9001 Time: 2.6475e-05 Melement/s: 339 GFLOPS/s: 26.5185 GB/s: 67.9962 Jtransfer timer: 0.000275202 Atransfer time: 0.00041771
Element calculation test with N = 9902 Time: 2.67463e-05 Melement/s: 370 GFLOPS/s: 28.8771 GB/s: 74.0439 Jtransfer timer: 0.000298649 Atransfer time: 0.000446038
Element calculation test with N = 10893 Time: 3.12433e-05 Melement/s: 348 GFLOPS/s: 27.1948 GB/s: 69.7301 Jtransfer timer: 0.000336153 Atransfer time: 0.000481881
Element calculation test with N = 11983 Time: 3.27213e-05 Melement/s: 366 GFLOPS/s: 28.5647 GB/s: 73.2429 Jtransfer timer: 0.000352752 Atransfer time: 0.00051461
Element calculation test with N = 13182 Time: 3.23997e-05 Melement/s: 406 GFLOPS/s: 31.7347 GB/s: 81.371 Jtransfer timer: 0.000384638 Atransfer time: 0.000561154
Element calculation test with N = 14501 Time: 3.27348e-05 Melement/s: 442 GFLOPS/s: 34.5528 GB/s: 88.597 Jtransfer timer: 0.000432168 Atransfer time: 0.000614738
Element calculation test with N = 15952 Time: 3.72703e-05 Melement/s: 428 GFLOPS/s: 33.3846 GB/s: 85.6016 Jtransfer timer: 0.000436264 Atransfer time: 0.000656882
Element calculation test with N = 17548 Time: 3.79649e-05 Melement/s: 462 GFLOPS/s: 36.0529 GB/s: 92.4434 Jtransfer timer: 0.000442978 Atransfer time: 0.000720165
Element calculation test with N = 19303 Time: 3.86291e-05 Melement/s: 499 GFLOPS/s: 38.9767 GB/s: 99.9402 Jtransfer timer: 0.000467516 Atransfer time: 0.000790862
Element calculation test with N = 21234 Time: 4.55387e-05 Melement/s: 466 GFLOPS/s: 36.3702 GB/s: 93.2569 Jtransfer timer: 0.000512727 Atransfer time: 0.000856113
Element calculation test with N = 23358 Time: 4.83397e-05 Melement/s: 483 GFLOPS/s: 37.69 GB/s: 96.6411 Jtransfer timer: 0.00058745 Atransfer time: 0.000931381
Element calculation test with N = 25694 Time: 4.89297e-05 Melement/s: 525 GFLOPS/s: 40.9595 GB/s: 105.024 Jtransfer timer: 0.000650702 Atransfer time: 0.00101387
Element calculation test with N = 28264 Time: 5.49691e-05 Melement/s: 514 GFLOPS/s: 40.106 GB/s: 102.836 Jtransfer timer: 0.000720113 Atransfer time: 0.00110481
Element calculation test with N = 31091 Time: 5.73838e-05 Melement/s: 541 GFLOPS/s: 42.261 GB/s: 108.361 Jtransfer timer: 0.000753736 Atransfer time: 0.0012015
Element calculation test with N = 34201 Time: 6.09382e-05 Melement/s: 561 GFLOPS/s: 43.7768 GB/s: 112.248 Jtransfer timer: 0.000800204 Atransfer time: 0.001314
Element calculation test with N = 37622 Time: 6.55376e-05 Melement/s: 574 GFLOPS/s: 44.776 GB/s: 114.81 Jtransfer timer: 0.000876054 Atransfer time: 0.00143737
Element calculation test with N = 41385 Time: 6.99022e-05 Melement/s: 592 GFLOPS/s: 46.1792 GB/s: 118.408 Jtransfer timer: 0.000964687 Atransfer time: 0.00156899
Element calculation test with N = 45524 Time: 7.24028e-05 Melement/s: 628 GFLOPS/s: 49.0433 GB/s: 125.752 Jtransfer timer: 0.0010556 Atransfer time: 0.00170839
Element calculation test with N = 50077 Time: 7.98725e-05 Melement/s: 626 GFLOPS/s: 48.903 GB/s: 125.392 Jtransfer timer: 0.00113721 Atransfer time: 0.00188788
Element calculation test with N = 55085 Time: 8.36462e-05 Melement/s: 658 GFLOPS/s: 51.3667 GB/s: 131.71 Jtransfer timer: 0.00126152 Atransfer time: 0.00205652
Element calculation test with N = 60594 Time: 8.914e-05 Melement/s: 679 GFLOPS/s: 53.0215 GB/s: 135.952 Jtransfer timer: 0.00136411 Atransfer time: 0.00225625
Element calculation test with N = 66654 Time: 9.62949e-05 Melement/s: 692 GFLOPS/s: 53.9905 GB/s: 138.437 Jtransfer timer: 0.00150225 Atransfer time: 0.0024669
Element calculation test with N = 73320 Time: 0.000105384 Melement/s: 695 GFLOPS/s: 54.2678 GB/s: 139.148 Jtransfer timer: 0.00169498 Atransfer time: 0.00269247
Element calculation test with N = 80653 Time: 0.000113189 Melement/s: 712 GFLOPS/s: 55.579 GB/s: 142.51 Jtransfer timer: 0.00184938 Atransfer time: 0.00292091
Element calculation test with N = 88719 Time: 0.00013766 Melement/s: 644 GFLOPS/s: 50.2695 GB/s: 128.896 Jtransfer timer: 0.00206441 Atransfer time: 0.00318853
Element calculation test with N = 97591 Time: 0.000132762 Melement/s: 735 GFLOPS/s: 57.3364 GB/s: 147.017 Jtransfer timer: 0.00228679 Atransfer time: 0.00338189
Element calculation test with N = 107351 Time: 0.000142182 Melement/s: 755 GFLOPS/s: 58.8921 GB/s: 151.005 Jtransfer timer: 0.00237358 Atransfer time: 0.00340697
Element calculation test with N = 118087 Time: 0.000154761 Melement/s: 763 GFLOPS/s: 59.5161 GB/s: 152.605 Jtransfer timer: 0.00255806 Atransfer time: 0.00346002
Element calculation test with N = 129896 Time: 0.000168436 Melement/s: 771 GFLOPS/s: 60.1527 GB/s: 154.238 Jtransfer timer: 0.00278998 Atransfer time: 0.00356323
Element calculation test with N = 142886 Time: 0.000181815 Melement/s: 785 GFLOPS/s: 61.2991 GB/s: 157.177 Jtransfer timer: 0.00339628 Atransfer time: 0.00384563
Element calculation test with N = 157175 Time: 0.000198503 Melement/s: 791 GFLOPS/s: 61.7604 GB/s: 158.36 Jtransfer timer: 0.00350173 Atransfer time: 0.00421131
Element calculation test with N = 172893 Time: 0.000216273 Melement/s: 799 GFLOPS/s: 62.3548 GB/s: 159.884 Jtransfer timer: 0.00385481 Atransfer time: 0.00464899
Element calculation test with N = 190183 Time: 0.000237517 Melement/s: 800 GFLOPS/s: 62.4556 GB/s: 160.143 Jtransfer timer: 0.00420126 Atransfer time: 0.00521729
Element calculation test with N = 209202 Time: 0.000256274 Melement/s: 816 GFLOPS/s: 63.6731 GB/s: 163.264 Jtransfer timer: 0.00456356 Atransfer time: 0.00578505
Element calculation test with N = 230123 Time: 0.000281693 Melement/s: 816 GFLOPS/s: 63.7204 GB/s: 163.386 Jtransfer timer: 0.00504829 Atransfer time: 0.00651044
Element calculation test with N = 253136 Time: 0.00031069 Melement/s: 814 GFLOPS/s: 63.5509 GB/s: 162.951 Jtransfer timer: 0.0108003 Atransfer time: 0.0072665
Element calculation test with N = 278450 Time: 0.000336837 Melement/s: 826 GFLOPS/s: 64.4795 GB/s: 165.332 Jtransfer timer: 0.00607612 Atransfer time: 0.00804463
Element calculation test with N = 306296 Time: 0.000367385 Melement/s: 833 GFLOPS/s: 65.0302 GB/s: 166.744 Jtransfer timer: 0.00664956 Atransfer time: 0.00898655
Element calculation test with N = 336926 Time: 0.000401743 Melement/s: 838 GFLOPS/s: 65.4155 GB/s: 167.732 Jtransfer timer: 0.00725168 Atransfer time: 0.00993323
Element calculation test with N = 370619 Time: 0.000442021 Melement/s: 838 GFLOPS/s: 65.4002 GB/s: 167.693 Jtransfer timer: 0.00791902 Atransfer time: 0.0111002
Element calculation test with N = 407681 Time: 0.000483278 Melement/s: 843 GFLOPS/s: 65.7988 GB/s: 168.715 Jtransfer timer: 0.00875847 Atransfer time: 0.0126912
Element calculation test with N = 448450 Time: 0.00052832 Melement/s: 848 GFLOPS/s: 66.2082 GB/s: 169.765 Jtransfer timer: 0.00954924 Atransfer time: 0.0137331
Element calculation test with N = 493296 Time: 0.000582824 Melement/s: 846 GFLOPS/s: 66.0184 GB/s: 169.278 Jtransfer timer: 0.0104346 Atransfer time: 0.0151377
Element calculation test with N = 542626 Time: 0.000634639 Melement/s: 855 GFLOPS/s: 66.6912 GB/s: 171.003 Jtransfer timer: 0.0114448 Atransfer time: 0.0167598
Element calculation test with N = 596889 Time: 0.0006972 Melement/s: 856 GFLOPS/s: 66.7775 GB/s: 171.224 Jtransfer timer: 0.0125363 Atransfer time: 0.018554
Element calculation test with N = 656578 Time: 0.00091873 Melement/s: 714 GFLOPS/s: 55.7433 GB/s: 142.932 Jtransfer timer: 0.0137378 Atransfer time: 0.0209259
Element calculation test with N = 722236 Time: 0.00108524 Melement/s: 665 GFLOPS/s: 51.9097 GB/s: 133.102 Jtransfer timer: 0.0150449 Atransfer time: 0.0227018
Element calculation test with N = 794460 Time: 0.0012241 Melement/s: 649 GFLOPS/s: 50.6232 GB/s: 129.803 Jtransfer timer: 0.0165665 Atransfer time: 0.0255502
Element calculation test with N = 873907 Time: 0.00134284 Melement/s: 650 GFLOPS/s: 50.7617 GB/s: 130.158 Jtransfer timer: 0.0185503 Atransfer time: 0.0277505
Element calculation test with N = 961298 Time: 0.00147348 Melement/s: 652 GFLOPS/s: 50.8871 GB/s: 130.48 Jtransfer timer: 0.0199396 Atransfer time: 0.0306751
Element calculation test with N = 1057428 Time: 0.00162043 Melement/s: 652 GFLOPS/s: 50.8997 GB/s: 130.512 Jtransfer timer: 0.0219116 Atransfer time: 0.0337039
Element calculation test with N = 1163171 Time: 0.00178133 Melement/s: 652 GFLOPS/s: 50.9323 GB/s: 130.596 Jtransfer timer: 0.0240612 Atransfer time: 0.0373866
Element calculation test with N = 1279489 Time: 0.00195443 Melement/s: 654 GFLOPS/s: 51.0636 GB/s: 130.932 Jtransfer timer: 0.026611 Atransfer time: 0.0409836
Element calculation test with N = 1407438 Time: 0.00214749 Melement/s: 655 GFLOPS/s: 51.1203 GB/s: 131.078 Jtransfer timer: 0.0290867 Atransfer time: 0.0456965
Element calculation test with N = 1548182 Time: 0.00236268 Melement/s: 655 GFLOPS/s: 51.1107 GB/s: 131.053 Jtransfer timer: 0.0318687 Atransfer time: 0.0503264
Element calculation test with N = 1703001 Time: 0.00230251 Melement/s: 739 GFLOPS/s: 57.691 GB/s: 147.926 Jtransfer timer: 0.035077 Atransfer time: 0.0555586
Element calculation test with N = 1873302 Time: 0.00218662 Melement/s: 856 GFLOPS/s: 66.8236 GB/s: 171.343 Jtransfer timer: 0.0729227 Atransfer time: 0.0610148
Element calculation test with N = 2060633 Time: 0.0024031 Melement/s: 857 GFLOPS/s: 66.8842 GB/s: 171.498 Jtransfer timer: 0.0423563 Atransfer time: 0.0672026
Element calculation test with N = 2266697 Time: 0.00269485 Melement/s: 841 GFLOPS/s: 65.6075 GB/s: 168.224 Jtransfer timer: 0.0465455 Atransfer time: 0.0740374
Element calculation test with N = 2493367 Time: 0.00294813 Melement/s: 845 GFLOPS/s: 65.9682 GB/s: 169.149 Jtransfer timer: 0.051489 Atransfer time: 0.0811389
Element calculation test with N = 2742704 Time: 0.00285163 Melement/s: 961 GFLOPS/s: 75.0205 GB/s: 192.36 Jtransfer timer: 0.092825 Atransfer time: 0.0898026
Element calculation test with N = 3016975 Time: 0.00363273 Melement/s: 830 GFLOPS/s: 64.7789 GB/s: 166.1 Jtransfer timer: 0.0616862 Atransfer time: 0.0986195
Element calculation test with N = 3318673 Time: 0.00394809 Melement/s: 840 GFLOPS/s: 65.565 GB/s: 168.115 Jtransfer timer: 0.0680688 Atransfer time: 0.108819
Element calculation test with N = 3650541 Time: 0.00441461 Melement/s: 826 GFLOPS/s: 64.5 GB/s: 165.385 Jtransfer timer: 0.0751183 Atransfer time: 0.119257
Element calculation test with N = 4015596 Time: 0.00434366 Melement/s: 924 GFLOPS/s: 72.1089 GB/s: 184.895 Jtransfer timer: 0.0826354 Atransfer time: 0.131546
Element calculation test with N = 4417156 Time: 0.00480735 Melement/s: 918 GFLOPS/s: 71.669 GB/s: 183.767 Jtransfer timer: 0.0907249 Atransfer time: 0.144962
Element calculation test with N = 4858872 Time: 0.00517282 Melement/s: 939 GFLOPS/s: 73.266 GB/s: 187.862 Jtransfer timer: 0.147417 Atransfer time: 0.159536
Element calculation test with N = 5344760 Time: 0.0057276 Melement/s: 933 GFLOPS/s: 72.7863 GB/s: 186.632 Jtransfer timer: 0.109682 Atransfer time: 0.175834
Element calculation test with N = 5879237 Time: 0.00717442 Melement/s: 819 GFLOPS/s: 63.9188 GB/s: 163.894 Jtransfer timer: 0.120644 Atransfer time: 0.195058
Element calculation test with N = 6467161 Time: 0.00785882 Melement/s: 822 GFLOPS/s: 64.1875 GB/s: 164.583 Jtransfer timer: 0.13263 Atransfer time: 0.212802
Element calculation test with N = 7113878 Time: 0.00830379 Melement/s: 856 GFLOPS/s: 66.8228 GB/s: 171.341 Jtransfer timer: 0.145464 Atransfer time: 0.236742
Element calculation test with N = 7825266 Time: 0.0090706 Melement/s: 862 GFLOPS/s: 67.2911 GB/s: 172.541 Jtransfer timer: 0.160156 Atransfer time: 0.258111
Element calculation test with N = 8607793 Time: 0.0103184 Melement/s: 834 GFLOPS/s: 65.0691 GB/s: 166.844 Jtransfer timer: 0.175908 Atransfer time: 0.284509
Element calculation test with N = 9468573 Time: 0.011434 Melement/s: 828 GFLOPS/s: 64.5922 GB/s: 165.621 Jtransfer timer: 0.193717 Atransfer time: 0.312363
Element calculation test with N = 10415431 Time: 0.0124318 Melement/s: 837 GFLOPS/s: 65.3486 GB/s: 167.561 Jtransfer timer: 0.281465 Atransfer time: 0.343224
Element calculation test with N = 11456975 Time: 0.0154662 Melement/s: 740 GFLOPS/s: 57.7805 GB/s: 148.155 Jtransfer timer: 0.303026 Atransfer time: 0.378676
Element calculation test with N = 12602673 Time: 0.0163673 Melement/s: 769 GFLOPS/s: 60.0593 GB/s: 153.998 Jtransfer timer: 0.259486 Atransfer time: 0.416
Element calculation test with N = 13862941 Time: 0.0184485 Melement/s: 751 GFLOPS/s: 58.6122 GB/s: 150.288 Jtransfer timer: 0.284124 Atransfer time: 0.459168
Element calculation test with N = 15249236 Time: 0.0165384 Melement/s: 922 GFLOPS/s: 71.9199 GB/s: 184.41 Jtransfer timer: 0.313562 Atransfer time: 0.503649
Element calculation test with N = 16774160 Time: 0.0184505 Melement/s: 909 GFLOPS/s: 70.9133 GB/s: 181.829 Jtransfer timer: 0.411302 Atransfer time: 0.55437
Element calculation test with N = 18451577 Time: 0.0231425 Melement/s: 797 GFLOPS/s: 62.1896 GB/s: 159.461 Jtransfer timer: 0.445584 Atransfer time: 0.612562
Element calculation test with N = 20296735 Time: 0.0255571 Melement/s: 794 GFLOPS/s: 61.9454 GB/s: 158.834 Jtransfer timer: 0.415896 Atransfer time: 0.67016
Element calculation test with N = 22326409 Time: 0.0291525 Melement/s: 765 GFLOPS/s: 59.7362 GB/s: 153.17 Jtransfer timer: 0.524569 Atransfer time: 0.7394
Element calculation test with N = 24559050 Time: 0.030527 Melement/s: 804 GFLOPS/s: 62.7513 GB/s: 160.901 Jtransfer timer: 0.570458 Atransfer time: 0.809451
Element calculation test with N = 27014956 Time: 0.0304086 Melement/s: 888 GFLOPS/s: 69.295 GB/s: 177.68 Jtransfer timer: 0.552391 Atransfer time: 0.895096
Element calculation test with N = 29716452 Time: 0.0351083 Melement/s: 846 GFLOPS/s: 66.021 GB/s: 169.285 Jtransfer timer: 0.607347 Atransfer time: 0.982675
Element calculation test with N = 32688098 Time: 0.0401704 Melement/s: 813 GFLOPS/s: 63.4714 GB/s: 162.747 Jtransfer timer: 0.736742 Atransfer time: 1.07774
Element calculation test with N = 35956908 Time: 0.0395602 Melement/s: 908 GFLOPS/s: 70.8955 GB/s: 181.783 Jtransfer timer: 0.736123 Atransfer time: 1.19144
Element calculation test with N = 39552599 Time: 0.0494029 Melement/s: 800 GFLOPS/s: 62.4478 GB/s: 160.123 Jtransfer timer: 0.876897 Atransfer time: 1.30329
