Hello world
Kokkos::OpenMP::initialize WARNING: OMP_PROC_BIND environment variable not set
  In general, for best performance with OpenMP 4.0 or better set OMP_PROC_BIND=spread and OMP_PLACES=threads
  For best performance with OpenMP 3.1 set OMP_PROC_BIND=true
  For unit testing set OMP_PROC_BIND=false

MPI detected: For OpenMP binding to work as intended, MPI ranks must be bound to exclusive CPU sets.

Element calculation test with N = 0 Time: 0.00407099Melement/s: 0 GFLOPS/s: 0 GB/s: 0
Element calculation test with N = 1000 Time: 0.00455095Melement/s: 0 GFLOPS/s: 0 GB/s: 0
Element calculation test with N = 2000 Time: 0.00454885Melement/s: 0 GFLOPS/s: 0 GB/s: 0
Element calculation test with N = 3000 Time: 0.00453027Melement/s: 0 GFLOPS/s: 0 GB/s: 0
Element calculation test with N = 4000 Time: 0.00454961Melement/s: 0 GFLOPS/s: 0 GB/s: 0
Element calculation test with N = 5000 Time: 0.000142827Melement/s: 35 GFLOPS/s: 2 GB/s: 7
Element calculation test with N = 6000 Time: 3.9529e-05Melement/s: 151 GFLOPS/s: 9 GB/s: 30
Element calculation test with N = 7000 Time: 4.5788e-05Melement/s: 152 GFLOPS/s: 9 GB/s: 30
Element calculation test with N = 8000 Time: 4.9779e-05Melement/s: 160 GFLOPS/s: 10 GB/s: 32
Element calculation test with N = 9000 Time: 5.7055e-05Melement/s: 157 GFLOPS/s: 9 GB/s: 31
Element calculation test with N = 10000 Time: 6.2665e-05Melement/s: 159 GFLOPS/s: 10 GB/s: 31
Element calculation test with N = 11000 Time: 6.7491e-05Melement/s: 162 GFLOPS/s: 10 GB/s: 32
Element calculation test with N = 12000 Time: 7.4933e-05Melement/s: 160 GFLOPS/s: 10 GB/s: 32
Element calculation test with N = 13000 Time: 8.0558e-05Melement/s: 161 GFLOPS/s: 10 GB/s: 32
Element calculation test with N = 14000 Time: 9.2857e-05Melement/s: 150 GFLOPS/s: 9 GB/s: 30
Element calculation test with N = 15000 Time: 9.5577e-05Melement/s: 156 GFLOPS/s: 9 GB/s: 31
Element calculation test with N = 16000 Time: 9.838e-05Melement/s: 162 GFLOPS/s: 10 GB/s: 32
Element calculation test with N = 17000 Time: 0.000103139Melement/s: 164 GFLOPS/s: 10 GB/s: 32
Element calculation test with N = 18000 Time: 0.000203449Melement/s: 88 GFLOPS/s: 5 GB/s: 17
Element calculation test with N = 19000 Time: 0.00244923Melement/s: 7 GFLOPS/s: 0 GB/s: 1
Element calculation test with N = 20000 Time: 0.0045969Melement/s: 4 GFLOPS/s: 0 GB/s: 0
Element calculation test with N = 21000 Time: 0.00243153Melement/s: 8 GFLOPS/s: 0 GB/s: 1
Element calculation test with N = 22000 Time: 0.00242561Melement/s: 9 GFLOPS/s: 0 GB/s: 1
Element calculation test with N = 23000 Time: 0.000178742Melement/s: 128 GFLOPS/s: 8 GB/s: 25
Element calculation test with N = 24000 Time: 0.00018379Melement/s: 130 GFLOPS/s: 8 GB/s: 26
Element calculation test with N = 25000 Time: 0.000228702Melement/s: 109 GFLOPS/s: 6 GB/s: 21
Element calculation test with N = 26000 Time: 0.00024502Melement/s: 106 GFLOPS/s: 6 GB/s: 21
Element calculation test with N = 27000 Time: 0.000237034Melement/s: 113 GFLOPS/s: 7 GB/s: 22
Element calculation test with N = 28000 Time: 0.000223797Melement/s: 125 GFLOPS/s: 7 GB/s: 25
Element calculation test with N = 29000 Time: 0.000270905Melement/s: 107 GFLOPS/s: 6 GB/s: 21
Element calculation test with N = 30000 Time: 0.000269655Melement/s: 111 GFLOPS/s: 7 GB/s: 22
Element calculation test with N = 31000 Time: 0.000252147Melement/s: 122 GFLOPS/s: 7 GB/s: 24
Element calculation test with N = 32000 Time: 0.000253893Melement/s: 126 GFLOPS/s: 7 GB/s: 25
Element calculation test with N = 33000 Time: 0.000259894Melement/s: 126 GFLOPS/s: 7 GB/s: 25
Element calculation test with N = 34000 Time: 0.000259883Melement/s: 130 GFLOPS/s: 8 GB/s: 26
Element calculation test with N = 35000 Time: 0.000268929Melement/s: 130 GFLOPS/s: 8 GB/s: 26
Element calculation test with N = 36000 Time: 0.000272242Melement/s: 132 GFLOPS/s: 8 GB/s: 26
Element calculation test with N = 37000 Time: 0.000275402Melement/s: 134 GFLOPS/s: 8 GB/s: 26
Element calculation test with N = 38000 Time: 0.000296474Melement/s: 128 GFLOPS/s: 8 GB/s: 25
Element calculation test with N = 39000 Time: 0.000303979Melement/s: 128 GFLOPS/s: 8 GB/s: 25
Element calculation test with N = 40000 Time: 0.000290489Melement/s: 137 GFLOPS/s: 8 GB/s: 27
Element calculation test with N = 41000 Time: 0.000295855Melement/s: 138 GFLOPS/s: 8 GB/s: 27
Element calculation test with N = 42000 Time: 0.000301855Melement/s: 139 GFLOPS/s: 8 GB/s: 27
Element calculation test with N = 43000 Time: 0.000310041Melement/s: 138 GFLOPS/s: 8 GB/s: 27
Element calculation test with N = 44000 Time: 0.000311566Melement/s: 141 GFLOPS/s: 8 GB/s: 28
Element calculation test with N = 45000 Time: 0.000316825Melement/s: 142 GFLOPS/s: 8 GB/s: 28
Element calculation test with N = 46000 Time: 0.000318159Melement/s: 144 GFLOPS/s: 9 GB/s: 28
Element calculation test with N = 47000 Time: 0.000333134Melement/s: 141 GFLOPS/s: 8 GB/s: 28
Element calculation test with N = 48000 Time: 0.000331688Melement/s: 144 GFLOPS/s: 9 GB/s: 28
Element calculation test with N = 49000 Time: 0.000339677Melement/s: 144 GFLOPS/s: 9 GB/s: 28
Element calculation test with N = 50000 Time: 0.000338949Melement/s: 147 GFLOPS/s: 9 GB/s: 29
Element calculation test with N = 51000 Time: 0.000353192Melement/s: 144 GFLOPS/s: 9 GB/s: 28
Element calculation test with N = 52000 Time: 0.000351704Melement/s: 147 GFLOPS/s: 9 GB/s: 29
Element calculation test with N = 53000 Time: 0.000379834Melement/s: 139 GFLOPS/s: 8 GB/s: 27
Element calculation test with N = 54000 Time: 0.000365745Melement/s: 147 GFLOPS/s: 9 GB/s: 29
Element calculation test with N = 55000 Time: 0.000364072Melement/s: 151 GFLOPS/s: 9 GB/s: 30
Element calculation test with N = 56000 Time: 0.000379385Melement/s: 147 GFLOPS/s: 9 GB/s: 29
Element calculation test with N = 57000 Time: 0.000378012Melement/s: 150 GFLOPS/s: 9 GB/s: 30
Element calculation test with N = 58000 Time: 0.000386136Melement/s: 150 GFLOPS/s: 9 GB/s: 30
Element calculation test with N = 59000 Time: 0.00038924Melement/s: 151 GFLOPS/s: 9 GB/s: 30
Element calculation test with N = 60000 Time: 0.000384908Melement/s: 155 GFLOPS/s: 9 GB/s: 31
Element calculation test with N = 61000 Time: 0.000391492Melement/s: 155 GFLOPS/s: 9 GB/s: 31
Element calculation test with N = 62000 Time: 0.000397511Melement/s: 155 GFLOPS/s: 9 GB/s: 31
Element calculation test with N = 63000 Time: 0.000397538Melement/s: 158 GFLOPS/s: 9 GB/s: 31
Element calculation test with N = 64000 Time: 0.000406038Melement/s: 157 GFLOPS/s: 9 GB/s: 31
Element calculation test with N = 65000 Time: 0.000423914Melement/s: 153 GFLOPS/s: 9 GB/s: 30
Element calculation test with N = 66000 Time: 0.00042682Melement/s: 154 GFLOPS/s: 9 GB/s: 30
Element calculation test with N = 67000 Time: 0.000439836Melement/s: 152 GFLOPS/s: 9 GB/s: 30
Element calculation test with N = 68000 Time: 0.000425222Melement/s: 159 GFLOPS/s: 10 GB/s: 31
Element calculation test with N = 69000 Time: 0.000428807Melement/s: 160 GFLOPS/s: 10 GB/s: 32
Element calculation test with N = 70000 Time: 0.000430085Melement/s: 162 GFLOPS/s: 10 GB/s: 32
Element calculation test with N = 71000 Time: 0.000443313Melement/s: 160 GFLOPS/s: 10 GB/s: 32
Element calculation test with N = 72000 Time: 0.000457489Melement/s: 157 GFLOPS/s: 9 GB/s: 31
Element calculation test with N = 73000 Time: 0.00047306Melement/s: 154 GFLOPS/s: 9 GB/s: 30
Element calculation test with N = 74000 Time: 0.000469698Melement/s: 157 GFLOPS/s: 9 GB/s: 31
Element calculation test with N = 75000 Time: 0.000466718Melement/s: 160 GFLOPS/s: 10 GB/s: 32
Element calculation test with N = 76000 Time: 0.00220878Melement/s: 34 GFLOPS/s: 2 GB/s: 6
Element calculation test with N = 77000 Time: 0.00222973Melement/s: 34 GFLOPS/s: 2 GB/s: 6
Element calculation test with N = 78000 Time: 0.00221308Melement/s: 35 GFLOPS/s: 2 GB/s: 7
Element calculation test with N = 79000 Time: 0.00221402Melement/s: 35 GFLOPS/s: 2 GB/s: 7
Element calculation test with N = 80000 Time: 0.000514341Melement/s: 155 GFLOPS/s: 9 GB/s: 31
Element calculation test with N = 81000 Time: 0.000501069Melement/s: 161 GFLOPS/s: 10 GB/s: 32
Element calculation test with N = 82000 Time: 0.000499837Melement/s: 164 GFLOPS/s: 10 GB/s: 32
Element calculation test with N = 83000 Time: 0.000513376Melement/s: 161 GFLOPS/s: 10 GB/s: 32
Element calculation test with N = 84000 Time: 0.000521618Melement/s: 161 GFLOPS/s: 10 GB/s: 32
Element calculation test with N = 85000 Time: 0.000518899Melement/s: 163 GFLOPS/s: 10 GB/s: 32
Element calculation test with N = 86000 Time: 0.000536706Melement/s: 160 GFLOPS/s: 10 GB/s: 32
Element calculation test with N = 87000 Time: 0.000549145Melement/s: 158 GFLOPS/s: 9 GB/s: 31
Element calculation test with N = 88000 Time: 0.00053931Melement/s: 163 GFLOPS/s: 10 GB/s: 32
Element calculation test with N = 89000 Time: 0.000557737Melement/s: 159 GFLOPS/s: 10 GB/s: 31
Element calculation test with N = 90000 Time: 0.00056654Melement/s: 158 GFLOPS/s: 10 GB/s: 31
Element calculation test with N = 91000 Time: 0.000569048Melement/s: 159 GFLOPS/s: 10 GB/s: 31
Element calculation test with N = 92000 Time: 0.000562127Melement/s: 163 GFLOPS/s: 10 GB/s: 32
Element calculation test with N = 93000 Time: 0.000576535Melement/s: 161 GFLOPS/s: 10 GB/s: 32
Element calculation test with N = 94000 Time: 0.00058254Melement/s: 161 GFLOPS/s: 10 GB/s: 32
Element calculation test with N = 95000 Time: 0.000593688Melement/s: 160 GFLOPS/s: 10 GB/s: 32
Element calculation test with N = 96000 Time: 0.00228514Melement/s: 42 GFLOPS/s: 2 GB/s: 8
Element calculation test with N = 97000 Time: 0.00231088Melement/s: 41 GFLOPS/s: 2 GB/s: 8
Element calculation test with N = 98000 Time: 0.00230999Melement/s: 42 GFLOPS/s: 2 GB/s: 8
Element calculation test with N = 99000 Time: 0.00229833Melement/s: 43 GFLOPS/s: 2 GB/s: 8
