Rec-size: 280
Row:	Col:	Val:
(0	0	-0.016529)
(0	10	0.008264)
(2	1	-0.016529)
(2	11	0.008264)
(4	2	-0.016529)
(4	12	0.008264)
(6	3	-0.016529)
(6	13	0.008264)
(8	4	-0.016529)
(8	14	0.008264)
(10	5	-0.016529)
(10	15	0.008264)
(12	6	-0.016529)
(12	16	0.008264)
(14	7	-0.016529)
(14	17	0.008264)
(16	8	-0.016529)
(16	18	0.008264)
(18	9	-0.016529)
(18	19	0.008264)
(20	0	0.008264)
(20	10	-0.016529)
(20	20	0.008264)
(23	1	0.008264)
(23	11	-0.016529)
(23	21	0.008264)
(26	2	0.008264)
(26	12	-0.016529)
(26	22	0.008264)
(29	3	0.008264)
(29	13	-0.016529)
(29	23	0.008264)
(32	4	0.008264)
(32	14	-0.016529)
(32	24	0.008264)
(35	5	0.008264)
(35	15	-0.016529)
(35	25	0.008264)
(38	6	0.008264)
(38	16	-0.016529)
(38	26	0.008264)
(41	7	0.008264)
(41	17	-0.016529)
(41	27	0.008264)
(44	8	0.008264)
(44	18	-0.016529)
(44	28	0.008264)
(47	9	0.008264)
(47	19	-0.016529)
(47	29	0.008264)
(50	10	0.008264)
(50	20	-0.016529)
(50	30	0.008264)
(53	11	0.008264)
(53	21	-0.016529)
(53	31	0.008264)
(56	12	0.008264)
(56	22	-0.016529)
(56	32	0.008264)
(59	13	0.008264)
(59	23	-0.016529)
(59	33	0.008264)
(62	14	0.008264)
(62	24	-0.016529)
(62	34	0.008264)
(65	15	0.008264)
(65	25	-0.016529)
(65	35	0.008264)
(68	16	0.008264)
(68	26	-0.016529)
(68	36	0.008264)
(71	17	0.008264)
(71	27	-0.016529)
(71	37	0.008264)
(74	18	0.008264)
(74	28	-0.016529)
(74	38	0.008264)
(77	19	0.008264)
(77	29	-0.016529)
(77	39	0.008264)
(80	20	0.008264)
(80	30	-0.016529)
(80	40	0.008264)
(83	21	0.008264)
(83	31	-0.016529)
(83	41	0.008264)
(86	22	0.008264)
(86	32	-0.016529)
(86	42	0.008264)
(89	23	0.008264)
(89	33	-0.016529)
(89	43	0.008264)
(92	24	0.008264)
(92	34	-0.016529)
(92	44	0.008264)
(95	25	0.008264)
(95	35	-0.016529)
(95	45	0.008264)
(98	26	0.008264)
(98	36	-0.016529)
(98	46	0.008264)
(101	27	0.008264)
(101	37	-0.016529)
(101	47	0.008264)
(104	28	0.008264)
(104	38	-0.016529)
(104	48	0.008264)
(107	29	0.008264)
(107	39	-0.016529)
(107	49	0.008264)
(110	30	0.008264)
(110	40	-0.016529)
(110	50	0.008264)
(113	31	0.008264)
(113	41	-0.016529)
(113	51	0.008264)
(116	32	0.008264)
(116	42	-0.016529)
(116	52	0.008264)
(119	33	0.008264)
(119	43	-0.016529)
(119	53	0.008264)
(122	34	0.008264)
(122	44	-0.016529)
(122	54	0.008264)
(125	35	0.008264)
(125	45	-0.016529)
(125	55	0.008264)
(128	36	0.008264)
(128	46	-0.016529)
(128	56	0.008264)
(131	37	0.008264)
(131	47	-0.016529)
(131	57	0.008264)
(134	38	0.008264)
(134	48	-0.016529)
(134	58	0.008264)
(137	39	0.008264)
(137	49	-0.016529)
(137	59	0.008264)
(140	40	0.008264)
(140	50	-0.016529)
(140	60	0.008264)
(143	41	0.008264)
(143	51	-0.016529)
(143	61	0.008264)
(146	42	0.008264)
(146	52	-0.016529)
(146	62	0.008264)
(149	43	0.008264)
(149	53	-0.016529)
(149	63	0.008264)
(152	44	0.008264)
(152	54	-0.016529)
(152	64	0.008264)
(155	45	0.008264)
(155	55	-0.016529)
(155	65	0.008264)
(158	46	0.008264)
(158	56	-0.016529)
(158	66	0.008264)
(161	47	0.008264)
(161	57	-0.016529)
(161	67	0.008264)
(164	48	0.008264)
(164	58	-0.016529)
(164	68	0.008264)
(167	49	0.008264)
(167	59	-0.016529)
(167	69	0.008264)
(170	50	0.008264)
(170	60	-0.016529)
(170	70	0.008264)
(173	51	0.008264)
(173	61	-0.016529)
(173	71	0.008264)
(176	52	0.008264)
(176	62	-0.016529)
(176	72	0.008264)
(179	53	0.008264)
(179	63	-0.016529)
(179	73	0.008264)
(182	54	0.008264)
(182	64	-0.016529)
(182	74	0.008264)
(185	55	0.008264)
(185	65	-0.016529)
(185	75	0.008264)
(188	56	0.008264)
(188	66	-0.016529)
(188	76	0.008264)
(191	57	0.008264)
(191	67	-0.016529)
(191	77	0.008264)
(194	58	0.008264)
(194	68	-0.016529)
(194	78	0.008264)
(197	59	0.008264)
(197	69	-0.016529)
(197	79	0.008264)
(200	60	0.008264)
(200	70	-0.016529)
(200	80	0.008264)
(203	61	0.008264)
(203	71	-0.016529)
(203	81	0.008264)
(206	62	0.008264)
(206	72	-0.016529)
(206	82	0.008264)
(209	63	0.008264)
(209	73	-0.016529)
(209	83	0.008264)
(212	64	0.008264)
(212	74	-0.016529)
(212	84	0.008264)
(215	65	0.008264)
(215	75	-0.016529)
(215	85	0.008264)
(218	66	0.008264)
(218	76	-0.016529)
(218	86	0.008264)
(221	67	0.008264)
(221	77	-0.016529)
(221	87	0.008264)
(224	68	0.008264)
(224	78	-0.016529)
(224	88	0.008264)
(227	69	0.008264)
(227	79	-0.016529)
(227	89	0.008264)
(230	70	0.008264)
(230	80	-0.016529)
(230	90	0.008264)
(233	71	0.008264)
(233	81	-0.016529)
(233	91	0.008264)
(236	72	0.008264)
(236	82	-0.016529)
(236	92	0.008264)
(239	73	0.008264)
(239	83	-0.016529)
(239	93	0.008264)
(242	74	0.008264)
(242	84	-0.016529)
(242	94	0.008264)
(245	75	0.008264)
(245	85	-0.016529)
(245	95	0.008264)
(248	76	0.008264)
(248	86	-0.016529)
(248	96	0.008264)
(251	77	0.008264)
(251	87	-0.016529)
(251	97	0.008264)
(254	78	0.008264)
(254	88	-0.016529)
(254	98	0.008264)
(257	79	0.008264)
(257	89	-0.016529)
(257	99	0.008264)
(260	80	0.008264)
(260	90	-0.016529)
(262	81	0.008264)
(262	91	-0.016529)
(264	82	0.008264)
(264	92	-0.016529)
(266	83	0.008264)
(266	93	-0.016529)
(268	84	0.008264)
(268	94	-0.016529)
(270	85	0.008264)
(270	95	-0.016529)
(272	86	0.008264)
(272	96	-0.016529)
(274	87	0.008264)
(274	97	-0.016529)
(276	88	0.008264)
(276	98	-0.016529)
(278	89	0.008264)
(278	99	-0.016529)
0
(-40704072	0.000000)
(10963	0.000000)
(-40704072	0.000000)
(10963	0.000000)
(0	0.000000)
(0	0.000000)
(417	0.000000)
(0	0.000000)
(-40704072	0.000000)
(10963	0.000000)
(-40704072	0.000000)
(10963	0.000000)
(0	0.000000)
(0	0.000000)
(0	0.000000)
(0	0.000000)
(1634754399	0.000000)
(1601003890	0.000000)
(171662645	0.000000)
(1882088556	0.000000)
(1835102817	0.000000)
(875984174	0.000000)
(1685202208	0.000000)
(1528835128	0.000000)
(858872415	0.000000)
(1951617603	0.000000)
(1279607663	0.000000)
(1230193484	0.000000)
(1785358919	0.000000)
(1766876240	0.000000)
(1398747219	0.000000)
(1597002591	0.000000)
(1398747219	0.000000)
(1885298480	0.000000)
(1835102817	0.000000)
(995964511	0.000000)
(778333194	0.000000)
(1634886000	0.000000)
(913649261	0.000000)
(1915035700	0.000000)
(539769188	0.000000)
(828006235	0.000000)
(1397900083	0.000000)
(1162047348	0.000000)
(1396919372	0.000000)
(1785349961	0.000000)
(1348751466	0.000000)
(1597002601	0.000000)
(810770259	0.000000)
(1597002591	0.000000)
(1600073811	0.000000)
(1634886000	0.000000)
(1563909997	0.000000)
(1684802107	0.000000)
(1918988334	0.000000)
(1965976929	0.000000)
(622867510	0.000000)
(808543346	0.000000)
(1599807532	0.000000)
(1127428442	0.000000)
(1869894482	0.000000)
(1280066883	0.000000)
(1195987779	0.000000)
(1349151338	0.000000)
(1399410788	0.000000)
(1599299376	0.000000)
(1398747219	0.000000)
(810770224	0.000000)
(1634754399	0.000000)
(1601003890	0.000000)
(171662648	0.000000)
(1882088556	0.000000)
(1835102817	0.000000)
(875984174	0.000000)
(1685202208	0.000000)
(539767089	0.000000)
(828006235	0.000000)
(1397900083	0.000000)
(1162047348	0.000000)
(1396919372	0.000000)
(1785349961	0.000000)
(1348751466	0.000000)
(1597002601	0.000000)
(810770259	0.000000)
(1597002591	0.000000)
(1600073811	0.000000)
86
(1634886000	0.000000)
(1564041069	0.000000)
(1986202171	0.000000)
(1949196660	0.000000)
(1818701423	0.000000)
(1818321519	0.000000)
(875984174	0.000000)
(1685202208	0.000000)
(539767345	0.000000)
(828666405	0.000000)
(1829387056	0.000000)
(1965979247	0.000000)
(622866995	0.000000)
(741880946	0.000000)
(171651104	0.000000)
(1731097715	0.000000)
(1633841004	0.000000)
(863317612	0.000000)
(626729010	0.000000)
(842097778	0.000000)
(622865501	0.000000)
(993539186	0.000000)
(1952805642	0.000000)
(1902456432	0.000000)
(2609	0.000000)
(0	0.000000)
(-40704072	0.000000)
(10963	0.000000)
(-40704072	0.000000)
(10963	0.000000)
(0	0.000000)
(0	0.000000)
(0	0.000000)
(0	0.000000)
(1869885025	0.000000)
(1869375278	0.000000)
(778854754	0.000000)
(540292725	0.000000)
(845443621	0.000000)
(622865457	0.000000)
(825320562	0.000000)
(1986202171	0.000000)
(1949196660	0.000000)
(1818701423	0.000000)
(1818321519	0.000000)
(875984174	0.000000)
(1685202208	0.000000)
(539768370	0.000000)
(895775269	0.000000)
(1986202171	0.000000)
(1949196660	0.000000)
(1818701423	0.000000)
(1818321519	0.000000)
(875984174	0.000000)
(1685202208	0.000000)
(539767347	0.000000)
(912552485	0.000000)
(1869417019	0.000000)
(863317622	0.000000)
(1915035698	0.000000)
(539769140	0.000000)
(942961189	0.000000)
(1919027771	0.000000)
(1853173345	0.000000)
(1111629929	0.000000)
(993156917	0.000000)
(1111624202	0.000000)
(825319221	0.000000)
(1684802106	0.000000)
(1869375278	0.000000)
(778854754	0.000000)
(540160885	0.000000)
(942961189	0.000000)
(626729004	0.000000)
(808608882	0.000000)
(995963947	0.000000)
(1684300042	0.000000)
(842232622	0.000000)
(879895840	0.000000)
(622865465	0.000000)
(741946482	0.000000)
(171651360	0.000000)
(893534730	0.000000)
(171586143	0.000000)
(778859885	0.000000)
(1932423020	0.000000)
(622866995	0.000000)
(741422450	0.000000)
(879895840	0.000000)
(622865465	0.000000)
(993014642	0.000000)
(1684300042	0.000000)
(842232622	0.000000)
(863118624	0.000000)
(622865460	0.000000)
(741422450	0.000000)
182
(863118624	0.000000)
(1661614896	0.000000)
(778138742	0.000000)
(1731096436	0.000000)
(1633841004	0.000000)
(913649260	0.000000)
(1915035700	0.000000)
(741552484	0.000000)
(1685202208	0.000000)
(1829387063	0.000000)
(1999531125	0.000000)
(778396777	0.000000)
(540160885	0.000000)
(828666405	0.000000)
(622865460	0.000000)
(741618546	0.000000)
(171652128	0.000000)
(778331233	0.000000)
(540292723	0.000000)
(828666405	0.000000)
(622865461	0.000000)
(858874994	0.000000)
(1915035692	0.000000)
(993276260	0.000000)
(1819634954	0.000000)
(1684633390	0.000000)
(863317605	0.000000)
(1915035698	0.000000)
(741749092	0.000000)
(896673056	0.000000)
(874523697	0.000000)
(1684081211	0.000000)
(913518180	0.000000)
(1915035700	0.000000)
(741814628	0.000000)
(1685202208	0.000000)
(539767601	0.000000)
(828666405	0.000000)
(1812609846	0.000000)
(1818701412	0.000000)
(1818321519	0.000000)
(842233134	0.000000)
(863118624	0.000000)
(1528835125	0.000000)
(828666405	0.000000)
(171662647	0.000000)
(1731093612	0.000000)
(1633841004	0.000000)
(863317612	0.000000)
(1915035698	0.000000)
(539768371	0.000000)
(1685202267	0.000000)
(995964209	0.000000)
(1651864330	0.000000)
(842232622	0.000000)
(863118624	0.000000)
(622865463	0.000000)
(741749618	0.000000)
(863118624	0.000000)
(1628060469	0.000000)
(1932420196	0.000000)
(622866995	0.000000)
(741880690	0.000000)
(863118624	0.000000)
(622865463	0.000000)
(993539186	0.000000)
(1819634954	0.000000)
(1684633390	0.000000)
(863186533	0.000000)
(1915035698	0.000000)
(741945700	0.000000)
(879895840	0.000000)
(874523705	0.000000)
(1684081211	0.000000)
(913518180	0.000000)
(1915035700	0.000000)
(741356132	0.000000)
(1685202208	0.000000)
(539767345	0.000000)
(828666405	0.000000)
(1930050361	0.000000)
(1818701428	0.000000)
(1818321519	0.000000)
(842233134	0.000000)
(1915050784	0.000000)
(724578916	0.000000)
(539778356	0.000000)
(942895653	0.000000)
(1768163899	0.000000)
(863317622	0.000000)
272
