58
Laplace size: 46368
20	46368	0.00389164	1.18e-07	0.0023191	0.295121	0.0275389
64
Laplace size: 61909
22	61909	0.00483085	9.1e-08	0.00218464	0.418045	0.026099
70
Laplace size: 80582
24	80582	0.00589418	7.3e-08	0.00215282	0.551912	0.0300755
76
Laplace size: 102685
26	102685	0.00759421	5.7e-08	0.00228232	0.663114	0.032827
82
Laplace size: 128512
28	128512	0.00920579	6.2e-08	0.00244385	0.774752	0.0397031
88
Laplace size: 158347
30	158347	0.0116139	7.5e-08	0.00267517	0.871783	0.0437525
97
Laplace size: 211203
33	211203	0.0149337	7.7e-08	0.00294984	1.0541	0.0520237
106
Laplace size: 274709
36	274709	0.0170058	1.02e-07	0.00319773	1.26433	0.0557306
115
Laplace size: 349794
39	349794	0.0152831	1.05e-07	0.00339775	1.51472	0.0673991
124
Laplace size: 437465
42	437465	0.0187623	9.6e-08	0.00369424	1.7419	0.0785769
136
Laplace size: 575551
46	575551	0.0245567	9.2e-08	0.00315683	2.68116	0.0996698
148
Laplace size: 739991
50	739991	0.0306662	1e-07	0.00339192	3.20759	0.126301
163
Laplace size: 986149
55	986149	0.0407097	8.1e-08	0.00364421	3.97776	0.168519
178
Laplace size: 1281599
60	1281599	0.053599	7.2e-08	0.00460579	4.08946	0.231364
196
Laplace size: 1707551
66	1707551	0.0733667	1.33e-07	0.00655083	3.83014	0.341291
214
Laplace size: 2218751
72	2218751	0.0947747	1.32e-07	0.00566928	5.74976	0.47124
235
Laplace size: 2933269
79	2933269	0.12907	1e-07	0.00620837	6.94028	0.666479
256
Laplace size: 3786667
86	3786667	0.168229	1.07e-07	0.00679847	8.1808	0.917356
280
Laplace size: 4948139
94	4948139	0.226443	9.1e-08	0.00738097	9.84518	1.28848
307
Laplace size: 6513958
103	6513958	0.294066	8.9e-08	0.0081019	11.806	1.83023
337
Laplace size: 8606305
113	8606305	0.392745	9.7e-08	0.00894896	14.1203	2.62531
370
Laplace size: 11378223
124	11378223	0.519522	9.7e-08	0.00988635	16.8965	3.78544
