298
100
96
97
98
99
64
65
66
67
68
69
70
71
72
73
74
75
76
77
78
79
80
81
82
83
84
85
86
87
88
89
90
91
92
93
94
95
0
1
2
3
4
5
6
7
8
9
10
11
12
13
14
15
16
17
18
19
20
21
22
23
24
25
26
27
28
29
30
31
32
33
34
35
36
37
38
39
40
41
42
43
44
45
46
47
48
49
50
51
52
53
54
55
56
57
58
59
60
61
62
63
Rec-size: 298
Rec-size: 0
Row:	Col:	Val:
(0	0	0.999804)
(0	1	0.000098)
(2	0	0.000098)
(2	1	0.999804)
(2	2	0.000098)
(5	1	0.000098)
(5	2	0.999804)
(5	3	0.000098)
(8	2	0.000098)
(8	3	0.999804)
(8	4	0.000098)
(11	3	0.000098)
(11	4	0.999804)
(11	5	0.000098)
(14	4	0.000098)
(14	5	0.999804)
(14	6	0.000098)
(17	5	0.000098)
(17	6	0.999804)
(17	7	0.000098)
(20	6	0.000098)
(20	7	0.999804)
(20	8	0.000098)
(23	7	0.000098)
(23	8	0.999804)
(23	9	0.000098)
(26	8	0.000098)
(26	9	0.999804)
(26	10	0.000098)
(29	9	0.000098)
(29	10	0.999804)
(29	11	0.000098)
(32	10	0.000098)
(32	11	0.999804)
(32	12	0.000098)
(35	11	0.000098)
(35	12	0.999804)
(35	13	0.000098)
(38	12	0.000098)
(38	13	0.999804)
(38	14	0.000098)
(41	13	0.000098)
(41	14	0.999804)
(41	15	0.000098)
(44	14	0.000098)
(44	15	0.999804)
(44	16	0.000098)
(47	15	0.000098)
(47	16	0.999804)
(47	17	0.000098)
(50	16	0.000098)
(50	17	0.999804)
(50	18	0.000098)
(53	17	0.000098)
(53	18	0.999804)
(53	19	0.000098)
(56	18	0.000098)
(56	19	0.999804)
(56	20	0.000098)
(59	19	0.000098)
(59	20	0.999804)
(59	21	0.000098)
(62	20	0.000098)
(62	21	0.999804)
(62	22	0.000098)
(65	21	0.000098)
(65	22	0.999804)
(65	23	0.000098)
(68	22	0.000098)
(68	23	0.999804)
(68	24	0.000098)
(71	23	0.000098)
(71	24	0.999804)
(71	25	0.000098)
(74	24	0.000098)
(74	25	0.999804)
(74	26	0.000098)
(77	25	0.000098)
(77	26	0.999804)
(77	27	0.000098)
(80	26	0.000098)
(80	27	0.999804)
(80	28	0.000098)
(83	27	0.000098)
(83	28	0.999804)
(83	29	0.000098)
(86	28	0.000098)
(86	29	0.999804)
(86	30	0.000098)
(89	29	0.000098)
(89	30	0.999804)
(89	31	0.000098)
(92	30	0.000098)
(92	31	0.999804)
(92	32	0.000098)
(95	31	0.000098)
(95	32	0.999804)
(95	33	0.000098)
(98	32	0.000098)
(98	33	0.999804)
(98	34	0.000098)
(101	33	0.000098)
(101	34	0.999804)
(101	35	0.000098)
(104	34	0.000098)
(104	35	0.999804)
(104	36	0.000098)
(107	35	0.000098)
(107	36	0.999804)
(107	37	0.000098)
(110	36	0.000098)
(110	37	0.999804)
(110	38	0.000098)
(113	37	0.000098)
(113	38	0.999804)
(113	39	0.000098)
(116	38	0.000098)
(116	39	0.999804)
(116	40	0.000098)
(119	39	0.000098)
(119	40	0.999804)
(119	41	0.000098)
(122	40	0.000098)
(122	41	0.999804)
(122	42	0.000098)
(125	41	0.000098)
(125	42	0.999804)
(125	43	0.000098)
(128	42	0.000098)
(128	43	0.999804)
(128	44	0.000098)
(131	43	0.000098)
(131	44	0.999804)
(131	45	0.000098)
(134	44	0.000098)
(134	45	0.999804)
(134	46	0.000098)
(137	45	0.000098)
(137	46	0.999804)
(137	47	0.000098)
(140	46	0.000098)
(140	47	0.999804)
(140	48	0.000098)
(143	47	0.000098)
(143	48	0.999804)
(143	49	0.000098)
(146	48	0.000098)
(146	49	0.999804)
(146	50	0.000098)
(149	49	0.000098)
(149	50	0.999804)
(149	51	0.000098)
(152	50	0.000098)
(152	51	0.999804)
(152	52	0.000098)
(155	51	0.000098)
(155	52	0.999804)
(155	53	0.000098)
(158	52	0.000098)
(158	53	0.999804)
(158	54	0.000098)
(161	53	0.000098)
(161	54	0.999804)
(161	55	0.000098)
(164	54	0.000098)
(164	55	0.999804)
(164	56	0.000098)
(167	55	0.000098)
(167	56	0.999804)
(167	57	0.000098)
(170	56	0.000098)
(170	57	0.999804)
(170	58	0.000098)
(173	57	0.000098)
(173	58	0.999804)
(173	59	0.000098)
(176	58	0.000098)
(176	59	0.999804)
(176	60	0.000098)
(179	59	0.000098)
(179	60	0.999804)
(179	61	0.000098)
(182	60	0.000098)
(182	61	0.999804)
(182	62	0.000098)
(185	61	0.000098)
(185	62	0.999804)
(185	63	0.000098)
(188	62	0.000098)
(188	63	0.999804)
(188	64	0.000098)
(191	63	0.000098)
(191	64	0.999804)
(191	65	0.000098)
(194	64	0.000098)
(194	65	0.999804)
(194	66	0.000098)
(197	65	0.000098)
(197	66	0.999804)
(197	67	0.000098)
(200	66	0.000098)
(200	67	0.999804)
(200	68	0.000098)
(203	67	0.000098)
(203	68	0.999804)
(203	69	0.000098)
(206	68	0.000098)
(206	69	0.999804)
(206	70	0.000098)
(209	69	0.000098)
(209	70	0.999804)
(209	71	0.000098)
(212	70	0.000098)
(212	71	0.999804)
(212	72	0.000098)
(215	71	0.000098)
(215	72	0.999804)
(215	73	0.000098)
(218	72	0.000098)
(218	73	0.999804)
(218	74	0.000098)
(221	73	0.000098)
(221	74	0.999804)
(221	75	0.000098)
(224	74	0.000098)
(224	75	0.999804)
(224	76	0.000098)
(227	75	0.000098)
(227	76	0.999804)
(227	77	0.000098)
(230	76	0.000098)
(230	77	0.999804)
(230	78	0.000098)
(233	77	0.000098)
(233	78	0.999804)
(233	79	0.000098)
(236	78	0.000098)
(236	79	0.999804)
(236	80	0.000098)
(239	79	0.000098)
(239	80	0.999804)
(239	81	0.000098)
(242	80	0.000098)
(242	81	0.999804)
(242	82	0.000098)
(245	81	0.000098)
(245	82	0.999804)
(245	83	0.000098)
(248	82	0.000098)
(248	83	0.999804)
(248	84	0.000098)
(251	83	0.000098)
(251	84	0.999804)
(251	85	0.000098)
(254	84	0.000098)
(254	85	0.999804)
(254	86	0.000098)
(257	85	0.000098)
(257	86	0.999804)
(257	87	0.000098)
(260	86	0.000098)
(260	87	0.999804)
(260	88	0.000098)
(263	87	0.000098)
(263	88	0.999804)
(263	89	0.000098)
(266	88	0.000098)
(266	89	0.999804)
(266	90	0.000098)
(269	89	0.000098)
(269	90	0.999804)
(269	91	0.000098)
(272	90	0.000098)
(272	91	0.999804)
(272	92	0.000098)
(275	91	0.000098)
(275	92	0.999804)
(275	93	0.000098)
(278	92	0.000098)
(278	93	0.999804)
(278	94	0.000098)
(281	93	0.000098)
(281	94	0.999804)
(281	95	0.000098)
(284	94	0.000098)
(284	95	0.999804)
(284	96	0.000098)
(287	95	0.000098)
(287	96	0.999804)
(287	97	0.000098)
(290	96	0.000098)
(290	97	0.999804)
(290	98	0.000098)
(293	97	0.000098)
(293	98	0.999804)
(293	99	0.000098)
(296	98	0.000098)
(296	99	0.999804)
