Chunk: 0
	 Row: 0 (0)
	 Row: 1 (1)
	 Row: 2 (2)
	 Row: 3 (3)
	 Row: 4 (4)
	 Row: 5 (5)
	 Row: 6 (6)
	 Row: 7 (7)
	 Row: 8 (8)
	 Row: 9 (9)
	 Row: 10 (10)
	 Row: 11 (11)
	 Row: 12 (12)
	 Row: 13 (13)
	 Row: 14 (14)
	 Row: 15 (15)
	 Row: 16 (16)
	 Row: 17 (17)
	 Row: 18 (18)
	 Row: 19 (19)
	 Row: 20 (20)
	 Row: 21 (21)
	 Row: 22 (22)
	 Row: 23 (23)
	 Row: 24 (24)
	 Row: 25 (25)
	 Row: 26 (26)
	 Row: 27 (27)
	 Row: 28 (28)
	 Row: 29 (29)
	 Row: 30 (30)
	 Row: 31 (31)
Chunk: 32
	 Row: 0 (32)
	 Row: 1 (33)
	 Row: 2 (34)
	 Row: 3 (35)
	 Row: 4 (36)
	 Row: 5 (37)
	 Row: 6 (38)
	 Row: 7 (39)
	 Row: 8 (40)
	 Row: 9 (41)
	 Row: 10 (42)
	 Row: 11 (43)
	 Row: 12 (44)
	 Row: 13 (45)
	 Row: 14 (46)
	 Row: 15 (47)
	 Row: 16 (48)
	 Row: 17 (49)
	 Row: 18 (50)
	 Row: 19 (51)
	 Row: 20 (52)
	 Row: 21 (53)
	 Row: 22 (54)
	 Row: 23 (55)
	 Row: 24 (56)
	 Row: 25 (57)
	 Row: 26 (58)
	 Row: 27 (59)
	 Row: 28 (60)
	 Row: 29 (61)
	 Row: 30 (62)
	 Row: 31 (63)
Chunk: 64
	 Row: 0 (64)
	 Row: 1 (65)
	 Row: 2 (66)
	 Row: 3 (67)
	 Row: 4 (68)
	 Row: 5 (69)
	 Row: 6 (70)
	 Row: 7 (71)
	 Row: 8 (72)
	 Row: 9 (73)
	 Row: 10 (74)
	 Row: 11 (75)
	 Row: 12 (76)
	 Row: 13 (77)
	 Row: 14 (78)
	 Row: 15 (79)
	 Row: 16 (80)
	 Row: 17 (81)
	 Row: 18 (82)
	 Row: 19 (83)
	 Row: 20 (84)
	 Row: 21 (85)
	 Row: 22 (86)
	 Row: 23 (87)
	 Row: 24 (88)
	 Row: 25 (89)
	 Row: 26 (90)
	 Row: 27 (91)
	 Row: 28 (92)
	 Row: 29 (93)
	 Row: 30 (94)
	 Row: 31 (95)
Chunk: 96
	 Row: 0 (96)
	 Row: 1 (97)
	 Row: 2 (98)
	 Row: 3 (99)
Rec-size: 280
Row:	Col:	Val:
(0	0	-0.016529)
(0	10	0.008264)
(2	1	-0.016529)
(2	11	0.008264)
(4	2	-0.016529)
(4	12	0.008264)
(6	3	-0.016529)
(6	13	0.008264)
(8	4	-0.016529)
(8	14	0.008264)
(10	5	-0.016529)
(10	15	0.008264)
(12	6	-0.016529)
(12	16	0.008264)
(14	7	-0.016529)
(14	17	0.008264)
(16	8	-0.016529)
(16	18	0.008264)
(18	9	-0.016529)
(18	19	0.008264)
(20	0	0.008264)
(20	10	-0.016529)
(20	20	0.008264)
(23	1	0.008264)
(23	11	-0.016529)
(23	21	0.008264)
(26	2	0.008264)
(26	12	-0.016529)
(26	22	0.008264)
(29	3	0.008264)
(29	13	-0.016529)
(29	23	0.008264)
(32	4	0.008264)
(32	14	-0.016529)
(32	24	0.008264)
(35	5	0.008264)
(35	15	-0.016529)
(35	25	0.008264)
(38	6	0.008264)
(38	16	-0.016529)
(38	26	0.008264)
(41	7	0.008264)
(41	17	-0.016529)
(41	27	0.008264)
(44	8	0.008264)
(44	18	-0.016529)
(44	28	0.008264)
(47	9	0.008264)
(47	19	-0.016529)
(47	29	0.008264)
(50	10	0.008264)
(50	20	-0.016529)
(50	30	0.008264)
(53	11	0.008264)
(53	21	-0.016529)
(53	31	0.008264)
(56	12	0.008264)
(56	22	-0.016529)
(56	32	0.008264)
(59	13	0.008264)
(59	23	-0.016529)
(59	33	0.008264)
(62	14	0.008264)
(62	24	-0.016529)
(62	34	0.008264)
(65	15	0.008264)
(65	25	-0.016529)
(65	35	0.008264)
(68	16	0.008264)
(68	26	-0.016529)
(68	36	0.008264)
(71	17	0.008264)
(71	27	-0.016529)
(71	37	0.008264)
(74	18	0.008264)
(74	28	-0.016529)
(74	38	0.008264)
(77	19	0.008264)
(77	29	-0.016529)
(77	39	0.008264)
(80	20	0.008264)
(80	30	-0.016529)
(80	40	0.008264)
(83	21	0.008264)
(83	31	-0.016529)
(83	41	0.008264)
(86	22	0.008264)
(86	32	-0.016529)
(86	42	0.008264)
(89	23	0.008264)
(89	33	-0.016529)
(89	43	0.008264)
(92	24	0.008264)
(92	34	-0.016529)
(92	44	0.008264)
(95	25	0.008264)
(95	35	-0.016529)
(95	45	0.008264)
(98	26	0.008264)
(98	36	-0.016529)
(98	46	0.008264)
(101	27	0.008264)
(101	37	-0.016529)
(101	47	0.008264)
(104	28	0.008264)
(104	38	-0.016529)
(104	48	0.008264)
(107	29	0.008264)
(107	39	-0.016529)
(107	49	0.008264)
(110	30	0.008264)
(110	40	-0.016529)
(110	50	0.008264)
(113	31	0.008264)
(113	41	-0.016529)
(113	51	0.008264)
(116	32	0.008264)
(116	42	-0.016529)
(116	52	0.008264)
(119	33	0.008264)
(119	43	-0.016529)
(119	53	0.008264)
(122	34	0.008264)
(122	44	-0.016529)
(122	54	0.008264)
(125	35	0.008264)
(125	45	-0.016529)
(125	55	0.008264)
(128	36	0.008264)
(128	46	-0.016529)
(128	56	0.008264)
(131	37	0.008264)
(131	47	-0.016529)
(131	57	0.008264)
(134	38	0.008264)
(134	48	-0.016529)
(134	58	0.008264)
(137	39	0.008264)
(137	49	-0.016529)
(137	59	0.008264)
(140	40	0.008264)
(140	50	-0.016529)
(140	60	0.008264)
(143	41	0.008264)
(143	51	-0.016529)
(143	61	0.008264)
(146	42	0.008264)
(146	52	-0.016529)
(146	62	0.008264)
(149	43	0.008264)
(149	53	-0.016529)
(149	63	0.008264)
(152	44	0.008264)
(152	54	-0.016529)
(152	64	0.008264)
(155	45	0.008264)
(155	55	-0.016529)
(155	65	0.008264)
(158	46	0.008264)
(158	56	-0.016529)
(158	66	0.008264)
(161	47	0.008264)
(161	57	-0.016529)
(161	67	0.008264)
(164	48	0.008264)
(164	58	-0.016529)
(164	68	0.008264)
(167	49	0.008264)
(167	59	-0.016529)
(167	69	0.008264)
(170	50	0.008264)
(170	60	-0.016529)
(170	70	0.008264)
(173	51	0.008264)
(173	61	-0.016529)
(173	71	0.008264)
(176	52	0.008264)
(176	62	-0.016529)
(176	72	0.008264)
(179	53	0.008264)
(179	63	-0.016529)
(179	73	0.008264)
(182	54	0.008264)
(182	64	-0.016529)
(182	74	0.008264)
(185	55	0.008264)
(185	65	-0.016529)
(185	75	0.008264)
(188	56	0.008264)
(188	66	-0.016529)
(188	76	0.008264)
(191	57	0.008264)
(191	67	-0.016529)
(191	77	0.008264)
(194	58	0.008264)
(194	68	-0.016529)
(194	78	0.008264)
(197	59	0.008264)
(197	69	-0.016529)
(197	79	0.008264)
(200	60	0.008264)
(200	70	-0.016529)
(200	80	0.008264)
(203	61	0.008264)
(203	71	-0.016529)
(203	81	0.008264)
(206	62	0.008264)
(206	72	-0.016529)
(206	82	0.008264)
(209	63	0.008264)
(209	73	-0.016529)
(209	83	0.008264)
(212	64	0.008264)
(212	74	-0.016529)
(212	84	0.008264)
(215	65	0.008264)
(215	75	-0.016529)
(215	85	0.008264)
(218	66	0.008264)
(218	76	-0.016529)
(218	86	0.008264)
(221	67	0.008264)
(221	77	-0.016529)
(221	87	0.008264)
(224	68	0.008264)
(224	78	-0.016529)
(224	88	0.008264)
(227	69	0.008264)
(227	79	-0.016529)
(227	89	0.008264)
(230	70	0.008264)
(230	80	-0.016529)
(230	90	0.008264)
(233	71	0.008264)
(233	81	-0.016529)
(233	91	0.008264)
(236	72	0.008264)
(236	82	-0.016529)
(236	92	0.008264)
(239	73	0.008264)
(239	83	-0.016529)
(239	93	0.008264)
(242	74	0.008264)
(242	84	-0.016529)
(242	94	0.008264)
(245	75	0.008264)
(245	85	-0.016529)
(245	95	0.008264)
(248	76	0.008264)
(248	86	-0.016529)
(248	96	0.008264)
(251	77	0.008264)
(251	87	-0.016529)
(251	97	0.008264)
(254	78	0.008264)
(254	88	-0.016529)
(254	98	0.008264)
(257	79	0.008264)
(257	89	-0.016529)
(257	99	0.008264)
(260	80	0.008264)
(260	90	-0.016529)
(262	81	0.008264)
(262	91	-0.016529)
(264	82	0.008264)
(264	92	-0.016529)
(266	83	0.008264)
(266	93	-0.016529)
(268	84	0.008264)
(268	94	-0.016529)
(270	85	0.008264)
(270	95	-0.016529)
(272	86	0.008264)
(272	96	-0.016529)
(274	87	0.008264)
(274	97	-0.016529)
(276	88	0.008264)
(276	98	-0.016529)
(278	89	0.008264)
(278	99	-0.016529)
0, -1415247944
96, 11138
0, -1415247944
0, 11138
-1415247944	0.000000
11138	0.000000
-1415247944	0.000000
11138	0.000000
0	0.000000
0	0.000000
417	0.000000
0	0.000000
-1415247944	0.000000
11138	0.000000
-1415247944	0.000000
11138	0.000000
0	0.000000
0	0.000000
0	0.000000
0	0.000000
0	0.000000
0	0.000000
0	0.000000
0	0.000000
0	0.000000
0	0.000000
0	0.000000
0	0.000000
0	0.000000
0	0.000000
0	0.000000
0	0.000000
0	0.000000
0	0.000000
0	0.000000
0	0.000000
0	0.000000
0	0.000000
0	0.000000
0	0.000000
0	0.000000
0	0.000000
0	0.000000
0	0.000000
0	0.000000
0	0.000000
0	0.000000
0	0.000000
0	0.000000
0	0.000000
0	0.000000
0	0.000000
0	0.000000
0	0.000000
0	0.000000
0	0.000000
0	0.000000
0	0.000000
0	0.000000
0	0.000000
0	0.000000
0	0.000000
0	0.000000
0	0.000000
0	0.000000
0	0.000000
0	0.000000
0	0.000000
0	0.000000
0	0.000000
0	0.000000
0	0.000000
0	0.000000
0	0.000000
0	0.000000
0	0.000000
0	0.000000
0	0.000000
0	0.000000
0	0.000000
0	0.000000
0	0.000000
0	0.000000
0	0.000000
0	0.000000
0	0.000000
0	0.000000
0	0.000000
0	0.000000
0	0.000000
0	0.000000
0	0.000000
0	0.000000
0	0.000000
0	0.000000
0	0.000000
0	0.000000
0	0.000000
0	0.000000
0	0.000000
0	0.000000
0	0.000000
0	0.000000
0	0.000000
