Laplace size: 46368
20,46368,0.00391545,1.37e-07,0.0025715,0.266154,0.0283947
Laplace size: 61909
22,61909,0.00493581,6.3e-08,0.00267708,0.341147,0.0265983
Laplace size: 80582
24,80582,0.00603158,7.2e-08,0.00222565,0.533853,0.0294718
Laplace size: 102684
26,102684,0.00778187,6.2e-08,0.00227503,0.665233,0.0317532
Laplace size: 128505
28,128505,0.00943373,7.8e-08,0.00249136,0.759942,0.0387945
Laplace size: 158338
30,158338,0.0119204,4.9e-08,0.00270282,0.862824,0.0445635
Laplace size: 211214
33,211214,0.0153471,5.1e-08,0.00290491,1.07045,0.0468616
Laplace size: 274710
36,274710,0.0120526,1.02e-07,0.00319613,1.26497,0.054055
Laplace size: 349806
39,349806,0.0153716,8.4e-08,0.00344405,1.4944,0.0658123
Laplace size: 437465
42,437465,0.0189109,1.2e-07,0.00366246,1.75701,0.0765797
Laplace size: 575503
46,575503,0.0245224,9.1e-08,0.00319129,2.65203,0.0982376
Laplace size: 739999
50,739999,0.0306223,7.1e-08,0.00337919,3.2197,0.124491
Laplace size: 986149
55,986149,0.0406829,8.4e-08,0.00370645,3.91097,0.166961
Laplace size: 1281599
60,1281599,0.0535045,8.3e-08,0.00405263,4.64765,0.231117
Laplace size: 1707551
66,1707551,0.0730394,9.2e-08,0.00447929,5.60145,0.326423
Laplace size: 2218751
72,2218751,0.0965088,8e-08,0.00488111,6.6782,0.464709
Laplace size: 2933269
79,2933269,0.128859,8.6e-08,0.00537914,8.01017,0.660248
Laplace size: 3786751
86,3786751,0.169335,8.3e-08,0.00588722,9.44723,0.911555
Laplace size: 4948139
94,4948139,0.225577,8.2e-08,0.0064642,11.2415,1.28101
Laplace size: 6513925
103,6513925,0.294866,6.9e-08,0.00739395,12.9364,1.82365
Laplace size: 8606305
113,8606305,0.391592,9.7e-08,0.00783492,16.1281,2.62537
Laplace size: 11378239
124,11378239,0.522545,7.4e-08,0.0088594,18.8551,3.77846
