58
Laplace size: 46369
Starting loop
N:	Laplacian	CRStoCELLCS	UnitVec	MatVec	Dot	LinOp	SquareSum	LanczosTOT
20	0.00459918	8e-08	0.0262726
64
Laplace size: 61908
Starting loop
N:	Laplacian	CRStoCELLCS	UnitVec	MatVec	Dot	LinOp	SquareSum	LanczosTOT
22	0.00590877	7.3e-08	0.028024
70
Laplace size: 80573
Starting loop
N:	Laplacian	CRStoCELLCS	UnitVec	MatVec	Dot	LinOp	SquareSum	LanczosTOT
24	0.00726854	5.9e-08	0.0317437
76
Laplace size: 102663
Starting loop
N:	Laplacian	CRStoCELLCS	UnitVec	MatVec	Dot	LinOp	SquareSum	LanczosTOT
26	0.00937881	7.1e-08	0.0369849
82
Laplace size: 128506
Starting loop
N:	Laplacian	CRStoCELLCS	UnitVec	MatVec	Dot	LinOp	SquareSum	LanczosTOT
28	0.0113486	7.6e-08	0.0442519
88
Laplace size: 158329
Starting loop
N:	Laplacian	CRStoCELLCS	UnitVec	MatVec	Dot	LinOp	SquareSum	LanczosTOT
30	0.00954973	6.2e-08	0.0418084
97
Laplace size: 211210
Starting loop
N:	Laplacian	CRStoCELLCS	UnitVec	MatVec	Dot	LinOp	SquareSum	LanczosTOT
33	0.0122685	7.6e-08	0.0464195
106
Laplace size: 274708
Starting loop
N:	Laplacian	CRStoCELLCS	UnitVec	MatVec	Dot	LinOp	SquareSum	LanczosTOT
36	0.015441	1.09e-07	0.0571025
115
Laplace size: 349806
Starting loop
N:	Laplacian	CRStoCELLCS	UnitVec	MatVec	Dot	LinOp	SquareSum	LanczosTOT
39	0.0166267	9.5e-08	0.06724
124
Laplace size: 437471
Starting loop
N:	Laplacian	CRStoCELLCS	UnitVec	MatVec	Dot	LinOp	SquareSum	LanczosTOT
42	0.0188171	1e-07	0.0760256
136
Laplace size: 575551
Starting loop
N:	Laplacian	CRStoCELLCS	UnitVec	MatVec	Dot	LinOp	SquareSum	LanczosTOT
46	0.0241296	7.5e-08	0.0995318
148
Laplace size: 739999
Starting loop
N:	Laplacian	CRStoCELLCS	UnitVec	MatVec	Dot	LinOp	SquareSum	LanczosTOT
50	0.0306616	8.1e-08	0.1269
163
Laplace size: 986149
Starting loop
N:	Laplacian	CRStoCELLCS	UnitVec	MatVec	Dot	LinOp	SquareSum	LanczosTOT
55	0.0407028	7.8e-08	0.169787
178
Laplace size: 1281599
Starting loop
N:	Laplacian	CRStoCELLCS	UnitVec	MatVec	Dot	LinOp	SquareSum	LanczosTOT
60	0.0535871	8.4e-08	0.233659
196
Laplace size: 1707547
Starting loop
N:	Laplacian	CRStoCELLCS	UnitVec	MatVec	Dot	LinOp	SquareSum	LanczosTOT
66	0.0734885	7.9e-08	0.331242
214
Laplace size: 2218751
Starting loop
N:	Laplacian	CRStoCELLCS	UnitVec	MatVec	Dot	LinOp	SquareSum	LanczosTOT
72	0.0966486	7.5e-08	0.469873
235
Laplace size: 2933269
Starting loop
N:	Laplacian	CRStoCELLCS	UnitVec	MatVec	Dot	LinOp	SquareSum	LanczosTOT
79	0.128822	7.8e-08	0.665829
256
Laplace size: 3786731
Starting loop
N:	Laplacian	CRStoCELLCS	UnitVec	MatVec	Dot	LinOp	SquareSum	LanczosTOT
86	0.168832	8.1e-08	0.918288
280
Laplace size: 4948159
Starting loop
N:	Laplacian	CRStoCELLCS	UnitVec	MatVec	Dot	LinOp	SquareSum	LanczosTOT
94	0.224598	9.2e-08	1.29167
307
Laplace size: 6513925
Starting loop
N:	Laplacian	CRStoCELLCS	UnitVec	MatVec	Dot	LinOp	SquareSum	LanczosTOT
103	0.292461	8.1e-08	1.8366
337
Laplace size: 8606305
Starting loop
N:	Laplacian	CRStoCELLCS	UnitVec	MatVec	Dot	LinOp	SquareSum	LanczosTOT
113	0.392152	8.1e-08	2.63809
370
Laplace size: 11378239
Starting loop
N:	Laplacian	CRStoCELLCS	UnitVec	MatVec	Dot	LinOp	SquareSum	LanczosTOT
124	0.5189	7.9e-08	3.80407
406
Laplace size: 0
Starting loop
N:	Laplacian	CRStoCELLCS	UnitVec	MatVec	Dot	LinOp	SquareSum	LanczosTOT
136	0.0113833	6.5e-08	0.078027
445
Laplace size: 0
Starting loop
N:	Laplacian	CRStoCELLCS	UnitVec	MatVec	Dot	LinOp	SquareSum	LanczosTOT
149	0.0120466	1.42e-07	0.0657098
487
Laplace size: 0
Starting loop
N:	Laplacian	CRStoCELLCS	UnitVec	MatVec	Dot	LinOp	SquareSum	LanczosTOT
163	0.0132289	1.11e-07	0.0714579
535
Laplace size: 0
Starting loop
N:	Laplacian	CRStoCELLCS	UnitVec	MatVec	Dot	LinOp	SquareSum	LanczosTOT
179	0.0160373	1.04e-07	0.0779597
586
Laplace size: 0
Starting loop
N:	Laplacian	CRStoCELLCS	UnitVec	MatVec	Dot	LinOp	SquareSum	LanczosTOT
196	0.0165926	1.06e-07	0.0855933
643
Laplace size: 0
Starting loop
N:	Laplacian	CRStoCELLCS	UnitVec	MatVec	Dot	LinOp	SquareSum	LanczosTOT
215	0.0199243	1e-07	0.0894533
706
Laplace size: 0
Starting loop
N:	Laplacian	CRStoCELLCS	UnitVec	MatVec	Dot	LinOp	SquareSum	LanczosTOT
236	0.0219671	7.1e-08	0.0860715
775
Laplace size: 0
Starting loop
N:	Laplacian	CRStoCELLCS	UnitVec	MatVec	Dot	LinOp	SquareSum	LanczosTOT
259	0.0264274	7.9e-08	0.0949555
850
Laplace size: 0
Starting loop
N:	Laplacian	CRStoCELLCS	UnitVec	MatVec	Dot	LinOp	SquareSum	LanczosTOT
284	0.0273118	7.5e-08	0.103717
934
Laplace size: 0
Starting loop
N:	Laplacian	CRStoCELLCS	UnitVec	MatVec	Dot	LinOp	SquareSum	LanczosTOT
312	0.0305594	6.6e-08	0.114473
1027
Laplace size: 0
Starting loop
N:	Laplacian	CRStoCELLCS	UnitVec	MatVec	Dot	LinOp	SquareSum	LanczosTOT
343	0.0426149	7.2e-08	0.125366
1129
Laplace size: 0
Starting loop
N:	Laplacian	CRStoCELLCS	UnitVec	MatVec	Dot	LinOp	SquareSum	LanczosTOT
377	0.0534445	1.4e-07	0.166848
