104643992942184620542539182350712810704773831003904974592938290062571309983824727472273818318117010161032042567883286337379507903267317540261859771947483573061170422550184691866249063099147585652727093976844563722807607565965355625528166700034498386415373516800.000000
7695395.070513
-35190389429568880.000000
0.000000
190371987373643696254816947194586933054206097303260511931949240556699175596307105317739628412472484407793398863640679972454878769540883180664203315322885856847650078812441177429362343936.000000
0.000000
-10288978472462103986831360.000000
1125316451464649396729284696732807987200.000000
-18031609128731302605995909764684533330359175188820210016207328487023404169084387882145913348602099636204192029546979132190603491675143114452105622625109467855462278063567374707564236112814248573227358871606507146954972423030697199456210301887577868962119831311690899251556362060038144.000000
680724345810625059485786481445537054720.000000
-871433446170000.375000
0.000000
0.000000
0.000000
0.000000
0.000000
0.000000
198347427422632926572253910545445034466166000789498486295124639343851229373813695892590877868049747855866532806442638211495606652165277472529629786089076098596864.000000
0.000000
1718306579081420203865172119613564492193988608.000000
107548460770350645032298385353059915335800531563291457668278531329035637608336252782483583289082217018022744728468928550188150268224535230001538709701913940663894498981555657492868925858470241049595633049131594567985495794087987307784146597529130834701351348766489828130816.000000
0.000000
5402288768155648.000000
354914365386121539634061629850218793682060300559895370924032.000000
24469818079277992305289638322532926443567876498664124778959585013583658054844416.000000
206474591678028209609617573058920141950821121992859514294889854300284683758711867190985981428103720896128927166410944912999973843264056845137310098455837366288384.000000
5965196198244980.000000
9528196323086394315435783127675147407841510801030926125569313314536980354078095699513399255858796668552768333675652244548459942588649436810946799468544.000000
421202487832120954183644288597422106188505824063633120588108220040612268366398282317243933317817015721245622657364257083422033845907844287599250243584.000000
946529140405752871230415115410235661913422526572549984397438079202517377400233802638962752296476902206699269555737288421169387279259953755433993259388033438176148043285693534564375667924843183682753650906381944981815296.000000
