298
100
1
1
1
1
1
1
1
1
1
1
1
1
1
1
1
1
1
1
1
1
2
2
2
2
2
2
2
2
2
2
2
2
2
2
2
2
2
2
2
2
19 12864938683278672079501004830742670366487445279604736.000000
3 165506647324519962593059552590935669575232079131271199714697991661245368701786157147328071653890281439232.000000
18 165506647324519962593059552590935669575232079131271199714697991661245368701786157147328071653890281439232.000000
14 165506647324519962593059552590935669575232079131271199714697991661245368701786157147328071653890281439232.000000
13 165506647324519962593059552590935669575232079131271199714697991661245368701786157147328071653890281439232.000000
9 165506647324519962593059552590935669575232079131271199714697991661245368701786157147328071653890281439232.000000
8 165506647324519962593059552590935669575232079131271199714697991661245368701786157147328071653890281439232.000000
4 165506647324519962593059552590935669575232079131271199714697991661245368701786157147328071653890281439232.000000
17 165506647324519962593059552590935669575232079131271199714697991661245368701786157147328071653890281439232.000000
12 165506647324519962593059552590935669575232079131271199714697991661245368701786157147328071653890281439232.000000
7 165506647324519962593059552590935669575232079131271199714697991661245368701786157147328071653890281439232.000000
2 165506647324519962593059552590935669575232079131271199714697991661245368701786157147328071653890281439232.000000
15 165506647324519962593059552590935669575232079131271199714697991661245368701786157147328071653890281439232.000000
16 165506647324519962593059552590935669575232079131271199714697991661245368701786157147328071653890281439232.000000
10 165506647324519962593059552590935669575232079131271199714697991661245368701786157147328071653890281439232.000000
11 165506647324519962593059552590935669575232079131271199714697991661245368701786157147328071653890281439232.000000
5 165506647324519962593059552590935669575232079131271199714697991661245368701786157147328071653890281439232.000000
6 165506647324519962593059552590935669575232079131271199714697991661245368701786157147328071653890281439232.000000
1 165506647324519962593059552590935669575232079131271199714697991661245368701786157147328071653890281439232.000000
The cuda call in main.cu on line 122resulted in the errro 'an illegal memory access was encountered'
/var/spool/slurmd/job8500865/slurm_script: line 12:  7507 Aborted                 (core dumped) ./main
