298
100
1
1
1
1
1
1
1
1
1
1
1
1
1
1
1
1
1
1
1
1
2
2
2
2
2
2
2
2
2
2
2
2
2
2
2
2
2
2
2
2
3 1.000000
17 1.000000
12 1.000000
7 1.000000
2 1.000000
18 1.000000
13 1.000000
8 1.000000
19 1.000000
15 1.000000
16 1.000000
14 1.000000
10 1.000000
11 1.000000
9 1.000000
5 1.000000
0 1.000000
6 1.000000
1 1.000000
4 1.000000
The cuda call in main.cu on line 122resulted in the errro 'an illegal memory access was encountered'
/var/spool/slurmd/job8500868/slurm_script: line 12: 63640 Aborted                 (core dumped) ./main
