58
Laplace size: 46369
20	0.00437303	7.7e-08	0.0253186
64
Laplace size: 61906
22	0.00561176	6.6e-08	0.0274748
70
Laplace size: 80584
24	0.00689822	8.9e-08	0.0304397
76
Laplace size: 102676
26	0.00891596	7.8e-08	0.0366903
82
Laplace size: 128506
28	0.0107822	6.9e-08	0.0432484
88
Laplace size: 158335
30	0.0135966	7.1e-08	0.0414629
97
Laplace size: 211204
33	0.0111249	6e-08	0.0446077
106
Laplace size: 274721
36	0.0142935	1.07e-07	0.0556514
115
Laplace size: 349800
39	0.0179416	1.04e-07	0.0665861
124
Laplace size: 437448
42	0.0187235	9.2e-08	0.0731737
136
Laplace size: 575551
46	0.024063	8.2e-08	0.099312
148
Laplace size: 739999
50	0.03065	8.3e-08	0.126076
163
Laplace size: 986221
55	0.0406672	7.9e-08	0.168094
178
Laplace size: 1281599
60	0.053575	9.8e-08	0.233723
196
Laplace size: 1707551
66	0.0734718	1.17e-07	0.331759
214
Laplace size: 2218751
72	0.0967776	7.4e-08	0.468565
235
Laplace size: 2933353
79	0.128815	7.8e-08	0.665117
256
Laplace size: 3786739
86	0.168077	7.7e-08	0.918343
280
Laplace size: 4948127
94	0.226486	7.5e-08	1.29215
307
Laplace size: 6513925
103	0.293203	8.8e-08	1.839
337
Laplace size: 8606305
113	0.393043	6.8e-08	2.63987
370
Laplace size: 11378239
124	0.520479	8e-08	3.80735
