2.4995e+08 
7.4995e+08 
1.24995e+09 
1.74995e+09 
2.24995e+09 
2.74995e+09 
3.24995e+09 
3.74995e+09 
4.24995e+09 
4.74995e+09 
5.24995e+09 
5.74995e+09 
6.24995e+09 
6.74995e+09 
7.24995e+09 
7.74995e+09 
8.24995e+09 
8.74995e+09 
9.24995e+09 
9.74995e+09 
1.025e+10 
1.075e+10 
1.125e+10 
1.175e+10 
1.225e+10 
1.27499e+10 
1.32499e+10 
1.37499e+10 
1.42499e+10 
1.47499e+10 
1.52499e+10 
1.57499e+10 
1.62499e+10 
1.67499e+10 
1.72499e+10 
1.775e+10 
1.82499e+10 
1.87499e+10 
1.92499e+10 
1.97499e+10 
2.025e+10 
2.07499e+10 
2.12499e+10 
2.17499e+10 
2.225e+10 
2.27499e+10 
2.325e+10 
2.375e+10 
2.425e+10 
2.475e+10 
2.525e+10 
2.575e+10 
2.625e+10 
2.675e+10 
2.725e+10 
2.775e+10 
2.825e+10 
2.875e+10 
2.925e+10 
2.975e+10 
3.025e+10 
3.075e+10 
3.125e+10 
3.17499e+10 
3.225e+10 
3.275e+10 
3.325e+10 
3.375e+10 
3.425e+10 
3.47499e+10 
3.525e+10 
3.57499e+10 
3.625e+10 
3.675e+10 
3.72499e+10 
3.775e+10 
3.82499e+10 
3.87499e+10 
3.92499e+10 
3.975e+10 
4.025e+10 
4.07499e+10 
4.125e+10 
4.175e+10 
4.22499e+10 
4.27499e+10 
4.325e+10 
4.37499e+10 
4.425e+10 
4.47499e+10 
4.52499e+10 
4.57499e+10 
4.62499e+10 
4.67499e+10 
4.72499e+10 
4.77499e+10 
4.82499e+10 
4.87499e+10 
4.925e+10 
4.975e+10 
5.02499e+10 
5.07499e+10 
5.125e+10 
5.17499e+10 
5.22499e+10 
5.27499e+10 
5.32499e+10 
5.37499e+10 
5.42499e+10 
5.47499e+10 
5.52499e+10 
5.575e+10 
5.625e+10 
5.67499e+10 
5.725e+10 
5.775e+10 
5.82499e+10 
5.87499e+10 
5.925e+10 
5.97499e+10 
6.02499e+10 
6.07499e+10 
6.12499e+10 
6.17499e+10 
6.22499e+10 
6.27499e+10 
6.32499e+10 
6.375e+10 
6.42499e+10 
6.47499e+10 
6.525e+10 
6.575e+10 
6.62499e+10 
6.67499e+10 
6.725e+10 
6.77499e+10 
6.82499e+10 
6.875e+10 
6.92499e+10 
6.97499e+10 
7.02499e+10 
7.075e+10 
7.125e+10 
7.175e+10 
7.225e+10 
7.27499e+10 
7.32499e+10 
7.37499e+10 
7.42499e+10 
7.47499e+10 
7.525e+10 
7.575e+10 
7.62499e+10 
7.67499e+10 
7.725e+10 
7.775e+10 
7.82499e+10 
7.87499e+10 
7.92499e+10 
7.975e+10 
8.02499e+10 
8.07499e+10 
8.125e+10 
8.175e+10 
8.22499e+10 
8.27499e+10 
8.325e+10 
8.375e+10 
8.425e+10 
8.47499e+10 
8.52499e+10 
8.57499e+10 
8.625e+10 
8.675e+10 
8.725e+10 
8.775e+10 
8.825e+10 
8.875e+10 
8.925e+10 
8.97499e+10 
9.025e+10 
9.075e+10 
9.125e+10 
9.17499e+10 
9.22499e+10 
9.27499e+10 
9.32499e+10 
9.37499e+10 
9.425e+10 
9.47499e+10 
9.52499e+10 
9.57499e+10 
9.62499e+10 
9.675e+10 
9.72499e+10 
9.77499e+10 
9.82499e+10 
9.875e+10 
9.92499e+10 
9.975e+10 
1.0025e+11 
1.0075e+11 
1.0125e+11 
1.0175e+11 
1.0225e+11 
1.0275e+11 
1.0325e+11 
1.0375e+11 
1.0425e+11 
1.0475e+11 
1.0525e+11 
1.0575e+11 
1.0625e+11 
1.0675e+11 
1.0725e+11 
1.0775e+11 
1.0825e+11 
1.0875e+11 
1.0925e+11 
1.0975e+11 
1.1025e+11 
1.1075e+11 
1.1125e+11 
1.1175e+11 
1.1225e+11 
1.1275e+11 
1.1325e+11 
1.1375e+11 
1.1425e+11 
1.1475e+11 
1.1525e+11 
1.1575e+11 
1.1625e+11 
1.1675e+11 
1.1725e+11 
1.1775e+11 
1.1825e+11 
1.1875e+11 
1.1925e+11 
1.1975e+11 
1.2025e+11 
1.2075e+11 
1.2125e+11 
1.2175e+11 
1.2225e+11 
1.2275e+11 
1.2325e+11 
1.2375e+11 
1.2425e+11 
1.2475e+11 
1.2525e+11 
1.2575e+11 
1.2625e+11 
1.2675e+11 
1.2725e+11 
1.2775e+11 
1.2825e+11 
1.2875e+11 
1.2925e+11 
1.2975e+11 
1.3025e+11 
1.3075e+11 
1.3125e+11 
1.3175e+11 
1.3225e+11 
1.3275e+11 
1.3325e+11 
1.3375e+11 
1.3425e+11 
1.3475e+11 
1.3525e+11 
1.3575e+11 
1.3625e+11 
1.3675e+11 
1.3725e+11 
1.3775e+11 
1.3825e+11 
1.3875e+11 
1.3925e+11 
1.3975e+11 
1.4025e+11 
1.4075e+11 
1.4125e+11 
1.4175e+11 
1.4225e+11 
1.4275e+11 
1.4325e+11 
1.4375e+11 
1.4425e+11 
1.4475e+11 
1.4525e+11 
1.4575e+11 
1.4625e+11 
1.4675e+11 
1.4725e+11 
1.4775e+11 
1.4825e+11 
1.4875e+11 
1.4925e+11 
1.4975e+11 
1.5025e+11 
1.5075e+11 
1.5125e+11 
1.5175e+11 
1.5225e+11 
1.5275e+11 
1.5325e+11 
1.5375e+11 
1.5425e+11 
1.5475e+11 
1.5525e+11 
1.5575e+11 
1.5625e+11 
1.5675e+11 
1.5725e+11 
1.5775e+11 
1.5825e+11 
1.5875e+11 
1.5925e+11 
1.5975e+11 
1.6025e+11 
1.6075e+11 
1.6125e+11 
1.6175e+11 
1.6225e+11 
1.6275e+11 
1.6325e+11 
1.6375e+11 
1.6425e+11 
1.6475e+11 
1.6525e+11 
1.6575e+11 
1.6625e+11 
1.6675e+11 
1.6725e+11 
1.6775e+11 
1.6825e+11 
1.6875e+11 
1.6925e+11 
1.6975e+11 
1.7025e+11 
1.7075e+11 
1.7125e+11 
1.7175e+11 
1.7225e+11 
1.7275e+11 
1.7325e+11 
1.7375e+11 
1.7425e+11 
1.7475e+11 
1.7525e+11 
1.7575e+11 
1.7625e+11 
1.7675e+11 
1.7725e+11 
1.7775e+11 
1.7825e+11 
1.7875e+11 
1.7925e+11 
1.7975e+11 
1.8025e+11 
1.8075e+11 
1.8125e+11 
1.8175e+11 
1.8225e+11 
1.8275e+11 
1.8325e+11 
1.8375e+11 
1.8425e+11 
1.8475e+11 
1.8525e+11 
1.8575e+11 
1.8625e+11 
1.8675e+11 
1.8725e+11 
1.8775e+11 
1.8825e+11 
1.8875e+11 
1.8925e+11 
1.8975e+11 
1.9025e+11 
1.9075e+11 
1.9125e+11 
1.9175e+11 
1.9225e+11 
1.9275e+11 
1.9325e+11 
1.9375e+11 
1.9425e+11 
1.9475e+11 
1.9525e+11 
1.9575e+11 
1.9625e+11 
1.9675e+11 
1.9725e+11 
1.9775e+11 
1.9825e+11 
1.9875e+11 
1.9925e+11 
1.9975e+11 
2.0025e+11 
2.0075e+11 
2.0125e+11 
2.0175e+11 
2.0225e+11 
2.0275e+11 
2.0325e+11 
2.0375e+11 
2.0425e+11 
2.0475e+11 
2.0525e+11 
2.0575e+11 
2.0625e+11 
2.0675e+11 
2.0725e+11 
2.0775e+11 
2.0825e+11 
2.0875e+11 
2.0925e+11 
2.0975e+11 
2.1025e+11 
2.1075e+11 
2.1125e+11 
2.1175e+11 
2.1225e+11 
2.1275e+11 
2.1325e+11 
2.1375e+11 
2.1425e+11 
2.1475e+11 
2.1525e+11 
2.1575e+11 
2.1625e+11 
2.1675e+11 
2.1725e+11 
2.1775e+11 
2.1825e+11 
2.1875e+11 
2.1925e+11 
2.1975e+11 
2.2025e+11 
2.2075e+11 
2.2125e+11 
2.2175e+11 
2.2225e+11 
2.2275e+11 
2.2325e+11 
2.2375e+11 
2.2425e+11 
2.2475e+11 
2.2525e+11 
2.2575e+11 
2.2625e+11 
2.2675e+11 
2.2725e+11 
2.2775e+11 
2.2825e+11 
2.2875e+11 
2.2925e+11 
2.2975e+11 
2.3025e+11 
2.3075e+11 
2.3125e+11 
2.3175e+11 
2.3225e+11 
2.3275e+11 
2.3325e+11 
2.3375e+11 
2.3425e+11 
2.3475e+11 
2.3525e+11 
2.3575e+11 
2.3625e+11 
2.3675e+11 
2.3725e+11 
2.3775e+11 
2.3825e+11 
2.3875e+11 
2.3925e+11 
2.3975e+11 
2.4025e+11 
2.4075e+11 
2.4125e+11 
2.4175e+11 
2.4225e+11 
2.4275e+11 
2.4325e+11 
2.4375e+11 
2.4425e+11 
2.4475e+11 
2.4525e+11 
2.4575e+11 
2.4625e+11 
2.4675e+11 
2.4725e+11 
2.4775e+11 
2.4825e+11 
2.4875e+11 
2.4925e+11 
2.4975e+11 
2.5025e+11 
2.5075e+11 
2.5125e+11 
2.5175e+11 
2.5225e+11 
2.5275e+11 
2.5325e+11 
2.5375e+11 
2.5425e+11 
2.5475e+11 
2.5525e+11 
2.5575e+11 
2.5625e+11 
2.5675e+11 
2.5725e+11 
2.5775e+11 
2.5825e+11 
2.5875e+11 
2.5925e+11 
2.5975e+11 
2.6025e+11 
2.6075e+11 
2.6125e+11 
2.6175e+11 
2.6225e+11 
2.6275e+11 
2.6325e+11 
2.6375e+11 
2.6425e+11 
2.6475e+11 
2.6525e+11 
2.6575e+11 
2.6625e+11 
2.6675e+11 
2.6725e+11 
2.6775e+11 
2.6825e+11 
2.6875e+11 
2.6925e+11 
2.6975e+11 
2.7025e+11 
2.7075e+11 
2.7125e+11 
2.7175e+11 
2.7225e+11 
2.7275e+11 
2.7325e+11 
2.7375e+11 
2.7425e+11 
2.7475e+11 
2.7525e+11 
2.7575e+11 
2.7625e+11 
2.7675e+11 
2.7725e+11 
2.7775e+11 
2.7825e+11 
2.7875e+11 
2.7925e+11 
2.7975e+11 
2.8025e+11 
2.8075e+11 
2.8125e+11 
2.8175e+11 
2.8225e+11 
2.8275e+11 
2.8325e+11 
2.8375e+11 
2.8425e+11 
2.8475e+11 
2.8525e+11 
2.8575e+11 
2.8625e+11 
2.8675e+11 
2.8725e+11 
2.8775e+11 
2.8825e+11 
2.8875e+11 
2.8925e+11 
2.8975e+11 
2.9025e+11 
2.9075e+11 
2.9125e+11 
2.9175e+11 
2.9225e+11 
2.9275e+11 
2.9325e+11 
2.9375e+11 
2.9425e+11 
2.9475e+11 
2.9525e+11 
2.9575e+11 
2.9625e+11 
2.9675e+11 
2.9725e+11 
2.9775e+11 
2.9825e+11 
2.9875e+11 
2.9925e+11 
2.9975e+11 
3.0025e+11 
3.0075e+11 
3.0125e+11 
3.0175e+11 
3.0225e+11 
3.0275e+11 
3.0325e+11 
3.0375e+11 
3.0425e+11 
3.0475e+11 
3.0525e+11 
3.0575e+11 
3.0625e+11 
3.0675e+11 
3.0725e+11 
3.0775e+11 
3.0825e+11 
3.0875e+11 
3.0925e+11 
3.0975e+11 
3.1025e+11 
3.1075e+11 
3.1125e+11 
3.1175e+11 
3.1225e+11 
3.1275e+11 
3.1325e+11 
3.1375e+11 
3.1425e+11 
3.1475e+11 
3.1525e+11 
3.1575e+11 
3.1625e+11 
3.1675e+11 
3.1725e+11 
3.1775e+11 
3.1825e+11 
3.1875e+11 
3.1925e+11 
3.1975e+11 
3.2025e+11 
3.2075e+11 
3.2125e+11 
3.2175e+11 
3.2225e+11 
3.2275e+11 
3.2325e+11 
3.2375e+11 
3.2425e+11 
3.2475e+11 
3.2525e+11 
3.2575e+11 
3.2625e+11 
3.2675e+11 
3.2725e+11 
3.2775e+11 
3.2825e+11 
3.2875e+11 
3.2925e+11 
3.2975e+11 
3.3025e+11 
3.3075e+11 
3.3125e+11 
3.3175e+11 
3.3225e+11 
3.3275e+11 
3.3325e+11 
3.3375e+11 
3.3425e+11 
3.3475e+11 
3.3525e+11 
3.3575e+11 
3.3625e+11 
3.3675e+11 
3.3725e+11 
3.3775e+11 
3.3825e+11 
3.3875e+11 
3.3925e+11 
3.3975e+11 
3.4025e+11 
3.4075e+11 
3.4125e+11 
3.4175e+11 
3.4225e+11 
3.4275e+11 
3.4325e+11 
3.4375e+11 
3.4425e+11 
3.4475e+11 
3.4525e+11 
3.4575e+11 
3.4625e+11 
3.4675e+11 
3.4725e+11 
3.4775e+11 
3.4825e+11 
3.4875e+11 
3.4925e+11 
3.4975e+11 
3.5025e+11 
3.5075e+11 
3.5125e+11 
3.5175e+11 
3.5225e+11 
3.5275e+11 
3.5325e+11 
3.5375e+11 
3.5425e+11 
3.5475e+11 
3.5525e+11 
3.5575e+11 
3.5625e+11 
3.5675e+11 
3.5725e+11 
3.5775e+11 
3.5825e+11 
3.5875e+11 
3.5925e+11 
3.5975e+11 
3.6025e+11 
3.6075e+11 
3.6125e+11 
3.6175e+11 
3.6225e+11 
3.6275e+11 
3.6325e+11 
3.6375e+11 
3.6425e+11 
3.6475e+11 
3.6525e+11 
3.6575e+11 
3.6625e+11 
3.6675e+11 
3.6725e+11 
3.6775e+11 
3.6825e+11 
3.6875e+11 
3.6925e+11 
3.6975e+11 
3.7025e+11 
3.7075e+11 
3.7125e+11 
3.7175e+11 
3.7225e+11 
3.7275e+11 
3.7325e+11 
3.7375e+11 
3.7425e+11 
3.7475e+11 
3.7525e+11 
3.7575e+11 
3.7625e+11 
3.7675e+11 
3.7725e+11 
3.7775e+11 
3.7825e+11 
3.7875e+11 
3.7925e+11 
3.7975e+11 
3.8025e+11 
3.8075e+11 
3.8125e+11 
3.8175e+11 
3.8225e+11 
3.8275e+11 
3.8325e+11 
3.8375e+11 
3.8425e+11 
3.8475e+11 
3.8525e+11 
3.8575e+11 
3.8625e+11 
3.8675e+11 
3.8725e+11 
3.8775e+11 
3.8825e+11 
3.8875e+11 
3.8925e+11 
3.8975e+11 
3.9025e+11 
3.9075e+11 
3.9125e+11 
3.9175e+11 
3.9225e+11 
3.9275e+11 
3.9325e+11 
3.9375e+11 
3.9425e+11 
3.9475e+11 
3.9525e+11 
3.9575e+11 
3.9625e+11 
3.9675e+11 
3.9725e+11 
3.9775e+11 
3.9825e+11 
3.9875e+11 
3.9925e+11 
3.9975e+11 
4.0025e+11 
4.0075e+11 
4.0125e+11 
4.0175e+11 
4.0225e+11 
4.0275e+11 
4.0325e+11 
4.0375e+11 
4.0425e+11 
4.0475e+11 
4.0525e+11 
4.0575e+11 
4.0625e+11 
4.0675e+11 
4.0725e+11 
4.0775e+11 
4.0825e+11 
4.0875e+11 
4.0925e+11 
4.0975e+11 
4.1025e+11 
4.1075e+11 
4.1125e+11 
4.1175e+11 
4.1225e+11 
4.1275e+11 
4.1325e+11 
4.1375e+11 
4.1425e+11 
4.1475e+11 
4.1525e+11 
4.1575e+11 
4.1625e+11 
4.1675e+11 
4.1725e+11 
4.1775e+11 
4.1825e+11 
4.1875e+11 
4.1925e+11 
4.1975e+11 
4.2025e+11 
4.2075e+11 
4.2125e+11 
4.2175e+11 
4.2225e+11 
4.2275e+11 
4.2325e+11 
4.2375e+11 
4.2425e+11 
4.2475e+11 
4.2525e+11 
4.2575e+11 
4.2625e+11 
4.2675e+11 
4.2725e+11 
4.2775e+11 
4.2825e+11 
4.2875e+11 
4.2925e+11 
4.2975e+11 
4.3025e+11 
4.3075e+11 
4.3125e+11 
4.3175e+11 
4.3225e+11 
4.3275e+11 
4.3325e+11 
4.3375e+11 
4.3425e+11 
4.3475e+11 
4.3525e+11 
4.3575e+11 
4.3625e+11 
4.3675e+11 
4.3725e+11 
4.3775e+11 
4.3825e+11 
4.3875e+11 
4.3925e+11 
4.3975e+11 
4.4025e+11 
4.4075e+11 
4.4125e+11 
4.4175e+11 
4.4225e+11 
4.4275e+11 
4.4325e+11 
4.4375e+11 
4.4425e+11 
4.4475e+11 
4.4525e+11 
4.4575e+11 
4.4625e+11 
4.4675e+11 
4.4725e+11 
4.4775e+11 
4.4825e+11 
4.4875e+11 
4.4925e+11 
4.4975e+11 
4.5025e+11 
4.5075e+11 
4.5125e+11 
4.5175e+11 
4.5225e+11 
4.5275e+11 
4.5325e+11 
4.5375e+11 
4.5425e+11 
4.5475e+11 
4.5525e+11 
4.5575e+11 
4.5625e+11 
4.5675e+11 
4.5725e+11 
4.5775e+11 
4.5825e+11 
4.5875e+11 
4.5925e+11 
4.5975e+11 
4.6025e+11 
4.6075e+11 
4.6125e+11 
4.6175e+11 
4.6225e+11 
4.6275e+11 
4.6325e+11 
4.6375e+11 
4.6425e+11 
4.6475e+11 
4.6525e+11 
4.6575e+11 
4.6625e+11 
4.6675e+11 
4.6725e+11 
4.6775e+11 
4.6825e+11 
4.6875e+11 
4.6925e+11 
4.6975e+11 
4.7025e+11 
4.7075e+11 
4.7125e+11 
4.7175e+11 
4.7225e+11 
4.7275e+11 
4.7325e+11 
4.7375e+11 
4.7425e+11 
4.7475e+11 
4.7525e+11 
4.7575e+11 
4.7625e+11 
4.7675e+11 
4.7725e+11 
4.7775e+11 
4.7825e+11 
4.7875e+11 
4.7925e+11 
4.7975e+11 
4.8025e+11 
4.8075e+11 
4.8125e+11 
4.8175e+11 
4.8225e+11 
4.8275e+11 
4.8325e+11 
4.8375e+11 
4.8425e+11 
4.8475e+11 
4.8525e+11 
4.8575e+11 
4.8625e+11 
4.8675e+11 
4.8725e+11 
4.8775e+11 
4.8825e+11 
4.8875e+11 
4.8925e+11 
4.8975e+11 
4.9025e+11 
4.9075e+11 
4.9125e+11 
4.9175e+11 
4.9225e+11 
4.9275e+11 
4.9325e+11 
4.9375e+11 
4.9425e+11 
4.9475e+11 
4.9525e+11 
4.9575e+11 
4.9625e+11 
4.9675e+11 
4.9725e+11 
4.9775e+11 
4.9825e+11 
4.9875e+11 
4.9925e+11 
4.9975e+11 
5.0025e+11 
5.0075e+11 
5.0125e+11 
5.0175e+11 
5.0225e+11 
5.0275e+11 
5.0325e+11 
5.0375e+11 
5.0425e+11 
5.0475e+11 
5.0525e+11 
5.0575e+11 
5.0625e+11 
5.0675e+11 
5.0725e+11 
5.0775e+11 
5.0825e+11 
5.0875e+11 
5.0925e+11 
5.0975e+11 
5.1025e+11 
5.1075e+11 
5.1125e+11 
5.1175e+11 
5.1225e+11 
5.1275e+11 
5.1325e+11 
5.1375e+11 
5.1425e+11 
5.1475e+11 
5.1525e+11 
5.1575e+11 
5.1625e+11 
5.1675e+11 
5.1725e+11 
5.1775e+11 
5.1825e+11 
5.1875e+11 
5.1925e+11 
5.1975e+11 
5.2025e+11 
5.2075e+11 
5.2125e+11 
5.2175e+11 
5.2225e+11 
5.2275e+11 
5.2325e+11 
5.2375e+11 
5.2425e+11 
5.2475e+11 
5.2525e+11 
5.2575e+11 
5.2625e+11 
5.2675e+11 
5.2725e+11 
5.2775e+11 
5.2825e+11 
5.2875e+11 
5.2925e+11 
5.2975e+11 
5.3025e+11 
5.3075e+11 
5.3125e+11 
5.3175e+11 
5.3225e+11 
5.3275e+11 
5.3325e+11 
5.3375e+11 
5.3425e+11 
5.3475e+11 
5.3525e+11 
5.3575e+11 
5.3625e+11 
5.3675e+11 
5.3725e+11 
5.3775e+11 
5.3825e+11 
5.3875e+11 
5.3925e+11 
5.3975e+11 
5.4025e+11 
5.4075e+11 
5.4125e+11 
5.4175e+11 
5.4225e+11 
5.4275e+11 
5.4325e+11 
5.4375e+11 
5.4425e+11 
5.4475e+11 
5.4525e+11 
5.4575e+11 
5.4625e+11 
5.4675e+11 
5.4725e+11 
5.4775e+11 
5.4825e+11 
5.4875e+11 
5.4925e+11 
5.4975e+11 
5.5025e+11 
5.5075e+11 
5.5125e+11 
5.5175e+11 
5.5225e+11 
5.5275e+11 
5.5325e+11 
5.5375e+11 
5.5425e+11 
5.5475e+11 
5.5525e+11 
5.5575e+11 
5.5625e+11 
5.5675e+11 
5.5725e+11 
5.5775e+11 
5.5825e+11 
5.5875e+11 
5.5925e+11 
5.5975e+11 
5.6025e+11 
5.6075e+11 
5.6125e+11 
5.6175e+11 
5.6225e+11 
5.6275e+11 
5.6325e+11 
5.6375e+11 
5.6425e+11 
5.6475e+11 
5.6525e+11 
5.6575e+11 
5.6625e+11 
5.6675e+11 
5.6725e+11 
5.6775e+11 
5.6825e+11 
5.6875e+11 
5.6925e+11 
5.6975e+11 
5.7025e+11 
5.7075e+11 
5.7125e+11 
5.7175e+11 
5.7225e+11 
5.7275e+11 
5.7325e+11 
5.7375e+11 
5.7425e+11 
5.7475e+11 
5.7525e+11 
5.7575e+11 
5.7625e+11 
5.7675e+11 
5.7725e+11 
5.7775e+11 
5.7825e+11 
5.7875e+11 
5.7925e+11 
5.7975e+11 
5.8025e+11 
5.8075e+11 
5.8125e+11 
5.8175e+11 
5.8225e+11 
5.8275e+11 
5.8325e+11 
5.8375e+11 
5.8425e+11 
5.8475e+11 
5.8525e+11 
5.8575e+11 
5.8625e+11 
5.8675e+11 
5.8725e+11 
5.8775e+11 
5.8825e+11 
5.8875e+11 
5.8925e+11 
5.8975e+11 
5.9025e+11 
5.9075e+11 
5.9125e+11 
5.9175e+11 
5.9225e+11 
5.9275e+11 
5.9325e+11 
5.9375e+11 
5.9425e+11 
5.9475e+11 
5.9525e+11 
5.9575e+11 
5.9625e+11 
5.9675e+11 
5.9725e+11 
5.9775e+11 
5.9825e+11 
5.9875e+11 
5.9925e+11 
5.9975e+11 
6.0025e+11 
6.0075e+11 
6.0125e+11 
6.0175e+11 
6.0225e+11 
6.0275e+11 
6.0325e+11 
6.0375e+11 
6.0425e+11 
6.0475e+11 
6.0525e+11 
6.0575e+11 
6.0625e+11 
6.0675e+11 
6.0725e+11 
6.0775e+11 
6.0825e+11 
6.0875e+11 
6.0925e+11 
6.0975e+11 
6.1025e+11 
6.1075e+11 
6.1125e+11 
6.1175e+11 
6.1225e+11 
6.1275e+11 
6.1325e+11 
6.1375e+11 
6.1425e+11 
6.1475e+11 
6.1525e+11 
6.1575e+11 
6.1625e+11 
6.1675e+11 
6.1725e+11 
6.1775e+11 
6.1825e+11 
6.1875e+11 
6.1925e+11 
6.1975e+11 
6.2025e+11 
6.2075e+11 
6.2125e+11 
6.2175e+11 
6.2225e+11 
6.2275e+11 
6.2325e+11 
6.2375e+11 
6.2425e+11 
6.2475e+11 
6.2525e+11 
6.2575e+11 
6.2625e+11 
6.2675e+11 
6.2725e+11 
6.2775e+11 
6.2825e+11 
6.2875e+11 
6.2925e+11 
6.2975e+11 
6.3025e+11 
6.3075e+11 
6.3125e+11 
6.3175e+11 
6.3225e+11 
6.3275e+11 
6.3325e+11 
6.3375e+11 
6.3425e+11 
6.3475e+11 
6.3525e+11 
6.3575e+11 
6.3625e+11 
6.3675e+11 
6.3725e+11 
6.3775e+11 
6.3825e+11 
6.3875e+11 
6.3925e+11 
6.3975e+11 
6.4025e+11 
6.4075e+11 
6.4125e+11 
6.4175e+11 
6.4225e+11 
6.4275e+11 
6.4325e+11 
6.4375e+11 
6.4425e+11 
6.4475e+11 
6.4525e+11 
6.4575e+11 
6.4625e+11 
6.4675e+11 
6.4725e+11 
6.4775e+11 
6.4825e+11 
6.4875e+11 
6.4925e+11 
6.4975e+11 
6.5025e+11 
6.5075e+11 
6.5125e+11 
6.5175e+11 
6.5225e+11 
6.5275e+11 
6.5325e+11 
6.5375e+11 
6.5425e+11 
6.5475e+11 
6.5525e+11 
6.5575e+11 
6.5625e+11 
6.5675e+11 
6.5725e+11 
6.5775e+11 
6.5825e+11 
6.5875e+11 
6.5925e+11 
6.5975e+11 
6.6025e+11 
6.6075e+11 
6.6125e+11 
6.6175e+11 
6.6225e+11 
6.6275e+11 
6.6325e+11 
6.6375e+11 
6.6425e+11 
6.6475e+11 
6.6525e+11 
6.6575e+11 
6.6625e+11 
6.6675e+11 
6.6725e+11 
6.6775e+11 
6.6825e+11 
6.6875e+11 
6.6925e+11 
6.6975e+11 
6.7025e+11 
6.7075e+11 
6.7125e+11 
6.7175e+11 
6.7225e+11 
6.7275e+11 
6.7325e+11 
6.7375e+11 
6.7425e+11 
6.7475e+11 
6.7525e+11 
6.7575e+11 
6.7625e+11 
6.7675e+11 
6.7725e+11 
6.7775e+11 
6.7825e+11 
6.7875e+11 
6.7925e+11 
6.7975e+11 
6.8025e+11 
6.8075e+11 
6.8125e+11 
6.8175e+11 
6.8225e+11 
6.8275e+11 
6.8325e+11 
6.8375e+11 
6.8425e+11 
6.8475e+11 
6.8525e+11 
6.8575e+11 
6.8625e+11 
6.8675e+11 
6.8725e+11 
6.8775e+11 
6.8825e+11 
6.8875e+11 
6.8925e+11 
6.8975e+11 
6.9025e+11 
6.9075e+11 
6.9125e+11 
6.9175e+11 
6.9225e+11 
6.9275e+11 
6.9325e+11 
6.9375e+11 
6.9425e+11 
6.9475e+11 
6.9525e+11 
6.9575e+11 
6.9625e+11 
6.9675e+11 
6.9725e+11 
6.9775e+11 
6.9825e+11 
6.9875e+11 
6.9925e+11 
6.9975e+11 
7.0025e+11 
7.0075e+11 
7.0125e+11 
7.0175e+11 
7.0225e+11 
7.0275e+11 
7.0325e+11 
7.0375e+11 
7.0425e+11 
7.0475e+11 
7.0525e+11 
7.0575e+11 
7.0625e+11 
7.0675e+11 
7.0725e+11 
7.0775e+11 
7.0825e+11 
7.0875e+11 
7.0925e+11 
7.0975e+11 
7.1025e+11 
7.1075e+11 
7.1125e+11 
7.1175e+11 
7.1225e+11 
7.1275e+11 
7.1325e+11 
7.1375e+11 
7.1425e+11 
7.1475e+11 
7.1525e+11 
7.1575e+11 
7.1625e+11 
7.1675e+11 
7.1725e+11 
7.1775e+11 
7.1825e+11 
7.1875e+11 
7.1925e+11 
7.1975e+11 
7.2025e+11 
7.2075e+11 
7.2125e+11 
7.2175e+11 
7.2225e+11 
7.2275e+11 
7.2325e+11 
7.2375e+11 
7.2425e+11 
7.2475e+11 
7.2525e+11 
7.2575e+11 
7.2625e+11 
7.2675e+11 
7.2725e+11 
7.2775e+11 
7.2825e+11 
7.2875e+11 
7.2925e+11 
7.2975e+11 
7.3025e+11 
7.3075e+11 
7.3125e+11 
7.3175e+11 
7.3225e+11 
7.3275e+11 
7.3325e+11 
7.3375e+11 
7.3425e+11 
7.3475e+11 
7.3525e+11 
7.3575e+11 
7.3625e+11 
7.3675e+11 
7.3725e+11 
7.3775e+11 
7.3825e+11 
7.3875e+11 
7.3925e+11 
7.3975e+11 
7.4025e+11 
7.4075e+11 
7.4125e+11 
7.4175e+11 
7.4225e+11 
7.4275e+11 
7.4325e+11 
7.4375e+11 
7.4425e+11 
7.4475e+11 
7.4525e+11 
7.4575e+11 
7.4625e+11 
7.4675e+11 
7.4725e+11 
7.4775e+11 
7.4825e+11 
7.4875e+11 
7.4925e+11 
7.4975e+11 
7.5025e+11 
7.5075e+11 
7.5125e+11 
7.5175e+11 
7.5225e+11 
7.5275e+11 
7.5325e+11 
7.5375e+11 
7.5425e+11 
7.5475e+11 
7.5525e+11 
7.5575e+11 
7.5625e+11 
7.5675e+11 
7.5725e+11 
7.5775e+11 
7.5825e+11 
7.5875e+11 
7.5925e+11 
7.5975e+11 
7.6025e+11 
7.6075e+11 
7.6125e+11 
7.6175e+11 
7.6225e+11 
7.6275e+11 
7.6325e+11 
7.6375e+11 
7.6425e+11 
7.6475e+11 
7.6525e+11 
7.6575e+11 
7.6625e+11 
7.6675e+11 
7.6725e+11 
7.6775e+11 
7.6825e+11 
7.6875e+11 
7.6925e+11 
7.6975e+11 
7.7025e+11 
7.7075e+11 
7.7125e+11 
7.7175e+11 
7.7225e+11 
7.7275e+11 
7.7325e+11 
7.7375e+11 
7.7425e+11 
7.7475e+11 
7.7525e+11 
7.7575e+11 
7.7625e+11 
7.7675e+11 
7.7725e+11 
7.7775e+11 
7.7825e+11 
7.7875e+11 
7.7925e+11 
7.7975e+11 
7.8025e+11 
7.8075e+11 
7.8125e+11 
7.8175e+11 
7.8225e+11 
7.8275e+11 
7.8325e+11 
7.8375e+11 
7.8425e+11 
7.8475e+11 
7.8525e+11 
7.8575e+11 
7.8625e+11 
7.8675e+11 
7.8725e+11 
7.8775e+11 
7.8825e+11 
7.8875e+11 
7.8925e+11 
7.8975e+11 
7.9025e+11 
7.9075e+11 
7.9125e+11 
7.9175e+11 
7.9225e+11 
7.9275e+11 
7.9325e+11 
7.9375e+11 
7.9425e+11 
7.9475e+11 
7.9525e+11 
7.9575e+11 
7.9625e+11 
7.9675e+11 
7.9725e+11 
7.9775e+11 
7.9825e+11 
7.9875e+11 
7.9925e+11 
7.9975e+11 
8.0025e+11 
8.0075e+11 
8.0125e+11 
8.0175e+11 
8.0225e+11 
8.0275e+11 
8.0325e+11 
8.0375e+11 
8.0425e+11 
8.0475e+11 
8.0525e+11 
8.0575e+11 
8.0625e+11 
8.0675e+11 
8.0725e+11 
8.0775e+11 
8.0825e+11 
8.0875e+11 
8.0925e+11 
8.0975e+11 
8.1025e+11 
8.1075e+11 
8.1125e+11 
8.1175e+11 
8.1225e+11 
8.1275e+11 
8.1325e+11 
8.1375e+11 
8.1425e+11 
8.1475e+11 
8.1525e+11 
8.1575e+11 
8.1625e+11 
8.1675e+11 
8.1725e+11 
8.1775e+11 
8.1825e+11 
8.1875e+11 
8.1925e+11 
8.1975e+11 
8.2025e+11 
8.2075e+11 
8.2125e+11 
8.2175e+11 
8.2225e+11 
8.2275e+11 
8.2325e+11 
8.2375e+11 
8.2425e+11 
8.2475e+11 
8.2525e+11 
8.2575e+11 
8.2625e+11 
8.2675e+11 
8.2725e+11 
8.2775e+11 
8.2825e+11 
8.2875e+11 
8.2925e+11 
8.2975e+11 
8.3025e+11 
8.3075e+11 
8.3125e+11 
8.3175e+11 
8.3225e+11 
8.3275e+11 
8.3325e+11 
8.3375e+11 
8.3425e+11 
8.3475e+11 
8.3525e+11 
8.3575e+11 
8.3625e+11 
8.3675e+11 
8.3725e+11 
8.3775e+11 
8.3825e+11 
8.3875e+11 
8.3925e+11 
8.3975e+11 
8.4025e+11 
8.4075e+11 
8.4125e+11 
8.4175e+11 
8.4225e+11 
8.4275e+11 
8.4325e+11 
8.4375e+11 
8.4425e+11 
8.4475e+11 
8.4525e+11 
8.4575e+11 
8.4625e+11 
8.4675e+11 
8.4725e+11 
8.4775e+11 
8.4825e+11 
8.4875e+11 
8.4925e+11 
8.4975e+11 
8.5025e+11 
8.5075e+11 
8.5125e+11 
8.5175e+11 
8.5225e+11 
8.5275e+11 
8.5325e+11 
8.5375e+11 
8.5425e+11 
8.5475e+11 
8.5525e+11 
8.5575e+11 
8.5625e+11 
8.5675e+11 
8.5725e+11 
8.5775e+11 
8.5825e+11 
8.5875e+11 
8.5925e+11 
8.5975e+11 
8.6025e+11 
8.6075e+11 
8.6125e+11 
8.6175e+11 
8.6225e+11 
8.6275e+11 
8.6325e+11 
8.6375e+11 
8.6425e+11 
8.6475e+11 
8.6525e+11 
8.6575e+11 
8.6625e+11 
8.6675e+11 
8.6725e+11 
8.6775e+11 
8.6825e+11 
8.6875e+11 
8.6925e+11 
8.6975e+11 
8.7025e+11 
8.7075e+11 
8.7125e+11 
8.7175e+11 
8.7225e+11 
8.7275e+11 
8.7325e+11 
8.7375e+11 
8.7425e+11 
8.7475e+11 
8.7525e+11 
8.7575e+11 
8.7625e+11 
8.7675e+11 
8.7725e+11 
8.7775e+11 
8.7825e+11 
8.7875e+11 
8.7925e+11 
8.7975e+11 
8.8025e+11 
8.8075e+11 
8.8125e+11 
8.8175e+11 
8.8225e+11 
8.8275e+11 
8.8325e+11 
8.8375e+11 
8.8425e+11 
8.8475e+11 
8.8525e+11 
8.8575e+11 
8.8625e+11 
8.8675e+11 
8.8725e+11 
8.8775e+11 
8.8825e+11 
8.8875e+11 
8.8925e+11 
8.8975e+11 
8.9025e+11 
8.9075e+11 
8.9125e+11 
8.9175e+11 
8.9225e+11 
8.9275e+11 
8.9325e+11 
8.9375e+11 
8.9425e+11 
8.9475e+11 
8.9525e+11 
8.9575e+11 
8.9625e+11 
8.9675e+11 
8.9725e+11 
8.9775e+11 
8.9825e+11 
8.9875e+11 
8.9925e+11 
8.9975e+11 
9.0025e+11 
9.0075e+11 
9.0125e+11 
9.0175e+11 
9.0225e+11 
9.0275e+11 
9.0325e+11 
9.0375e+11 
9.0425e+11 
9.0475e+11 
9.0525e+11 
9.0575e+11 
9.0625e+11 
9.0675e+11 
9.0725e+11 
9.0775e+11 
9.0825e+11 
9.0875e+11 
9.0925e+11 
9.0975e+11 
9.1025e+11 
9.1075e+11 
9.1125e+11 
9.1175e+11 
9.1225e+11 
9.1275e+11 
9.1325e+11 
9.1375e+11 
9.1425e+11 
9.1475e+11 
9.1525e+11 
9.1575e+11 
9.1625e+11 
9.1675e+11 
9.1725e+11 
9.1775e+11 
9.1825e+11 
9.1875e+11 
9.1925e+11 
9.1975e+11 
9.2025e+11 
9.2075e+11 
9.2125e+11 
9.2175e+11 
9.2225e+11 
9.2275e+11 
9.2325e+11 
9.2375e+11 
9.2425e+11 
9.2475e+11 
9.2525e+11 
9.2575e+11 
9.2625e+11 
9.2675e+11 
9.2725e+11 
9.2775e+11 
9.2825e+11 
9.2875e+11 
9.2925e+11 
9.2975e+11 
9.3025e+11 
9.3075e+11 
9.3125e+11 
9.3175e+11 
9.3225e+11 
9.3275e+11 
9.3325e+11 
9.3375e+11 
9.3425e+11 
9.3475e+11 
9.3525e+11 
9.3575e+11 
9.3625e+11 
9.3675e+11 
9.3725e+11 
9.3775e+11 
9.3825e+11 
9.3875e+11 
9.3925e+11 
9.3975e+11 
9.4025e+11 
9.4075e+11 
9.4125e+11 
9.4175e+11 
9.4225e+11 
9.4275e+11 
9.4325e+11 
9.4375e+11 
9.4425e+11 
9.4475e+11 
9.4525e+11 
9.4575e+11 
9.4625e+11 
9.4675e+11 
9.4725e+11 
9.4775e+11 
9.4825e+11 
9.4875e+11 
9.4925e+11 
9.4975e+11 
9.5025e+11 
9.5075e+11 
9.5125e+11 
9.5175e+11 
9.5225e+11 
9.5275e+11 
9.5325e+11 
9.5375e+11 
9.5425e+11 
9.5475e+11 
9.5525e+11 
9.5575e+11 
9.5625e+11 
9.5675e+11 
9.5725e+11 
9.5775e+11 
9.5825e+11 
9.5875e+11 
9.5925e+11 
9.5975e+11 
9.6025e+11 
9.6075e+11 
9.6125e+11 
9.6175e+11 
9.6225e+11 
9.6275e+11 
9.6325e+11 
9.6375e+11 
9.6425e+11 
9.6475e+11 
9.6525e+11 
9.6575e+11 
9.6625e+11 
9.6675e+11 
9.6725e+11 
9.6775e+11 
9.6825e+11 
9.6875e+11 
9.6925e+11 
9.6975e+11 
9.7025e+11 
9.7075e+11 
9.7125e+11 
9.7175e+11 
9.7225e+11 
9.7275e+11 
9.7325e+11 
9.7375e+11 
9.7425e+11 
9.7475e+11 
9.7525e+11 
9.7575e+11 
9.7625e+11 
9.7675e+11 
9.7725e+11 
9.7775e+11 
9.7825e+11 
9.7875e+11 
9.7925e+11 
9.7975e+11 
9.8025e+11 
9.8075e+11 
9.8125e+11 
9.8175e+11 
9.8225e+11 
9.8275e+11 
9.8325e+11 
9.8375e+11 
9.8425e+11 
9.8475e+11 
9.8525e+11 
9.8575e+11 
9.8625e+11 
9.8675e+11 
9.8725e+11 
9.8775e+11 
9.8825e+11 
9.8875e+11 
9.8925e+11 
9.8975e+11 
9.9025e+11 
9.9075e+11 
9.9125e+11 
9.9175e+11 
9.9225e+11 
9.9275e+11 
9.9325e+11 
9.9375e+11 
9.9425e+11 
9.9475e+11 
9.9525e+11 
9.9575e+11 
9.9625e+11 
9.9675e+11 
9.9725e+11 
9.9775e+11 
9.9825e+11 
9.9875e+11 
9.9925e+11 
9.9975e+11 
1.00025e+12 
1.00075e+12 
1.00125e+12 
1.00175e+12 
1.00225e+12 
1.00275e+12 
1.00325e+12 
1.00375e+12 
1.00425e+12 
1.00475e+12 
1.00525e+12 
1.00575e+12 
1.00625e+12 
1.00675e+12 
1.00725e+12 
1.00775e+12 
1.00825e+12 
1.00875e+12 
1.00925e+12 
1.00975e+12 
1.01025e+12 
1.01075e+12 
1.01125e+12 
1.01175e+12 
1.01225e+12 
1.01275e+12 
1.01325e+12 
1.01375e+12 
1.01425e+12 
1.01475e+12 
1.01525e+12 
1.01575e+12 
1.01625e+12 
1.01675e+12 
1.01725e+12 
1.01775e+12 
1.01825e+12 
1.01875e+12 
1.01925e+12 
1.01975e+12 
1.02025e+12 
1.02075e+12 
1.02125e+12 
1.02175e+12 
1.02225e+12 
1.02275e+12 
1.02325e+12 
1.02375e+12 
1.02425e+12 
1.02475e+12 
1.02525e+12 
1.02575e+12 
1.02625e+12 
1.02675e+12 
1.02725e+12 
1.02775e+12 
1.02825e+12 
1.02875e+12 
1.02925e+12 
1.02975e+12 
1.03025e+12 
1.03075e+12 
1.03125e+12 
1.03175e+12 
1.03225e+12 
1.03275e+12 
1.03325e+12 
1.03375e+12 
1.03425e+12 
1.03475e+12 
1.03525e+12 
1.03575e+12 
1.03625e+12 
1.03675e+12 
1.03725e+12 
1.03775e+12 
1.03825e+12 
1.03875e+12 
1.03925e+12 
1.03975e+12 
1.04025e+12 
1.04075e+12 
1.04125e+12 
1.04175e+12 
1.04225e+12 
1.04275e+12 
1.04325e+12 
1.04375e+12 
1.04425e+12 
1.04475e+12 
1.04525e+12 
1.04575e+12 
1.04625e+12 
1.04675e+12 
1.04725e+12 
1.04775e+12 
1.04825e+12 
1.04875e+12 
1.04925e+12 
1.04975e+12 
1.05025e+12 
1.05075e+12 
1.05125e+12 
1.05175e+12 
1.05225e+12 
1.05275e+12 
1.05325e+12 
1.05375e+12 
1.05425e+12 
1.05475e+12 
1.05525e+12 
1.05575e+12 
1.05625e+12 
1.05675e+12 
1.05725e+12 
1.05775e+12 
1.05825e+12 
1.05875e+12 
1.05925e+12 
1.05975e+12 
1.06025e+12 
1.06075e+12 
1.06125e+12 
1.06175e+12 
1.06225e+12 
1.06275e+12 
1.06325e+12 
1.06375e+12 
1.06425e+12 
1.06475e+12 
1.06525e+12 
1.06575e+12 
1.06625e+12 
1.06675e+12 
1.06725e+12 
1.06775e+12 
1.06825e+12 
1.06875e+12 
1.06925e+12 
1.06975e+12 
1.07025e+12 
1.07075e+12 
1.07125e+12 
1.07175e+12 
1.07225e+12 
1.07275e+12 
1.07325e+12 
1.07375e+12 
1.07425e+12 
1.07475e+12 
1.07525e+12 
1.07575e+12 
1.07625e+12 
1.07675e+12 
1.07725e+12 
1.07775e+12 
1.07825e+12 
1.07875e+12 
1.07925e+12 
1.07975e+12 
1.08025e+12 
1.08075e+12 
1.08125e+12 
1.08175e+12 
1.08225e+12 
1.08275e+12 
1.08325e+12 
1.08375e+12 
1.08425e+12 
1.08475e+12 
1.08525e+12 
1.08575e+12 
1.08625e+12 
1.08675e+12 
1.08725e+12 
1.08775e+12 
1.08825e+12 
1.08875e+12 
1.08925e+12 
1.08975e+12 
1.09025e+12 
1.09075e+12 
1.09125e+12 
1.09175e+12 
1.09225e+12 
1.09275e+12 
1.09325e+12 
1.09375e+12 
1.09425e+12 
1.09475e+12 
1.09525e+12 
1.09575e+12 
1.09625e+12 
1.09675e+12 
1.09725e+12 
1.09775e+12 
1.09825e+12 
1.09875e+12 
1.09925e+12 
1.09975e+12 
1.10025e+12 
1.10075e+12 
1.10125e+12 
1.10175e+12 
1.10225e+12 
1.10275e+12 
1.10325e+12 
1.10375e+12 
1.10425e+12 
1.10475e+12 
1.10525e+12 
1.10575e+12 
1.10625e+12 
1.10675e+12 
1.10725e+12 
1.10775e+12 
1.10825e+12 
1.10875e+12 
1.10925e+12 
1.10975e+12 
1.11025e+12 
1.11075e+12 
1.11125e+12 
1.11175e+12 
1.11225e+12 
1.11275e+12 
1.11325e+12 
1.11375e+12 
1.11425e+12 
1.11475e+12 
1.11525e+12 
1.11575e+12 
1.11625e+12 
1.11675e+12 
1.11725e+12 
1.11775e+12 
1.11825e+12 
1.11875e+12 
1.11925e+12 
1.11975e+12 
1.12025e+12 
1.12075e+12 
1.12125e+12 
1.12175e+12 
1.12225e+12 
1.12275e+12 
1.12325e+12 
1.12375e+12 
1.12425e+12 
1.12475e+12 
1.12525e+12 
1.12575e+12 
1.12625e+12 
1.12675e+12 
1.12725e+12 
1.12775e+12 
1.12825e+12 
1.12875e+12 
1.12925e+12 
1.12975e+12 
1.13025e+12 
1.13075e+12 
1.13125e+12 
1.13175e+12 
1.13225e+12 
1.13275e+12 
1.13325e+12 
1.13375e+12 
1.13425e+12 
1.13475e+12 
1.13525e+12 
1.13575e+12 
1.13625e+12 
1.13675e+12 
1.13725e+12 
1.13775e+12 
1.13825e+12 
1.13875e+12 
1.13925e+12 
1.13975e+12 
1.14025e+12 
1.14075e+12 
1.14125e+12 
1.14175e+12 
1.14225e+12 
1.14275e+12 
1.14325e+12 
1.14375e+12 
1.14425e+12 
1.14475e+12 
1.14525e+12 
1.14575e+12 
1.14625e+12 
1.14675e+12 
1.14725e+12 
1.14775e+12 
1.14825e+12 
1.14875e+12 
1.14925e+12 
1.14975e+12 
1.15025e+12 
1.15075e+12 
1.15125e+12 
1.15175e+12 
1.15225e+12 
1.15275e+12 
1.15325e+12 
1.15375e+12 
1.15425e+12 
1.15475e+12 
1.15525e+12 
1.15575e+12 
1.15625e+12 
1.15675e+12 
1.15725e+12 
1.15775e+12 
1.15825e+12 
1.15875e+12 
1.15925e+12 
1.15975e+12 
1.16025e+12 
1.16075e+12 
1.16125e+12 
1.16175e+12 
1.16225e+12 
1.16275e+12 
1.16325e+12 
1.16375e+12 
1.16425e+12 
1.16475e+12 
1.16525e+12 
1.16575e+12 
1.16625e+12 
1.16675e+12 
1.16725e+12 
1.16775e+12 
1.16825e+12 
1.16875e+12 
1.16925e+12 
1.16975e+12 
1.17025e+12 
1.17075e+12 
1.17125e+12 
1.17175e+12 
1.17225e+12 
1.17275e+12 
1.17325e+12 
1.17375e+12 
1.17425e+12 
1.17475e+12 
1.17525e+12 
1.17575e+12 
1.17625e+12 
1.17675e+12 
1.17725e+12 
1.17775e+12 
1.17825e+12 
1.17875e+12 
1.17925e+12 
1.17975e+12 
1.18025e+12 
1.18075e+12 
1.18125e+12 
1.18175e+12 
1.18225e+12 
1.18275e+12 
1.18325e+12 
1.18375e+12 
1.18425e+12 
1.18475e+12 
1.18525e+12 
1.18575e+12 
1.18625e+12 
1.18675e+12 
1.18725e+12 
1.18775e+12 
1.18825e+12 
1.18875e+12 
1.18925e+12 
1.18975e+12 
1.19025e+12 
1.19075e+12 
1.19125e+12 
1.19175e+12 
1.19225e+12 
1.19275e+12 
1.19325e+12 
1.19375e+12 
1.19425e+12 
1.19475e+12 
1.19525e+12 
1.19575e+12 
1.19625e+12 
1.19675e+12 
1.19725e+12 
1.19775e+12 
1.19825e+12 
1.19875e+12 
1.19925e+12 
1.19975e+12 
1.20025e+12 
1.20075e+12 
1.20125e+12 
1.20175e+12 
1.20225e+12 
1.20275e+12 
1.20325e+12 
1.20375e+12 
1.20425e+12 
1.20475e+12 
1.20525e+12 
1.20575e+12 
1.20625e+12 
1.20675e+12 
1.20725e+12 
1.20775e+12 
1.20825e+12 
1.20875e+12 
1.20925e+12 
1.20975e+12 
1.21025e+12 
1.21075e+12 
1.21125e+12 
1.21175e+12 
1.21225e+12 
1.21275e+12 
1.21325e+12 
1.21375e+12 
1.21425e+12 
1.21475e+12 
1.21525e+12 
1.21575e+12 
1.21625e+12 
1.21675e+12 
1.21725e+12 
1.21775e+12 
1.21825e+12 
1.21875e+12 
1.21925e+12 
1.21975e+12 
1.22025e+12 
1.22075e+12 
1.22125e+12 
1.22175e+12 
1.22225e+12 
1.22275e+12 
1.22325e+12 
1.22375e+12 
1.22425e+12 
1.22475e+12 
1.22525e+12 
1.22575e+12 
1.22625e+12 
1.22675e+12 
1.22725e+12 
1.22775e+12 
1.22825e+12 
1.22875e+12 
1.22925e+12 
1.22975e+12 
1.23025e+12 
1.23075e+12 
1.23125e+12 
1.23175e+12 
1.23225e+12 
1.23275e+12 
1.23325e+12 
1.23375e+12 
1.23425e+12 
1.23475e+12 
1.23525e+12 
1.23575e+12 
1.23625e+12 
1.23675e+12 
1.23725e+12 
1.23775e+12 
1.23825e+12 
1.23875e+12 
1.23925e+12 
1.23975e+12 
1.24025e+12 
1.24075e+12 
1.24125e+12 
1.24175e+12 
1.24225e+12 
1.24275e+12 
1.24325e+12 
1.24375e+12 
1.24425e+12 
1.24475e+12 
1.24525e+12 
1.24575e+12 
1.24625e+12 
1.24675e+12 
1.24725e+12 
1.24775e+12 
1.24825e+12 
1.24875e+12 
1.24925e+12 
1.24975e+12 
1.25025e+12 
1.25075e+12 
1.25125e+12 
1.25175e+12 
1.25225e+12 
1.25275e+12 
1.25325e+12 
1.25375e+12 
1.25425e+12 
1.25475e+12 
1.25525e+12 
1.25575e+12 
1.25625e+12 
1.25675e+12 
1.25725e+12 
1.25775e+12 
1.25825e+12 
1.25875e+12 
1.25925e+12 
1.25975e+12 
1.26025e+12 
1.26075e+12 
1.26125e+12 
1.26175e+12 
1.26225e+12 
1.26275e+12 
1.26325e+12 
1.26375e+12 
1.26425e+12 
1.26475e+12 
1.26525e+12 
1.26575e+12 
1.26625e+12 
1.26675e+12 
1.26725e+12 
1.26775e+12 
1.26825e+12 
1.26875e+12 
1.26925e+12 
1.26975e+12 
1.27025e+12 
1.27075e+12 
1.27125e+12 
1.27175e+12 
1.27225e+12 
1.27275e+12 
1.27325e+12 
1.27375e+12 
1.27425e+12 
1.27475e+12 
1.27525e+12 
1.27575e+12 
1.27625e+12 
1.27675e+12 
1.27725e+12 
1.27775e+12 
1.27825e+12 
1.27875e+12 
1.27925e+12 
1.27975e+12 
1.28025e+12 
1.28075e+12 
1.28125e+12 
1.28175e+12 
1.28225e+12 
1.28275e+12 
1.28325e+12 
1.28375e+12 
1.28425e+12 
1.28475e+12 
1.28525e+12 
1.28575e+12 
1.28625e+12 
1.28675e+12 
1.28725e+12 
1.28775e+12 
1.28825e+12 
1.28875e+12 
1.28925e+12 
1.28975e+12 
1.29025e+12 
1.29075e+12 
1.29125e+12 
1.29175e+12 
1.29225e+12 
1.29275e+12 
1.29325e+12 
1.29375e+12 
1.29425e+12 
1.29475e+12 
1.29525e+12 
1.29575e+12 
1.29625e+12 
1.29675e+12 
1.29725e+12 
1.29775e+12 
1.29825e+12 
1.29875e+12 
1.29925e+12 
1.29975e+12 
1.30025e+12 
1.30075e+12 
1.30125e+12 
1.30175e+12 
1.30225e+12 
1.30275e+12 
1.30325e+12 
1.30375e+12 
1.30425e+12 
1.30475e+12 
1.30525e+12 
1.30575e+12 
1.30625e+12 
1.30675e+12 
1.30725e+12 
1.30775e+12 
1.30825e+12 
1.30875e+12 
1.30925e+12 
1.30975e+12 
1.31025e+12 
1.31075e+12 
1.31125e+12 
1.31175e+12 
1.31225e+12 
1.31275e+12 
1.31325e+12 
1.31375e+12 
1.31425e+12 
1.31475e+12 
1.31525e+12 
1.31575e+12 
1.31625e+12 
1.31675e+12 
1.31725e+12 
1.31775e+12 
1.31825e+12 
1.31875e+12 
1.31925e+12 
1.31975e+12 
1.32025e+12 
1.32075e+12 
1.32125e+12 
1.32175e+12 
1.32225e+12 
1.32275e+12 
1.32325e+12 
1.32375e+12 
1.32425e+12 
1.32475e+12 
1.32525e+12 
1.32575e+12 
1.32625e+12 
1.32675e+12 
1.32725e+12 
1.32775e+12 
1.32825e+12 
1.32875e+12 
1.32925e+12 
1.32975e+12 
1.33025e+12 
1.33075e+12 
1.33125e+12 
1.33175e+12 
1.33225e+12 
1.33275e+12 
1.33325e+12 
1.33375e+12 
1.33425e+12 
1.33475e+12 
1.33525e+12 
1.33575e+12 
1.33625e+12 
1.33675e+12 
1.33725e+12 
1.33775e+12 
1.33825e+12 
1.33875e+12 
1.33925e+12 
1.33975e+12 
1.34025e+12 
1.34075e+12 
1.34125e+12 
1.34175e+12 
1.34225e+12 
1.34275e+12 
1.34325e+12 
1.34375e+12 
1.34425e+12 
1.34475e+12 
1.34525e+12 
1.34575e+12 
1.34625e+12 
1.34675e+12 
1.34725e+12 
1.34775e+12 
1.34825e+12 
1.34875e+12 
1.34925e+12 
1.34975e+12 
1.35025e+12 
1.35075e+12 
1.35125e+12 
1.35175e+12 
1.35225e+12 
1.35275e+12 
1.35325e+12 
1.35375e+12 
1.35425e+12 
1.35475e+12 
1.35525e+12 
1.35575e+12 
1.35625e+12 
1.35675e+12 
1.35725e+12 
1.35775e+12 
1.35825e+12 
1.35875e+12 
1.35925e+12 
1.35975e+12 
1.36025e+12 
1.36075e+12 
1.36125e+12 
1.36175e+12 
1.36225e+12 
1.36275e+12 
1.36325e+12 
1.36375e+12 
1.36425e+12 
1.36475e+12 
1.36525e+12 
1.36575e+12 
1.36625e+12 
1.36675e+12 
1.36725e+12 
1.36775e+12 
1.36825e+12 
1.36875e+12 
1.36925e+12 
1.36975e+12 
1.37025e+12 
1.37075e+12 
1.37125e+12 
1.37175e+12 
1.37225e+12 
1.37275e+12 
1.37325e+12 
1.37375e+12 
1.37425e+12 
1.37475e+12 
1.37525e+12 
1.37575e+12 
1.37625e+12 
1.37675e+12 
1.37725e+12 
1.37775e+12 
1.37825e+12 
1.37875e+12 
1.37925e+12 
1.37975e+12 
1.38025e+12 
1.38075e+12 
1.38125e+12 
1.38175e+12 
1.38225e+12 
1.38275e+12 
1.38325e+12 
1.38375e+12 
1.38425e+12 
1.38475e+12 
1.38525e+12 
1.38575e+12 
1.38625e+12 
1.38675e+12 
1.38725e+12 
1.38775e+12 
1.38825e+12 
1.38875e+12 
1.38925e+12 
1.38975e+12 
1.39025e+12 
1.39075e+12 
1.39125e+12 
1.39175e+12 
1.39225e+12 
1.39275e+12 
1.39325e+12 
1.39375e+12 
1.39425e+12 
1.39475e+12 
1.39525e+12 
1.39575e+12 
1.39625e+12 
1.39675e+12 
1.39725e+12 
1.39775e+12 
1.39825e+12 
1.39875e+12 
1.39925e+12 
1.39975e+12 
1.40025e+12 
1.40075e+12 
1.40125e+12 
1.40175e+12 
1.40225e+12 
1.40275e+12 
1.40325e+12 
1.40375e+12 
1.40425e+12 
1.40475e+12 
1.40525e+12 
1.40575e+12 
1.40625e+12 
1.40675e+12 
1.40725e+12 
1.40775e+12 
1.40825e+12 
1.40875e+12 
1.40925e+12 
1.40975e+12 
1.41025e+12 
1.41075e+12 
1.41125e+12 
1.41175e+12 
1.41225e+12 
1.41275e+12 
1.41325e+12 
1.41375e+12 
1.41425e+12 
1.41475e+12 
1.41525e+12 
1.41575e+12 
1.41625e+12 
1.41675e+12 
1.41725e+12 
1.41775e+12 
1.41825e+12 
1.41875e+12 
1.41925e+12 
1.41975e+12 
1.42025e+12 
1.42075e+12 
1.42125e+12 
1.42175e+12 
1.42225e+12 
1.42275e+12 
1.42325e+12 
1.42375e+12 
1.42425e+12 
1.42475e+12 
1.42525e+12 
1.42575e+12 
1.42625e+12 
1.42675e+12 
1.42725e+12 
1.42775e+12 
1.42825e+12 
1.42875e+12 
1.42925e+12 
1.42975e+12 
1.43025e+12 
1.43075e+12 
1.43125e+12 
1.43175e+12 
1.43225e+12 
1.43275e+12 
1.43325e+12 
1.43375e+12 
1.43425e+12 
1.43475e+12 
1.43525e+12 
1.43575e+12 
1.43625e+12 
1.43675e+12 
1.43725e+12 
1.43775e+12 
1.43825e+12 
1.43875e+12 
1.43925e+12 
1.43975e+12 
1.44025e+12 
1.44075e+12 
1.44125e+12 
1.44175e+12 
1.44225e+12 
1.44275e+12 
1.44325e+12 
1.44375e+12 
1.44425e+12 
1.44475e+12 
1.44525e+12 
1.44575e+12 
1.44625e+12 
1.44675e+12 
1.44725e+12 
1.44775e+12 
1.44825e+12 
1.44875e+12 
1.44925e+12 
1.44975e+12 
1.45025e+12 
1.45075e+12 
1.45125e+12 
1.45175e+12 
1.45225e+12 
1.45275e+12 
1.45325e+12 
1.45375e+12 
1.45425e+12 
1.45475e+12 
1.45525e+12 
1.45575e+12 
1.45625e+12 
1.45675e+12 
1.45725e+12 
1.45775e+12 
1.45825e+12 
1.45875e+12 
1.45925e+12 
1.45975e+12 
1.46025e+12 
1.46075e+12 
1.46125e+12 
1.46175e+12 
1.46225e+12 
1.46275e+12 
1.46325e+12 
1.46375e+12 
1.46425e+12 
1.46475e+12 
1.46525e+12 
1.46575e+12 
1.46625e+12 
1.46675e+12 
1.46725e+12 
1.46775e+12 
1.46825e+12 
1.46875e+12 
1.46925e+12 
1.46975e+12 
1.47025e+12 
1.47075e+12 
1.47125e+12 
1.47175e+12 
1.47225e+12 
1.47275e+12 
1.47325e+12 
1.47375e+12 
1.47425e+12 
1.47475e+12 
1.47525e+12 
1.47575e+12 
1.47625e+12 
1.47675e+12 
1.47725e+12 
1.47775e+12 
1.47825e+12 
1.47875e+12 
1.47925e+12 
1.47975e+12 
1.48025e+12 
1.48075e+12 
1.48125e+12 
1.48175e+12 
1.48225e+12 
1.48275e+12 
1.48325e+12 
1.48375e+12 
1.48425e+12 
1.48475e+12 
1.48525e+12 
1.48575e+12 
1.48625e+12 
1.48675e+12 
1.48725e+12 
1.48775e+12 
1.48825e+12 
1.48875e+12 
1.48925e+12 
1.48975e+12 
1.49025e+12 
1.49075e+12 
1.49125e+12 
1.49175e+12 
1.49225e+12 
1.49275e+12 
1.49325e+12 
1.49375e+12 
1.49425e+12 
1.49475e+12 
1.49525e+12 
1.49575e+12 
1.49625e+12 
1.49675e+12 
1.49725e+12 
1.49775e+12 
1.49825e+12 
1.49875e+12 
1.49925e+12 
1.49975e+12 
1.50025e+12 
1.50075e+12 
1.50125e+12 
1.50175e+12 
1.50225e+12 
1.50275e+12 
1.50325e+12 
1.50375e+12 
1.50425e+12 
1.50475e+12 
1.50525e+12 
1.50575e+12 
1.50625e+12 
1.50675e+12 
1.50725e+12 
1.50775e+12 
1.50825e+12 
1.50875e+12 
1.50925e+12 
1.50975e+12 
1.51025e+12 
1.51075e+12 
1.51125e+12 
1.51175e+12 
1.51225e+12 
1.51275e+12 
1.51325e+12 
1.51375e+12 
1.51425e+12 
1.51475e+12 
1.51525e+12 
1.51575e+12 
1.51625e+12 
1.51675e+12 
1.51725e+12 
1.51775e+12 
1.51825e+12 
1.51875e+12 
1.51925e+12 
1.51975e+12 
1.52025e+12 
1.52075e+12 
1.52125e+12 
1.52175e+12 
1.52225e+12 
1.52275e+12 
1.52325e+12 
1.52375e+12 
1.52425e+12 
1.52475e+12 
1.52525e+12 
1.52575e+12 
1.52625e+12 
1.52675e+12 
1.52725e+12 
1.52775e+12 
1.52825e+12 
1.52875e+12 
1.52925e+12 
1.52975e+12 
1.53025e+12 
1.53075e+12 
1.53125e+12 
1.53175e+12 
1.53225e+12 
1.53275e+12 
1.53325e+12 
1.53375e+12 
1.53425e+12 
1.53475e+12 
1.53525e+12 
1.53575e+12 
1.53625e+12 
1.53675e+12 
1.53725e+12 
1.53775e+12 
1.53825e+12 
1.53875e+12 
1.53925e+12 
1.53975e+12 
1.54025e+12 
1.54075e+12 
1.54125e+12 
1.54175e+12 
1.54225e+12 
1.54275e+12 
1.54325e+12 
1.54375e+12 
1.54425e+12 
1.54475e+12 
1.54525e+12 
1.54575e+12 
1.54625e+12 
1.54675e+12 
1.54725e+12 
1.54775e+12 
1.54825e+12 
1.54875e+12 
1.54925e+12 
1.54975e+12 
1.55025e+12 
1.55075e+12 
1.55125e+12 
1.55175e+12 
1.55225e+12 
1.55275e+12 
1.55325e+12 
1.55375e+12 
1.55425e+12 
1.55475e+12 
1.55525e+12 
1.55575e+12 
1.55625e+12 
1.55675e+12 
1.55725e+12 
1.55775e+12 
1.55825e+12 
1.55875e+12 
1.55925e+12 
1.55975e+12 
1.56025e+12 
1.56075e+12 
1.56125e+12 
1.56175e+12 
1.56225e+12 
1.56275e+12 
1.56325e+12 
1.56375e+12 
1.56425e+12 
1.56475e+12 
1.56525e+12 
1.56575e+12 
1.56625e+12 
1.56675e+12 
1.56725e+12 
1.56775e+12 
1.56825e+12 
1.56875e+12 
1.56925e+12 
1.56975e+12 
1.57025e+12 
1.57075e+12 
1.57125e+12 
1.57175e+12 
1.57225e+12 
1.57275e+12 
1.57325e+12 
1.57375e+12 
1.57425e+12 
1.57475e+12 
1.57525e+12 
1.57575e+12 
1.57625e+12 
1.57675e+12 
1.57725e+12 
1.57775e+12 
1.57825e+12 
1.57875e+12 
1.57925e+12 
1.57975e+12 
1.58025e+12 
1.58075e+12 
1.58125e+12 
1.58175e+12 
1.58225e+12 
1.58275e+12 
1.58325e+12 
1.58375e+12 
1.58425e+12 
1.58475e+12 
1.58525e+12 
1.58575e+12 
1.58625e+12 
1.58675e+12 
1.58725e+12 
1.58775e+12 
1.58825e+12 
1.58875e+12 
1.58925e+12 
1.58975e+12 
1.59025e+12 
1.59075e+12 
1.59125e+12 
1.59175e+12 
1.59225e+12 
1.59275e+12 
1.59325e+12 
1.59375e+12 
1.59425e+12 
1.59475e+12 
1.59525e+12 
1.59575e+12 
1.59625e+12 
1.59675e+12 
1.59725e+12 
1.59775e+12 
1.59825e+12 
1.59875e+12 
1.59925e+12 
1.59975e+12 
1.60025e+12 
1.60075e+12 
1.60125e+12 
1.60175e+12 
1.60225e+12 
1.60275e+12 
1.60325e+12 
1.60375e+12 
1.60425e+12 
1.60475e+12 
1.60525e+12 
1.60575e+12 
1.60625e+12 
1.60675e+12 
1.60725e+12 
1.60775e+12 
1.60825e+12 
1.60875e+12 
1.60925e+12 
1.60975e+12 
1.61025e+12 
1.61075e+12 
1.61125e+12 
1.61175e+12 
1.61225e+12 
1.61275e+12 
1.61325e+12 
1.61375e+12 
1.61425e+12 
1.61475e+12 
1.61525e+12 
1.61575e+12 
1.61625e+12 
1.61675e+12 
1.61725e+12 
1.61775e+12 
1.61825e+12 
1.61875e+12 
1.61925e+12 
1.61975e+12 
1.62025e+12 
1.62075e+12 
1.62125e+12 
1.62175e+12 
1.62225e+12 
1.62275e+12 
1.62325e+12 
1.62375e+12 
1.62425e+12 
1.62475e+12 
1.62525e+12 
1.62575e+12 
1.62625e+12 
1.62675e+12 
1.62725e+12 
1.62775e+12 
1.62825e+12 
1.62875e+12 
1.62925e+12 
1.62975e+12 
1.63025e+12 
1.63075e+12 
1.63125e+12 
1.63175e+12 
1.63225e+12 
1.63275e+12 
1.63325e+12 
1.63375e+12 
1.63425e+12 
1.63475e+12 
1.63525e+12 
1.63575e+12 
1.63625e+12 
1.63675e+12 
1.63725e+12 
1.63775e+12 
1.63825e+12 
1.63875e+12 
1.63925e+12 
1.63975e+12 
1.64025e+12 
1.64075e+12 
1.64125e+12 
1.64175e+12 
1.64225e+12 
1.64275e+12 
1.64325e+12 
1.64375e+12 
1.64425e+12 
1.64475e+12 
1.64525e+12 
1.64575e+12 
1.64625e+12 
1.64675e+12 
1.64725e+12 
1.64775e+12 
1.64825e+12 
1.64875e+12 
1.64925e+12 
1.64975e+12 
1.65025e+12 
1.65075e+12 
1.65125e+12 
1.65175e+12 
1.65225e+12 
1.65275e+12 
1.65325e+12 
1.65375e+12 
1.65425e+12 
1.65475e+12 
1.65525e+12 
1.65575e+12 
1.65625e+12 
1.65675e+12 
1.65725e+12 
1.65775e+12 
1.65825e+12 
1.65875e+12 
1.65925e+12 
1.65975e+12 
1.66025e+12 
1.66075e+12 
1.66125e+12 
1.66175e+12 
1.66225e+12 
1.66275e+12 
1.66325e+12 
1.66375e+12 
1.66425e+12 
1.66475e+12 
1.66525e+12 
1.66575e+12 
1.66625e+12 
1.66675e+12 
1.66725e+12 
1.66775e+12 
1.66825e+12 
1.66875e+12 
1.66925e+12 
1.66975e+12 
1.67025e+12 
1.67075e+12 
1.67125e+12 
1.67175e+12 
1.67225e+12 
1.67275e+12 
1.67325e+12 
1.67375e+12 
1.67425e+12 
1.67475e+12 
1.67525e+12 
1.67575e+12 
1.67625e+12 
1.67675e+12 
1.67725e+12 
1.67775e+12 
1.67825e+12 
1.67875e+12 
1.67925e+12 
1.67975e+12 
1.68025e+12 
1.68075e+12 
1.68125e+12 
1.68175e+12 
1.68225e+12 
1.68275e+12 
1.68325e+12 
1.68375e+12 
1.68425e+12 
1.68475e+12 
1.68525e+12 
1.68575e+12 
1.68625e+12 
1.68675e+12 
1.68725e+12 
1.68775e+12 
1.68825e+12 
1.68875e+12 
1.68925e+12 
1.68975e+12 
1.69025e+12 
1.69075e+12 
1.69125e+12 
1.69175e+12 
1.69225e+12 
1.69275e+12 
1.69325e+12 
1.69375e+12 
1.69425e+12 
1.69475e+12 
1.69525e+12 
1.69575e+12 
1.69625e+12 
1.69675e+12 
1.69725e+12 
1.69775e+12 
1.69825e+12 
1.69875e+12 
1.69925e+12 
1.69975e+12 
1.70025e+12 
1.70075e+12 
1.70125e+12 
1.70175e+12 
1.70225e+12 
1.70275e+12 
1.70325e+12 
1.70375e+12 
1.70425e+12 
1.70475e+12 
1.70525e+12 
1.70575e+12 
1.70625e+12 
1.70675e+12 
1.70725e+12 
1.70775e+12 
1.70825e+12 
1.70875e+12 
1.70925e+12 
1.70975e+12 
1.71025e+12 
1.71075e+12 
1.71125e+12 
1.71175e+12 
1.71225e+12 
1.71275e+12 
1.71325e+12 
1.71375e+12 
1.71425e+12 
1.71475e+12 
1.71525e+12 
1.71575e+12 
1.71625e+12 
1.71675e+12 
1.71725e+12 
1.71775e+12 
1.71825e+12 
1.71875e+12 
1.71925e+12 
1.71975e+12 
1.72025e+12 
1.72075e+12 
1.72125e+12 
1.72175e+12 
1.72225e+12 
1.72275e+12 
1.72325e+12 
1.72375e+12 
1.72425e+12 
1.72475e+12 
1.72525e+12 
1.72575e+12 
1.72625e+12 
1.72675e+12 
1.72725e+12 
1.72775e+12 
1.72825e+12 
1.72875e+12 
1.72925e+12 
1.72975e+12 
1.73025e+12 
1.73075e+12 
1.73125e+12 
1.73175e+12 
1.73225e+12 
1.73275e+12 
1.73325e+12 
1.73375e+12 
1.73425e+12 
1.73475e+12 
1.73525e+12 
1.73575e+12 
1.73625e+12 
1.73675e+12 
1.73725e+12 
1.73775e+12 
1.73825e+12 
1.73875e+12 
1.73925e+12 
1.73975e+12 
1.74025e+12 
1.74075e+12 
1.74125e+12 
1.74175e+12 
1.74225e+12 
1.74275e+12 
1.74325e+12 
1.74375e+12 
1.74425e+12 
1.74475e+12 
1.74525e+12 
1.74575e+12 
1.74625e+12 
1.74675e+12 
1.74725e+12 
1.74775e+12 
1.74825e+12 
1.74875e+12 
1.74925e+12 
1.74975e+12 
1.75025e+12 
1.75075e+12 
1.75125e+12 
1.75175e+12 
1.75225e+12 
1.75275e+12 
1.75325e+12 
1.75375e+12 
1.75425e+12 
1.75475e+12 
1.75525e+12 
1.75575e+12 
1.75625e+12 
1.75675e+12 
1.75725e+12 
1.75775e+12 
1.75825e+12 
1.75875e+12 
1.75925e+12 
1.75975e+12 
1.76025e+12 
1.76075e+12 
1.76125e+12 
1.76175e+12 
1.76225e+12 
1.76275e+12 
1.76325e+12 
1.76375e+12 
1.76425e+12 
1.76475e+12 
1.76525e+12 
1.76575e+12 
1.76625e+12 
1.76675e+12 
1.76725e+12 
1.76775e+12 
1.76825e+12 
1.76875e+12 
1.76925e+12 
1.76975e+12 
1.77025e+12 
1.77075e+12 
1.77125e+12 
1.77175e+12 
1.77225e+12 
1.77275e+12 
1.77325e+12 
1.77375e+12 
1.77425e+12 
1.77475e+12 
1.77525e+12 
1.77575e+12 
1.77625e+12 
1.77675e+12 
1.77725e+12 
1.77775e+12 
1.77825e+12 
1.77875e+12 
1.77925e+12 
1.77975e+12 
1.78025e+12 
1.78075e+12 
1.78125e+12 
1.78175e+12 
1.78225e+12 
1.78275e+12 
1.78325e+12 
1.78375e+12 
1.78425e+12 
1.78475e+12 
1.78525e+12 
1.78575e+12 
1.78625e+12 
1.78675e+12 
1.78725e+12 
1.78775e+12 
1.78825e+12 
1.78875e+12 
1.78925e+12 
1.78975e+12 
1.79025e+12 
1.79075e+12 
1.79125e+12 
1.79175e+12 
1.79225e+12 
1.79275e+12 
1.79325e+12 
1.79375e+12 
1.79425e+12 
1.79475e+12 
1.79525e+12 
1.79575e+12 
1.79625e+12 
1.79675e+12 
1.79725e+12 
1.79775e+12 
1.79825e+12 
1.79875e+12 
1.79925e+12 
1.79975e+12 
1.80025e+12 
1.80075e+12 
1.80125e+12 
1.80175e+12 
1.80225e+12 
1.80275e+12 
1.80325e+12 
1.80375e+12 
1.80425e+12 
1.80475e+12 
1.80525e+12 
1.80575e+12 
1.80625e+12 
1.80675e+12 
1.80725e+12 
1.80775e+12 
1.80825e+12 
1.80875e+12 
1.80925e+12 
1.80975e+12 
1.81025e+12 
1.81075e+12 
1.81125e+12 
1.81175e+12 
1.81225e+12 
1.81275e+12 
1.81325e+12 
1.81375e+12 
1.81425e+12 
1.81475e+12 
1.81525e+12 
1.81575e+12 
1.81625e+12 
1.81675e+12 
1.81725e+12 
1.81775e+12 
1.81825e+12 
1.81875e+12 
1.81925e+12 
1.81975e+12 
1.82025e+12 
1.82075e+12 
1.82125e+12 
1.82175e+12 
1.82225e+12 
1.82275e+12 
1.82325e+12 
1.82375e+12 
1.82425e+12 
1.82475e+12 
1.82525e+12 
1.82575e+12 
1.82625e+12 
1.82675e+12 
1.82725e+12 
1.82775e+12 
1.82825e+12 
1.82875e+12 
1.82925e+12 
1.82975e+12 
1.83025e+12 
1.83075e+12 
1.83125e+12 
1.83175e+12 
1.83225e+12 
1.83275e+12 
1.83325e+12 
1.83375e+12 
1.83425e+12 
1.83475e+12 
1.83525e+12 
1.83575e+12 
1.83625e+12 
1.83675e+12 
1.83725e+12 
1.83775e+12 
1.83825e+12 
1.83875e+12 
1.83925e+12 
1.83975e+12 
1.84025e+12 
1.84075e+12 
1.84125e+12 
1.84175e+12 
1.84225e+12 
1.84275e+12 
1.84325e+12 
1.84375e+12 
1.84425e+12 
1.84475e+12 
1.84525e+12 
1.84575e+12 
1.84625e+12 
1.84675e+12 
1.84725e+12 
1.84775e+12 
1.84825e+12 
1.84875e+12 
1.84925e+12 
1.84975e+12 
1.85025e+12 
1.85075e+12 
1.85125e+12 
1.85175e+12 
1.85225e+12 
1.85275e+12 
1.85325e+12 
1.85375e+12 
1.85425e+12 
1.85475e+12 
1.85525e+12 
1.85575e+12 
1.85625e+12 
1.85675e+12 
1.85725e+12 
1.85775e+12 
1.85825e+12 
1.85875e+12 
1.85925e+12 
1.85975e+12 
1.86025e+12 
1.86075e+12 
1.86125e+12 
1.86175e+12 
1.86225e+12 
1.86275e+12 
1.86325e+12 
1.86375e+12 
1.86425e+12 
1.86475e+12 
1.86525e+12 
1.86575e+12 
1.86625e+12 
1.86675e+12 
1.86725e+12 
1.86775e+12 
1.86825e+12 
1.86875e+12 
1.86925e+12 
1.86975e+12 
1.87025e+12 
1.87075e+12 
1.87125e+12 
1.87175e+12 
1.87225e+12 
1.87275e+12 
1.87325e+12 
1.87375e+12 
1.87425e+12 
1.87475e+12 
1.87525e+12 
1.87575e+12 
1.87625e+12 
1.87675e+12 
1.87725e+12 
1.87775e+12 
1.87825e+12 
1.87875e+12 
1.87925e+12 
1.87975e+12 
1.88025e+12 
1.88075e+12 
1.88125e+12 
1.88175e+12 
1.88225e+12 
1.88275e+12 
1.88325e+12 
1.88375e+12 
1.88425e+12 
1.88475e+12 
1.88525e+12 
1.88575e+12 
1.88625e+12 
1.88675e+12 
1.88725e+12 
1.88775e+12 
1.88825e+12 
1.88875e+12 
1.88925e+12 
1.88975e+12 
1.89025e+12 
1.89075e+12 
1.89125e+12 
1.89175e+12 
1.89225e+12 
1.89275e+12 
1.89325e+12 
1.89375e+12 
1.89425e+12 
1.89475e+12 
1.89525e+12 
1.89575e+12 
1.89625e+12 
1.89675e+12 
1.89725e+12 
1.89775e+12 
1.89825e+12 
1.89875e+12 
1.89925e+12 
1.89975e+12 
1.90025e+12 
1.90075e+12 
1.90125e+12 
1.90175e+12 
1.90225e+12 
1.90275e+12 
1.90325e+12 
1.90375e+12 
1.90425e+12 
1.90475e+12 
1.90525e+12 
1.90575e+12 
1.90625e+12 
1.90675e+12 
1.90725e+12 
1.90775e+12 
1.90825e+12 
1.90875e+12 
1.90925e+12 
1.90975e+12 
1.91025e+12 
1.91075e+12 
1.91125e+12 
1.91175e+12 
1.91225e+12 
1.91275e+12 
1.91325e+12 
1.91375e+12 
1.91425e+12 
1.91475e+12 
1.91525e+12 
1.91575e+12 
1.91625e+12 
1.91675e+12 
1.91725e+12 
1.91775e+12 
1.91825e+12 
1.91875e+12 
1.91925e+12 
1.91975e+12 
1.92025e+12 
1.92075e+12 
1.92125e+12 
1.92175e+12 
1.92225e+12 
1.92275e+12 
1.92325e+12 
1.92375e+12 
1.92425e+12 
1.92475e+12 
1.92525e+12 
1.92575e+12 
1.92625e+12 
1.92675e+12 
1.92725e+12 
1.92775e+12 
1.92825e+12 
1.92875e+12 
1.92925e+12 
1.92975e+12 
1.93025e+12 
1.93075e+12 
1.93125e+12 
1.93175e+12 
1.93225e+12 
1.93275e+12 
1.93325e+12 
1.93375e+12 
1.93425e+12 
1.93475e+12 
1.93525e+12 
1.93575e+12 
1.93625e+12 
1.93675e+12 
1.93725e+12 
1.93775e+12 
1.93825e+12 
1.93875e+12 
1.93925e+12 
1.93975e+12 
1.94025e+12 
1.94075e+12 
1.94125e+12 
1.94175e+12 
1.94225e+12 
1.94275e+12 
1.94325e+12 
1.94375e+12 
1.94425e+12 
1.94475e+12 
1.94525e+12 
1.94575e+12 
1.94625e+12 
1.94675e+12 
1.94725e+12 
1.94775e+12 
1.94825e+12 
1.94875e+12 
1.94925e+12 
1.94975e+12 
1.95025e+12 
1.95075e+12 
1.95125e+12 
1.95175e+12 
1.95225e+12 
1.95275e+12 
1.95325e+12 
1.95375e+12 
1.95425e+12 
1.95475e+12 
1.95525e+12 
1.95575e+12 
1.95625e+12 
1.95675e+12 
1.95725e+12 
1.95775e+12 
1.95825e+12 
1.95875e+12 
1.95925e+12 
1.95975e+12 
1.96025e+12 
1.96075e+12 
1.96125e+12 
1.96175e+12 
1.96225e+12 
1.96275e+12 
1.96325e+12 
1.96375e+12 
1.96425e+12 
1.96475e+12 
1.96525e+12 
1.96575e+12 
1.96625e+12 
1.96675e+12 
1.96725e+12 
1.96775e+12 
1.96825e+12 
1.96875e+12 
1.96925e+12 
1.96975e+12 
1.97025e+12 
1.97075e+12 
1.97125e+12 
1.97175e+12 
1.97225e+12 
1.97275e+12 
1.97325e+12 
1.97375e+12 
1.97425e+12 
1.97475e+12 
1.97525e+12 
1.97575e+12 
1.97625e+12 
1.97675e+12 
1.97725e+12 
1.97775e+12 
1.97825e+12 
1.97875e+12 
1.97925e+12 
1.97975e+12 
1.98025e+12 
1.98075e+12 
1.98125e+12 
1.98175e+12 
1.98225e+12 
1.98275e+12 
1.98325e+12 
1.98375e+12 
1.98425e+12 
1.98475e+12 
1.98525e+12 
1.98575e+12 
1.98625e+12 
1.98675e+12 
1.98725e+12 
1.98775e+12 
1.98825e+12 
1.98875e+12 
1.98925e+12 
1.98975e+12 
1.99025e+12 
1.99075e+12 
1.99125e+12 
1.99175e+12 
1.99225e+12 
1.99275e+12 
1.99325e+12 
1.99375e+12 
1.99425e+12 
1.99475e+12 
1.99525e+12 
1.99575e+12 
1.99625e+12 
1.99675e+12 
1.99725e+12 
1.99775e+12 
1.99825e+12 
1.99875e+12 
1.99925e+12 
1.99975e+12 
2.00025e+12 
2.00075e+12 
2.00125e+12 
2.00175e+12 
2.00225e+12 
2.00275e+12 
2.00325e+12 
2.00375e+12 
2.00425e+12 
2.00475e+12 
2.00525e+12 
2.00575e+12 
2.00625e+12 
2.00675e+12 
2.00725e+12 
2.00775e+12 
2.00825e+12 
2.00875e+12 
2.00925e+12 
2.00975e+12 
2.01025e+12 
2.01075e+12 
2.01125e+12 
2.01175e+12 
2.01225e+12 
2.01275e+12 
2.01325e+12 
2.01375e+12 
2.01425e+12 
2.01475e+12 
2.01525e+12 
2.01575e+12 
2.01625e+12 
2.01675e+12 
2.01725e+12 
2.01775e+12 
2.01825e+12 
2.01875e+12 
2.01925e+12 
2.01975e+12 
2.02025e+12 
2.02075e+12 
2.02125e+12 
2.02175e+12 
2.02225e+12 
2.02275e+12 
2.02325e+12 
2.02375e+12 
2.02425e+12 
2.02475e+12 
2.02525e+12 
2.02575e+12 
2.02625e+12 
2.02675e+12 
2.02725e+12 
2.02775e+12 
2.02825e+12 
2.02875e+12 
2.02925e+12 
2.02975e+12 
2.03025e+12 
2.03075e+12 
2.03125e+12 
2.03175e+12 
2.03225e+12 
2.03275e+12 
2.03325e+12 
2.03375e+12 
2.03425e+12 
2.03475e+12 
2.03525e+12 
2.03575e+12 
2.03625e+12 
2.03675e+12 
2.03725e+12 
2.03775e+12 
2.03825e+12 
2.03875e+12 
2.03925e+12 
2.03975e+12 
2.04025e+12 
2.04075e+12 
2.04125e+12 
2.04175e+12 
2.04225e+12 
2.04275e+12 
2.04325e+12 
2.04375e+12 
2.04425e+12 
2.04475e+12 
2.04525e+12 
2.04575e+12 
2.04625e+12 
2.04675e+12 
2.04725e+12 
2.04775e+12 
2.04825e+12 
2.04875e+12 
2.04925e+12 
2.04975e+12 
2.05025e+12 
2.05075e+12 
2.05125e+12 
2.05175e+12 
2.05225e+12 
2.05275e+12 
2.05325e+12 
2.05375e+12 
2.05425e+12 
2.05475e+12 
2.05525e+12 
2.05575e+12 
2.05625e+12 
2.05675e+12 
2.05725e+12 
2.05775e+12 
2.05825e+12 
2.05875e+12 
2.05925e+12 
2.05975e+12 
2.06025e+12 
2.06075e+12 
2.06125e+12 
2.06175e+12 
2.06225e+12 
2.06275e+12 
2.06325e+12 
2.06375e+12 
2.06425e+12 
2.06475e+12 
2.06525e+12 
2.06575e+12 
2.06625e+12 
2.06675e+12 
2.06725e+12 
2.06775e+12 
2.06825e+12 
2.06875e+12 
2.06925e+12 
2.06975e+12 
2.07025e+12 
2.07075e+12 
2.07125e+12 
2.07175e+12 
2.07225e+12 
2.07275e+12 
2.07325e+12 
2.07375e+12 
2.07425e+12 
2.07475e+12 
2.07525e+12 
2.07575e+12 
2.07625e+12 
2.07675e+12 
2.07725e+12 
2.07775e+12 
2.07825e+12 
2.07875e+12 
2.07925e+12 
2.07975e+12 
2.08025e+12 
2.08075e+12 
2.08125e+12 
2.08175e+12 
2.08225e+12 
2.08275e+12 
2.08325e+12 
2.08375e+12 
2.08425e+12 
2.08475e+12 
2.08525e+12 
2.08575e+12 
2.08625e+12 
2.08675e+12 
2.08725e+12 
2.08775e+12 
2.08825e+12 
2.08875e+12 
2.08925e+12 
2.08975e+12 
2.09025e+12 
2.09075e+12 
2.09125e+12 
2.09175e+12 
2.09225e+12 
2.09275e+12 
2.09325e+12 
2.09375e+12 
2.09425e+12 
2.09475e+12 
2.09525e+12 
2.09575e+12 
2.09625e+12 
2.09675e+12 
2.09725e+12 
2.09775e+12 
2.09825e+12 
2.09875e+12 
2.09925e+12 
2.09975e+12 
2.10025e+12 
2.10075e+12 
2.10125e+12 
2.10175e+12 
2.10225e+12 
2.10275e+12 
2.10325e+12 
2.10375e+12 
2.10425e+12 
2.10475e+12 
2.10525e+12 
2.10575e+12 
2.10625e+12 
2.10675e+12 
2.10725e+12 
2.10775e+12 
2.10825e+12 
2.10875e+12 
2.10925e+12 
2.10975e+12 
2.11025e+12 
2.11075e+12 
2.11125e+12 
2.11175e+12 
2.11225e+12 
2.11275e+12 
2.11325e+12 
2.11375e+12 
2.11425e+12 
2.11475e+12 
2.11525e+12 
2.11575e+12 
2.11625e+12 
2.11675e+12 
2.11725e+12 
2.11775e+12 
2.11825e+12 
2.11875e+12 
2.11925e+12 
2.11975e+12 
2.12025e+12 
2.12075e+12 
2.12125e+12 
2.12175e+12 
2.12225e+12 
2.12275e+12 
2.12325e+12 
2.12375e+12 
2.12425e+12 
2.12475e+12 
2.12525e+12 
2.12575e+12 
2.12625e+12 
2.12675e+12 
2.12725e+12 
2.12775e+12 
2.12825e+12 
2.12875e+12 
2.12925e+12 
2.12975e+12 
2.13025e+12 
2.13075e+12 
2.13125e+12 
2.13175e+12 
2.13225e+12 
2.13275e+12 
2.13325e+12 
2.13375e+12 
2.13425e+12 
2.13475e+12 
2.13525e+12 
2.13575e+12 
2.13625e+12 
2.13675e+12 
2.13725e+12 
2.13775e+12 
2.13825e+12 
2.13875e+12 
2.13925e+12 
2.13975e+12 
2.14025e+12 
2.14075e+12 
2.14125e+12 
2.14175e+12 
2.14225e+12 
2.14275e+12 
2.14325e+12 
2.14375e+12 
2.14425e+12 
2.14475e+12 
2.14525e+12 
2.14575e+12 
2.14625e+12 
2.14675e+12 
2.14725e+12 
2.14775e+12 
2.14825e+12 
2.14875e+12 
2.14925e+12 
2.14975e+12 
2.15025e+12 
2.15075e+12 
2.15125e+12 
2.15175e+12 
2.15225e+12 
2.15275e+12 
2.15325e+12 
2.15375e+12 
2.15425e+12 
2.15475e+12 
2.15525e+12 
2.15575e+12 
2.15625e+12 
2.15675e+12 
2.15725e+12 
2.15775e+12 
2.15825e+12 
2.15875e+12 
2.15925e+12 
2.15975e+12 
2.16025e+12 
2.16075e+12 
2.16125e+12 
2.16175e+12 
2.16225e+12 
2.16275e+12 
2.16325e+12 
2.16375e+12 
2.16425e+12 
2.16475e+12 
2.16525e+12 
2.16575e+12 
2.16625e+12 
2.16675e+12 
2.16725e+12 
2.16775e+12 
2.16825e+12 
2.16875e+12 
2.16925e+12 
2.16975e+12 
2.17025e+12 
2.17075e+12 
2.17125e+12 
2.17175e+12 
2.17225e+12 
2.17275e+12 
2.17325e+12 
2.17375e+12 
2.17425e+12 
2.17475e+12 
2.17525e+12 
2.17575e+12 
2.17625e+12 
2.17675e+12 
2.17725e+12 
2.17775e+12 
2.17825e+12 
2.17875e+12 
2.17925e+12 
2.17975e+12 
2.18025e+12 
2.18075e+12 
2.18125e+12 
2.18175e+12 
2.18225e+12 
2.18275e+12 
2.18325e+12 
2.18375e+12 
2.18425e+12 
2.18475e+12 
2.18525e+12 
2.18575e+12 
2.18625e+12 
2.18675e+12 
2.18725e+12 
2.18775e+12 
2.18825e+12 
2.18875e+12 
2.18925e+12 
2.18975e+12 
2.19025e+12 
2.19075e+12 
2.19125e+12 
2.19175e+12 
2.19225e+12 
2.19275e+12 
2.19325e+12 
2.19375e+12 
2.19425e+12 
2.19475e+12 
2.19525e+12 
2.19575e+12 
2.19625e+12 
2.19675e+12 
2.19725e+12 
2.19775e+12 
2.19825e+12 
2.19875e+12 
2.19925e+12 
2.19975e+12 
2.20025e+12 
2.20075e+12 
2.20125e+12 
2.20175e+12 
2.20225e+12 
2.20275e+12 
2.20325e+12 
2.20375e+12 
2.20425e+12 
2.20475e+12 
2.20525e+12 
2.20575e+12 
2.20625e+12 
2.20675e+12 
2.20725e+12 
2.20775e+12 
2.20825e+12 
2.20875e+12 
2.20925e+12 
2.20975e+12 
2.21025e+12 
2.21075e+12 
2.21125e+12 
2.21175e+12 
2.21225e+12 
2.21275e+12 
2.21325e+12 
2.21375e+12 
2.21425e+12 
2.21475e+12 
2.21525e+12 
2.21575e+12 
2.21625e+12 
2.21675e+12 
2.21725e+12 
2.21775e+12 
2.21825e+12 
2.21875e+12 
2.21925e+12 
2.21975e+12 
2.22025e+12 
2.22075e+12 
2.22125e+12 
2.22175e+12 
2.22225e+12 
2.22275e+12 
2.22325e+12 
2.22375e+12 
2.22425e+12 
2.22475e+12 
2.22525e+12 
2.22575e+12 
2.22625e+12 
2.22675e+12 
2.22725e+12 
2.22775e+12 
2.22825e+12 
2.22875e+12 
2.22925e+12 
2.22975e+12 
2.23025e+12 
2.23075e+12 
2.23125e+12 
2.23175e+12 
2.23225e+12 
2.23275e+12 
2.23325e+12 
2.23375e+12 
2.23425e+12 
2.23475e+12 
2.23525e+12 
2.23575e+12 
2.23625e+12 
2.23675e+12 
2.23725e+12 
2.23775e+12 
2.23825e+12 
2.23875e+12 
2.23925e+12 
2.23975e+12 
2.24025e+12 
2.24075e+12 
2.24125e+12 
2.24175e+12 
2.24225e+12 
2.24275e+12 
2.24325e+12 
2.24375e+12 
2.24425e+12 
2.24475e+12 
2.24525e+12 
2.24575e+12 
2.24625e+12 
2.24675e+12 
2.24725e+12 
2.24775e+12 
2.24825e+12 
2.24875e+12 
2.24925e+12 
2.24975e+12 
2.25025e+12 
2.25075e+12 
2.25125e+12 
2.25175e+12 
2.25225e+12 
2.25275e+12 
2.25325e+12 
2.25375e+12 
2.25425e+12 
2.25475e+12 
2.25525e+12 
2.25575e+12 
2.25625e+12 
2.25675e+12 
2.25725e+12 
2.25775e+12 
2.25825e+12 
2.25875e+12 
2.25925e+12 
2.25975e+12 
2.26025e+12 
2.26075e+12 
2.26125e+12 
2.26175e+12 
2.26225e+12 
2.26275e+12 
2.26325e+12 
2.26375e+12 
2.26425e+12 
2.26475e+12 
2.26525e+12 
2.26575e+12 
2.26625e+12 
2.26675e+12 
2.26725e+12 
2.26775e+12 
2.26825e+12 
2.26875e+12 
2.26925e+12 
2.26975e+12 
2.27025e+12 
2.27075e+12 
2.27125e+12 
2.27175e+12 
2.27225e+12 
2.27275e+12 
2.27325e+12 
2.27375e+12 
2.27425e+12 
2.27475e+12 
2.27525e+12 
2.27575e+12 
2.27625e+12 
2.27675e+12 
2.27725e+12 
2.27775e+12 
2.27825e+12 
2.27875e+12 
2.27925e+12 
2.27975e+12 
2.28025e+12 
2.28075e+12 
2.28125e+12 
2.28175e+12 
2.28225e+12 
2.28275e+12 
2.28325e+12 
2.28375e+12 
2.28425e+12 
2.28475e+12 
2.28525e+12 
2.28575e+12 
2.28625e+12 
2.28675e+12 
2.28725e+12 
2.28775e+12 
2.28825e+12 
2.28875e+12 
2.28925e+12 
2.28975e+12 
2.29025e+12 
2.29075e+12 
2.29125e+12 
2.29175e+12 
2.29225e+12 
2.29275e+12 
2.29325e+12 
2.29375e+12 
2.29425e+12 
2.29475e+12 
2.29525e+12 
2.29575e+12 
2.29625e+12 
2.29675e+12 
2.29725e+12 
2.29775e+12 
2.29825e+12 
2.29875e+12 
2.29925e+12 
2.29975e+12 
2.30025e+12 
2.30075e+12 
2.30125e+12 
2.30175e+12 
2.30225e+12 
2.30275e+12 
2.30325e+12 
2.30375e+12 
2.30425e+12 
2.30475e+12 
2.30525e+12 
2.30575e+12 
2.30625e+12 
2.30675e+12 
2.30725e+12 
2.30775e+12 
2.30825e+12 
2.30875e+12 
2.30925e+12 
2.30975e+12 
2.31025e+12 
2.31075e+12 
2.31125e+12 
2.31175e+12 
2.31225e+12 
2.31275e+12 
2.31325e+12 
2.31375e+12 
2.31425e+12 
2.31475e+12 
2.31525e+12 
2.31575e+12 
2.31625e+12 
2.31675e+12 
2.31725e+12 
2.31775e+12 
2.31825e+12 
2.31875e+12 
2.31925e+12 
2.31975e+12 
2.32025e+12 
2.32075e+12 
2.32125e+12 
2.32175e+12 
2.32225e+12 
2.32275e+12 
2.32325e+12 
2.32375e+12 
2.32425e+12 
2.32475e+12 
2.32525e+12 
2.32575e+12 
2.32625e+12 
2.32675e+12 
2.32725e+12 
2.32775e+12 
2.32825e+12 
2.32875e+12 
2.32925e+12 
2.32975e+12 
2.33025e+12 
2.33075e+12 
2.33125e+12 
2.33175e+12 
2.33225e+12 
2.33275e+12 
2.33325e+12 
2.33375e+12 
2.33425e+12 
2.33475e+12 
2.33525e+12 
2.33575e+12 
2.33625e+12 
2.33675e+12 
2.33725e+12 
2.33775e+12 
2.33825e+12 
2.33875e+12 
2.33925e+12 
2.33975e+12 
2.34025e+12 
2.34075e+12 
2.34125e+12 
2.34175e+12 
2.34225e+12 
2.34275e+12 
2.34325e+12 
2.34375e+12 
2.34425e+12 
2.34475e+12 
2.34525e+12 
2.34575e+12 
2.34625e+12 
2.34675e+12 
2.34725e+12 
2.34775e+12 
2.34825e+12 
2.34875e+12 
2.34925e+12 
2.34975e+12 
2.35025e+12 
2.35075e+12 
2.35125e+12 
2.35175e+12 
2.35225e+12 
2.35275e+12 
2.35325e+12 
2.35375e+12 
2.35425e+12 
2.35475e+12 
2.35525e+12 
2.35575e+12 
2.35625e+12 
2.35675e+12 
2.35725e+12 
2.35775e+12 
2.35825e+12 
2.35875e+12 
2.35925e+12 
2.35975e+12 
2.36025e+12 
2.36075e+12 
2.36125e+12 
2.36175e+12 
2.36225e+12 
2.36275e+12 
2.36325e+12 
2.36375e+12 
2.36425e+12 
2.36475e+12 
2.36525e+12 
2.36575e+12 
2.36625e+12 
2.36675e+12 
2.36725e+12 
2.36775e+12 
2.36825e+12 
2.36875e+12 
2.36925e+12 
2.36975e+12 
2.37025e+12 
2.37075e+12 
2.37125e+12 
2.37175e+12 
2.37225e+12 
2.37275e+12 
2.37325e+12 
2.37375e+12 
2.37425e+12 
2.37475e+12 
2.37525e+12 
2.37575e+12 
2.37625e+12 
2.37675e+12 
2.37725e+12 
2.37775e+12 
2.37825e+12 
2.37875e+12 
2.37925e+12 
2.37975e+12 
2.38025e+12 
2.38075e+12 
2.38125e+12 
2.38175e+12 
2.38225e+12 
2.38275e+12 
2.38325e+12 
2.38375e+12 
2.38425e+12 
2.38475e+12 
2.38525e+12 
2.38575e+12 
2.38625e+12 
2.38675e+12 
2.38725e+12 
2.38775e+12 
2.38825e+12 
2.38875e+12 
2.38925e+12 
2.38975e+12 
2.39025e+12 
2.39075e+12 
2.39125e+12 
2.39175e+12 
2.39225e+12 
2.39275e+12 
2.39325e+12 
2.39375e+12 
2.39425e+12 
2.39475e+12 
2.39525e+12 
2.39575e+12 
2.39625e+12 
2.39675e+12 
2.39725e+12 
2.39775e+12 
2.39825e+12 
2.39875e+12 
2.39925e+12 
2.39975e+12 
2.40025e+12 
2.40075e+12 
2.40125e+12 
2.40175e+12 
2.40225e+12 
2.40275e+12 
2.40325e+12 
2.40375e+12 
2.40425e+12 
2.40475e+12 
2.40525e+12 
2.40575e+12 
2.40625e+12 
2.40675e+12 
2.40725e+12 
2.40775e+12 
2.40825e+12 
2.40875e+12 
2.40925e+12 
2.40975e+12 
2.41025e+12 
2.41075e+12 
2.41125e+12 
2.41175e+12 
2.41225e+12 
2.41275e+12 
2.41325e+12 
2.41375e+12 
2.41425e+12 
2.41475e+12 
2.41525e+12 
2.41575e+12 
2.41625e+12 
2.41675e+12 
2.41725e+12 
2.41775e+12 
2.41825e+12 
2.41875e+12 
2.41925e+12 
2.41975e+12 
2.42025e+12 
2.42075e+12 
2.42125e+12 
2.42175e+12 
2.42225e+12 
2.42275e+12 
2.42325e+12 
2.42375e+12 
2.42425e+12 
2.42475e+12 
2.42525e+12 
2.42575e+12 
2.42625e+12 
2.42675e+12 
2.42725e+12 
2.42775e+12 
2.42825e+12 
2.42875e+12 
2.42925e+12 
2.42975e+12 
2.43025e+12 
2.43075e+12 
2.43125e+12 
2.43175e+12 
2.43225e+12 
2.43275e+12 
2.43325e+12 
2.43375e+12 
2.43425e+12 
2.43475e+12 
2.43525e+12 
2.43575e+12 
2.43625e+12 
2.43675e+12 
2.43725e+12 
2.43775e+12 
2.43825e+12 
2.43875e+12 
2.43925e+12 
2.43975e+12 
2.44025e+12 
2.44075e+12 
2.44125e+12 
2.44175e+12 
2.44225e+12 
2.44275e+12 
2.44325e+12 
2.44375e+12 
2.44425e+12 
2.44475e+12 
2.44525e+12 
2.44575e+12 
2.44625e+12 
2.44675e+12 
2.44725e+12 
2.44775e+12 
2.44825e+12 
2.44875e+12 
2.44925e+12 
2.44975e+12 
2.45025e+12 
2.45075e+12 
2.45125e+12 
2.45175e+12 
2.45225e+12 
2.45275e+12 
2.45325e+12 
2.45375e+12 
2.45425e+12 
2.45475e+12 
2.45525e+12 
2.45575e+12 
2.45625e+12 
2.45675e+12 
2.45725e+12 
2.45775e+12 
2.45825e+12 
2.45875e+12 
2.45925e+12 
2.45975e+12 
2.46025e+12 
2.46075e+12 
2.46125e+12 
2.46175e+12 
2.46225e+12 
2.46275e+12 
2.46325e+12 
2.46375e+12 
2.46425e+12 
2.46475e+12 
2.46525e+12 
2.46575e+12 
2.46625e+12 
2.46675e+12 
2.46725e+12 
2.46775e+12 
2.46825e+12 
2.46875e+12 
2.46925e+12 
2.46975e+12 
2.47025e+12 
2.47075e+12 
2.47125e+12 
2.47175e+12 
2.47225e+12 
2.47275e+12 
2.47325e+12 
2.47375e+12 
2.47425e+12 
2.47475e+12 
2.47525e+12 
2.47575e+12 
2.47625e+12 
2.47675e+12 
2.47725e+12 
2.47775e+12 
2.47825e+12 
2.47875e+12 
2.47925e+12 
2.47975e+12 
2.48025e+12 
2.48075e+12 
2.48125e+12 
2.48175e+12 
2.48225e+12 
2.48275e+12 
2.48325e+12 
2.48375e+12 
2.48425e+12 
2.48475e+12 
2.48525e+12 
2.48575e+12 
2.48625e+12 
2.48675e+12 
2.48725e+12 
2.48775e+12 
2.48825e+12 
2.48875e+12 
2.48925e+12 
2.48975e+12 
2.49025e+12 
2.49075e+12 
2.49125e+12 
2.49175e+12 
2.49225e+12 
2.49275e+12 
2.49325e+12 
2.49375e+12 
2.49425e+12 
2.49475e+12 
2.49525e+12 
2.49575e+12 
2.49625e+12 
2.49675e+12 
2.49725e+12 
2.49775e+12 
2.49825e+12 
2.49875e+12 
2.49925e+12 
2.49975e+12 
MATMUL (CUDA) of size (M,N,K)     5000  5000 1 : min/avg/max: 0.000433084  0.00311355   0.0539331 seconds or   577256 GFLOPS/s or  230.995 GB/s
