6.24875e+10 
6.24875e+10 
6.24875e+10 
6.24875e+10 
6.24875e+10 
6.24875e+10 
6.24875e+10 
6.24875e+10 
6.24875e+10 
6.24875e+10 
6.24876e+10 
6.24876e+10 
6.24876e+10 
6.24876e+10 
6.24876e+10 
6.24876e+10 
6.24876e+10 
6.24876e+10 
6.24876e+10 
6.24876e+10 
6.24876e+10 
6.24876e+10 
6.24876e+10 
6.24876e+10 
6.24876e+10 
6.24876e+10 
6.24876e+10 
6.24876e+10 
6.24876e+10 
6.24876e+10 
6.24876e+10 
6.24876e+10 
6.24877e+10 
6.24877e+10 
6.24877e+10 
6.24877e+10 
6.24877e+10 
6.24877e+10 
6.24877e+10 
6.24877e+10 
6.24877e+10 
6.24877e+10 
6.24877e+10 
6.24877e+10 
6.24877e+10 
6.24877e+10 
6.24877e+10 
6.24877e+10 
6.24877e+10 
6.24878e+10 
6.24878e+10 
6.24878e+10 
6.24878e+10 
6.24878e+10 
6.24878e+10 
6.24878e+10 
6.24878e+10 
6.24878e+10 
6.24878e+10 
6.24878e+10 
6.24878e+10 
6.24878e+10 
6.24878e+10 
6.24878e+10 
6.24878e+10 
6.24878e+10 
6.24878e+10 
6.24878e+10 
6.24878e+10 
6.24878e+10 
6.24878e+10 
6.24878e+10 
6.24878e+10 
6.24879e+10 
6.24879e+10 
6.24879e+10 
6.24879e+10 
6.24879e+10 
6.24879e+10 
6.24879e+10 
6.24879e+10 
6.24879e+10 
6.24879e+10 
6.24879e+10 
6.24879e+10 
6.24879e+10 
6.24879e+10 
6.24879e+10 
6.24879e+10 
6.24879e+10 
6.2488e+10 
6.2488e+10 
6.2488e+10 
6.2488e+10 
6.2488e+10 
6.2488e+10 
6.2488e+10 
6.2488e+10 
6.2488e+10 
6.2488e+10 
6.2488e+10 
6.2488e+10 
6.2488e+10 
6.2488e+10 
6.2488e+10 
6.2488e+10 
6.2488e+10 
6.2488e+10 
6.2488e+10 
6.2488e+10 
6.2488e+10 
6.2488e+10 
6.2488e+10 
6.24881e+10 
6.24881e+10 
6.24881e+10 
6.24881e+10 
6.24881e+10 
6.24881e+10 
6.24881e+10 
6.24881e+10 
6.24881e+10 
6.24881e+10 
6.24881e+10 
6.24881e+10 
6.24881e+10 
6.24881e+10 
6.24881e+10 
6.24881e+10 
6.24882e+10 
6.24882e+10 
6.24882e+10 
6.24882e+10 
6.24882e+10 
6.24882e+10 
6.24882e+10 
6.24882e+10 
6.24882e+10 
6.24882e+10 
6.24882e+10 
6.24882e+10 
6.24882e+10 
6.24882e+10 
6.24882e+10 
6.24882e+10 
6.24882e+10 
6.24882e+10 
6.24882e+10 
6.24882e+10 
6.24882e+10 
6.24882e+10 
6.24882e+10 
6.24882e+10 
6.24883e+10 
6.24883e+10 
6.24883e+10 
6.24883e+10 
6.24883e+10 
6.24883e+10 
6.24883e+10 
6.24883e+10 
6.24883e+10 
6.24883e+10 
6.24883e+10 
6.24883e+10 
6.24883e+10 
6.24883e+10 
6.24883e+10 
6.24883e+10 
6.24883e+10 
6.24884e+10 
6.24884e+10 
6.24884e+10 
6.24884e+10 
6.24884e+10 
6.24884e+10 
6.24884e+10 
6.24884e+10 
6.24884e+10 
6.24884e+10 
6.24884e+10 
6.24884e+10 
6.24884e+10 
6.24884e+10 
6.24884e+10 
6.24884e+10 
6.24884e+10 
6.24884e+10 
6.24884e+10 
6.24884e+10 
6.24884e+10 
6.24884e+10 
6.24885e+10 
6.24885e+10 
6.24885e+10 
6.24885e+10 
6.24885e+10 
6.24885e+10 
6.24885e+10 
6.24885e+10 
6.24885e+10 
6.24885e+10 
6.24885e+10 
6.24885e+10 
6.24885e+10 
6.24885e+10 
6.24885e+10 
6.24885e+10 
6.24885e+10 
6.24885e+10 
6.24886e+10 
6.24886e+10 
6.24886e+10 
6.24886e+10 
6.24886e+10 
6.24886e+10 
6.24886e+10 
6.24886e+10 
6.24886e+10 
6.24886e+10 
6.24886e+10 
6.24886e+10 
6.24886e+10 
6.24886e+10 
6.24886e+10 
6.24886e+10 
6.24886e+10 
6.24886e+10 
6.24886e+10 
6.24886e+10 
6.24886e+10 
6.24886e+10 
6.24886e+10 
6.24887e+10 
6.24887e+10 
6.24887e+10 
6.24887e+10 
6.24887e+10 
6.24887e+10 
6.24887e+10 
6.24887e+10 
6.24887e+10 
6.24887e+10 
6.24887e+10 
6.24887e+10 
6.24887e+10 
6.24887e+10 
6.24887e+10 
6.24887e+10 
6.24887e+10 
6.24888e+10 
6.24888e+10 
6.24888e+10 
6.24888e+10 
6.24888e+10 
6.24888e+10 
6.24888e+10 
6.24888e+10 
6.24888e+10 
6.24888e+10 
6.24888e+10 
6.24888e+10 
6.24888e+10 
6.24888e+10 
6.24888e+10 
6.24888e+10 
6.24888e+10 
6.24888e+10 
6.24888e+10 
6.24888e+10 
6.24888e+10 
6.24888e+10 
6.24889e+10 
6.24889e+10 
6.24889e+10 
6.24889e+10 
6.24889e+10 
6.24889e+10 
6.24889e+10 
6.24889e+10 
6.24889e+10 
6.24889e+10 
6.24889e+10 
6.24889e+10 
6.24889e+10 
6.24889e+10 
6.24889e+10 
6.24889e+10 
6.24889e+10 
6.24889e+10 
6.2489e+10 
6.2489e+10 
6.2489e+10 
6.2489e+10 
6.2489e+10 
6.2489e+10 
6.2489e+10 
6.2489e+10 
6.2489e+10 
6.2489e+10 
6.2489e+10 
6.2489e+10 
6.2489e+10 
6.2489e+10 
6.2489e+10 
6.2489e+10 
6.2489e+10 
6.2489e+10 
6.2489e+10 
6.2489e+10 
6.2489e+10 
6.2489e+10 
6.2489e+10 
6.24891e+10 
6.24891e+10 
6.24891e+10 
6.24891e+10 
6.24891e+10 
6.24891e+10 
6.24891e+10 
6.24891e+10 
6.24891e+10 
6.24891e+10 
6.24891e+10 
6.24891e+10 
6.24891e+10 
6.24891e+10 
6.24891e+10 
6.24891e+10 
6.24891e+10 
6.24892e+10 
6.24892e+10 
6.24892e+10 
6.24892e+10 
6.24892e+10 
6.24892e+10 
6.24892e+10 
6.24892e+10 
6.24892e+10 
6.24892e+10 
6.24892e+10 
6.24892e+10 
6.24892e+10 
6.24892e+10 
6.24892e+10 
6.24892e+10 
6.24892e+10 
6.24892e+10 
6.24892e+10 
6.24892e+10 
6.24892e+10 
6.24892e+10 
6.24892e+10 
6.24893e+10 
6.24893e+10 
6.24893e+10 
6.24893e+10 
6.24893e+10 
6.24893e+10 
6.24893e+10 
6.24893e+10 
6.24893e+10 
6.24893e+10 
6.24893e+10 
6.24893e+10 
6.24893e+10 
6.24893e+10 
6.24893e+10 
6.24893e+10 
6.24893e+10 
6.24894e+10 
6.24894e+10 
6.24894e+10 
6.24894e+10 
6.24894e+10 
6.24894e+10 
6.24894e+10 
6.24894e+10 
6.24894e+10 
6.24894e+10 
6.24894e+10 
6.24894e+10 
6.24894e+10 
6.24894e+10 
6.24894e+10 
6.24894e+10 
6.24894e+10 
6.24894e+10 
6.24894e+10 
6.24894e+10 
6.24894e+10 
6.24894e+10 
6.24894e+10 
6.24895e+10 
6.24895e+10 
6.24895e+10 
6.24895e+10 
6.24895e+10 
6.24895e+10 
6.24895e+10 
6.24895e+10 
6.24895e+10 
6.24895e+10 
6.24895e+10 
6.24895e+10 
6.24895e+10 
6.24895e+10 
6.24895e+10 
6.24895e+10 
6.24895e+10 
6.24896e+10 
6.24896e+10 
6.24896e+10 
6.24896e+10 
6.24896e+10 
6.24896e+10 
6.24896e+10 
6.24896e+10 
6.24896e+10 
6.24896e+10 
6.24896e+10 
6.24896e+10 
6.24896e+10 
6.24896e+10 
6.24896e+10 
6.24896e+10 
6.24896e+10 
6.24896e+10 
6.24896e+10 
6.24896e+10 
6.24896e+10 
6.24896e+10 
6.24896e+10 
6.24897e+10 
6.24897e+10 
6.24897e+10 
6.24897e+10 
6.24897e+10 
6.24897e+10 
6.24897e+10 
6.24897e+10 
6.24897e+10 
6.24897e+10 
6.24897e+10 
6.24897e+10 
6.24897e+10 
6.24897e+10 
6.24897e+10 
6.24897e+10 
6.24897e+10 
6.24898e+10 
6.24898e+10 
6.24898e+10 
6.24898e+10 
6.24898e+10 
6.24898e+10 
6.24898e+10 
6.24898e+10 
6.24898e+10 
6.24898e+10 
6.24898e+10 
6.24898e+10 
6.24898e+10 
6.24898e+10 
6.24898e+10 
6.24898e+10 
6.24898e+10 
6.24898e+10 
6.24898e+10 
6.24898e+10 
6.24898e+10 
6.24898e+10 
6.24898e+10 
6.24899e+10 
6.24899e+10 
6.24899e+10 
6.24899e+10 
6.24899e+10 
6.24899e+10 
6.24899e+10 
6.24899e+10 
6.24899e+10 
6.24899e+10 
6.24899e+10 
6.24899e+10 
6.24899e+10 
6.24899e+10 
6.24899e+10 
6.24899e+10 
6.249e+10 
6.249e+10 
6.249e+10 
6.249e+10 
6.249e+10 
6.249e+10 
6.249e+10 
6.249e+10 
6.249e+10 
6.249e+10 
6.249e+10 
6.249e+10 
6.249e+10 
6.249e+10 
6.249e+10 
6.249e+10 
6.249e+10 
6.249e+10 
6.249e+10 
6.249e+10 
6.249e+10 
6.249e+10 
6.24901e+10 
6.24901e+10 
6.24901e+10 
6.24901e+10 
6.24901e+10 
6.24901e+10 
6.24901e+10 
6.24901e+10 
6.24901e+10 
6.24901e+10 
6.24901e+10 
6.24901e+10 
6.24901e+10 
6.24901e+10 
6.24901e+10 
6.24901e+10 
6.24901e+10 
6.24901e+10 
6.24901e+10 
6.24902e+10 
6.24902e+10 
6.24902e+10 
6.24902e+10 
6.24902e+10 
6.24902e+10 
6.24902e+10 
6.24902e+10 
6.24902e+10 
6.24902e+10 
6.24902e+10 
6.24902e+10 
6.24902e+10 
6.24902e+10 
6.24902e+10 
6.24902e+10 
6.24902e+10 
6.24902e+10 
6.24902e+10 
6.24902e+10 
6.24902e+10 
6.24902e+10 
6.24902e+10 
6.24903e+10 
6.24903e+10 
6.24903e+10 
6.24903e+10 
6.24903e+10 
6.24903e+10 
6.24903e+10 
6.24903e+10 
6.24903e+10 
6.24903e+10 
6.24903e+10 
6.24903e+10 
6.24903e+10 
6.24903e+10 
6.24903e+10 
6.24903e+10 
6.24903e+10 
6.24904e+10 
6.24904e+10 
6.24904e+10 
6.24904e+10 
6.24904e+10 
6.24904e+10 
6.24904e+10 
6.24904e+10 
6.24904e+10 
6.24904e+10 
6.24904e+10 
6.24904e+10 
6.24904e+10 
6.24904e+10 
6.24904e+10 
6.24904e+10 
6.24904e+10 
6.24904e+10 
6.24904e+10 
6.24904e+10 
6.24904e+10 
6.24904e+10 
6.24904e+10 
6.24905e+10 
6.24905e+10 
6.24905e+10 
6.24905e+10 
6.24905e+10 
6.24905e+10 
6.24905e+10 
6.24905e+10 
6.24905e+10 
6.24905e+10 
6.24905e+10 
6.24905e+10 
6.24905e+10 
6.24905e+10 
6.24905e+10 
6.24905e+10 
6.24906e+10 
6.24906e+10 
6.24906e+10 
6.24906e+10 
6.24906e+10 
6.24906e+10 
6.24906e+10 
6.24906e+10 
6.24906e+10 
6.24906e+10 
6.24906e+10 
6.24906e+10 
6.24906e+10 
6.24906e+10 
6.24906e+10 
6.24906e+10 
6.24906e+10 
6.24906e+10 
6.24906e+10 
6.24906e+10 
6.24906e+10 
6.24906e+10 
6.24906e+10 
6.24906e+10 
6.24907e+10 
6.24907e+10 
6.24907e+10 
6.24907e+10 
6.24907e+10 
6.24907e+10 
6.24907e+10 
6.24907e+10 
6.24907e+10 
6.24907e+10 
6.24907e+10 
6.24907e+10 
6.24907e+10 
6.24907e+10 
6.24907e+10 
6.24907e+10 
6.24907e+10 
6.24908e+10 
6.24908e+10 
6.24908e+10 
6.24908e+10 
6.24908e+10 
6.24908e+10 
6.24908e+10 
6.24908e+10 
6.24908e+10 
6.24908e+10 
6.24908e+10 
6.24908e+10 
6.24908e+10 
6.24908e+10 
6.24908e+10 
6.24908e+10 
6.24908e+10 
6.24908e+10 
6.24908e+10 
6.24908e+10 
6.24908e+10 
6.24908e+10 
6.24908e+10 
6.24909e+10 
6.24909e+10 
6.24909e+10 
6.24909e+10 
6.24909e+10 
6.24909e+10 
6.24909e+10 
6.24909e+10 
6.24909e+10 
6.24909e+10 
6.24909e+10 
6.24909e+10 
6.24909e+10 
6.24909e+10 
6.24909e+10 
6.24909e+10 
6.24909e+10 
6.2491e+10 
6.2491e+10 
6.2491e+10 
6.2491e+10 
6.2491e+10 
6.2491e+10 
6.2491e+10 
6.2491e+10 
6.2491e+10 
6.2491e+10 
6.2491e+10 
6.2491e+10 
6.2491e+10 
6.2491e+10 
6.2491e+10 
6.2491e+10 
6.2491e+10 
6.2491e+10 
6.2491e+10 
6.2491e+10 
6.2491e+10 
6.2491e+10 
6.2491e+10 
6.24911e+10 
6.24911e+10 
6.24911e+10 
6.24911e+10 
6.24911e+10 
6.24911e+10 
6.24911e+10 
6.24911e+10 
6.24911e+10 
6.24911e+10 
6.24911e+10 
6.24911e+10 
6.24911e+10 
6.24911e+10 
6.24911e+10 
6.24911e+10 
6.24911e+10 
6.24912e+10 
6.24912e+10 
6.24912e+10 
6.24912e+10 
6.24912e+10 
6.24912e+10 
6.24912e+10 
6.24912e+10 
6.24912e+10 
6.24912e+10 
6.24912e+10 
6.24912e+10 
6.24912e+10 
6.24912e+10 
6.24912e+10 
6.24912e+10 
6.24912e+10 
6.24912e+10 
6.24912e+10 
6.24912e+10 
6.24912e+10 
6.24912e+10 
6.24912e+10 
6.24913e+10 
6.24913e+10 
6.24913e+10 
6.24913e+10 
6.24913e+10 
6.24913e+10 
6.24913e+10 
6.24913e+10 
6.24913e+10 
6.24913e+10 
6.24913e+10 
6.24913e+10 
6.24913e+10 
6.24913e+10 
6.24913e+10 
6.24913e+10 
6.24914e+10 
6.24914e+10 
6.24914e+10 
6.24914e+10 
6.24914e+10 
6.24914e+10 
6.24914e+10 
6.24914e+10 
6.24914e+10 
6.24914e+10 
6.24914e+10 
6.24914e+10 
6.24914e+10 
6.24914e+10 
6.24914e+10 
6.24914e+10 
6.24914e+10 
6.24914e+10 
6.24914e+10 
6.24914e+10 
6.24914e+10 
6.24914e+10 
6.24914e+10 
6.24915e+10 
6.24915e+10 
6.24915e+10 
6.24915e+10 
6.24915e+10 
6.24915e+10 
6.24915e+10 
6.24915e+10 
6.24915e+10 
6.24915e+10 
6.24915e+10 
6.24915e+10 
6.24915e+10 
6.24915e+10 
6.24915e+10 
6.24915e+10 
6.24915e+10 
6.24915e+10 
6.24916e+10 
6.24916e+10 
6.24916e+10 
6.24916e+10 
6.24916e+10 
6.24916e+10 
6.24916e+10 
6.24916e+10 
6.24916e+10 
6.24916e+10 
6.24916e+10 
6.24916e+10 
6.24916e+10 
6.24916e+10 
6.24916e+10 
6.24916e+10 
6.24916e+10 
6.24916e+10 
6.24916e+10 
6.24916e+10 
6.24916e+10 
6.24916e+10 
6.24916e+10 
6.24917e+10 
6.24917e+10 
6.24917e+10 
6.24917e+10 
6.24917e+10 
6.24917e+10 
6.24917e+10 
6.24917e+10 
6.24917e+10 
6.24917e+10 
6.24917e+10 
6.24917e+10 
6.24917e+10 
6.24917e+10 
6.24917e+10 
6.24917e+10 
6.24917e+10 
6.24918e+10 
6.24918e+10 
6.24918e+10 
6.24918e+10 
6.24918e+10 
6.24918e+10 
6.24918e+10 
6.24918e+10 
6.24918e+10 
6.24918e+10 
6.24918e+10 
6.24918e+10 
6.24918e+10 
6.24918e+10 
6.24918e+10 
6.24918e+10 
6.24918e+10 
6.24918e+10 
6.24918e+10 
6.24918e+10 
6.24918e+10 
6.24918e+10 
6.24918e+10 
6.24919e+10 
6.24919e+10 
6.24919e+10 
6.24919e+10 
6.24919e+10 
6.24919e+10 
6.24919e+10 
6.24919e+10 
6.24919e+10 
6.24919e+10 
6.24919e+10 
6.24919e+10 
6.24919e+10 
6.24919e+10 
6.24919e+10 
6.24919e+10 
6.24919e+10 
6.2492e+10 
6.2492e+10 
6.2492e+10 
6.2492e+10 
6.2492e+10 
6.2492e+10 
6.2492e+10 
6.2492e+10 
6.2492e+10 
6.2492e+10 
6.2492e+10 
6.2492e+10 
6.2492e+10 
6.2492e+10 
6.2492e+10 
6.2492e+10 
6.2492e+10 
6.2492e+10 
6.2492e+10 
6.2492e+10 
6.2492e+10 
6.2492e+10 
6.2492e+10 
6.24921e+10 
6.24921e+10 
6.24921e+10 
6.24921e+10 
6.24921e+10 
6.24921e+10 
6.24921e+10 
6.24921e+10 
6.24921e+10 
6.24921e+10 
6.24921e+10 
6.24921e+10 
6.24921e+10 
6.24921e+10 
6.24921e+10 
6.24921e+10 
6.24921e+10 
6.24922e+10 
6.24922e+10 
6.24922e+10 
6.24922e+10 
6.24922e+10 
6.24922e+10 
6.24922e+10 
6.24922e+10 
6.24922e+10 
6.24922e+10 
6.24922e+10 
6.24922e+10 
6.24922e+10 
6.24922e+10 
6.24922e+10 
6.24922e+10 
6.24922e+10 
6.24922e+10 
6.24922e+10 
6.24922e+10 
6.24922e+10 
6.24922e+10 
6.24922e+10 
6.24923e+10 
6.24923e+10 
6.24923e+10 
6.24923e+10 
6.24923e+10 
6.24923e+10 
6.24923e+10 
6.24923e+10 
6.24923e+10 
6.24923e+10 
6.24923e+10 
6.24923e+10 
6.24923e+10 
6.24923e+10 
6.24923e+10 
6.24923e+10 
6.24923e+10 
6.24924e+10 
6.24924e+10 
6.24924e+10 
6.24924e+10 
6.24924e+10 
6.24924e+10 
6.24924e+10 
6.24924e+10 
6.24924e+10 
6.24924e+10 
6.24924e+10 
6.24924e+10 
6.24924e+10 
6.24924e+10 
6.24924e+10 
6.24924e+10 
6.24924e+10 
6.24924e+10 
6.24924e+10 
6.24924e+10 
6.24924e+10 
6.24925e+10 
6.24925e+10 
6.24925e+10 
6.24925e+10 
6.24925e+10 
6.24925e+10 
6.24925e+10 
6.24925e+10 
6.24925e+10 
6.24925e+10 
6.24925e+10 
6.24925e+10 
6.24925e+10 
6.24925e+10 
6.24925e+10 
6.24925e+10 
6.24925e+10 
6.24925e+10 
6.24926e+10 
6.24926e+10 
6.24926e+10 
6.24926e+10 
6.24926e+10 
6.24926e+10 
6.24926e+10 
6.24926e+10 
6.24926e+10 
6.24926e+10 
6.24926e+10 
6.24926e+10 
6.24926e+10 
6.24926e+10 
6.24926e+10 
6.24926e+10 
6.24926e+10 
6.24926e+10 
6.24926e+10 
6.24926e+10 
6.24926e+10 
6.24926e+10 
6.24926e+10 
6.24926e+10 
6.24927e+10 
6.24927e+10 
6.24927e+10 
6.24927e+10 
6.24927e+10 
6.24927e+10 
6.24927e+10 
6.24927e+10 
6.24927e+10 
6.24927e+10 
6.24927e+10 
6.24927e+10 
6.24927e+10 
6.24927e+10 
6.24927e+10 
6.24927e+10 
6.24927e+10 
6.24928e+10 
6.24928e+10 
6.24928e+10 
6.24928e+10 
6.24928e+10 
6.24928e+10 
6.24928e+10 
6.24928e+10 
6.24928e+10 
6.24928e+10 
6.24928e+10 
6.24928e+10 
6.24928e+10 
6.24928e+10 
6.24928e+10 
6.24928e+10 
6.24928e+10 
6.24928e+10 
6.24928e+10 
6.24928e+10 
6.24928e+10 
6.24929e+10 
6.24929e+10 
6.24929e+10 
6.24929e+10 
6.24929e+10 
6.24929e+10 
6.24929e+10 
6.24929e+10 
6.24929e+10 
6.24929e+10 
6.24929e+10 
6.24929e+10 
6.24929e+10 
6.24929e+10 
6.24929e+10 
6.24929e+10 
6.24929e+10 
6.24929e+10 
6.24929e+10 
6.2493e+10 
6.2493e+10 
6.2493e+10 
6.2493e+10 
6.2493e+10 
6.2493e+10 
6.2493e+10 
6.2493e+10 
6.2493e+10 
6.2493e+10 
6.2493e+10 
6.2493e+10 
6.2493e+10 
6.2493e+10 
6.2493e+10 
6.2493e+10 
6.2493e+10 
6.2493e+10 
6.2493e+10 
6.2493e+10 
6.2493e+10 
6.2493e+10 
6.2493e+10 
6.24931e+10 
6.24931e+10 
6.24931e+10 
6.24931e+10 
6.24931e+10 
6.24931e+10 
6.24931e+10 
6.24931e+10 
6.24931e+10 
6.24931e+10 
6.24931e+10 
6.24931e+10 
6.24931e+10 
6.24931e+10 
6.24931e+10 
6.24931e+10 
6.24931e+10 
6.24932e+10 
6.24932e+10 
6.24932e+10 
6.24932e+10 
6.24932e+10 
6.24932e+10 
6.24932e+10 
6.24932e+10 
6.24932e+10 
6.24932e+10 
6.24932e+10 
6.24932e+10 
6.24932e+10 
6.24932e+10 
6.24932e+10 
6.24932e+10 
6.24932e+10 
6.24932e+10 
6.24932e+10 
6.24932e+10 
6.24932e+10 
6.24932e+10 
6.24932e+10 
6.24933e+10 
6.24933e+10 
6.24933e+10 
6.24933e+10 
6.24933e+10 
6.24933e+10 
6.24933e+10 
6.24933e+10 
6.24933e+10 
6.24933e+10 
6.24933e+10 
6.24933e+10 
6.24933e+10 
6.24933e+10 
6.24933e+10 
6.24933e+10 
6.24934e+10 
6.24934e+10 
6.24934e+10 
6.24934e+10 
6.24934e+10 
6.24934e+10 
6.24934e+10 
6.24934e+10 
6.24934e+10 
6.24934e+10 
6.24934e+10 
6.24934e+10 
6.24934e+10 
6.24934e+10 
6.24934e+10 
6.24934e+10 
6.24934e+10 
6.24934e+10 
6.24934e+10 
6.24934e+10 
6.24934e+10 
6.24934e+10 
6.24934e+10 
6.24934e+10 
6.24935e+10 
6.24935e+10 
6.24935e+10 
6.24935e+10 
6.24935e+10 
6.24935e+10 
6.24935e+10 
6.24935e+10 
6.24935e+10 
6.24935e+10 
6.24935e+10 
6.24935e+10 
6.24935e+10 
6.24935e+10 
6.24935e+10 
6.24935e+10 
6.24935e+10 
6.24936e+10 
6.24936e+10 
6.24936e+10 
6.24936e+10 
6.24936e+10 
6.24936e+10 
6.24936e+10 
6.24936e+10 
6.24936e+10 
6.24936e+10 
6.24936e+10 
6.24936e+10 
6.24936e+10 
6.24936e+10 
6.24936e+10 
6.24936e+10 
6.24936e+10 
6.24936e+10 
6.24936e+10 
6.24936e+10 
6.24936e+10 
6.24936e+10 
6.24936e+10 
6.24937e+10 
6.24937e+10 
6.24937e+10 
6.24937e+10 
6.24937e+10 
6.24937e+10 
6.24937e+10 
6.24937e+10 
6.24937e+10 
6.24937e+10 
6.24937e+10 
6.24937e+10 
6.24937e+10 
6.24937e+10 
6.24937e+10 
6.24937e+10 
6.24937e+10 
6.24938e+10 
6.24938e+10 
6.24938e+10 
6.24938e+10 
6.24938e+10 
6.24938e+10 
6.24938e+10 
6.24938e+10 
6.24938e+10 
6.24938e+10 
6.24938e+10 
6.24938e+10 
6.24938e+10 
6.24938e+10 
6.24938e+10 
6.24938e+10 
6.24938e+10 
6.24938e+10 
6.24938e+10 
6.24938e+10 
6.24938e+10 
6.24938e+10 
6.24938e+10 
6.24939e+10 
6.24939e+10 
6.24939e+10 
6.24939e+10 
6.24939e+10 
6.24939e+10 
6.24939e+10 
6.24939e+10 
6.24939e+10 
6.24939e+10 
6.24939e+10 
6.24939e+10 
6.24939e+10 
6.24939e+10 
6.24939e+10 
6.24939e+10 
6.24939e+10 
6.2494e+10 
6.2494e+10 
6.2494e+10 
6.2494e+10 
6.2494e+10 
6.2494e+10 
6.2494e+10 
6.2494e+10 
6.2494e+10 
6.2494e+10 
6.2494e+10 
6.2494e+10 
6.2494e+10 
6.2494e+10 
6.2494e+10 
6.2494e+10 
6.2494e+10 
6.2494e+10 
6.2494e+10 
6.2494e+10 
6.2494e+10 
6.2494e+10 
6.2494e+10 
6.24941e+10 
6.24941e+10 
6.24941e+10 
6.24941e+10 
6.24941e+10 
6.24941e+10 
6.24941e+10 
6.24941e+10 
6.24941e+10 
6.24941e+10 
6.24941e+10 
6.24941e+10 
6.24941e+10 
6.24941e+10 
6.24941e+10 
6.24941e+10 
6.24942e+10 
6.24942e+10 
6.24942e+10 
6.24942e+10 
6.24942e+10 
6.24942e+10 
6.24942e+10 
6.24942e+10 
6.24942e+10 
6.24942e+10 
6.24942e+10 
6.24942e+10 
6.24942e+10 
6.24942e+10 
6.24942e+10 
6.24942e+10 
6.24942e+10 
6.24942e+10 
6.24942e+10 
6.24942e+10 
6.24942e+10 
6.24942e+10 
6.24942e+10 
6.24942e+10 
6.24943e+10 
6.24943e+10 
6.24943e+10 
6.24943e+10 
6.24943e+10 
6.24943e+10 
6.24943e+10 
6.24943e+10 
6.24943e+10 
6.24943e+10 
6.24943e+10 
6.24943e+10 
6.24943e+10 
6.24943e+10 
6.24943e+10 
6.24943e+10 
6.24943e+10 
6.24944e+10 
6.24944e+10 
6.24944e+10 
6.24944e+10 
6.24944e+10 
6.24944e+10 
6.24944e+10 
6.24944e+10 
6.24944e+10 
6.24944e+10 
6.24944e+10 
6.24944e+10 
6.24944e+10 
6.24944e+10 
6.24944e+10 
6.24944e+10 
6.24944e+10 
6.24944e+10 
6.24944e+10 
6.24944e+10 
6.24944e+10 
6.24944e+10 
6.24944e+10 
6.24945e+10 
6.24945e+10 
6.24945e+10 
6.24945e+10 
6.24945e+10 
6.24945e+10 
6.24945e+10 
6.24945e+10 
6.24945e+10 
6.24945e+10 
6.24945e+10 
6.24945e+10 
6.24945e+10 
6.24945e+10 
6.24945e+10 
6.24945e+10 
6.24945e+10 
6.24946e+10 
6.24946e+10 
6.24946e+10 
6.24946e+10 
6.24946e+10 
6.24946e+10 
6.24946e+10 
6.24946e+10 
6.24946e+10 
6.24946e+10 
6.24946e+10 
6.24946e+10 
6.24946e+10 
6.24946e+10 
6.24946e+10 
6.24946e+10 
6.24946e+10 
6.24946e+10 
6.24946e+10 
6.24946e+10 
6.24946e+10 
6.24946e+10 
6.24946e+10 
6.24947e+10 
6.24947e+10 
6.24947e+10 
6.24947e+10 
6.24947e+10 
6.24947e+10 
6.24947e+10 
6.24947e+10 
6.24947e+10 
6.24947e+10 
6.24947e+10 
6.24947e+10 
6.24947e+10 
6.24947e+10 
6.24947e+10 
6.24947e+10 
6.24947e+10 
6.24948e+10 
6.24948e+10 
6.24948e+10 
6.24948e+10 
6.24948e+10 
6.24948e+10 
6.24948e+10 
6.24948e+10 
6.24948e+10 
6.24948e+10 
6.24948e+10 
6.24948e+10 
6.24948e+10 
6.24948e+10 
6.24948e+10 
6.24948e+10 
6.24948e+10 
6.24948e+10 
6.24948e+10 
6.24948e+10 
6.24948e+10 
6.24948e+10 
6.24949e+10 
6.24949e+10 
6.24949e+10 
6.24949e+10 
6.24949e+10 
6.24949e+10 
6.24949e+10 
6.24949e+10 
6.24949e+10 
6.24949e+10 
6.24949e+10 
6.24949e+10 
6.24949e+10 
6.24949e+10 
6.24949e+10 
6.24949e+10 
6.24949e+10 
6.24949e+10 
6.2495e+10 
6.2495e+10 
6.2495e+10 
6.2495e+10 
6.2495e+10 
6.2495e+10 
6.2495e+10 
6.2495e+10 
6.2495e+10 
6.2495e+10 
6.2495e+10 
6.2495e+10 
6.2495e+10 
6.2495e+10 
6.2495e+10 
6.2495e+10 
6.2495e+10 
6.2495e+10 
6.2495e+10 
6.2495e+10 
6.2495e+10 
6.2495e+10 
6.2495e+10 
6.24951e+10 
6.24951e+10 
6.24951e+10 
6.24951e+10 
6.24951e+10 
6.24951e+10 
6.24951e+10 
6.24951e+10 
6.24951e+10 
6.24951e+10 
6.24951e+10 
6.24951e+10 
6.24951e+10 
6.24951e+10 
6.24951e+10 
6.24951e+10 
6.24951e+10 
6.24952e+10 
6.24952e+10 
6.24952e+10 
6.24952e+10 
6.24952e+10 
6.24952e+10 
6.24952e+10 
6.24952e+10 
6.24952e+10 
6.24952e+10 
6.24952e+10 
6.24952e+10 
6.24952e+10 
6.24952e+10 
6.24952e+10 
6.24952e+10 
6.24952e+10 
6.24952e+10 
6.24952e+10 
6.24952e+10 
6.24952e+10 
6.24952e+10 
6.24953e+10 
6.24953e+10 
6.24953e+10 
6.24953e+10 
6.24953e+10 
6.24953e+10 
6.24953e+10 
6.24953e+10 
6.24953e+10 
6.24953e+10 
6.24953e+10 
6.24953e+10 
6.24953e+10 
6.24953e+10 
6.24953e+10 
6.24953e+10 
6.24953e+10 
6.24954e+10 
6.24954e+10 
6.24954e+10 
6.24954e+10 
6.24954e+10 
6.24954e+10 
6.24954e+10 
6.24954e+10 
6.24954e+10 
6.24954e+10 
6.24954e+10 
6.24954e+10 
6.24954e+10 
6.24954e+10 
6.24954e+10 
6.24954e+10 
6.24954e+10 
6.24954e+10 
6.24954e+10 
6.24954e+10 
6.24954e+10 
6.24954e+10 
6.24954e+10 
6.24954e+10 
6.24955e+10 
6.24955e+10 
6.24955e+10 
6.24955e+10 
6.24955e+10 
6.24955e+10 
6.24955e+10 
6.24955e+10 
6.24955e+10 
6.24955e+10 
6.24955e+10 
6.24955e+10 
6.24955e+10 
6.24955e+10 
6.24955e+10 
6.24955e+10 
6.24955e+10 
6.24956e+10 
6.24956e+10 
6.24956e+10 
6.24956e+10 
6.24956e+10 
6.24956e+10 
6.24956e+10 
6.24956e+10 
6.24956e+10 
6.24956e+10 
6.24956e+10 
6.24956e+10 
6.24956e+10 
6.24956e+10 
6.24956e+10 
6.24956e+10 
6.24956e+10 
6.24956e+10 
6.24956e+10 
6.24956e+10 
6.24956e+10 
6.24956e+10 
6.24956e+10 
6.24957e+10 
6.24957e+10 
6.24957e+10 
6.24957e+10 
6.24957e+10 
6.24957e+10 
6.24957e+10 
6.24957e+10 
6.24957e+10 
6.24957e+10 
6.24957e+10 
6.24957e+10 
6.24957e+10 
6.24957e+10 
6.24957e+10 
6.24957e+10 
6.24957e+10 
6.24958e+10 
6.24958e+10 
6.24958e+10 
6.24958e+10 
6.24958e+10 
6.24958e+10 
6.24958e+10 
6.24958e+10 
6.24958e+10 
6.24958e+10 
6.24958e+10 
6.24958e+10 
6.24958e+10 
6.24958e+10 
6.24958e+10 
6.24958e+10 
6.24958e+10 
6.24958e+10 
6.24958e+10 
6.24958e+10 
6.24958e+10 
6.24958e+10 
6.24958e+10 
6.24959e+10 
6.24959e+10 
6.24959e+10 
6.24959e+10 
6.24959e+10 
6.24959e+10 
6.24959e+10 
6.24959e+10 
6.24959e+10 
6.24959e+10 
6.24959e+10 
6.24959e+10 
6.24959e+10 
6.24959e+10 
6.24959e+10 
6.24959e+10 
6.24959e+10 
6.2496e+10 
6.2496e+10 
6.2496e+10 
6.2496e+10 
6.2496e+10 
6.2496e+10 
6.2496e+10 
6.2496e+10 
6.2496e+10 
6.2496e+10 
6.2496e+10 
6.2496e+10 
6.2496e+10 
6.2496e+10 
6.2496e+10 
6.2496e+10 
6.2496e+10 
6.2496e+10 
6.2496e+10 
6.2496e+10 
6.2496e+10 
6.2496e+10 
6.2496e+10 
6.24961e+10 
6.24961e+10 
6.24961e+10 
6.24961e+10 
6.24961e+10 
6.24961e+10 
6.24961e+10 
6.24961e+10 
6.24961e+10 
6.24961e+10 
6.24961e+10 
6.24961e+10 
6.24961e+10 
6.24961e+10 
6.24961e+10 
6.24961e+10 
6.24961e+10 
6.24962e+10 
6.24962e+10 
6.24962e+10 
6.24962e+10 
6.24962e+10 
6.24962e+10 
6.24962e+10 
6.24962e+10 
6.24962e+10 
6.24962e+10 
6.24962e+10 
6.24962e+10 
6.24962e+10 
6.24962e+10 
6.24962e+10 
6.24962e+10 
6.24962e+10 
6.24962e+10 
6.24962e+10 
6.24962e+10 
6.24962e+10 
6.24962e+10 
6.24962e+10 
6.24963e+10 
6.24963e+10 
6.24963e+10 
6.24963e+10 
6.24963e+10 
6.24963e+10 
6.24963e+10 
6.24963e+10 
6.24963e+10 
6.24963e+10 
6.24963e+10 
6.24963e+10 
6.24963e+10 
6.24963e+10 
6.24963e+10 
6.24963e+10 
6.24964e+10 
6.24964e+10 
6.24964e+10 
6.24964e+10 
6.24964e+10 
6.24964e+10 
6.24964e+10 
6.24964e+10 
6.24964e+10 
6.24964e+10 
6.24964e+10 
6.24964e+10 
6.24964e+10 
6.24964e+10 
6.24964e+10 
6.24964e+10 
6.24964e+10 
6.24964e+10 
6.24964e+10 
6.24964e+10 
6.24964e+10 
6.24964e+10 
6.24965e+10 
6.24965e+10 
6.24965e+10 
6.24965e+10 
6.24965e+10 
6.24965e+10 
6.24965e+10 
6.24965e+10 
6.24965e+10 
6.24965e+10 
6.24965e+10 
6.24965e+10 
6.24965e+10 
6.24965e+10 
6.24965e+10 
6.24965e+10 
6.24965e+10 
6.24965e+10 
6.24965e+10 
6.24966e+10 
6.24966e+10 
6.24966e+10 
6.24966e+10 
6.24966e+10 
6.24966e+10 
6.24966e+10 
6.24966e+10 
6.24966e+10 
6.24966e+10 
6.24966e+10 
6.24966e+10 
6.24966e+10 
6.24966e+10 
6.24966e+10 
6.24966e+10 
6.24966e+10 
6.24966e+10 
6.24966e+10 
6.24966e+10 
6.24966e+10 
6.24966e+10 
6.24966e+10 
6.24967e+10 
6.24967e+10 
6.24967e+10 
6.24967e+10 
6.24967e+10 
6.24967e+10 
6.24967e+10 
6.24967e+10 
6.24967e+10 
6.24967e+10 
6.24967e+10 
6.24967e+10 
6.24967e+10 
6.24967e+10 
6.24967e+10 
6.24967e+10 
6.24967e+10 
6.24968e+10 
6.24968e+10 
6.24968e+10 
6.24968e+10 
6.24968e+10 
6.24968e+10 
6.24968e+10 
6.24968e+10 
6.24968e+10 
6.24968e+10 
6.24968e+10 
6.24968e+10 
6.24968e+10 
6.24968e+10 
6.24968e+10 
6.24968e+10 
6.24968e+10 
6.24968e+10 
6.24968e+10 
6.24968e+10 
6.24968e+10 
6.24968e+10 
6.24968e+10 
6.24969e+10 
6.24969e+10 
6.24969e+10 
6.24969e+10 
6.24969e+10 
6.24969e+10 
6.24969e+10 
6.24969e+10 
6.24969e+10 
6.24969e+10 
6.24969e+10 
6.24969e+10 
6.24969e+10 
6.24969e+10 
6.24969e+10 
6.24969e+10 
6.24969e+10 
6.2497e+10 
6.2497e+10 
6.2497e+10 
6.2497e+10 
6.2497e+10 
6.2497e+10 
6.2497e+10 
6.2497e+10 
6.2497e+10 
6.2497e+10 
6.2497e+10 
6.2497e+10 
6.2497e+10 
6.2497e+10 
6.2497e+10 
6.2497e+10 
6.2497e+10 
6.2497e+10 
6.2497e+10 
6.2497e+10 
6.2497e+10 
6.2497e+10 
6.2497e+10 
6.24971e+10 
6.24971e+10 
6.24971e+10 
6.24971e+10 
6.24971e+10 
6.24971e+10 
6.24971e+10 
6.24971e+10 
6.24971e+10 
6.24971e+10 
6.24971e+10 
6.24971e+10 
6.24971e+10 
6.24971e+10 
6.24971e+10 
6.24971e+10 
6.24971e+10 
6.24972e+10 
6.24972e+10 
6.24972e+10 
6.24972e+10 
6.24972e+10 
6.24972e+10 
6.24972e+10 
6.24972e+10 
6.24972e+10 
6.24972e+10 
6.24972e+10 
6.24972e+10 
6.24972e+10 
6.24972e+10 
6.24972e+10 
6.24972e+10 
6.24972e+10 
6.24972e+10 
6.24972e+10 
6.24972e+10 
6.24972e+10 
6.24972e+10 
6.24973e+10 
6.24973e+10 
6.24973e+10 
6.24973e+10 
6.24973e+10 
6.24973e+10 
6.24973e+10 
6.24973e+10 
6.24973e+10 
6.24973e+10 
6.24973e+10 
6.24973e+10 
6.24973e+10 
6.24973e+10 
6.24973e+10 
6.24973e+10 
6.24973e+10 
6.24973e+10 
6.24974e+10 
6.24974e+10 
6.24974e+10 
6.24974e+10 
6.24974e+10 
6.24974e+10 
6.24974e+10 
6.24974e+10 
6.24974e+10 
6.24974e+10 
6.24974e+10 
6.24974e+10 
6.24974e+10 
6.24974e+10 
6.24974e+10 
6.24974e+10 
6.24974e+10 
6.24974e+10 
6.24974e+10 
6.24974e+10 
6.24974e+10 
6.24974e+10 
6.24974e+10 
6.24975e+10 
6.24975e+10 
6.24975e+10 
6.24975e+10 
6.24975e+10 
6.24975e+10 
6.24975e+10 
6.24975e+10 
6.24975e+10 
6.24975e+10 
6.24975e+10 
6.24975e+10 
6.24975e+10 
6.24975e+10 
6.24975e+10 
6.24975e+10 
6.24976e+10 
6.24976e+10 
6.24976e+10 
6.24976e+10 
6.24976e+10 
6.24976e+10 
6.24976e+10 
6.24976e+10 
6.24976e+10 
6.24976e+10 
6.24976e+10 
6.24976e+10 
6.24976e+10 
6.24976e+10 
6.24976e+10 
6.24976e+10 
6.24976e+10 
6.24976e+10 
6.24976e+10 
6.24976e+10 
6.24976e+10 
6.24976e+10 
6.24977e+10 
6.24977e+10 
6.24977e+10 
6.24977e+10 
6.24977e+10 
6.24977e+10 
6.24977e+10 
6.24977e+10 
6.24977e+10 
6.24977e+10 
6.24977e+10 
6.24977e+10 
6.24977e+10 
6.24977e+10 
6.24977e+10 
6.24977e+10 
6.24977e+10 
6.24977e+10 
6.24978e+10 
6.24978e+10 
6.24978e+10 
6.24978e+10 
6.24978e+10 
6.24978e+10 
6.24978e+10 
6.24978e+10 
6.24978e+10 
6.24978e+10 
6.24978e+10 
6.24978e+10 
6.24978e+10 
6.24978e+10 
6.24978e+10 
6.24978e+10 
6.24978e+10 
6.24978e+10 
6.24978e+10 
6.24978e+10 
6.24978e+10 
6.24978e+10 
6.24978e+10 
6.24978e+10 
6.24979e+10 
6.24979e+10 
6.24979e+10 
6.24979e+10 
6.24979e+10 
6.24979e+10 
6.24979e+10 
6.24979e+10 
6.24979e+10 
6.24979e+10 
6.24979e+10 
6.24979e+10 
6.24979e+10 
6.24979e+10 
6.24979e+10 
6.24979e+10 
6.24979e+10 
6.2498e+10 
6.2498e+10 
6.2498e+10 
6.2498e+10 
6.2498e+10 
6.2498e+10 
6.2498e+10 
6.2498e+10 
6.2498e+10 
6.2498e+10 
6.2498e+10 
6.2498e+10 
6.2498e+10 
6.2498e+10 
6.2498e+10 
6.2498e+10 
6.2498e+10 
6.2498e+10 
6.2498e+10 
6.2498e+10 
6.2498e+10 
6.2498e+10 
6.2498e+10 
6.24981e+10 
6.24981e+10 
6.24981e+10 
6.24981e+10 
6.24981e+10 
6.24981e+10 
6.24981e+10 
6.24981e+10 
6.24981e+10 
6.24981e+10 
6.24981e+10 
6.24981e+10 
6.24981e+10 
6.24981e+10 
6.24981e+10 
6.24981e+10 
6.24981e+10 
6.24982e+10 
6.24982e+10 
6.24982e+10 
6.24982e+10 
6.24982e+10 
6.24982e+10 
6.24982e+10 
6.24982e+10 
6.24982e+10 
6.24982e+10 
6.24982e+10 
6.24982e+10 
6.24982e+10 
6.24982e+10 
6.24982e+10 
6.24982e+10 
6.24982e+10 
6.24982e+10 
6.24982e+10 
6.24982e+10 
6.24982e+10 
6.24982e+10 
6.24982e+10 
6.24983e+10 
6.24983e+10 
6.24983e+10 
6.24983e+10 
6.24983e+10 
6.24983e+10 
6.24983e+10 
6.24983e+10 
6.24983e+10 
6.24983e+10 
6.24983e+10 
6.24983e+10 
6.24983e+10 
6.24983e+10 
6.24983e+10 
6.24983e+10 
6.24983e+10 
6.24984e+10 
6.24984e+10 
6.24984e+10 
6.24984e+10 
6.24984e+10 
6.24984e+10 
6.24984e+10 
6.24984e+10 
6.24984e+10 
6.24984e+10 
6.24984e+10 
6.24984e+10 
6.24984e+10 
6.24984e+10 
6.24984e+10 
6.24984e+10 
6.24984e+10 
6.24984e+10 
6.24984e+10 
6.24984e+10 
6.24984e+10 
6.24984e+10 
6.24984e+10 
6.24985e+10 
6.24985e+10 
6.24985e+10 
6.24985e+10 
6.24985e+10 
6.24985e+10 
6.24985e+10 
6.24985e+10 
6.24985e+10 
6.24985e+10 
6.24985e+10 
6.24985e+10 
6.24985e+10 
6.24985e+10 
6.24985e+10 
6.24985e+10 
6.24985e+10 
6.24986e+10 
6.24986e+10 
6.24986e+10 
6.24986e+10 
6.24986e+10 
6.24986e+10 
6.24986e+10 
6.24986e+10 
6.24986e+10 
6.24986e+10 
6.24986e+10 
6.24986e+10 
6.24986e+10 
6.24986e+10 
6.24986e+10 
6.24986e+10 
6.24986e+10 
6.24986e+10 
6.24986e+10 
6.24986e+10 
6.24986e+10 
6.24986e+10 
6.24986e+10 
6.24987e+10 
6.24987e+10 
6.24987e+10 
6.24987e+10 
6.24987e+10 
6.24987e+10 
6.24987e+10 
6.24987e+10 
6.24987e+10 
6.24987e+10 
6.24987e+10 
6.24987e+10 
6.24987e+10 
6.24987e+10 
6.24987e+10 
6.24987e+10 
6.24987e+10 
6.24988e+10 
6.24988e+10 
6.24988e+10 
6.24988e+10 
6.24988e+10 
6.24988e+10 
6.24988e+10 
6.24988e+10 
6.24988e+10 
6.24988e+10 
6.24988e+10 
6.24988e+10 
6.24988e+10 
6.24988e+10 
6.24988e+10 
6.24988e+10 
6.24988e+10 
6.24988e+10 
6.24988e+10 
6.24988e+10 
6.24988e+10 
6.24988e+10 
6.24988e+10 
6.24989e+10 
6.24989e+10 
6.24989e+10 
6.24989e+10 
6.24989e+10 
6.24989e+10 
6.24989e+10 
6.24989e+10 
6.24989e+10 
6.24989e+10 
6.24989e+10 
6.24989e+10 
6.24989e+10 
6.24989e+10 
6.24989e+10 
6.24989e+10 
6.24989e+10 
6.2499e+10 
6.2499e+10 
6.2499e+10 
6.2499e+10 
6.2499e+10 
6.2499e+10 
6.2499e+10 
6.2499e+10 
6.2499e+10 
6.2499e+10 
6.2499e+10 
6.2499e+10 
6.2499e+10 
6.2499e+10 
6.2499e+10 
6.2499e+10 
6.2499e+10 
6.2499e+10 
6.2499e+10 
6.2499e+10 
6.2499e+10 
6.2499e+10 
6.2499e+10 
6.24991e+10 
6.24991e+10 
6.24991e+10 
6.24991e+10 
6.24991e+10 
6.24991e+10 
6.24991e+10 
6.24991e+10 
6.24991e+10 
6.24991e+10 
6.24991e+10 
6.24991e+10 
6.24991e+10 
6.24991e+10 
6.24991e+10 
6.24991e+10 
6.24991e+10 
6.24992e+10 
6.24992e+10 
6.24992e+10 
6.24992e+10 
6.24992e+10 
6.24992e+10 
6.24992e+10 
6.24992e+10 
6.24992e+10 
6.24992e+10 
6.24992e+10 
6.24992e+10 
6.24992e+10 
6.24992e+10 
6.24992e+10 
6.24992e+10 
6.24992e+10 
6.24992e+10 
6.24992e+10 
6.24992e+10 
6.24992e+10 
6.24993e+10 
6.24993e+10 
6.24993e+10 
6.24993e+10 
6.24993e+10 
6.24993e+10 
6.24993e+10 
6.24993e+10 
6.24993e+10 
6.24993e+10 
6.24993e+10 
6.24993e+10 
6.24993e+10 
6.24993e+10 
6.24993e+10 
6.24993e+10 
6.24993e+10 
6.24993e+10 
6.24993e+10 
6.24994e+10 
6.24994e+10 
6.24994e+10 
6.24994e+10 
6.24994e+10 
6.24994e+10 
6.24994e+10 
6.24994e+10 
6.24994e+10 
6.24994e+10 
6.24994e+10 
6.24994e+10 
6.24994e+10 
6.24994e+10 
6.24994e+10 
6.24994e+10 
6.24994e+10 
6.24994e+10 
6.24994e+10 
6.24994e+10 
6.24994e+10 
6.24994e+10 
6.24994e+10 
6.24995e+10 
6.24995e+10 
6.24995e+10 
6.24995e+10 
6.24995e+10 
6.24995e+10 
6.24995e+10 
6.24995e+10 
6.24995e+10 
6.24995e+10 
6.24995e+10 
6.24995e+10 
6.24995e+10 
6.24995e+10 
6.24995e+10 
6.24995e+10 
6.24995e+10 
6.24996e+10 
6.24996e+10 
6.24996e+10 
6.24996e+10 
6.24996e+10 
6.24996e+10 
6.24996e+10 
6.24996e+10 
6.24996e+10 
6.24996e+10 
6.24996e+10 
6.24996e+10 
6.24996e+10 
6.24996e+10 
6.24996e+10 
6.24996e+10 
6.24996e+10 
6.24996e+10 
6.24996e+10 
6.24996e+10 
6.24996e+10 
6.24996e+10 
6.24996e+10 
6.24997e+10 
6.24997e+10 
6.24997e+10 
6.24997e+10 
6.24997e+10 
6.24997e+10 
6.24997e+10 
6.24997e+10 
6.24997e+10 
6.24997e+10 
6.24997e+10 
6.24997e+10 
6.24997e+10 
6.24997e+10 
6.24997e+10 
6.24997e+10 
6.24997e+10 
6.24998e+10 
6.24998e+10 
6.24998e+10 
6.24998e+10 
6.24998e+10 
6.24998e+10 
6.24998e+10 
6.24998e+10 
6.24998e+10 
6.24998e+10 
6.24998e+10 
6.24998e+10 
6.24998e+10 
6.24998e+10 
6.24998e+10 
6.24998e+10 
6.24998e+10 
6.24998e+10 
6.24998e+10 
6.24998e+10 
6.24998e+10 
6.24998e+10 
6.24998e+10 
6.24999e+10 
6.24999e+10 
6.24999e+10 
6.24999e+10 
6.24999e+10 
6.24999e+10 
6.24999e+10 
6.24999e+10 
6.24999e+10 
6.24999e+10 
6.24999e+10 
6.24999e+10 
6.24999e+10 
6.24999e+10 
6.24999e+10 
6.24999e+10 
6.24999e+10 
6.25e+10 
6.25e+10 
6.25e+10 
6.25e+10 
6.25e+10 
6.25e+10 
6.25e+10 
6.25e+10 
6.25e+10 
6.25e+10 
6.25e+10 
6.25e+10 
6.25e+10 
6.25e+10 
6.25e+10 
6.25e+10 
6.25e+10 
6.25e+10 
6.25e+10 
6.25e+10 
6.25e+10 
6.25e+10 
6.25e+10 
6.25001e+10 
6.25001e+10 
6.25001e+10 
6.25001e+10 
6.25001e+10 
6.25001e+10 
6.25001e+10 
6.25001e+10 
6.25001e+10 
6.25001e+10 
6.25001e+10 
6.25001e+10 
6.25001e+10 
6.25001e+10 
6.25001e+10 
6.25001e+10 
6.25001e+10 
6.25002e+10 
6.25002e+10 
6.25002e+10 
6.25002e+10 
6.25002e+10 
6.25002e+10 
6.25002e+10 
6.25002e+10 
6.25002e+10 
6.25002e+10 
6.25002e+10 
6.25002e+10 
6.25002e+10 
6.25002e+10 
6.25002e+10 
6.25002e+10 
6.25002e+10 
6.25002e+10 
6.25002e+10 
6.25002e+10 
6.25002e+10 
6.25002e+10 
6.25002e+10 
6.25003e+10 
6.25003e+10 
6.25003e+10 
6.25003e+10 
6.25003e+10 
6.25003e+10 
6.25003e+10 
6.25003e+10 
6.25003e+10 
6.25003e+10 
6.25003e+10 
6.25003e+10 
6.25003e+10 
6.25003e+10 
6.25003e+10 
6.25003e+10 
6.25003e+10 
6.25004e+10 
6.25004e+10 
6.25004e+10 
6.25004e+10 
6.25004e+10 
6.25004e+10 
6.25004e+10 
6.25004e+10 
6.25004e+10 
6.25004e+10 
6.25004e+10 
6.25004e+10 
6.25004e+10 
6.25004e+10 
6.25004e+10 
6.25004e+10 
6.25004e+10 
6.25004e+10 
6.25004e+10 
6.25004e+10 
6.25004e+10 
6.25004e+10 
6.25004e+10 
6.25005e+10 
6.25005e+10 
6.25005e+10 
6.25005e+10 
6.25005e+10 
6.25005e+10 
6.25005e+10 
6.25005e+10 
6.25005e+10 
6.25005e+10 
6.25005e+10 
6.25005e+10 
6.25005e+10 
6.25005e+10 
6.25005e+10 
6.25005e+10 
6.25006e+10 
6.25006e+10 
6.25006e+10 
6.25006e+10 
6.25006e+10 
6.25006e+10 
6.25006e+10 
6.25006e+10 
6.25006e+10 
6.25006e+10 
6.25006e+10 
6.25006e+10 
6.25006e+10 
6.25006e+10 
6.25006e+10 
6.25006e+10 
6.25006e+10 
6.25006e+10 
6.25006e+10 
6.25006e+10 
6.25006e+10 
6.25006e+10 
6.25006e+10 
6.25007e+10 
6.25007e+10 
6.25007e+10 
6.25007e+10 
6.25007e+10 
6.25007e+10 
6.25007e+10 
6.25007e+10 
6.25007e+10 
6.25007e+10 
6.25007e+10 
6.25007e+10 
6.25007e+10 
6.25007e+10 
6.25007e+10 
6.25007e+10 
6.25007e+10 
6.25007e+10 
6.25008e+10 
6.25008e+10 
6.25008e+10 
6.25008e+10 
6.25008e+10 
6.25008e+10 
6.25008e+10 
6.25008e+10 
6.25008e+10 
6.25008e+10 
6.25008e+10 
6.25008e+10 
6.25008e+10 
6.25008e+10 
6.25008e+10 
6.25008e+10 
6.25008e+10 
6.25008e+10 
6.25008e+10 
6.25008e+10 
6.25008e+10 
6.25008e+10 
6.25008e+10 
6.25009e+10 
6.25009e+10 
6.25009e+10 
6.25009e+10 
6.25009e+10 
6.25009e+10 
6.25009e+10 
6.25009e+10 
6.25009e+10 
6.25009e+10 
6.25009e+10 
6.25009e+10 
6.25009e+10 
6.25009e+10 
6.25009e+10 
6.25009e+10 
6.2501e+10 
6.2501e+10 
6.2501e+10 
6.2501e+10 
6.2501e+10 
6.2501e+10 
6.2501e+10 
6.2501e+10 
6.2501e+10 
6.2501e+10 
6.2501e+10 
6.2501e+10 
6.2501e+10 
6.2501e+10 
6.2501e+10 
6.2501e+10 
6.2501e+10 
6.2501e+10 
6.2501e+10 
6.2501e+10 
6.2501e+10 
6.2501e+10 
6.2501e+10 
6.25011e+10 
6.25011e+10 
6.25011e+10 
6.25011e+10 
6.25011e+10 
6.25011e+10 
6.25011e+10 
6.25011e+10 
6.25011e+10 
6.25011e+10 
6.25011e+10 
6.25011e+10 
6.25011e+10 
6.25011e+10 
6.25011e+10 
6.25011e+10 
6.25011e+10 
6.25011e+10 
6.25012e+10 
6.25012e+10 
6.25012e+10 
6.25012e+10 
6.25012e+10 
6.25012e+10 
6.25012e+10 
6.25012e+10 
6.25012e+10 
6.25012e+10 
6.25012e+10 
6.25012e+10 
6.25012e+10 
6.25012e+10 
6.25012e+10 
6.25012e+10 
6.25012e+10 
6.25012e+10 
6.25012e+10 
6.25012e+10 
6.25012e+10 
6.25012e+10 
6.25012e+10 
6.25013e+10 
6.25013e+10 
6.25013e+10 
6.25013e+10 
6.25013e+10 
6.25013e+10 
6.25013e+10 
6.25013e+10 
6.25013e+10 
6.25013e+10 
6.25013e+10 
6.25013e+10 
6.25013e+10 
6.25013e+10 
6.25013e+10 
6.25013e+10 
6.25013e+10 
6.25014e+10 
6.25014e+10 
6.25014e+10 
6.25014e+10 
6.25014e+10 
6.25014e+10 
6.25014e+10 
6.25014e+10 
6.25014e+10 
6.25014e+10 
6.25014e+10 
6.25014e+10 
6.25014e+10 
6.25014e+10 
6.25014e+10 
6.25014e+10 
6.25014e+10 
6.25014e+10 
6.25014e+10 
6.25014e+10 
6.25014e+10 
6.25014e+10 
6.25014e+10 
6.25015e+10 
6.25015e+10 
6.25015e+10 
6.25015e+10 
6.25015e+10 
6.25015e+10 
6.25015e+10 
6.25015e+10 
6.25015e+10 
6.25015e+10 
6.25015e+10 
6.25015e+10 
6.25015e+10 
6.25015e+10 
6.25015e+10 
6.25015e+10 
6.25015e+10 
6.25016e+10 
6.25016e+10 
6.25016e+10 
6.25016e+10 
6.25016e+10 
6.25016e+10 
6.25016e+10 
6.25016e+10 
6.25016e+10 
6.25016e+10 
6.25016e+10 
6.25016e+10 
6.25016e+10 
6.25016e+10 
6.25016e+10 
6.25016e+10 
6.25016e+10 
6.25016e+10 
6.25016e+10 
6.25016e+10 
6.25016e+10 
6.25016e+10 
6.25017e+10 
6.25017e+10 
6.25017e+10 
6.25017e+10 
6.25017e+10 
6.25017e+10 
6.25017e+10 
6.25017e+10 
6.25017e+10 
6.25017e+10 
6.25017e+10 
6.25017e+10 
6.25017e+10 
6.25017e+10 
6.25017e+10 
6.25017e+10 
6.25017e+10 
6.25017e+10 
6.25018e+10 
6.25018e+10 
6.25018e+10 
6.25018e+10 
6.25018e+10 
6.25018e+10 
6.25018e+10 
6.25018e+10 
6.25018e+10 
6.25018e+10 
6.25018e+10 
6.25018e+10 
6.25018e+10 
6.25018e+10 
6.25018e+10 
6.25018e+10 
6.25018e+10 
6.25018e+10 
6.25018e+10 
6.25018e+10 
6.25018e+10 
6.25018e+10 
6.25018e+10 
6.25019e+10 
6.25019e+10 
6.25019e+10 
6.25019e+10 
6.25019e+10 
6.25019e+10 
6.25019e+10 
6.25019e+10 
6.25019e+10 
6.25019e+10 
6.25019e+10 
6.25019e+10 
6.25019e+10 
6.25019e+10 
6.25019e+10 
6.25019e+10 
6.25019e+10 
6.2502e+10 
6.2502e+10 
6.2502e+10 
6.2502e+10 
6.2502e+10 
6.2502e+10 
6.2502e+10 
6.2502e+10 
6.2502e+10 
6.2502e+10 
6.2502e+10 
6.2502e+10 
6.2502e+10 
6.2502e+10 
6.2502e+10 
6.2502e+10 
6.2502e+10 
6.2502e+10 
6.2502e+10 
6.2502e+10 
6.2502e+10 
6.2502e+10 
6.25021e+10 
6.25021e+10 
6.25021e+10 
6.25021e+10 
6.25021e+10 
6.25021e+10 
6.25021e+10 
6.25021e+10 
6.25021e+10 
6.25021e+10 
6.25021e+10 
6.25021e+10 
6.25021e+10 
6.25021e+10 
6.25021e+10 
6.25021e+10 
6.25021e+10 
6.25022e+10 
6.25022e+10 
6.25022e+10 
6.25022e+10 
6.25022e+10 
6.25022e+10 
6.25022e+10 
6.25022e+10 
6.25022e+10 
6.25022e+10 
6.25022e+10 
6.25022e+10 
6.25022e+10 
6.25022e+10 
6.25022e+10 
6.25022e+10 
6.25022e+10 
6.25022e+10 
6.25022e+10 
6.25022e+10 
6.25022e+10 
6.25022e+10 
6.25022e+10 
6.25022e+10 
6.25023e+10 
6.25023e+10 
6.25023e+10 
6.25023e+10 
6.25023e+10 
6.25023e+10 
6.25023e+10 
6.25023e+10 
6.25023e+10 
6.25023e+10 
6.25023e+10 
6.25023e+10 
6.25023e+10 
6.25023e+10 
6.25023e+10 
6.25023e+10 
6.25023e+10 
6.25024e+10 
6.25024e+10 
6.25024e+10 
6.25024e+10 
6.25024e+10 
6.25024e+10 
6.25024e+10 
6.25024e+10 
6.25024e+10 
6.25024e+10 
6.25024e+10 
6.25024e+10 
6.25024e+10 
6.25024e+10 
6.25024e+10 
6.25024e+10 
6.25024e+10 
6.25024e+10 
6.25024e+10 
6.25024e+10 
6.25024e+10 
6.25024e+10 
6.25024e+10 
6.25025e+10 
6.25025e+10 
6.25025e+10 
6.25025e+10 
6.25025e+10 
6.25025e+10 
6.25025e+10 
6.25025e+10 
6.25025e+10 
6.25025e+10 
6.25025e+10 
6.25025e+10 
6.25025e+10 
6.25025e+10 
6.25025e+10 
6.25025e+10 
6.25025e+10 
6.25026e+10 
6.25026e+10 
6.25026e+10 
6.25026e+10 
6.25026e+10 
6.25026e+10 
6.25026e+10 
6.25026e+10 
6.25026e+10 
6.25026e+10 
6.25026e+10 
6.25026e+10 
6.25026e+10 
6.25026e+10 
6.25026e+10 
6.25026e+10 
6.25026e+10 
6.25026e+10 
6.25026e+10 
6.25026e+10 
6.25026e+10 
6.25026e+10 
6.25026e+10 
6.25027e+10 
6.25027e+10 
6.25027e+10 
6.25027e+10 
6.25027e+10 
6.25027e+10 
6.25027e+10 
6.25027e+10 
6.25027e+10 
6.25027e+10 
6.25027e+10 
6.25027e+10 
6.25027e+10 
6.25027e+10 
6.25027e+10 
6.25027e+10 
6.25027e+10 
6.25028e+10 
6.25028e+10 
6.25028e+10 
6.25028e+10 
6.25028e+10 
6.25028e+10 
6.25028e+10 
6.25028e+10 
6.25028e+10 
6.25028e+10 
6.25028e+10 
6.25028e+10 
6.25028e+10 
6.25028e+10 
6.25028e+10 
6.25028e+10 
6.25028e+10 
6.25028e+10 
6.25028e+10 
6.25028e+10 
6.25028e+10 
6.25029e+10 
6.25029e+10 
6.25029e+10 
6.25029e+10 
6.25029e+10 
6.25029e+10 
6.25029e+10 
6.25029e+10 
6.25029e+10 
6.25029e+10 
6.25029e+10 
6.25029e+10 
6.25029e+10 
6.25029e+10 
6.25029e+10 
6.25029e+10 
6.25029e+10 
6.25029e+10 
6.2503e+10 
6.2503e+10 
6.2503e+10 
6.2503e+10 
6.2503e+10 
6.2503e+10 
6.2503e+10 
6.2503e+10 
6.2503e+10 
6.2503e+10 
6.2503e+10 
6.2503e+10 
6.2503e+10 
6.2503e+10 
6.2503e+10 
6.2503e+10 
6.2503e+10 
6.2503e+10 
6.2503e+10 
6.2503e+10 
6.2503e+10 
6.2503e+10 
6.2503e+10 
6.2503e+10 
6.25031e+10 
6.25031e+10 
6.25031e+10 
6.25031e+10 
6.25031e+10 
6.25031e+10 
6.25031e+10 
6.25031e+10 
6.25031e+10 
6.25031e+10 
6.25031e+10 
6.25031e+10 
6.25031e+10 
6.25031e+10 
6.25031e+10 
6.25031e+10 
6.25031e+10 
6.25032e+10 
6.25032e+10 
6.25032e+10 
6.25032e+10 
6.25032e+10 
6.25032e+10 
6.25032e+10 
6.25032e+10 
6.25032e+10 
6.25032e+10 
6.25032e+10 
6.25032e+10 
6.25032e+10 
6.25032e+10 
6.25032e+10 
6.25032e+10 
6.25032e+10 
6.25032e+10 
6.25032e+10 
6.25032e+10 
6.25032e+10 
6.25032e+10 
6.25032e+10 
6.25033e+10 
6.25033e+10 
6.25033e+10 
6.25033e+10 
6.25033e+10 
6.25033e+10 
6.25033e+10 
6.25033e+10 
6.25033e+10 
6.25033e+10 
6.25033e+10 
6.25033e+10 
6.25033e+10 
6.25033e+10 
6.25033e+10 
6.25033e+10 
6.25033e+10 
6.25034e+10 
6.25034e+10 
6.25034e+10 
6.25034e+10 
6.25034e+10 
6.25034e+10 
6.25034e+10 
6.25034e+10 
6.25034e+10 
6.25034e+10 
6.25034e+10 
6.25034e+10 
6.25034e+10 
6.25034e+10 
6.25034e+10 
6.25034e+10 
6.25034e+10 
6.25034e+10 
6.25034e+10 
6.25034e+10 
6.25034e+10 
6.25034e+10 
6.25034e+10 
6.25035e+10 
6.25035e+10 
6.25035e+10 
6.25035e+10 
6.25035e+10 
6.25035e+10 
6.25035e+10 
6.25035e+10 
6.25035e+10 
6.25035e+10 
6.25035e+10 
6.25035e+10 
6.25035e+10 
6.25035e+10 
6.25035e+10 
6.25035e+10 
6.25036e+10 
6.25036e+10 
6.25036e+10 
6.25036e+10 
6.25036e+10 
6.25036e+10 
6.25036e+10 
6.25036e+10 
6.25036e+10 
6.25036e+10 
6.25036e+10 
6.25036e+10 
6.25036e+10 
6.25036e+10 
6.25036e+10 
6.25036e+10 
6.25036e+10 
6.25036e+10 
6.25036e+10 
6.25036e+10 
6.25036e+10 
6.25036e+10 
6.25036e+10 
6.25036e+10 
6.25037e+10 
6.25037e+10 
6.25037e+10 
6.25037e+10 
6.25037e+10 
6.25037e+10 
6.25037e+10 
6.25037e+10 
6.25037e+10 
6.25037e+10 
6.25037e+10 
6.25037e+10 
6.25037e+10 
6.25037e+10 
6.25037e+10 
6.25037e+10 
6.25037e+10 
6.25038e+10 
6.25038e+10 
6.25038e+10 
6.25038e+10 
6.25038e+10 
6.25038e+10 
6.25038e+10 
6.25038e+10 
6.25038e+10 
6.25038e+10 
6.25038e+10 
6.25038e+10 
6.25038e+10 
6.25038e+10 
6.25038e+10 
6.25038e+10 
6.25038e+10 
6.25038e+10 
6.25038e+10 
6.25038e+10 
6.25038e+10 
6.25038e+10 
6.25038e+10 
6.25039e+10 
6.25039e+10 
6.25039e+10 
6.25039e+10 
6.25039e+10 
6.25039e+10 
6.25039e+10 
6.25039e+10 
6.25039e+10 
6.25039e+10 
6.25039e+10 
6.25039e+10 
6.25039e+10 
6.25039e+10 
6.25039e+10 
6.25039e+10 
6.25039e+10 
6.2504e+10 
6.2504e+10 
6.2504e+10 
6.2504e+10 
6.2504e+10 
6.2504e+10 
6.2504e+10 
6.2504e+10 
6.2504e+10 
6.2504e+10 
6.2504e+10 
6.2504e+10 
6.2504e+10 
6.2504e+10 
6.2504e+10 
6.2504e+10 
6.2504e+10 
6.2504e+10 
6.2504e+10 
6.2504e+10 
6.2504e+10 
6.2504e+10 
6.25041e+10 
6.25041e+10 
6.25041e+10 
6.25041e+10 
6.25041e+10 
6.25041e+10 
6.25041e+10 
6.25041e+10 
6.25041e+10 
6.25041e+10 
6.25041e+10 
6.25041e+10 
6.25041e+10 
6.25041e+10 
6.25041e+10 
6.25041e+10 
6.25041e+10 
6.25042e+10 
6.25042e+10 
6.25042e+10 
6.25042e+10 
6.25042e+10 
6.25042e+10 
6.25042e+10 
6.25042e+10 
6.25042e+10 
6.25042e+10 
6.25042e+10 
6.25042e+10 
6.25042e+10 
6.25042e+10 
6.25042e+10 
6.25042e+10 
6.25042e+10 
6.25042e+10 
6.25042e+10 
6.25042e+10 
6.25042e+10 
6.25042e+10 
6.25042e+10 
6.25042e+10 
6.25043e+10 
6.25043e+10 
6.25043e+10 
6.25043e+10 
6.25043e+10 
6.25043e+10 
6.25043e+10 
6.25043e+10 
6.25043e+10 
6.25043e+10 
6.25043e+10 
6.25043e+10 
6.25043e+10 
6.25043e+10 
6.25043e+10 
6.25043e+10 
6.25043e+10 
6.25044e+10 
6.25044e+10 
6.25044e+10 
6.25044e+10 
6.25044e+10 
6.25044e+10 
6.25044e+10 
6.25044e+10 
6.25044e+10 
6.25044e+10 
6.25044e+10 
6.25044e+10 
6.25044e+10 
6.25044e+10 
6.25044e+10 
6.25044e+10 
6.25044e+10 
6.25044e+10 
6.25044e+10 
6.25044e+10 
6.25044e+10 
6.25044e+10 
6.25044e+10 
6.25045e+10 
6.25045e+10 
6.25045e+10 
6.25045e+10 
6.25045e+10 
6.25045e+10 
6.25045e+10 
6.25045e+10 
6.25045e+10 
6.25045e+10 
6.25045e+10 
6.25045e+10 
6.25045e+10 
6.25045e+10 
6.25045e+10 
6.25045e+10 
6.25045e+10 
6.25046e+10 
6.25046e+10 
6.25046e+10 
6.25046e+10 
6.25046e+10 
6.25046e+10 
6.25046e+10 
6.25046e+10 
6.25046e+10 
6.25046e+10 
6.25046e+10 
6.25046e+10 
6.25046e+10 
6.25046e+10 
6.25046e+10 
6.25046e+10 
6.25046e+10 
6.25046e+10 
6.25046e+10 
6.25046e+10 
6.25046e+10 
6.25046e+10 
6.25046e+10 
6.25047e+10 
6.25047e+10 
6.25047e+10 
6.25047e+10 
6.25047e+10 
6.25047e+10 
6.25047e+10 
6.25047e+10 
6.25047e+10 
6.25047e+10 
6.25047e+10 
6.25047e+10 
6.25047e+10 
6.25047e+10 
6.25047e+10 
6.25047e+10 
6.25047e+10 
6.25048e+10 
6.25048e+10 
6.25048e+10 
6.25048e+10 
6.25048e+10 
6.25048e+10 
6.25048e+10 
6.25048e+10 
6.25048e+10 
6.25048e+10 
6.25048e+10 
6.25048e+10 
6.25048e+10 
6.25048e+10 
6.25048e+10 
6.25048e+10 
6.25048e+10 
6.25048e+10 
6.25048e+10 
6.25048e+10 
6.25048e+10 
6.25048e+10 
6.25048e+10 
6.25049e+10 
6.25049e+10 
6.25049e+10 
6.25049e+10 
6.25049e+10 
6.25049e+10 
6.25049e+10 
6.25049e+10 
6.25049e+10 
6.25049e+10 
6.25049e+10 
6.25049e+10 
6.25049e+10 
6.25049e+10 
6.25049e+10 
6.25049e+10 
6.25049e+10 
6.2505e+10 
6.2505e+10 
6.2505e+10 
6.2505e+10 
6.2505e+10 
6.2505e+10 
6.2505e+10 
6.2505e+10 
6.2505e+10 
6.2505e+10 
6.2505e+10 
6.2505e+10 
6.2505e+10 
6.2505e+10 
6.2505e+10 
6.2505e+10 
6.2505e+10 
6.2505e+10 
6.2505e+10 
6.2505e+10 
6.2505e+10 
6.2505e+10 
6.2505e+10 
6.25051e+10 
6.25051e+10 
6.25051e+10 
6.25051e+10 
6.25051e+10 
6.25051e+10 
6.25051e+10 
6.25051e+10 
6.25051e+10 
6.25051e+10 
6.25051e+10 
6.25051e+10 
6.25051e+10 
6.25051e+10 
6.25051e+10 
6.25051e+10 
6.25051e+10 
6.25052e+10 
6.25052e+10 
6.25052e+10 
6.25052e+10 
6.25052e+10 
6.25052e+10 
6.25052e+10 
6.25052e+10 
6.25052e+10 
6.25052e+10 
6.25052e+10 
6.25052e+10 
6.25052e+10 
6.25052e+10 
6.25052e+10 
6.25052e+10 
6.25052e+10 
6.25052e+10 
6.25052e+10 
6.25052e+10 
6.25052e+10 
6.25052e+10 
6.25052e+10 
6.25053e+10 
6.25053e+10 
6.25053e+10 
6.25053e+10 
6.25053e+10 
6.25053e+10 
6.25053e+10 
6.25053e+10 
6.25053e+10 
6.25053e+10 
6.25053e+10 
6.25053e+10 
6.25053e+10 
6.25053e+10 
6.25053e+10 
6.25053e+10 
6.25053e+10 
6.25054e+10 
6.25054e+10 
6.25054e+10 
6.25054e+10 
6.25054e+10 
6.25054e+10 
6.25054e+10 
6.25054e+10 
6.25054e+10 
6.25054e+10 
6.25054e+10 
6.25054e+10 
6.25054e+10 
6.25054e+10 
6.25054e+10 
6.25054e+10 
6.25054e+10 
6.25054e+10 
6.25054e+10 
6.25054e+10 
6.25054e+10 
6.25054e+10 
6.25054e+10 
6.25055e+10 
6.25055e+10 
6.25055e+10 
6.25055e+10 
6.25055e+10 
6.25055e+10 
6.25055e+10 
6.25055e+10 
6.25055e+10 
6.25055e+10 
6.25055e+10 
6.25055e+10 
6.25055e+10 
6.25055e+10 
6.25055e+10 
6.25055e+10 
6.25055e+10 
6.25056e+10 
6.25056e+10 
6.25056e+10 
6.25056e+10 
6.25056e+10 
6.25056e+10 
6.25056e+10 
6.25056e+10 
6.25056e+10 
6.25056e+10 
6.25056e+10 
6.25056e+10 
6.25056e+10 
6.25056e+10 
6.25056e+10 
6.25056e+10 
6.25056e+10 
6.25056e+10 
6.25056e+10 
6.25056e+10 
6.25056e+10 
6.25056e+10 
6.25056e+10 
6.25057e+10 
6.25057e+10 
6.25057e+10 
6.25057e+10 
6.25057e+10 
6.25057e+10 
6.25057e+10 
6.25057e+10 
6.25057e+10 
6.25057e+10 
6.25057e+10 
6.25057e+10 
6.25057e+10 
6.25057e+10 
6.25057e+10 
6.25057e+10 
6.25057e+10 
6.25058e+10 
6.25058e+10 
6.25058e+10 
6.25058e+10 
6.25058e+10 
6.25058e+10 
6.25058e+10 
6.25058e+10 
6.25058e+10 
6.25058e+10 
6.25058e+10 
6.25058e+10 
6.25058e+10 
6.25058e+10 
6.25058e+10 
6.25058e+10 
6.25058e+10 
6.25058e+10 
6.25058e+10 
6.25058e+10 
6.25058e+10 
6.25058e+10 
6.25058e+10 
6.25059e+10 
6.25059e+10 
6.25059e+10 
6.25059e+10 
6.25059e+10 
6.25059e+10 
6.25059e+10 
6.25059e+10 
6.25059e+10 
6.25059e+10 
6.25059e+10 
6.25059e+10 
6.25059e+10 
6.25059e+10 
6.25059e+10 
6.25059e+10 
6.25059e+10 
6.2506e+10 
6.2506e+10 
6.2506e+10 
6.2506e+10 
6.2506e+10 
6.2506e+10 
6.2506e+10 
6.2506e+10 
6.2506e+10 
6.2506e+10 
6.2506e+10 
6.2506e+10 
6.2506e+10 
6.2506e+10 
6.2506e+10 
6.2506e+10 
6.2506e+10 
6.2506e+10 
6.2506e+10 
6.2506e+10 
6.2506e+10 
6.2506e+10 
6.2506e+10 
6.25061e+10 
6.25061e+10 
6.25061e+10 
6.25061e+10 
6.25061e+10 
6.25061e+10 
6.25061e+10 
6.25061e+10 
6.25061e+10 
6.25061e+10 
6.25061e+10 
6.25061e+10 
6.25061e+10 
6.25061e+10 
6.25061e+10 
6.25061e+10 
6.25061e+10 
6.25062e+10 
6.25062e+10 
6.25062e+10 
6.25062e+10 
6.25062e+10 
6.25062e+10 
6.25062e+10 
6.25062e+10 
6.25062e+10 
6.25062e+10 
6.25062e+10 
6.25062e+10 
6.25062e+10 
6.25062e+10 
6.25062e+10 
6.25062e+10 
6.25062e+10 
6.25062e+10 
6.25062e+10 
6.25062e+10 
6.25062e+10 
6.25062e+10 
6.25062e+10 
6.25063e+10 
6.25063e+10 
6.25063e+10 
6.25063e+10 
6.25063e+10 
6.25063e+10 
6.25063e+10 
6.25063e+10 
6.25063e+10 
6.25063e+10 
6.25063e+10 
6.25063e+10 
6.25063e+10 
6.25063e+10 
6.25063e+10 
6.25063e+10 
6.25063e+10 
6.25064e+10 
6.25064e+10 
6.25064e+10 
6.25064e+10 
6.25064e+10 
6.25064e+10 
6.25064e+10 
6.25064e+10 
6.25064e+10 
6.25064e+10 
6.25064e+10 
6.25064e+10 
6.25064e+10 
6.25064e+10 
6.25064e+10 
6.25064e+10 
6.25064e+10 
6.25064e+10 
6.25064e+10 
6.25064e+10 
6.25064e+10 
6.25064e+10 
6.25064e+10 
6.25065e+10 
6.25065e+10 
6.25065e+10 
6.25065e+10 
6.25065e+10 
6.25065e+10 
6.25065e+10 
6.25065e+10 
6.25065e+10 
6.25065e+10 
6.25065e+10 
6.25065e+10 
6.25065e+10 
6.25065e+10 
6.25065e+10 
6.25065e+10 
6.25065e+10 
6.25066e+10 
6.25066e+10 
6.25066e+10 
6.25066e+10 
6.25066e+10 
6.25066e+10 
6.25066e+10 
6.25066e+10 
6.25066e+10 
6.25066e+10 
6.25066e+10 
6.25066e+10 
6.25066e+10 
6.25066e+10 
6.25066e+10 
6.25066e+10 
6.25066e+10 
6.25066e+10 
6.25066e+10 
6.25066e+10 
6.25066e+10 
6.25066e+10 
6.25066e+10 
6.25067e+10 
6.25067e+10 
6.25067e+10 
6.25067e+10 
6.25067e+10 
6.25067e+10 
6.25067e+10 
6.25067e+10 
6.25067e+10 
6.25067e+10 
6.25067e+10 
6.25067e+10 
6.25067e+10 
6.25067e+10 
6.25067e+10 
6.25067e+10 
6.25067e+10 
6.25068e+10 
6.25068e+10 
6.25068e+10 
6.25068e+10 
6.25068e+10 
6.25068e+10 
6.25068e+10 
6.25068e+10 
6.25068e+10 
6.25068e+10 
6.25068e+10 
6.25068e+10 
6.25068e+10 
6.25068e+10 
6.25068e+10 
6.25068e+10 
6.25068e+10 
6.25068e+10 
6.25068e+10 
6.25068e+10 
6.25068e+10 
6.25068e+10 
6.25069e+10 
6.25069e+10 
6.25069e+10 
6.25069e+10 
6.25069e+10 
6.25069e+10 
6.25069e+10 
6.25069e+10 
6.25069e+10 
6.25069e+10 
6.25069e+10 
6.25069e+10 
6.25069e+10 
6.25069e+10 
6.25069e+10 
6.25069e+10 
6.25069e+10 
6.2507e+10 
6.2507e+10 
6.2507e+10 
6.2507e+10 
6.2507e+10 
6.2507e+10 
6.2507e+10 
6.2507e+10 
6.2507e+10 
6.2507e+10 
6.2507e+10 
6.2507e+10 
6.2507e+10 
6.2507e+10 
6.2507e+10 
6.2507e+10 
6.2507e+10 
6.2507e+10 
6.2507e+10 
6.2507e+10 
6.2507e+10 
6.2507e+10 
6.2507e+10 
6.2507e+10 
6.25071e+10 
6.25071e+10 
6.25071e+10 
6.25071e+10 
6.25071e+10 
6.25071e+10 
6.25071e+10 
6.25071e+10 
6.25071e+10 
6.25071e+10 
6.25071e+10 
6.25071e+10 
6.25071e+10 
6.25071e+10 
6.25071e+10 
6.25071e+10 
6.25071e+10 
6.25072e+10 
6.25072e+10 
6.25072e+10 
6.25072e+10 
6.25072e+10 
6.25072e+10 
6.25072e+10 
6.25072e+10 
6.25072e+10 
6.25072e+10 
6.25072e+10 
6.25072e+10 
6.25072e+10 
6.25072e+10 
6.25072e+10 
6.25072e+10 
6.25072e+10 
6.25072e+10 
6.25072e+10 
6.25072e+10 
6.25072e+10 
6.25072e+10 
6.25072e+10 
6.25073e+10 
6.25073e+10 
6.25073e+10 
6.25073e+10 
6.25073e+10 
6.25073e+10 
6.25073e+10 
6.25073e+10 
6.25073e+10 
6.25073e+10 
6.25073e+10 
6.25073e+10 
6.25073e+10 
6.25073e+10 
6.25073e+10 
6.25073e+10 
6.25073e+10 
6.25074e+10 
6.25074e+10 
6.25074e+10 
6.25074e+10 
6.25074e+10 
6.25074e+10 
6.25074e+10 
6.25074e+10 
6.25074e+10 
6.25074e+10 
6.25074e+10 
6.25074e+10 
6.25074e+10 
6.25074e+10 
6.25074e+10 
6.25074e+10 
6.25074e+10 
6.25074e+10 
6.25074e+10 
6.25074e+10 
6.25074e+10 
6.25074e+10 
6.25074e+10 
6.25075e+10 
6.25075e+10 
6.25075e+10 
6.25075e+10 
6.25075e+10 
6.25075e+10 
6.25075e+10 
6.25075e+10 
6.25075e+10 
6.25075e+10 
6.25075e+10 
6.25075e+10 
6.25075e+10 
6.25075e+10 
6.25075e+10 
6.25075e+10 
6.25075e+10 
6.25076e+10 
6.25076e+10 
6.25076e+10 
6.25076e+10 
6.25076e+10 
6.25076e+10 
6.25076e+10 
6.25076e+10 
6.25076e+10 
6.25076e+10 
6.25076e+10 
6.25076e+10 
6.25076e+10 
6.25076e+10 
6.25076e+10 
6.25076e+10 
6.25076e+10 
6.25076e+10 
6.25076e+10 
6.25076e+10 
6.25076e+10 
6.25076e+10 
6.25076e+10 
6.25077e+10 
6.25077e+10 
6.25077e+10 
6.25077e+10 
6.25077e+10 
6.25077e+10 
6.25077e+10 
6.25077e+10 
6.25077e+10 
6.25077e+10 
6.25077e+10 
6.25077e+10 
6.25077e+10 
6.25077e+10 
6.25077e+10 
6.25077e+10 
6.25077e+10 
6.25078e+10 
6.25078e+10 
6.25078e+10 
6.25078e+10 
6.25078e+10 
6.25078e+10 
6.25078e+10 
6.25078e+10 
6.25078e+10 
6.25078e+10 
6.25078e+10 
6.25078e+10 
6.25078e+10 
6.25078e+10 
6.25078e+10 
6.25078e+10 
6.25078e+10 
6.25078e+10 
6.25078e+10 
6.25078e+10 
6.25078e+10 
6.25078e+10 
6.25078e+10 
6.25079e+10 
6.25079e+10 
6.25079e+10 
6.25079e+10 
6.25079e+10 
6.25079e+10 
6.25079e+10 
6.25079e+10 
6.25079e+10 
6.25079e+10 
6.25079e+10 
6.25079e+10 
6.25079e+10 
6.25079e+10 
6.25079e+10 
6.25079e+10 
6.25079e+10 
6.2508e+10 
6.2508e+10 
6.2508e+10 
6.2508e+10 
6.2508e+10 
6.2508e+10 
6.2508e+10 
6.2508e+10 
6.2508e+10 
6.2508e+10 
6.2508e+10 
6.2508e+10 
6.2508e+10 
6.2508e+10 
6.2508e+10 
6.2508e+10 
6.2508e+10 
6.2508e+10 
6.2508e+10 
6.2508e+10 
6.2508e+10 
6.2508e+10 
6.25081e+10 
6.25081e+10 
6.25081e+10 
6.25081e+10 
6.25081e+10 
6.25081e+10 
6.25081e+10 
6.25081e+10 
6.25081e+10 
6.25081e+10 
6.25081e+10 
6.25081e+10 
6.25081e+10 
6.25081e+10 
6.25081e+10 
6.25081e+10 
6.25081e+10 
6.25081e+10 
6.25082e+10 
6.25082e+10 
6.25082e+10 
6.25082e+10 
6.25082e+10 
6.25082e+10 
6.25082e+10 
6.25082e+10 
6.25082e+10 
6.25082e+10 
6.25082e+10 
6.25082e+10 
6.25082e+10 
6.25082e+10 
6.25082e+10 
6.25082e+10 
6.25082e+10 
6.25082e+10 
6.25082e+10 
6.25082e+10 
6.25082e+10 
6.25082e+10 
6.25082e+10 
6.25083e+10 
6.25083e+10 
6.25083e+10 
6.25083e+10 
6.25083e+10 
6.25083e+10 
6.25083e+10 
6.25083e+10 
6.25083e+10 
6.25083e+10 
6.25083e+10 
6.25083e+10 
6.25083e+10 
6.25083e+10 
6.25083e+10 
6.25083e+10 
6.25083e+10 
6.25084e+10 
6.25084e+10 
6.25084e+10 
6.25084e+10 
6.25084e+10 
6.25084e+10 
6.25084e+10 
6.25084e+10 
6.25084e+10 
6.25084e+10 
6.25084e+10 
6.25084e+10 
6.25084e+10 
6.25084e+10 
6.25084e+10 
6.25084e+10 
6.25084e+10 
6.25084e+10 
6.25084e+10 
6.25084e+10 
6.25084e+10 
6.25084e+10 
6.25084e+10 
6.25085e+10 
6.25085e+10 
6.25085e+10 
6.25085e+10 
6.25085e+10 
6.25085e+10 
6.25085e+10 
6.25085e+10 
6.25085e+10 
6.25085e+10 
6.25085e+10 
6.25085e+10 
6.25085e+10 
6.25085e+10 
6.25085e+10 
6.25085e+10 
6.25085e+10 
6.25086e+10 
6.25086e+10 
6.25086e+10 
6.25086e+10 
6.25086e+10 
6.25086e+10 
6.25086e+10 
6.25086e+10 
6.25086e+10 
6.25086e+10 
6.25086e+10 
6.25086e+10 
6.25086e+10 
6.25086e+10 
6.25086e+10 
6.25086e+10 
6.25086e+10 
6.25086e+10 
6.25086e+10 
6.25086e+10 
6.25086e+10 
6.25086e+10 
6.25086e+10 
6.25087e+10 
6.25087e+10 
6.25087e+10 
6.25087e+10 
6.25087e+10 
6.25087e+10 
6.25087e+10 
6.25087e+10 
6.25087e+10 
6.25087e+10 
6.25087e+10 
6.25087e+10 
6.25087e+10 
6.25087e+10 
6.25087e+10 
6.25087e+10 
6.25087e+10 
6.25088e+10 
6.25088e+10 
6.25088e+10 
6.25088e+10 
6.25088e+10 
6.25088e+10 
6.25088e+10 
6.25088e+10 
6.25088e+10 
6.25088e+10 
6.25088e+10 
6.25088e+10 
6.25088e+10 
6.25088e+10 
6.25088e+10 
6.25088e+10 
6.25088e+10 
6.25088e+10 
6.25088e+10 
6.25088e+10 
6.25088e+10 
6.25088e+10 
6.25089e+10 
6.25089e+10 
6.25089e+10 
6.25089e+10 
6.25089e+10 
6.25089e+10 
6.25089e+10 
6.25089e+10 
6.25089e+10 
6.25089e+10 
6.25089e+10 
6.25089e+10 
6.25089e+10 
6.25089e+10 
6.25089e+10 
6.25089e+10 
6.25089e+10 
6.25089e+10 
6.2509e+10 
6.2509e+10 
6.2509e+10 
6.2509e+10 
6.2509e+10 
6.2509e+10 
6.2509e+10 
6.2509e+10 
6.2509e+10 
6.2509e+10 
6.2509e+10 
6.2509e+10 
6.2509e+10 
6.2509e+10 
6.2509e+10 
6.2509e+10 
6.2509e+10 
6.2509e+10 
6.2509e+10 
6.2509e+10 
6.2509e+10 
6.2509e+10 
6.2509e+10 
6.25091e+10 
6.25091e+10 
6.25091e+10 
6.25091e+10 
6.25091e+10 
6.25091e+10 
6.25091e+10 
6.25091e+10 
6.25091e+10 
6.25091e+10 
6.25091e+10 
6.25091e+10 
6.25091e+10 
6.25091e+10 
6.25091e+10 
6.25091e+10 
6.25092e+10 
6.25092e+10 
6.25092e+10 
6.25092e+10 
6.25092e+10 
6.25092e+10 
6.25092e+10 
6.25092e+10 
6.25092e+10 
6.25092e+10 
6.25092e+10 
6.25092e+10 
6.25092e+10 
6.25092e+10 
6.25092e+10 
6.25092e+10 
6.25092e+10 
6.25092e+10 
6.25092e+10 
6.25092e+10 
6.25092e+10 
6.25092e+10 
6.25093e+10 
6.25093e+10 
6.25093e+10 
6.25093e+10 
6.25093e+10 
6.25093e+10 
6.25093e+10 
6.25093e+10 
6.25093e+10 
6.25093e+10 
6.25093e+10 
6.25093e+10 
6.25093e+10 
6.25093e+10 
6.25093e+10 
6.25093e+10 
6.25093e+10 
6.25093e+10 
6.25094e+10 
6.25094e+10 
6.25094e+10 
6.25094e+10 
6.25094e+10 
6.25094e+10 
6.25094e+10 
6.25094e+10 
6.25094e+10 
6.25094e+10 
6.25094e+10 
6.25094e+10 
6.25094e+10 
6.25094e+10 
6.25094e+10 
6.25094e+10 
6.25094e+10 
6.25094e+10 
6.25094e+10 
6.25094e+10 
6.25094e+10 
6.25094e+10 
6.25094e+10 
6.25094e+10 
6.25095e+10 
6.25095e+10 
6.25095e+10 
6.25095e+10 
6.25095e+10 
6.25095e+10 
6.25095e+10 
6.25095e+10 
6.25095e+10 
6.25095e+10 
6.25095e+10 
6.25095e+10 
6.25095e+10 
6.25095e+10 
6.25095e+10 
6.25095e+10 
6.25095e+10 
6.25096e+10 
6.25096e+10 
6.25096e+10 
6.25096e+10 
6.25096e+10 
6.25096e+10 
6.25096e+10 
6.25096e+10 
6.25096e+10 
6.25096e+10 
6.25096e+10 
6.25096e+10 
6.25096e+10 
6.25096e+10 
6.25096e+10 
6.25096e+10 
6.25096e+10 
6.25096e+10 
6.25096e+10 
6.25096e+10 
6.25096e+10 
6.25096e+10 
6.25096e+10 
6.25097e+10 
6.25097e+10 
6.25097e+10 
6.25097e+10 
6.25097e+10 
6.25097e+10 
6.25097e+10 
6.25097e+10 
6.25097e+10 
6.25097e+10 
6.25097e+10 
6.25097e+10 
6.25097e+10 
6.25097e+10 
6.25097e+10 
6.25097e+10 
6.25097e+10 
6.25098e+10 
6.25098e+10 
6.25098e+10 
6.25098e+10 
6.25098e+10 
6.25098e+10 
6.25098e+10 
6.25098e+10 
6.25098e+10 
6.25098e+10 
6.25098e+10 
6.25098e+10 
6.25098e+10 
6.25098e+10 
6.25098e+10 
6.25098e+10 
6.25098e+10 
6.25098e+10 
6.25098e+10 
6.25098e+10 
6.25098e+10 
6.25098e+10 
6.25099e+10 
6.25099e+10 
6.25099e+10 
6.25099e+10 
6.25099e+10 
6.25099e+10 
6.25099e+10 
6.25099e+10 
6.25099e+10 
6.25099e+10 
6.25099e+10 
6.25099e+10 
6.25099e+10 
6.25099e+10 
6.25099e+10 
6.25099e+10 
6.25099e+10 
6.25099e+10 
6.251e+10 
6.251e+10 
6.251e+10 
6.251e+10 
6.251e+10 
6.251e+10 
6.251e+10 
6.251e+10 
6.251e+10 
6.251e+10 
6.251e+10 
6.251e+10 
6.251e+10 
6.251e+10 
6.251e+10 
6.251e+10 
6.251e+10 
6.251e+10 
6.251e+10 
6.251e+10 
6.251e+10 
6.251e+10 
6.251e+10 
6.25101e+10 
6.25101e+10 
6.25101e+10 
6.25101e+10 
6.25101e+10 
6.25101e+10 
6.25101e+10 
6.25101e+10 
6.25101e+10 
6.25101e+10 
6.25101e+10 
6.25101e+10 
6.25101e+10 
6.25101e+10 
6.25101e+10 
6.25101e+10 
6.25101e+10 
6.25102e+10 
6.25102e+10 
6.25102e+10 
6.25102e+10 
6.25102e+10 
6.25102e+10 
6.25102e+10 
6.25102e+10 
6.25102e+10 
6.25102e+10 
6.25102e+10 
6.25102e+10 
6.25102e+10 
6.25102e+10 
6.25102e+10 
6.25102e+10 
6.25102e+10 
6.25102e+10 
6.25102e+10 
6.25102e+10 
6.25102e+10 
6.25102e+10 
6.25102e+10 
6.25103e+10 
6.25103e+10 
6.25103e+10 
6.25103e+10 
6.25103e+10 
6.25103e+10 
6.25103e+10 
6.25103e+10 
6.25103e+10 
6.25103e+10 
6.25103e+10 
6.25103e+10 
6.25103e+10 
6.25103e+10 
6.25103e+10 
6.25103e+10 
6.25103e+10 
6.25104e+10 
6.25104e+10 
6.25104e+10 
6.25104e+10 
6.25104e+10 
6.25104e+10 
6.25104e+10 
6.25104e+10 
6.25104e+10 
6.25104e+10 
6.25104e+10 
6.25104e+10 
6.25104e+10 
6.25104e+10 
6.25104e+10 
6.25104e+10 
6.25104e+10 
6.25104e+10 
6.25104e+10 
6.25104e+10 
6.25104e+10 
6.25104e+10 
6.25104e+10 
6.25105e+10 
6.25105e+10 
6.25105e+10 
6.25105e+10 
6.25105e+10 
6.25105e+10 
6.25105e+10 
6.25105e+10 
6.25105e+10 
6.25105e+10 
6.25105e+10 
6.25105e+10 
6.25105e+10 
6.25105e+10 
6.25105e+10 
6.25105e+10 
6.25105e+10 
6.25106e+10 
6.25106e+10 
6.25106e+10 
6.25106e+10 
6.25106e+10 
6.25106e+10 
6.25106e+10 
6.25106e+10 
6.25106e+10 
6.25106e+10 
6.25106e+10 
6.25106e+10 
6.25106e+10 
6.25106e+10 
6.25106e+10 
6.25106e+10 
6.25106e+10 
6.25106e+10 
6.25106e+10 
6.25106e+10 
6.25106e+10 
6.25106e+10 
6.25106e+10 
6.25107e+10 
6.25107e+10 
6.25107e+10 
6.25107e+10 
6.25107e+10 
6.25107e+10 
6.25107e+10 
6.25107e+10 
6.25107e+10 
6.25107e+10 
6.25107e+10 
6.25107e+10 
6.25107e+10 
6.25107e+10 
6.25107e+10 
6.25107e+10 
6.25107e+10 
6.25108e+10 
6.25108e+10 
6.25108e+10 
6.25108e+10 
6.25108e+10 
6.25108e+10 
6.25108e+10 
6.25108e+10 
6.25108e+10 
6.25108e+10 
6.25108e+10 
6.25108e+10 
6.25108e+10 
6.25108e+10 
6.25108e+10 
6.25108e+10 
6.25108e+10 
6.25108e+10 
6.25108e+10 
6.25108e+10 
6.25108e+10 
6.25108e+10 
6.25109e+10 
6.25109e+10 
6.25109e+10 
6.25109e+10 
6.25109e+10 
6.25109e+10 
6.25109e+10 
6.25109e+10 
6.25109e+10 
6.25109e+10 
6.25109e+10 
6.25109e+10 
6.25109e+10 
6.25109e+10 
6.25109e+10 
6.25109e+10 
6.25109e+10 
6.25109e+10 
6.2511e+10 
6.2511e+10 
6.2511e+10 
6.2511e+10 
6.2511e+10 
6.2511e+10 
6.2511e+10 
6.2511e+10 
6.2511e+10 
6.2511e+10 
6.2511e+10 
6.2511e+10 
6.2511e+10 
6.2511e+10 
6.2511e+10 
6.2511e+10 
6.2511e+10 
6.2511e+10 
6.2511e+10 
6.2511e+10 
6.2511e+10 
6.2511e+10 
6.2511e+10 
6.25111e+10 
6.25111e+10 
6.25111e+10 
6.25111e+10 
6.25111e+10 
6.25111e+10 
6.25111e+10 
6.25111e+10 
6.25111e+10 
6.25111e+10 
6.25111e+10 
6.25111e+10 
6.25111e+10 
6.25111e+10 
6.25111e+10 
6.25111e+10 
6.25111e+10 
6.25112e+10 
6.25112e+10 
6.25112e+10 
6.25112e+10 
6.25112e+10 
6.25112e+10 
6.25112e+10 
6.25112e+10 
6.25112e+10 
6.25112e+10 
6.25112e+10 
6.25112e+10 
6.25112e+10 
6.25112e+10 
6.25112e+10 
6.25112e+10 
6.25112e+10 
6.25112e+10 
6.25112e+10 
6.25112e+10 
6.25112e+10 
6.25112e+10 
6.25112e+10 
6.25113e+10 
6.25113e+10 
6.25113e+10 
6.25113e+10 
6.25113e+10 
6.25113e+10 
6.25113e+10 
6.25113e+10 
6.25113e+10 
6.25113e+10 
6.25113e+10 
6.25113e+10 
6.25113e+10 
6.25113e+10 
6.25113e+10 
6.25113e+10 
6.25113e+10 
6.25114e+10 
6.25114e+10 
6.25114e+10 
6.25114e+10 
6.25114e+10 
6.25114e+10 
6.25114e+10 
6.25114e+10 
6.25114e+10 
6.25114e+10 
6.25114e+10 
6.25114e+10 
6.25114e+10 
6.25114e+10 
6.25114e+10 
6.25114e+10 
6.25114e+10 
6.25114e+10 
6.25114e+10 
6.25114e+10 
6.25114e+10 
6.25114e+10 
6.25114e+10 
6.25115e+10 
6.25115e+10 
6.25115e+10 
6.25115e+10 
6.25115e+10 
6.25115e+10 
6.25115e+10 
6.25115e+10 
6.25115e+10 
6.25115e+10 
6.25115e+10 
6.25115e+10 
6.25115e+10 
6.25115e+10 
6.25115e+10 
6.25115e+10 
6.25115e+10 
6.25116e+10 
6.25116e+10 
6.25116e+10 
6.25116e+10 
6.25116e+10 
6.25116e+10 
6.25116e+10 
6.25116e+10 
6.25116e+10 
6.25116e+10 
6.25116e+10 
6.25116e+10 
6.25116e+10 
6.25116e+10 
6.25116e+10 
6.25116e+10 
6.25116e+10 
6.25116e+10 
6.25116e+10 
6.25116e+10 
6.25116e+10 
6.25116e+10 
6.25117e+10 
6.25117e+10 
6.25117e+10 
6.25117e+10 
6.25117e+10 
6.25117e+10 
6.25117e+10 
6.25117e+10 
6.25117e+10 
6.25117e+10 
6.25117e+10 
6.25117e+10 
6.25117e+10 
6.25117e+10 
6.25117e+10 
6.25117e+10 
6.25117e+10 
6.25117e+10 
6.25118e+10 
6.25118e+10 
6.25118e+10 
6.25118e+10 
6.25118e+10 
6.25118e+10 
6.25118e+10 
6.25118e+10 
6.25118e+10 
6.25118e+10 
6.25118e+10 
6.25118e+10 
6.25118e+10 
6.25118e+10 
6.25118e+10 
6.25118e+10 
6.25118e+10 
6.25118e+10 
6.25118e+10 
6.25118e+10 
6.25118e+10 
6.25118e+10 
6.25118e+10 
6.25119e+10 
6.25119e+10 
6.25119e+10 
6.25119e+10 
6.25119e+10 
6.25119e+10 
6.25119e+10 
6.25119e+10 
6.25119e+10 
6.25119e+10 
6.25119e+10 
6.25119e+10 
6.25119e+10 
6.25119e+10 
6.25119e+10 
6.25119e+10 
6.25119e+10 
6.2512e+10 
6.2512e+10 
6.2512e+10 
6.2512e+10 
6.2512e+10 
6.2512e+10 
6.2512e+10 
6.2512e+10 
6.2512e+10 
6.2512e+10 
6.2512e+10 
6.2512e+10 
6.2512e+10 
6.2512e+10 
6.2512e+10 
6.2512e+10 
6.2512e+10 
6.2512e+10 
6.2512e+10 
6.2512e+10 
6.2512e+10 
6.2512e+10 
6.2512e+10 
6.25121e+10 
6.25121e+10 
6.25121e+10 
6.25121e+10 
6.25121e+10 
6.25121e+10 
6.25121e+10 
6.25121e+10 
6.25121e+10 
6.25121e+10 
6.25121e+10 
6.25121e+10 
6.25121e+10 
6.25121e+10 
6.25121e+10 
6.25121e+10 
6.25121e+10 
6.25122e+10 
6.25122e+10 
6.25122e+10 
6.25122e+10 
6.25122e+10 
6.25122e+10 
6.25122e+10 
6.25122e+10 
6.25122e+10 
6.25122e+10 
6.25122e+10 
6.25122e+10 
6.25122e+10 
6.25122e+10 
6.25122e+10 
6.25122e+10 
6.25122e+10 
6.25122e+10 
6.25122e+10 
6.25122e+10 
6.25122e+10 
6.25122e+10 
6.25122e+10 
6.25123e+10 
6.25123e+10 
6.25123e+10 
6.25123e+10 
6.25123e+10 
6.25123e+10 
6.25123e+10 
6.25123e+10 
6.25123e+10 
6.25123e+10 
6.25123e+10 
6.25123e+10 
6.25123e+10 
6.25123e+10 
6.25123e+10 
6.25123e+10 
6.25123e+10 
6.25124e+10 
6.25124e+10 
6.25124e+10 
6.25124e+10 
6.25124e+10 
6.25124e+10 
6.25124e+10 
6.25124e+10 
6.25124e+10 
6.25124e+10 
6.25124e+10 
6.25124e+10 
6.25124e+10 
6.25124e+10 
6.25124e+10 
6.25124e+10 
6.25124e+10 
6.25124e+10 
6.25124e+10 
6.25124e+10 
6.25124e+10 
6.25124e+10 
6.25124e+10 
6.25125e+10 
6.25125e+10 
6.25125e+10 
6.25125e+10 
6.25125e+10 
6.25125e+10 
6.25125e+10 
MATMUL (CUDA) of size (M,N,K)     5000  5000 1 : min/avg/max: 0.000422459  0.00341903   0.0602218 seconds or   591774 GFLOPS/s or  236.804 GB/s
