STREAM triad of size      128  128 128 : min/avg/max:   0.0035241  0.00414323  0.00527367 seconds or  1.19018 GFLOPS/s or 0.0188871 GB/s
STREAM triad of size      147  147 147 : min/avg/max:  0.00462883  0.00464881  0.00466558 seconds or   1.3725 GFLOPS/s or 0.0189275 GB/s
STREAM triad of size      169  169 169 : min/avg/max:  0.00700624  0.00704959  0.00736851 seconds or  1.37786 GFLOPS/s or 0.016499 GB/s
STREAM triad of size      194  194 194 : min/avg/max:   0.0105651   0.0106268   0.0109112 seconds or  1.38218 GFLOPS/s or 0.0143961 GB/s
STREAM triad of size      223  223 223 : min/avg/max:   0.0117405   0.0125349   0.0160879 seconds or  1.88911 GFLOPS/s or 0.0170947 GB/s
STREAM triad of size      256  256 256 : min/avg/max:   0.0312153    0.031318   0.0315888 seconds or  1.07494 GFLOPS/s or 0.00846355 GB/s
STREAM triad of size      294  294 294 : min/avg/max:    0.028698    0.028858   0.0291522 seconds or  1.77101 GFLOPS/s or 0.0121296 GB/s
STREAM triad of size      338  338 338 : min/avg/max:   0.0453781   0.0455823   0.0460263 seconds or   1.7019 GFLOPS/s or  0.01013 GB/s
STREAM triad of size      388  388 388 : min/avg/max:   0.0695028   0.0697862   0.0703821 seconds or  1.68083 GFLOPS/s or 0.00870871 GB/s
STREAM triad of size      446  446 446 : min/avg/max:     0.10834    0.108708    0.109153 seconds or  1.63775 GFLOPS/s or 0.0073771 GB/s
STREAM triad of size      512  512 512 : min/avg/max:    0.293273    0.293559    0.294461 seconds or 0.915308 GFLOPS/s or 0.00358939 GB/s
STREAM triad of size      588  588 588 : min/avg/max:     0.28644    0.286643    0.287204 seconds or  1.41948 GFLOPS/s or 0.00484458 GB/s
STREAM triad of size      676  676 676 : min/avg/max:    0.446807    0.447666    0.454147 seconds or  1.38277 GFLOPS/s or 0.00410314 GB/s
STREAM triad of size      776  776 776 : min/avg/max:     2.05399     2.05473     2.05679 seconds or 0.455005 GFLOPS/s or 0.00117572 GB/s
STREAM triad of size      891  891 891 : min/avg/max:     4.93924     4.94033     4.94477 seconds or  0.28642 GFLOPS/s or 0.000644361 GB/s
STREAM triad of size     1024  1024 1024 : min/avg/max:     8.65664     8.66621     8.81447 seconds or 0.248073 GFLOPS/s or 0.000485465 GB/s
STREAM triad of size     1176  1176 1176 : min/avg/max:      13.171     13.1747     13.1855 seconds or 0.246963 GFLOPS/s or 0.000420719 GB/s
STREAM triad of size     1351  1351 1351 : min/avg/max:     19.4852       19.49     19.5044 seconds or   0.2531 GFLOPS/s or 0.00037524 GB/s
STREAM triad of size     1552  1552 1552 : min/avg/max:     31.0208     31.0329     31.0655 seconds or 0.241019 GFLOPS/s or 0.000310992 GB/s
slurmstepd: error: *** JOB 8228852 ON s151 CANCELLED AT 2023-09-22T09:51:40 DUE TO TIME LIMIT ***
