MATMUL (GPU) of size (M,N,K)      128  128 1 : min/avg/max: 1.96498e-05 2.00865e-05 2.17523e-05 seconds or  213.452 GFLOPS/s or   3.3873 GB/s
MATMUL (GPU) of size (M,N,K)      147  147 1 : min/avg/max: 1.41439e-05 1.42478e-05 1.46393e-05 seconds or  449.174 GFLOPS/s or  6.19435 GB/s
MATMUL (GPU) of size (M,N,K)      169  169 1 : min/avg/max: 1.59374e-05 1.60168e-05 1.61046e-05 seconds or  605.721 GFLOPS/s or  7.25313 GB/s
MATMUL (GPU) of size (M,N,K)      194  194 1 : min/avg/max: 1.94605e-05 1.95536e-05   1.968e-05 seconds or  750.382 GFLOPS/s or  7.81565 GB/s
MATMUL (GPU) of size (M,N,K)      223  223 1 : min/avg/max: 2.01006e-05 2.01805e-05  2.0574e-05 seconds or   1103.4 GFLOPS/s or  9.98475 GB/s
MATMUL (GPU) of size (M,N,K)      256  256 1 : min/avg/max: 3.64007e-05  3.6484e-05 3.66141e-05 seconds or  921.809 GFLOPS/s or  7.25789 GB/s
MATMUL (GPU) of size (M,N,K)      294  294 1 : min/avg/max: 2.59811e-05 2.60656e-05 2.64791e-05 seconds or   1956.2 GFLOPS/s or   13.398 GB/s
MATMUL (GPU) of size (M,N,K)      338  338 1 : min/avg/max:   2.891e-05 2.89995e-05 2.95118e-05 seconds or  2671.36 GFLOPS/s or  15.9004 GB/s
MATMUL (GPU) of size (M,N,K)      388  388 1 : min/avg/max:  3.7164e-05 3.72277e-05 3.72811e-05 seconds or  3143.42 GFLOPS/s or  16.2867 GB/s
MATMUL (GPU) of size (M,N,K)      446  446 1 : min/avg/max: 3.09315e-05 3.44697e-05 3.67726e-05 seconds or  5736.32 GFLOPS/s or  25.8388 GB/s
MATMUL (GPU) of size (M,N,K)      512  512 1 : min/avg/max: 5.89335e-05 5.90249e-05 5.90811e-05 seconds or  4554.89 GFLOPS/s or   17.862 GB/s
MATMUL (GPU) of size (M,N,K)      588  588 1 : min/avg/max: 4.30553e-05 4.31647e-05  4.3255e-05 seconds or  9443.56 GFLOPS/s or  32.2302 GB/s
MATMUL (GPU) of size (M,N,K)      676  676 1 : min/avg/max: 5.00386e-05  5.0107e-05 5.01767e-05 seconds or  12347.1 GFLOPS/s or  36.6379 GB/s
MATMUL (GPU) of size (M,N,K)      776  776 1 : min/avg/max: 6.49028e-05 6.49901e-05 6.50666e-05 seconds or  14399.6 GFLOPS/s or  37.2081 GB/s
MATMUL (GPU) of size (M,N,K)      891  891 1 : min/avg/max:  6.0636e-05 6.09659e-05 6.15091e-05 seconds or  23330.9 GFLOPS/s or  52.4878 GB/s
MATMUL (GPU) of size (M,N,K)     1024  1024 1 : min/avg/max:  0.00011436 0.000114448 0.000114581 seconds or  18778.3 GFLOPS/s or  36.7481 GB/s
MATMUL (GPU) of size (M,N,K)     1176  1176 1 : min/avg/max: 8.88688e-05 0.000101387 0.000104044 seconds or  36601.8 GFLOPS/s or  62.3539 GB/s
MATMUL (GPU) of size (M,N,K)     1351  1351 1 : min/avg/max: 9.49427e-05 9.54338e-05 9.61756e-05 seconds or  51943.9 GFLOPS/s or  77.0108 GB/s
MATMUL (GPU) of size (M,N,K)     1552  1552 1 : min/avg/max: 0.000136067 0.000136739 0.000137916 seconds or  54948.1 GFLOPS/s or  70.9007 GB/s
MATMUL (GPU) of size (M,N,K)     1783  1783 1 : min/avg/max: 0.000139549 0.000140028 0.000142115 seconds or  81237.7 GFLOPS/s or  91.2269 GB/s
MATMUL (GPU) of size (M,N,K)     2048  2048 1 : min/avg/max: 0.000198061 0.000198496 0.000200703 seconds or  86740.4 GFLOPS/s or  84.7902 GB/s
MATMUL (GPU) of size (M,N,K)     2353  2353 1 : min/avg/max: 0.000238279 0.000238852 0.000242859 seconds or   109348 GFLOPS/s or  93.0222 GB/s
MATMUL (GPU) of size (M,N,K)     2702  2702 1 : min/avg/max: 0.000307993 0.000310248 0.000316539 seconds or   128099 GFLOPS/s or  94.8879 GB/s
MATMUL (GPU) of size (M,N,K)     3104  3104 1 : min/avg/max: 0.000533736 0.000534691 0.000542018 seconds or   112065 GFLOPS/s or  72.2531 GB/s
MATMUL (GPU) of size (M,N,K)     3566  3566 1 : min/avg/max: 0.000509407 0.000511779 0.000519712 seconds or   178036 GFLOPS/s or  99.9082 GB/s
MATMUL (GPU) of size (M,N,K)     4096  4096 1 : min/avg/max: 0.000694775 0.000704841 0.000723262 seconds or   197818 GFLOPS/s or  96.6379 GB/s
MATMUL (GPU) of size (M,N,K)     4705  4705 1 : min/avg/max: 0.000824279 0.000826759 0.000844432 seconds or   252717 GFLOPS/s or  107.471 GB/s
MATMUL (GPU) of size (M,N,K)     5405  5405 1 : min/avg/max:  0.00126341  0.00127049  0.00131751 seconds or   249961 GFLOPS/s or  92.5268 GB/s
MATMUL (GPU) of size (M,N,K)     6208  6208 1 : min/avg/max:  0.00175503  0.00177737  0.00180669 seconds or   272646 GFLOPS/s or  87.8654 GB/s
MATMUL (GPU) of size (M,N,K)     7132  7132 1 : min/avg/max:  0.00196251  0.00196981  0.00201592 seconds or   369702 GFLOPS/s or  103.703 GB/s
MATMUL (GPU) of size (M,N,K)     8192  8192 1 : min/avg/max:   0.0028692  0.00290766  0.00302262 seconds or   383212 GFLOPS/s or  93.5806 GB/s
MATMUL (GPU) of size (M,N,K)     9410  9410 1 : min/avg/max:  0.00325237   0.0032645  0.00336688 seconds or   512387 GFLOPS/s or  108.926 GB/s
MATMUL (GPU) of size (M,N,K)    10809  10809 1 : min/avg/max:  0.00471797  0.00473928  0.00486755 seconds or   535342 GFLOPS/s or  99.0732 GB/s
MATMUL (GPU) of size (M,N,K)    12417  12417 1 : min/avg/max:  0.00578359  0.00579835  0.00598197 seconds or   662038 GFLOPS/s or  106.651 GB/s
MATMUL (GPU) of size (M,N,K)    14263  14263 1 : min/avg/max:  0.00751039  0.00753433  0.00779803 seconds or   772680 GFLOPS/s or  108.363 GB/s
MATMUL (GPU) of size (M,N,K)    16384  16384 1 : min/avg/max:   0.0108994   0.0109644   0.0112021 seconds or   807029 GFLOPS/s or  98.5263 GB/s
