2.4995e+08 
7.4995e+08 
1.24995e+09 
1.74995e+09 
2.24995e+09 
2.74996e+09 
3.24996e+09 
3.74997e+09 
4.24997e+09 
4.74998e+09 
5.24998e+09 
5.74998e+09 
6.24998e+09 
6.74998e+09 
7.24998e+09 
7.74999e+09 
8.24999e+09 
8.74999e+09 
9.24999e+09 
9.74999e+09 
1.025e+10 
1.075e+10 
1.125e+10 
1.175e+10 
1.225e+10 
1.275e+10 
1.325e+10 
1.375e+10 
1.425e+10 
1.475e+10 
1.525e+10 
1.575e+10 
1.625e+10 
1.675e+10 
1.725e+10 
1.775e+10 
1.825e+10 
1.875e+10 
1.925e+10 
1.975e+10 
2.025e+10 
2.075e+10 
2.125e+10 
2.175e+10 
2.225e+10 
2.275e+10 
2.325e+10 
2.375e+10 
2.425e+10 
2.475e+10 
2.525e+10 
2.575e+10 
2.625e+10 
2.675e+10 
2.725e+10 
2.775e+10 
2.825e+10 
2.875e+10 
2.925e+10 
2.975e+10 
3.025e+10 
3.075e+10 
3.125e+10 
3.175e+10 
3.225e+10 
3.275e+10 
3.325e+10 
3.375e+10 
3.425e+10 
3.475e+10 
3.525e+10 
3.575e+10 
3.625e+10 
3.675e+10 
3.725e+10 
3.77499e+10 
3.825e+10 
3.87499e+10 
3.925e+10 
3.97499e+10 
4.025e+10 
4.07499e+10 
4.125e+10 
4.17499e+10 
4.225e+10 
4.27498e+10 
4.325e+10 
4.37498e+10 
4.425e+10 
4.47498e+10 
4.525e+10 
4.57498e+10 
4.625e+10 
4.67498e+10 
4.725e+10 
4.77498e+10 
4.825e+10 
4.87498e+10 
4.925e+10 
4.97497e+10 
5.025e+10 
5.07497e+10 
5.125e+10 
5.17497e+10 
5.225e+10 
5.27497e+10 
5.325e+10 
5.37497e+10 
5.425e+10 
5.47497e+10 
5.525e+10 
5.57497e+10 
5.625e+10 
5.67497e+10 
5.725e+10 
5.77497e+10 
5.825e+10 
5.87497e+10 
5.925e+10 
5.97497e+10 
6.025e+10 
6.07497e+10 
6.125e+10 
6.17497e+10 
6.225e+10 
6.27497e+10 
6.325e+10 
6.37496e+10 
6.425e+10 
6.47496e+10 
6.525e+10 
6.57496e+10 
6.625e+10 
6.67496e+10 
6.725e+10 
6.77496e+10 
6.825e+10 
6.87496e+10 
6.925e+10 
6.97496e+10 
7.025e+10 
7.07496e+10 
7.12499e+10 
7.17497e+10 
7.225e+10 
7.27496e+10 
7.32499e+10 
7.37497e+10 
7.425e+10 
7.47496e+10 
7.52499e+10 
7.57497e+10 
7.625e+10 
7.67496e+10 
7.72498e+10 
7.77497e+10 
7.825e+10 
7.87495e+10 
7.92498e+10 
7.97498e+10 
8.025e+10 
8.07495e+10 
8.12497e+10 
8.17498e+10 
8.225e+10 
8.27495e+10 
8.32497e+10 
8.37498e+10 
8.425e+10 
8.47495e+10 
8.52497e+10 
8.57498e+10 
8.625e+10 
8.67495e+10 
8.72496e+10 
8.77498e+10 
8.825e+10 
8.87495e+10 
8.92496e+10 
8.97499e+10 
9.025e+10 
9.07495e+10 
9.12496e+10 
9.17499e+10 
9.225e+10 
9.27495e+10 
9.32496e+10 
9.37499e+10 
9.425e+10 
9.47495e+10 
9.52496e+10 
9.57499e+10 
9.625e+10 
9.67495e+10 
9.72495e+10 
9.77499e+10 
9.825e+10 
9.87495e+10 
9.92495e+10 
9.975e+10 
1.0025e+11 
1.00749e+11 
1.01249e+11 
1.0175e+11 
1.0225e+11 
1.02749e+11 
1.03249e+11 
1.0375e+11 
1.0425e+11 
1.04749e+11 
1.05249e+11 
1.0575e+11 
1.0625e+11 
1.06749e+11 
1.07249e+11 
1.0775e+11 
1.0825e+11 
1.08749e+11 
1.09249e+11 
1.0975e+11 
1.1025e+11 
1.10749e+11 
1.11249e+11 
1.1175e+11 
1.1225e+11 
1.12749e+11 
1.13249e+11 
1.1375e+11 
1.1425e+11 
1.14749e+11 
1.15249e+11 
1.1575e+11 
1.1625e+11 
1.16749e+11 
1.17249e+11 
1.1775e+11 
1.1825e+11 
1.18749e+11 
1.19249e+11 
1.1975e+11 
1.2025e+11 
1.20749e+11 
1.21249e+11 
1.2175e+11 
1.2225e+11 
1.22749e+11 
1.23249e+11 
1.2375e+11 
1.2425e+11 
1.24749e+11 
1.25249e+11 
1.2575e+11 
1.2625e+11 
1.26749e+11 
1.27249e+11 
1.2775e+11 
1.2825e+11 
1.28749e+11 
1.29249e+11 
1.2975e+11 
1.3025e+11 
1.30749e+11 
1.31249e+11 
1.3175e+11 
1.3225e+11 
1.32749e+11 
1.33249e+11 
1.3375e+11 
1.3425e+11 
1.34749e+11 
1.35249e+11 
1.3575e+11 
1.3625e+11 
1.36749e+11 
1.37249e+11 
1.3775e+11 
1.3825e+11 
1.38749e+11 
1.39249e+11 
1.3975e+11 
1.4025e+11 
1.40749e+11 
1.41249e+11 
1.4175e+11 
1.4225e+11 
1.4275e+11 
1.43249e+11 
1.4375e+11 
1.4425e+11 
1.44749e+11 
1.45249e+11 
1.4575e+11 
1.4625e+11 
1.4675e+11 
1.47249e+11 
1.4775e+11 
1.4825e+11 
1.48749e+11 
1.49249e+11 
1.4975e+11 
1.5025e+11 
1.5075e+11 
1.51249e+11 
1.5175e+11 
1.5225e+11 
1.52749e+11 
1.53249e+11 
1.5375e+11 
1.5425e+11 
1.5475e+11 
1.55249e+11 
1.5575e+11 
1.5625e+11 
1.56749e+11 
1.57249e+11 
1.5775e+11 
1.5825e+11 
1.5875e+11 
1.59249e+11 
1.5975e+11 
1.6025e+11 
1.60749e+11 
1.61249e+11 
1.6175e+11 
1.62249e+11 
1.6275e+11 
1.6325e+11 
1.6375e+11 
1.6425e+11 
1.64749e+11 
1.65249e+11 
1.6575e+11 
1.66249e+11 
1.6675e+11 
1.6725e+11 
1.6775e+11 
1.6825e+11 
1.68749e+11 
1.69249e+11 
1.6975e+11 
1.70249e+11 
1.7075e+11 
1.7125e+11 
1.7175e+11 
1.7225e+11 
1.72749e+11 
1.73249e+11 
1.7375e+11 
1.74249e+11 
1.7475e+11 
1.7525e+11 
1.7575e+11 
1.7625e+11 
1.76749e+11 
1.77249e+11 
1.7775e+11 
1.78249e+11 
1.7875e+11 
1.7925e+11 
1.7975e+11 
1.8025e+11 
1.80749e+11 
1.81249e+11 
1.8175e+11 
1.82249e+11 
1.8275e+11 
1.8325e+11 
1.8375e+11 
1.8425e+11 
1.84749e+11 
1.85249e+11 
1.8575e+11 
1.86249e+11 
1.8675e+11 
1.8725e+11 
1.8775e+11 
1.8825e+11 
1.88749e+11 
1.89249e+11 
1.8975e+11 
1.90249e+11 
1.9075e+11 
1.9125e+11 
1.9175e+11 
1.9225e+11 
1.92749e+11 
1.93249e+11 
1.93749e+11 
1.94249e+11 
1.9475e+11 
1.9525e+11 
1.9575e+11 
1.9625e+11 
1.96749e+11 
1.97249e+11 
1.97749e+11 
1.98249e+11 
1.9875e+11 
1.9925e+11 
1.9975e+11 
2.0025e+11 
2.00749e+11 
2.01249e+11 
2.01749e+11 
2.02249e+11 
2.0275e+11 
2.0325e+11 
2.0375e+11 
2.0425e+11 
2.04749e+11 
2.05249e+11 
2.05749e+11 
2.06249e+11 
2.0675e+11 
2.0725e+11 
2.0775e+11 
2.0825e+11 
2.08749e+11 
2.09249e+11 
2.09749e+11 
2.10249e+11 
2.1075e+11 
2.1125e+11 
2.1175e+11 
2.1225e+11 
2.12749e+11 
2.13249e+11 
2.13749e+11 
2.14249e+11 
2.1475e+11 
2.1525e+11 
2.1575e+11 
2.1625e+11 
2.16749e+11 
2.17249e+11 
2.17749e+11 
2.18249e+11 
2.1875e+11 
2.1925e+11 
2.1975e+11 
2.2025e+11 
2.20749e+11 
2.21249e+11 
2.21749e+11 
2.22249e+11 
2.2275e+11 
2.2325e+11 
2.2375e+11 
2.2425e+11 
2.24749e+11 
2.25249e+11 
2.25749e+11 
2.26249e+11 
2.26751e+11 
2.2725e+11 
2.2775e+11 
2.2825e+11 
2.28749e+11 
2.29249e+11 
2.29749e+11 
2.30249e+11 
2.30751e+11 
2.3125e+11 
2.3175e+11 
2.3225e+11 
2.32749e+11 
2.33249e+11 
2.33749e+11 
2.34249e+11 
2.34751e+11 
2.3525e+11 
2.3575e+11 
2.3625e+11 
2.36749e+11 
2.37249e+11 
2.37749e+11 
2.38249e+11 
2.38751e+11 
2.3925e+11 
2.3975e+11 
2.4025e+11 
2.40749e+11 
2.41249e+11 
2.41749e+11 
2.42249e+11 
2.42751e+11 
2.4325e+11 
2.4375e+11 
2.4425e+11 
2.44749e+11 
2.45249e+11 
2.45749e+11 
2.46249e+11 
2.46751e+11 
2.4725e+11 
2.4775e+11 
2.4825e+11 
2.48749e+11 
2.49249e+11 
2.49749e+11 
2.50249e+11 
2.50751e+11 
2.5125e+11 
2.5175e+11 
2.5225e+11 
2.52749e+11 
2.53249e+11 
2.53749e+11 
2.54249e+11 
2.54751e+11 
2.5525e+11 
2.5575e+11 
2.5625e+11 
2.56749e+11 
2.57249e+11 
2.57749e+11 
2.58249e+11 
2.58751e+11 
2.5925e+11 
2.5975e+11 
2.6025e+11 
2.60749e+11 
2.61249e+11 
2.61749e+11 
2.62249e+11 
2.62751e+11 
2.6325e+11 
2.6375e+11 
2.6425e+11 
2.64749e+11 
2.65249e+11 
2.65749e+11 
2.66248e+11 
2.66751e+11 
2.6725e+11 
2.67751e+11 
2.6825e+11 
2.68749e+11 
2.69249e+11 
2.69749e+11 
2.70248e+11 
2.70751e+11 
2.7125e+11 
2.71751e+11 
2.7225e+11 
2.72749e+11 
2.73249e+11 
2.73749e+11 
2.74248e+11 
2.74751e+11 
2.7525e+11 
2.75751e+11 
2.7625e+11 
2.76749e+11 
2.77249e+11 
2.77749e+11 
2.78248e+11 
2.78751e+11 
2.7925e+11 
2.79751e+11 
2.8025e+11 
2.80749e+11 
2.81249e+11 
2.81749e+11 
2.82248e+11 
2.82751e+11 
2.8325e+11 
2.8375e+11 
2.8425e+11 
2.8475e+11 
2.85249e+11 
2.85749e+11 
2.86249e+11 
2.86751e+11 
2.8725e+11 
2.87751e+11 
2.8825e+11 
2.88749e+11 
2.89249e+11 
2.89749e+11 
2.90248e+11 
2.90751e+11 
2.9125e+11 
2.9175e+11 
2.9225e+11 
2.9275e+11 
2.93249e+11 
2.93749e+11 
2.94249e+11 
2.94751e+11 
2.9525e+11 
2.95751e+11 
2.9625e+11 
2.96749e+11 
2.97249e+11 
2.97749e+11 
2.98248e+11 
2.98751e+11 
2.9925e+11 
2.9975e+11 
3.00249e+11 
3.0075e+11 
3.01249e+11 
3.01749e+11 
3.02249e+11 
3.02751e+11 
3.0325e+11 
3.03751e+11 
3.0425e+11 
3.04749e+11 
3.05249e+11 
3.05749e+11 
3.06248e+11 
3.0675e+11 
3.0725e+11 
3.0775e+11 
3.08249e+11 
3.0875e+11 
3.09249e+11 
3.0975e+11 
3.10249e+11 
3.10751e+11 
3.1125e+11 
3.11751e+11 
3.1225e+11 
3.12749e+11 
3.13249e+11 
3.13749e+11 
3.14248e+11 
3.1475e+11 
3.1525e+11 
3.1575e+11 
3.16249e+11 
3.1675e+11 
3.1725e+11 
3.1775e+11 
3.18249e+11 
3.18751e+11 
3.1925e+11 
3.19751e+11 
3.2025e+11 
3.20749e+11 
3.21249e+11 
3.21749e+11 
3.22248e+11 
3.2275e+11 
3.2325e+11 
3.2375e+11 
3.24249e+11 
3.2475e+11 
3.2525e+11 
3.2575e+11 
3.26249e+11 
3.26751e+11 
3.2725e+11 
3.27751e+11 
3.2825e+11 
3.28749e+11 
3.29249e+11 
3.29749e+11 
3.30248e+11 
3.3075e+11 
3.3125e+11 
3.31749e+11 
3.32249e+11 
3.3275e+11 
3.3325e+11 
3.3375e+11 
3.34249e+11 
3.34751e+11 
3.35251e+11 
3.3575e+11 
3.3625e+11 
3.36749e+11 
3.37249e+11 
3.37749e+11 
3.38248e+11 
3.3875e+11 
3.39249e+11 
3.39749e+11 
3.40249e+11 
3.40751e+11 
3.4125e+11 
3.4175e+11 
3.42249e+11 
3.42751e+11 
3.43251e+11 
3.43751e+11 
3.4425e+11 
3.44749e+11 
3.45249e+11 
3.45749e+11 
3.46248e+11 
3.4675e+11 
3.47249e+11 
3.47749e+11 
3.48249e+11 
3.48751e+11 
3.4925e+11 
3.4975e+11 
3.50249e+11 
3.50751e+11 
3.51251e+11 
3.5175e+11 
3.5225e+11 
3.52749e+11 
3.53249e+11 
3.53749e+11 
3.54248e+11 
3.5475e+11 
3.55249e+11 
3.55749e+11 
3.56249e+11 
3.56751e+11 
3.5725e+11 
3.5775e+11 
3.5825e+11 
3.58751e+11 
3.59251e+11 
3.5975e+11 
3.6025e+11 
3.60749e+11 
3.61249e+11 
3.61749e+11 
3.62248e+11 
3.6275e+11 
3.63249e+11 
3.63749e+11 
3.64248e+11 
3.64751e+11 
3.6525e+11 
3.6575e+11 
3.6625e+11 
3.66751e+11 
3.67251e+11 
3.6775e+11 
3.6825e+11 
3.68749e+11 
3.69249e+11 
3.69749e+11 
3.70248e+11 
3.7075e+11 
3.71249e+11 
3.71749e+11 
3.72248e+11 
3.72751e+11 
3.7325e+11 
3.7375e+11 
3.7425e+11 
3.74751e+11 
3.75251e+11 
3.7575e+11 
3.7625e+11 
3.76749e+11 
3.77249e+11 
3.77749e+11 
3.78248e+11 
3.7875e+11 
3.79249e+11 
3.79749e+11 
3.80248e+11 
3.80751e+11 
3.8125e+11 
3.8175e+11 
3.8225e+11 
3.82751e+11 
3.83251e+11 
3.8375e+11 
3.8425e+11 
3.84749e+11 
3.85249e+11 
3.85748e+11 
3.86248e+11 
3.86749e+11 
3.87249e+11 
3.87749e+11 
3.88248e+11 
3.88751e+11 
3.8925e+11 
3.8975e+11 
3.9025e+11 
3.90751e+11 
3.91251e+11 
3.9175e+11 
3.9225e+11 
3.92749e+11 
3.93249e+11 
3.93749e+11 
3.94248e+11 
3.9475e+11 
3.95249e+11 
3.95749e+11 
3.96248e+11 
3.96751e+11 
3.97251e+11 
3.9775e+11 
3.9825e+11 
3.98751e+11 
3.99251e+11 
3.99751e+11 
4.0025e+11 
4.00749e+11 
4.01249e+11 
4.01749e+11 
4.02248e+11 
4.02749e+11 
4.03249e+11 
4.03749e+11 
4.04248e+11 
4.04751e+11 
4.05251e+11 
4.05751e+11 
4.0625e+11 
4.06751e+11 
4.07251e+11 
4.07751e+11 
4.0825e+11 
4.08749e+11 
4.09249e+11 
4.09748e+11 
4.10248e+11 
4.10749e+11 
4.11249e+11 
4.11748e+11 
4.12248e+11 
4.12751e+11 
4.13251e+11 
4.13751e+11 
4.1425e+11 
4.14751e+11 
4.15251e+11 
4.15751e+11 
4.1625e+11 
4.16749e+11 
4.17249e+11 
4.17748e+11 
4.18248e+11 
4.18749e+11 
4.19249e+11 
4.19748e+11 
4.20248e+11 
4.20752e+11 
4.21251e+11 
4.21751e+11 
4.2225e+11 
4.22751e+11 
4.23251e+11 
4.23751e+11 
4.2425e+11 
4.24749e+11 
4.25249e+11 
4.25748e+11 
4.26248e+11 
4.26749e+11 
4.27249e+11 
4.27748e+11 
4.28248e+11 
4.28752e+11 
4.29251e+11 
4.29751e+11 
4.3025e+11 
4.30751e+11 
4.31251e+11 
4.31751e+11 
4.3225e+11 
4.32749e+11 
4.33249e+11 
4.33748e+11 
4.34248e+11 
4.34749e+11 
4.35249e+11 
4.35748e+11 
4.36248e+11 
4.36752e+11 
4.37251e+11 
4.37751e+11 
4.3825e+11 
4.38751e+11 
4.39251e+11 
4.3975e+11 
4.4025e+11 
4.40749e+11 
4.41249e+11 
4.41748e+11 
4.42248e+11 
4.42749e+11 
4.43249e+11 
4.43748e+11 
4.44248e+11 
4.44752e+11 
4.45251e+11 
4.45751e+11 
4.4625e+11 
4.46751e+11 
4.47251e+11 
4.4775e+11 
4.4825e+11 
4.48749e+11 
4.49249e+11 
4.49748e+11 
4.50248e+11 
4.50749e+11 
4.51248e+11 
4.51748e+11 
4.52247e+11 
4.52752e+11 
4.53251e+11 
4.53751e+11 
4.5425e+11 
4.54751e+11 
4.55251e+11 
4.5575e+11 
4.5625e+11 
4.56749e+11 
4.57249e+11 
4.57749e+11 
4.58248e+11 
4.58749e+11 
4.59248e+11 
4.59748e+11 
4.60247e+11 
4.60752e+11 
4.61251e+11 
4.61751e+11 
4.6225e+11 
4.62751e+11 
4.63251e+11 
4.63751e+11 
4.6425e+11 
4.64749e+11 
4.65249e+11 
4.65749e+11 
4.66248e+11 
4.66749e+11 
4.67248e+11 
4.67748e+11 
4.68247e+11 
4.68752e+11 
4.69251e+11 
4.69751e+11 
4.7025e+11 
4.70751e+11 
4.71251e+11 
4.71751e+11 
4.7225e+11 
4.72749e+11 
4.73249e+11 
4.73749e+11 
4.74248e+11 
4.74749e+11 
4.75248e+11 
4.75748e+11 
4.76247e+11 
4.76752e+11 
4.77251e+11 
4.77751e+11 
4.7825e+11 
4.78751e+11 
4.79251e+11 
4.79751e+11 
4.8025e+11 
4.80749e+11 
4.81249e+11 
4.81748e+11 
4.82248e+11 
4.82749e+11 
4.83248e+11 
4.83748e+11 
4.84247e+11 
4.84752e+11 
4.85251e+11 
4.85751e+11 
4.8625e+11 
4.86751e+11 
4.87251e+11 
4.87751e+11 
4.8825e+11 
4.88749e+11 
4.89249e+11 
4.89748e+11 
4.90248e+11 
4.90749e+11 
4.91248e+11 
4.91748e+11 
4.92247e+11 
4.92752e+11 
4.93251e+11 
4.93751e+11 
4.9425e+11 
4.94751e+11 
4.95251e+11 
4.95751e+11 
4.9625e+11 
4.96749e+11 
4.97249e+11 
4.97748e+11 
4.98248e+11 
4.98749e+11 
4.99248e+11 
4.99748e+11 
5.00247e+11 
5.00752e+11 
5.01252e+11 
5.01751e+11 
5.0225e+11 
5.02751e+11 
5.03251e+11 
5.03751e+11 
5.0425e+11 
5.04749e+11 
5.05249e+11 
5.05748e+11 
5.06248e+11 
5.06749e+11 
5.07248e+11 
5.07748e+11 
5.08247e+11 
5.08752e+11 
5.09252e+11 
5.09751e+11 
5.1025e+11 
5.10751e+11 
5.11251e+11 
5.11751e+11 
5.1225e+11 
5.12749e+11 
5.13249e+11 
5.13748e+11 
5.14248e+11 
5.14749e+11 
5.15248e+11 
5.15748e+11 
5.16247e+11 
5.16752e+11 
5.17252e+11 
5.17751e+11 
5.1825e+11 
5.18751e+11 
5.19251e+11 
5.19751e+11 
5.2025e+11 
5.20749e+11 
5.21249e+11 
5.21748e+11 
5.22248e+11 
5.22749e+11 
5.23248e+11 
5.23748e+11 
5.24247e+11 
5.24752e+11 
5.25252e+11 
5.25751e+11 
5.26251e+11 
5.26751e+11 
5.27251e+11 
5.27751e+11 
5.2825e+11 
5.28749e+11 
5.29249e+11 
5.29748e+11 
5.30248e+11 
5.30749e+11 
5.31248e+11 
5.31748e+11 
5.32247e+11 
5.32752e+11 
5.33252e+11 
5.33751e+11 
5.34251e+11 
5.34752e+11 
5.35251e+11 
5.35751e+11 
5.3625e+11 
5.36749e+11 
5.37249e+11 
5.37748e+11 
5.38248e+11 
5.38748e+11 
5.39248e+11 
5.39748e+11 
5.40247e+11 
5.40752e+11 
5.41252e+11 
5.41751e+11 
5.42251e+11 
5.42751e+11 
5.43251e+11 
5.43751e+11 
5.4425e+11 
5.44749e+11 
5.45249e+11 
5.45748e+11 
5.46248e+11 
5.46748e+11 
5.47248e+11 
5.47748e+11 
5.48247e+11 
5.48752e+11 
5.49252e+11 
5.49751e+11 
5.50251e+11 
5.50752e+11 
5.51251e+11 
5.51751e+11 
5.5225e+11 
5.52749e+11 
5.53249e+11 
5.53748e+11 
5.54248e+11 
5.54748e+11 
5.55248e+11 
5.55748e+11 
5.56247e+11 
5.56752e+11 
5.57252e+11 
5.57751e+11 
5.58251e+11 
5.58751e+11 
5.59251e+11 
5.59751e+11 
5.6025e+11 
5.60749e+11 
5.61249e+11 
5.61748e+11 
5.62248e+11 
5.62748e+11 
5.63248e+11 
5.63747e+11 
5.64247e+11 
5.64752e+11 
5.65252e+11 
5.65751e+11 
5.66251e+11 
5.66751e+11 
5.67251e+11 
5.6775e+11 
5.6825e+11 
5.6875e+11 
5.69249e+11 
5.69749e+11 
5.70248e+11 
5.70749e+11 
5.71248e+11 
5.71748e+11 
5.72247e+11 
5.72752e+11 
5.73251e+11 
5.73751e+11 
5.7425e+11 
5.74751e+11 
5.7525e+11 
5.75751e+11 
5.76249e+11 
5.76749e+11 
5.77249e+11 
5.77748e+11 
5.78248e+11 
5.78748e+11 
5.79248e+11 
5.79747e+11 
5.80247e+11 
5.80752e+11 
5.81252e+11 
5.81751e+11 
5.82251e+11 
5.82751e+11 
5.83251e+11 
5.8375e+11 
5.8425e+11 
5.8475e+11 
5.85249e+11 
5.85749e+11 
5.86248e+11 
5.86749e+11 
5.87248e+11 
5.87748e+11 
5.88247e+11 
5.88753e+11 
5.89251e+11 
5.89752e+11 
5.9025e+11 
5.90752e+11 
5.9125e+11 
5.91751e+11 
5.92249e+11 
5.92749e+11 
5.93249e+11 
5.93748e+11 
5.94249e+11 
5.94748e+11 
5.95249e+11 
5.95747e+11 
5.96248e+11 
5.96752e+11 
5.97252e+11 
5.97751e+11 
5.98251e+11 
5.98751e+11 
5.99251e+11 
5.9975e+11 
6.0025e+11 
6.0075e+11 
6.01249e+11 
6.01749e+11 
6.02248e+11 
6.02749e+11 
6.03248e+11 
6.03748e+11 
6.04247e+11 
6.04753e+11 
6.05251e+11 
6.05752e+11 
6.0625e+11 
6.06752e+11 
6.0725e+11 
6.07751e+11 
6.08249e+11 
6.08749e+11 
6.0925e+11 
6.09748e+11 
6.10249e+11 
6.10748e+11 
6.11249e+11 
6.11747e+11 
6.12248e+11 
6.12752e+11 
6.13252e+11 
6.1375e+11 
6.14251e+11 
6.1475e+11 
6.15251e+11 
6.15749e+11 
6.1625e+11 
6.16751e+11 
6.17249e+11 
6.1775e+11 
6.18248e+11 
6.1875e+11 
6.19248e+11 
6.19749e+11 
6.20247e+11 
6.20753e+11 
6.21251e+11 
6.21752e+11 
6.2225e+11 
6.22752e+11 
6.2325e+11 
6.23751e+11 
6.24248e+11 
6.24749e+11 
6.2525e+11 
6.25748e+11 
6.26249e+11 
6.26748e+11 
6.27249e+11 
6.27747e+11 
6.28248e+11 
6.28751e+11 
6.29252e+11 
6.2975e+11 
6.30251e+11 
6.3075e+11 
6.31251e+11 
6.31749e+11 
6.3225e+11 
6.32751e+11 
6.33248e+11 
6.3375e+11 
6.34248e+11 
6.3475e+11 
6.35247e+11 
6.35749e+11 
6.36246e+11 
6.36753e+11 
6.3725e+11 
6.37752e+11 
6.38249e+11 
6.38752e+11 
6.39249e+11 
6.39751e+11 
6.40248e+11 
6.40749e+11 
6.4125e+11 
6.41748e+11 
6.42249e+11 
6.42748e+11 
6.43249e+11 
6.43747e+11 
6.44248e+11 
6.44751e+11 
6.45252e+11 
6.4575e+11 
6.46251e+11 
6.4675e+11 
6.47251e+11 
6.47749e+11 
6.4825e+11 
6.48751e+11 
6.49249e+11 
6.4975e+11 
6.50248e+11 
6.5075e+11 
6.51248e+11 
6.51749e+11 
6.52247e+11 
6.52753e+11 
6.5325e+11 
6.53752e+11 
6.54249e+11 
6.54752e+11 
6.55249e+11 
6.55751e+11 
6.56248e+11 
6.56749e+11 
6.57251e+11 
6.57748e+11 
6.5825e+11 
6.58748e+11 
6.5925e+11 
6.59747e+11 
6.60249e+11 
6.60751e+11 
6.61252e+11 
6.6175e+11 
6.62251e+11 
6.6275e+11 
6.63251e+11 
6.63748e+11 
6.6425e+11 
6.64752e+11 
6.65249e+11 
6.6575e+11 
6.66247e+11 
6.6675e+11 
6.67248e+11 
6.67749e+11 
6.68246e+11 
6.68753e+11 
6.6925e+11 
6.69752e+11 
6.70249e+11 
6.70752e+11 
6.71249e+11 
6.7175e+11 
6.72248e+11 
6.72749e+11 
6.73251e+11 
6.73748e+11 
6.7425e+11 
6.74748e+11 
6.7525e+11 
6.75747e+11 
6.76249e+11 
6.76751e+11 
6.77252e+11 
6.7775e+11 
6.78251e+11 
6.78749e+11 
6.79251e+11 
6.79748e+11 
6.8025e+11 
6.80752e+11 
6.81249e+11 
6.81751e+11 
6.82247e+11 
6.8275e+11 
6.83247e+11 
6.83749e+11 
6.84246e+11 
6.84753e+11 
6.8525e+11 
6.85752e+11 
6.86249e+11 
6.86752e+11 
6.87249e+11 
6.87751e+11 
6.88248e+11 
6.88749e+11 
6.89251e+11 
6.89748e+11 
6.9025e+11 
6.90748e+11 
6.9125e+11 
6.91747e+11 
6.92249e+11 
6.92751e+11 
6.93252e+11 
6.93749e+11 
6.94251e+11 
6.94749e+11 
6.95251e+11 
6.95748e+11 
6.9625e+11 
6.96752e+11 
6.97249e+11 
6.97751e+11 
6.98247e+11 
6.98751e+11 
6.99247e+11 
6.99749e+11 
7.00246e+11 
7.00753e+11 
7.0125e+11 
7.01752e+11 
7.02248e+11 
7.02752e+11 
7.03248e+11 
7.0375e+11 
7.04247e+11 
7.04749e+11 
7.05251e+11 
7.05748e+11 
7.0625e+11 
7.06748e+11 
7.0725e+11 
7.07747e+11 
7.08249e+11 
7.0875e+11 
7.09252e+11 
7.09749e+11 
7.10251e+11 
7.10749e+11 
7.11251e+11 
7.11748e+11 
7.1225e+11 
7.12752e+11 
7.13249e+11 
7.13751e+11 
7.14247e+11 
7.14751e+11 
7.15247e+11 
7.1575e+11 
7.16246e+11 
7.16753e+11 
7.1725e+11 
7.17752e+11 
7.18248e+11 
7.18752e+11 
7.19248e+11 
7.19751e+11 
7.20247e+11 
7.20749e+11 
7.21252e+11 
7.21748e+11 
7.2225e+11 
7.22748e+11 
7.2325e+11 
7.23747e+11 
7.24249e+11 
7.2475e+11 
7.25252e+11 
7.25749e+11 
7.26251e+11 
7.26749e+11 
7.27251e+11 
7.27748e+11 
7.2825e+11 
7.28752e+11 
7.29249e+11 
7.29751e+11 
7.30247e+11 
7.30751e+11 
7.31247e+11 
7.3175e+11 
7.32246e+11 
7.32753e+11 
7.33249e+11 
7.33752e+11 
7.34248e+11 
7.34752e+11 
7.35248e+11 
7.35751e+11 
7.36247e+11 
7.36749e+11 
7.37252e+11 
7.37748e+11 
7.38251e+11 
7.38748e+11 
7.3925e+11 
7.39747e+11 
7.40249e+11 
7.4075e+11 
7.41252e+11 
7.41749e+11 
7.42251e+11 
7.42749e+11 
7.43251e+11 
7.43747e+11 
7.4425e+11 
7.44752e+11 
7.45249e+11 
7.45752e+11 
7.46247e+11 
7.46751e+11 
7.47247e+11 
7.4775e+11 
7.48246e+11 
7.48753e+11 
7.49249e+11 
7.49752e+11 
7.50248e+11 
7.50752e+11 
7.51248e+11 
7.51751e+11 
7.52247e+11 
7.52749e+11 
7.53252e+11 
7.53748e+11 
7.54251e+11 
7.54748e+11 
7.55251e+11 
7.55747e+11 
7.56249e+11 
7.5675e+11 
7.57252e+11 
7.57749e+11 
7.58251e+11 
7.58748e+11 
7.59251e+11 
7.59747e+11 
7.6025e+11 
7.60753e+11 
7.61248e+11 
7.61752e+11 
7.62247e+11 
7.62751e+11 
7.63247e+11 
7.6375e+11 
7.64246e+11 
7.64753e+11 
7.65249e+11 
7.65752e+11 
7.66248e+11 
7.66752e+11 
7.67248e+11 
7.67751e+11 
7.68246e+11 
7.68749e+11 
7.69252e+11 
7.69748e+11 
7.70251e+11 
7.70748e+11 
7.71251e+11 
7.71747e+11 
7.7225e+11 
7.7275e+11 
7.73252e+11 
7.73749e+11 
7.74251e+11 
7.74748e+11 
7.75251e+11 
7.75747e+11 
7.7625e+11 
7.76753e+11 
7.77249e+11 
7.77752e+11 
7.78247e+11 
7.78752e+11 
7.79247e+11 
7.7975e+11 
7.80246e+11 
7.80753e+11 
7.81249e+11 
7.81752e+11 
7.82248e+11 
7.82752e+11 
7.83247e+11 
7.83751e+11 
7.84246e+11 
7.84749e+11 
7.85252e+11 
7.85748e+11 
7.86251e+11 
7.86748e+11 
7.87251e+11 
7.87747e+11 
7.8825e+11 
7.88749e+11 
7.89253e+11 
7.89748e+11 
7.90251e+11 
7.90748e+11 
7.91251e+11 
7.91747e+11 
7.9225e+11 
7.92753e+11 
7.93249e+11 
7.93752e+11 
7.94247e+11 
7.94752e+11 
7.95247e+11 
7.9575e+11 
7.96246e+11 
7.96753e+11 
7.97249e+11 
7.97752e+11 
7.98248e+11 
7.98752e+11 
7.99247e+11 
7.99751e+11 
8.00246e+11 
8.00749e+11 
8.01253e+11 
8.01748e+11 
8.02251e+11 
8.02748e+11 
8.03251e+11 
8.03746e+11 
8.0425e+11 
8.04749e+11 
8.05253e+11 
8.05748e+11 
8.06251e+11 
8.06748e+11 
8.07251e+11 
8.07747e+11 
8.0825e+11 
8.08753e+11 
8.09249e+11 
8.09752e+11 
8.10247e+11 
8.10752e+11 
8.11247e+11 
8.1175e+11 
8.12246e+11 
8.12753e+11 
8.13249e+11 
8.13752e+11 
8.14247e+11 
8.14752e+11 
8.15247e+11 
8.15751e+11 
8.16246e+11 
8.16749e+11 
8.17253e+11 
8.17748e+11 
8.18251e+11 
8.18748e+11 
8.19251e+11 
8.19746e+11 
8.2025e+11 
8.20749e+11 
8.21253e+11 
8.21748e+11 
8.22251e+11 
8.22748e+11 
8.23251e+11 
8.23746e+11 
8.2425e+11 
8.24753e+11 
8.25249e+11 
8.25752e+11 
8.26247e+11 
8.26752e+11 
8.27247e+11 
8.2775e+11 
8.28246e+11 
8.28753e+11 
8.29249e+11 
8.29752e+11 
8.30247e+11 
8.30752e+11 
8.31247e+11 
8.3175e+11 
8.32246e+11 
8.32749e+11 
8.33253e+11 
8.33748e+11 
8.34252e+11 
8.34748e+11 
8.35251e+11 
8.35746e+11 
8.3625e+11 
8.36749e+11 
8.37253e+11 
8.37748e+11 
8.38251e+11 
8.38748e+11 
8.39251e+11 
8.39746e+11 
8.4025e+11 
8.40753e+11 
8.41249e+11 
8.41752e+11 
8.42247e+11 
8.42752e+11 
8.43247e+11 
8.43751e+11 
8.44246e+11 
8.44753e+11 
8.45249e+11 
8.45752e+11 
8.46248e+11 
8.46752e+11 
8.47247e+11 
8.47751e+11 
8.4825e+11 
8.48749e+11 
8.49253e+11 
8.49748e+11 
8.50252e+11 
8.50748e+11 
8.51251e+11 
8.51747e+11 
8.52254e+11 
8.52749e+11 
8.53253e+11 
8.53748e+11 
8.54252e+11 
8.54748e+11 
8.55251e+11 
8.55746e+11 
8.5625e+11 
8.56754e+11 
8.57249e+11 
8.57753e+11 
8.58247e+11 
8.58752e+11 
8.59247e+11 
8.59751e+11 
8.60246e+11 
8.60753e+11 
8.61248e+11 
8.61752e+11 
8.62248e+11 
8.62752e+11 
8.63247e+11 
8.63751e+11 
8.6425e+11 
8.64749e+11 
8.65253e+11 
8.65748e+11 
8.66252e+11 
8.66748e+11 
8.67252e+11 
8.67747e+11 
8.68254e+11 
8.68749e+11 
8.69253e+11 
8.69748e+11 
8.70252e+11 
8.70747e+11 
8.71251e+11 
8.71746e+11 
8.7225e+11 
8.72754e+11 
8.73249e+11 
8.73753e+11 
8.74247e+11 
8.74752e+11 
8.75247e+11 
8.75751e+11 
8.76246e+11 
8.76753e+11 
8.77248e+11 
8.77752e+11 
8.78248e+11 
8.78752e+11 
8.79247e+11 
8.79751e+11 
8.8025e+11 
8.80749e+11 
8.81253e+11 
8.81748e+11 
8.82252e+11 
8.82748e+11 
8.83252e+11 
8.83747e+11 
8.84254e+11 
8.84749e+11 
8.85253e+11 
8.85748e+11 
8.86252e+11 
8.86747e+11 
8.87251e+11 
8.87746e+11 
8.8825e+11 
8.88754e+11 
8.89249e+11 
8.89753e+11 
8.90247e+11 
8.90752e+11 
8.91247e+11 
8.91751e+11 
8.92246e+11 
8.92753e+11 
8.93248e+11 
8.93752e+11 
8.94248e+11 
8.94752e+11 
8.95246e+11 
8.95751e+11 
8.9625e+11 
8.96749e+11 
8.97253e+11 
8.97748e+11 
8.98252e+11 
8.98748e+11 
8.99252e+11 
8.99747e+11 
9.00254e+11 
9.00749e+11 
9.01253e+11 
9.01747e+11 
9.02252e+11 
9.02747e+11 
9.03251e+11 
9.03746e+11 
9.0425e+11 
9.04754e+11 
9.05249e+11 
9.05753e+11 
9.06248e+11 
9.06753e+11 
9.07247e+11 
9.07751e+11 
9.08246e+11 
9.08753e+11 
9.09248e+11 
9.09752e+11 
9.10248e+11 
9.10752e+11 
9.11246e+11 
9.11751e+11 
9.1225e+11 
9.12749e+11 
9.13254e+11 
9.13748e+11 
9.14253e+11 
9.14748e+11 
9.15252e+11 
9.15747e+11 
9.16254e+11 
9.16749e+11 
9.17253e+11 
9.17747e+11 
9.18253e+11 
9.18747e+11 
9.19251e+11 
9.19746e+11 
9.2025e+11 
9.20754e+11 
9.21249e+11 
9.21753e+11 
9.22248e+11 
9.22753e+11 
9.23247e+11 
9.23752e+11 
9.24246e+11 
9.24753e+11 
9.25248e+11 
9.25752e+11 
9.26248e+11 
9.26752e+11 
9.27246e+11 
9.27751e+11 
9.2825e+11 
9.28749e+11 
9.29254e+11 
9.29748e+11 
9.30253e+11 
9.30748e+11 
9.31252e+11 
9.31746e+11 
9.32254e+11 
9.32748e+11 
9.33253e+11 
9.33747e+11 
9.34253e+11 
9.34747e+11 
9.35251e+11 
9.35746e+11 
9.3625e+11 
9.36754e+11 
9.37249e+11 
9.37753e+11 
9.38248e+11 
9.38753e+11 
9.39247e+11 
9.39752e+11 
9.40246e+11 
9.40753e+11 
9.41248e+11 
9.41752e+11 
9.42248e+11 
9.42752e+11 
9.43246e+11 
9.43751e+11 
9.4425e+11 
9.44749e+11 
9.45254e+11 
9.45748e+11 
9.46253e+11 
9.46748e+11 
9.47252e+11 
9.47746e+11 
9.48254e+11 
9.48748e+11 
9.49253e+11 
9.49747e+11 
9.50253e+11 
9.50747e+11 
9.51251e+11 
9.51746e+11 
9.5225e+11 
9.52754e+11 
9.53249e+11 
9.53753e+11 
9.54248e+11 
9.54753e+11 
9.55247e+11 
9.55752e+11 
9.56245e+11 
9.56753e+11 
9.57248e+11 
9.57752e+11 
9.58248e+11 
9.58752e+11 
9.59246e+11 
9.59751e+11 
9.6025e+11 
9.60749e+11 
9.61254e+11 
9.61748e+11 
9.62253e+11 
9.62747e+11 
9.63252e+11 
9.63746e+11 
9.64254e+11 
9.64748e+11 
9.65253e+11 
9.65747e+11 
9.66253e+11 
9.66747e+11 
9.67251e+11 
9.67745e+11 
9.6825e+11 
9.68755e+11 
9.69249e+11 
9.69753e+11 
9.70248e+11 
9.70753e+11 
9.71247e+11 
9.71752e+11 
9.72245e+11 
9.72754e+11 
9.73248e+11 
9.73752e+11 
9.74247e+11 
9.74752e+11 
9.75246e+11 
9.75751e+11 
9.7625e+11 
9.7675e+11 
9.77254e+11 
9.77748e+11 
9.78253e+11 
9.78747e+11 
9.79252e+11 
9.79746e+11 
9.80254e+11 
9.80748e+11 
9.81253e+11 
9.81747e+11 
9.82253e+11 
9.82746e+11 
9.83251e+11 
9.83745e+11 
9.8425e+11 
9.84755e+11 
9.85249e+11 
9.85753e+11 
9.86248e+11 
9.86753e+11 
9.87247e+11 
9.87752e+11 
9.88245e+11 
9.88754e+11 
9.89248e+11 
9.89752e+11 
9.90247e+11 
9.90752e+11 
9.91246e+11 
9.91751e+11 
9.9225e+11 
9.9275e+11 
9.93254e+11 
9.93748e+11 
9.94253e+11 
9.94747e+11 
9.95252e+11 
9.95746e+11 
9.96254e+11 
9.96748e+11 
9.97253e+11 
9.97747e+11 
9.98253e+11 
9.98746e+11 
9.99251e+11 
9.99745e+11 
1.00025e+12 
1.00076e+12 
1.00125e+12 
1.00175e+12 
1.00225e+12 
1.00275e+12 
1.00325e+12 
1.00375e+12 
1.00425e+12 
1.00475e+12 
1.00525e+12 
1.00575e+12 
1.00625e+12 
1.00675e+12 
1.00725e+12 
1.00775e+12 
1.00825e+12 
1.00875e+12 
1.00925e+12 
1.00975e+12 
1.01025e+12 
1.01075e+12 
1.01125e+12 
1.01175e+12 
1.01225e+12 
1.01275e+12 
1.01325e+12 
1.01375e+12 
1.01425e+12 
1.01475e+12 
1.01525e+12 
1.01575e+12 
1.01625e+12 
1.01676e+12 
1.01725e+12 
1.01775e+12 
1.01825e+12 
1.01875e+12 
1.01925e+12 
1.01975e+12 
1.02025e+12 
1.02075e+12 
1.02125e+12 
1.02175e+12 
1.02225e+12 
1.02275e+12 
1.02325e+12 
1.02375e+12 
1.02425e+12 
1.02475e+12 
1.02525e+12 
1.02575e+12 
1.02625e+12 
1.02675e+12 
1.02725e+12 
1.02775e+12 
1.02825e+12 
1.02875e+12 
1.02925e+12 
1.02975e+12 
1.03025e+12 
1.03075e+12 
1.03125e+12 
1.03175e+12 
1.03225e+12 
1.03276e+12 
1.03325e+12 
1.03375e+12 
1.03425e+12 
1.03475e+12 
1.03525e+12 
1.03575e+12 
1.03625e+12 
1.03675e+12 
1.03725e+12 
1.03775e+12 
1.03825e+12 
1.03875e+12 
1.03925e+12 
1.03975e+12 
1.04025e+12 
1.04075e+12 
1.04125e+12 
1.04175e+12 
1.04225e+12 
1.04275e+12 
1.04325e+12 
1.04375e+12 
1.04425e+12 
1.04475e+12 
1.04525e+12 
1.04575e+12 
1.04625e+12 
1.04675e+12 
1.04725e+12 
1.04774e+12 
1.04825e+12 
1.04876e+12 
1.04925e+12 
1.04975e+12 
1.05025e+12 
1.05075e+12 
1.05125e+12 
1.05175e+12 
1.05225e+12 
1.05275e+12 
1.05325e+12 
1.05375e+12 
1.05425e+12 
1.05475e+12 
1.05525e+12 
1.05575e+12 
1.05625e+12 
1.05675e+12 
1.05725e+12 
1.05775e+12 
1.05825e+12 
1.05875e+12 
1.05925e+12 
1.05975e+12 
1.06025e+12 
1.06075e+12 
1.06125e+12 
1.06175e+12 
1.06225e+12 
1.06275e+12 
1.06325e+12 
1.06374e+12 
1.06425e+12 
1.06476e+12 
1.06525e+12 
1.06575e+12 
1.06625e+12 
1.06675e+12 
1.06725e+12 
1.06775e+12 
1.06825e+12 
1.06875e+12 
1.06925e+12 
1.06975e+12 
1.07025e+12 
1.07075e+12 
1.07125e+12 
1.07175e+12 
1.07225e+12 
1.07275e+12 
1.07325e+12 
1.07375e+12 
1.07425e+12 
1.07475e+12 
1.07525e+12 
1.07575e+12 
1.07625e+12 
1.07675e+12 
1.07725e+12 
1.07775e+12 
1.07825e+12 
1.07875e+12 
1.07925e+12 
1.07974e+12 
1.08025e+12 
1.08076e+12 
1.08125e+12 
1.08175e+12 
1.08225e+12 
1.08275e+12 
1.08325e+12 
1.08375e+12 
1.08425e+12 
1.08475e+12 
1.08525e+12 
1.08575e+12 
1.08625e+12 
1.08675e+12 
1.08725e+12 
1.08775e+12 
1.08825e+12 
1.08875e+12 
1.08925e+12 
1.08975e+12 
1.09025e+12 
1.09075e+12 
1.09125e+12 
1.09175e+12 
1.09225e+12 
1.09275e+12 
1.09325e+12 
1.09375e+12 
1.09425e+12 
1.09475e+12 
1.09525e+12 
1.09574e+12 
1.09625e+12 
1.09676e+12 
1.09725e+12 
1.09775e+12 
1.09825e+12 
1.09875e+12 
1.09925e+12 
1.09975e+12 
1.10025e+12 
1.10075e+12 
1.10125e+12 
1.10175e+12 
1.10225e+12 
1.10275e+12 
1.10325e+12 
1.10375e+12 
1.10425e+12 
1.10475e+12 
1.10525e+12 
1.10575e+12 
1.10625e+12 
1.10675e+12 
1.10725e+12 
1.10775e+12 
1.10825e+12 
1.10875e+12 
1.10925e+12 
1.10975e+12 
1.11025e+12 
1.11075e+12 
1.11125e+12 
1.11174e+12 
1.11225e+12 
1.11276e+12 
1.11325e+12 
1.11375e+12 
1.11425e+12 
1.11475e+12 
1.11525e+12 
1.11575e+12 
1.11625e+12 
1.11675e+12 
1.11725e+12 
1.11775e+12 
1.11825e+12 
1.11875e+12 
1.11925e+12 
1.11975e+12 
1.12025e+12 
1.12075e+12 
1.12125e+12 
1.12175e+12 
1.12225e+12 
1.12275e+12 
1.12325e+12 
1.12375e+12 
1.12425e+12 
1.12475e+12 
1.12525e+12 
1.12575e+12 
1.12625e+12 
1.12675e+12 
1.12725e+12 
1.12774e+12 
1.12825e+12 
1.12876e+12 
1.12925e+12 
1.12975e+12 
1.13025e+12 
1.13075e+12 
1.13125e+12 
1.13175e+12 
1.13225e+12 
1.13275e+12 
1.13325e+12 
1.13375e+12 
1.13425e+12 
1.13475e+12 
1.13525e+12 
1.13575e+12 
1.13625e+12 
1.13675e+12 
1.13725e+12 
1.13775e+12 
1.13825e+12 
1.13875e+12 
1.13925e+12 
1.13975e+12 
1.14025e+12 
1.14075e+12 
1.14125e+12 
1.14175e+12 
1.14225e+12 
1.14275e+12 
1.14325e+12 
1.14374e+12 
1.14425e+12 
1.14476e+12 
1.14525e+12 
1.14575e+12 
1.14625e+12 
1.14675e+12 
1.14725e+12 
1.14775e+12 
1.14825e+12 
1.14875e+12 
1.14925e+12 
1.14975e+12 
1.15025e+12 
1.15075e+12 
1.15125e+12 
1.15175e+12 
1.15225e+12 
1.15275e+12 
1.15325e+12 
1.15375e+12 
1.15425e+12 
1.15475e+12 
1.15525e+12 
1.15575e+12 
1.15625e+12 
1.15675e+12 
1.15725e+12 
1.15775e+12 
1.15825e+12 
1.15875e+12 
1.15925e+12 
1.15974e+12 
1.16025e+12 
1.16076e+12 
1.16125e+12 
1.16175e+12 
1.16225e+12 
1.16275e+12 
1.16325e+12 
1.16375e+12 
1.16425e+12 
1.16475e+12 
1.16525e+12 
1.16575e+12 
1.16625e+12 
1.16675e+12 
1.16725e+12 
1.16775e+12 
1.16825e+12 
1.16875e+12 
1.16925e+12 
1.16975e+12 
1.17025e+12 
1.17075e+12 
1.17125e+12 
1.17175e+12 
1.17225e+12 
1.17275e+12 
1.17325e+12 
1.17375e+12 
1.17425e+12 
1.17475e+12 
1.17525e+12 
1.17574e+12 
1.17625e+12 
1.17675e+12 
1.17725e+12 
1.17775e+12 
1.17825e+12 
1.17875e+12 
1.17925e+12 
1.17975e+12 
1.18025e+12 
1.18075e+12 
1.18125e+12 
1.18175e+12 
1.18225e+12 
1.18275e+12 
1.18325e+12 
1.18375e+12 
1.18425e+12 
1.18475e+12 
1.18525e+12 
1.18575e+12 
1.18625e+12 
1.18675e+12 
1.18725e+12 
1.18775e+12 
1.18825e+12 
1.18875e+12 
1.18925e+12 
1.18975e+12 
1.19025e+12 
1.19075e+12 
1.19125e+12 
1.19174e+12 
1.19225e+12 
1.19275e+12 
1.19325e+12 
1.19375e+12 
1.19425e+12 
1.19475e+12 
1.19525e+12 
1.19575e+12 
1.19625e+12 
1.19675e+12 
1.19725e+12 
1.19775e+12 
1.19825e+12 
1.19875e+12 
1.19925e+12 
1.19975e+12 
1.20025e+12 
1.20075e+12 
1.20125e+12 
1.20175e+12 
1.20225e+12 
1.20275e+12 
1.20325e+12 
1.20375e+12 
1.20425e+12 
1.20475e+12 
1.20525e+12 
1.20575e+12 
1.20625e+12 
1.20675e+12 
1.20725e+12 
1.20774e+12 
1.20825e+12 
1.20875e+12 
1.20925e+12 
1.20975e+12 
1.21025e+12 
1.21075e+12 
1.21125e+12 
1.21175e+12 
1.21225e+12 
1.21275e+12 
1.21325e+12 
1.21375e+12 
1.21425e+12 
1.21475e+12 
1.21525e+12 
1.21575e+12 
1.21625e+12 
1.21675e+12 
1.21725e+12 
1.21775e+12 
1.21825e+12 
1.21875e+12 
1.21925e+12 
1.21975e+12 
1.22025e+12 
1.22075e+12 
1.22125e+12 
1.22175e+12 
1.22225e+12 
1.22275e+12 
1.22325e+12 
1.22374e+12 
1.22425e+12 
1.22475e+12 
1.22525e+12 
1.22575e+12 
1.22625e+12 
1.22675e+12 
1.22725e+12 
1.22775e+12 
1.22825e+12 
1.22875e+12 
1.22925e+12 
1.22975e+12 
1.23025e+12 
1.23075e+12 
1.23125e+12 
1.23175e+12 
1.23225e+12 
1.23275e+12 
1.23325e+12 
1.23375e+12 
1.23425e+12 
1.23475e+12 
1.23525e+12 
1.23575e+12 
1.23625e+12 
1.23675e+12 
1.23725e+12 
1.23775e+12 
1.23825e+12 
1.23875e+12 
1.23925e+12 
1.23975e+12 
1.24025e+12 
1.24075e+12 
1.24125e+12 
1.24175e+12 
1.24225e+12 
1.24275e+12 
1.24325e+12 
1.24375e+12 
1.24425e+12 
1.24475e+12 
1.24525e+12 
1.24575e+12 
1.24625e+12 
1.24675e+12 
1.24725e+12 
1.24775e+12 
1.24825e+12 
1.24875e+12 
1.24925e+12 
1.24975e+12 
1.25025e+12 
1.25075e+12 
1.25125e+12 
1.25175e+12 
1.25225e+12 
1.25275e+12 
1.25325e+12 
1.25375e+12 
1.25425e+12 
1.25475e+12 
1.25525e+12 
1.25575e+12 
1.25625e+12 
1.25675e+12 
1.25725e+12 
1.25775e+12 
1.25825e+12 
1.25875e+12 
1.25925e+12 
1.25975e+12 
1.26025e+12 
1.26075e+12 
1.26125e+12 
1.26175e+12 
1.26225e+12 
1.26275e+12 
1.26325e+12 
1.26375e+12 
1.26425e+12 
1.26475e+12 
1.26525e+12 
1.26575e+12 
1.26625e+12 
1.26675e+12 
1.26725e+12 
1.26775e+12 
1.26825e+12 
1.26875e+12 
1.26925e+12 
1.26975e+12 
1.27025e+12 
1.27075e+12 
1.27125e+12 
1.27174e+12 
1.27225e+12 
1.27275e+12 
1.27325e+12 
1.27375e+12 
1.27425e+12 
1.27475e+12 
1.27525e+12 
1.27575e+12 
1.27625e+12 
1.27675e+12 
1.27725e+12 
1.27775e+12 
1.27825e+12 
1.27875e+12 
1.27925e+12 
1.27975e+12 
1.28025e+12 
1.28075e+12 
1.28125e+12 
1.28175e+12 
1.28225e+12 
1.28275e+12 
1.28325e+12 
1.28375e+12 
1.28425e+12 
1.28475e+12 
1.28525e+12 
1.28575e+12 
1.28625e+12 
1.28675e+12 
1.28725e+12 
1.28775e+12 
1.28825e+12 
1.28875e+12 
1.28925e+12 
1.28975e+12 
1.29025e+12 
1.29075e+12 
1.29125e+12 
1.29175e+12 
1.29225e+12 
1.29275e+12 
1.29325e+12 
1.29375e+12 
1.29425e+12 
1.29475e+12 
1.29525e+12 
1.29575e+12 
1.29625e+12 
1.29675e+12 
1.29725e+12 
1.29775e+12 
1.29825e+12 
1.29875e+12 
1.29925e+12 
1.29975e+12 
1.30025e+12 
1.30075e+12 
1.30125e+12 
1.30175e+12 
1.30225e+12 
1.30275e+12 
1.30325e+12 
1.30375e+12 
1.30425e+12 
1.30475e+12 
1.30525e+12 
1.30575e+12 
1.30625e+12 
1.30675e+12 
1.30725e+12 
1.30775e+12 
1.30825e+12 
1.30875e+12 
1.30925e+12 
1.30975e+12 
1.31025e+12 
1.31075e+12 
1.31125e+12 
1.31175e+12 
1.31225e+12 
1.31275e+12 
1.31325e+12 
1.31375e+12 
1.31425e+12 
1.31475e+12 
1.31525e+12 
1.31575e+12 
1.31625e+12 
1.31675e+12 
1.31725e+12 
1.31775e+12 
1.31825e+12 
1.31875e+12 
1.31925e+12 
1.31975e+12 
1.32025e+12 
1.32075e+12 
1.32125e+12 
1.32175e+12 
1.32225e+12 
1.32275e+12 
1.32325e+12 
1.32375e+12 
1.32425e+12 
1.32475e+12 
1.32525e+12 
1.32575e+12 
1.32625e+12 
1.32675e+12 
1.32725e+12 
1.32775e+12 
1.32825e+12 
1.32875e+12 
1.32925e+12 
1.32975e+12 
1.33025e+12 
1.33075e+12 
1.33125e+12 
1.33175e+12 
1.33225e+12 
1.33275e+12 
1.33325e+12 
1.33375e+12 
1.33425e+12 
1.33475e+12 
1.33525e+12 
1.33575e+12 
1.33625e+12 
1.33675e+12 
1.33725e+12 
1.33775e+12 
1.33825e+12 
1.33875e+12 
1.33925e+12 
1.33975e+12 
1.34025e+12 
1.34075e+12 
1.34125e+12 
1.34175e+12 
1.34225e+12 
1.34275e+12 
1.34325e+12 
1.34375e+12 
1.34425e+12 
1.34475e+12 
1.34525e+12 
1.34575e+12 
1.34625e+12 
1.34675e+12 
1.34725e+12 
1.34775e+12 
1.34825e+12 
1.34875e+12 
1.34925e+12 
1.34975e+12 
1.35025e+12 
1.35075e+12 
1.35125e+12 
1.35175e+12 
1.35225e+12 
1.35275e+12 
1.35325e+12 
1.35375e+12 
1.35425e+12 
1.35475e+12 
1.35525e+12 
1.35575e+12 
1.35625e+12 
1.35675e+12 
1.35725e+12 
1.35775e+12 
1.35825e+12 
1.35875e+12 
1.35925e+12 
1.35975e+12 
1.36025e+12 
1.36075e+12 
1.36125e+12 
1.36175e+12 
1.36225e+12 
1.36275e+12 
1.36325e+12 
1.36375e+12 
1.36425e+12 
1.36475e+12 
1.36525e+12 
1.36575e+12 
1.36625e+12 
1.36675e+12 
1.36725e+12 
1.36775e+12 
1.36825e+12 
1.36875e+12 
1.36925e+12 
1.36975e+12 
1.37025e+12 
1.37075e+12 
1.37125e+12 
1.37175e+12 
1.37225e+12 
1.37275e+12 
1.37325e+12 
1.37375e+12 
1.37425e+12 
1.37475e+12 
1.37525e+12 
1.37575e+12 
1.37625e+12 
1.37675e+12 
1.37725e+12 
1.37775e+12 
1.37825e+12 
1.37875e+12 
1.37925e+12 
1.37975e+12 
1.38025e+12 
1.38075e+12 
1.38125e+12 
1.38175e+12 
1.38225e+12 
1.38275e+12 
1.38325e+12 
1.38375e+12 
1.38425e+12 
1.38475e+12 
1.38525e+12 
1.38575e+12 
1.38625e+12 
1.38675e+12 
1.38725e+12 
1.38775e+12 
1.38825e+12 
1.38875e+12 
1.38925e+12 
1.38975e+12 
1.39025e+12 
1.39075e+12 
1.39125e+12 
1.39175e+12 
1.39225e+12 
1.39275e+12 
1.39325e+12 
1.39375e+12 
1.39425e+12 
1.39475e+12 
1.39525e+12 
1.39575e+12 
1.39625e+12 
1.39675e+12 
1.39725e+12 
1.39775e+12 
1.39825e+12 
1.39875e+12 
1.39925e+12 
1.39975e+12 
1.40025e+12 
1.40075e+12 
1.40125e+12 
1.40175e+12 
1.40225e+12 
1.40275e+12 
1.40325e+12 
1.40375e+12 
1.40425e+12 
1.40475e+12 
1.40525e+12 
1.40575e+12 
1.40625e+12 
1.40675e+12 
1.40725e+12 
1.40775e+12 
1.40825e+12 
1.40875e+12 
1.40925e+12 
1.40975e+12 
1.41025e+12 
1.41075e+12 
1.41125e+12 
1.41175e+12 
1.41225e+12 
1.41275e+12 
1.41325e+12 
1.41375e+12 
1.41425e+12 
1.41475e+12 
1.41525e+12 
1.41575e+12 
1.41625e+12 
1.41675e+12 
1.41725e+12 
1.41775e+12 
1.41825e+12 
1.41875e+12 
1.41925e+12 
1.41975e+12 
1.42025e+12 
1.42075e+12 
1.42125e+12 
1.42175e+12 
1.42225e+12 
1.42275e+12 
1.42325e+12 
1.42375e+12 
1.42425e+12 
1.42475e+12 
1.42525e+12 
1.42575e+12 
1.42625e+12 
1.42675e+12 
1.42725e+12 
1.42775e+12 
1.42825e+12 
1.42875e+12 
1.42925e+12 
1.42975e+12 
1.43025e+12 
1.43075e+12 
1.43125e+12 
1.43175e+12 
1.43225e+12 
1.43275e+12 
1.43325e+12 
1.43375e+12 
1.43425e+12 
1.43475e+12 
1.43525e+12 
1.43575e+12 
1.43625e+12 
1.43675e+12 
1.43725e+12 
1.43775e+12 
1.43825e+12 
1.43875e+12 
1.43925e+12 
1.43975e+12 
1.44025e+12 
1.44075e+12 
1.44125e+12 
1.44175e+12 
1.44225e+12 
1.44275e+12 
1.44325e+12 
1.44375e+12 
1.44425e+12 
1.44475e+12 
1.44525e+12 
1.44575e+12 
1.44625e+12 
1.44675e+12 
1.44725e+12 
1.44775e+12 
1.44825e+12 
1.44875e+12 
1.44925e+12 
1.44975e+12 
1.45025e+12 
1.45075e+12 
1.45125e+12 
1.45175e+12 
1.45225e+12 
1.45275e+12 
1.45325e+12 
1.45375e+12 
1.45425e+12 
1.45475e+12 
1.45525e+12 
1.45575e+12 
1.45625e+12 
1.45675e+12 
1.45725e+12 
1.45775e+12 
1.45825e+12 
1.45875e+12 
1.45925e+12 
1.45975e+12 
1.46025e+12 
1.46075e+12 
1.46125e+12 
1.46175e+12 
1.46225e+12 
1.46275e+12 
1.46325e+12 
1.46375e+12 
1.46425e+12 
1.46475e+12 
1.46525e+12 
1.46575e+12 
1.46625e+12 
1.46675e+12 
1.46725e+12 
1.46775e+12 
1.46825e+12 
1.46875e+12 
1.46925e+12 
1.46975e+12 
1.47025e+12 
1.47075e+12 
1.47125e+12 
1.47175e+12 
1.47225e+12 
1.47275e+12 
1.47325e+12 
1.47375e+12 
1.47425e+12 
1.47475e+12 
1.47525e+12 
1.47575e+12 
1.47625e+12 
1.47675e+12 
1.47725e+12 
1.47775e+12 
1.47825e+12 
1.47875e+12 
1.47925e+12 
1.47975e+12 
1.48025e+12 
1.48075e+12 
1.48125e+12 
1.48175e+12 
1.48225e+12 
1.48275e+12 
1.48325e+12 
1.48375e+12 
1.48425e+12 
1.48475e+12 
1.48525e+12 
1.48575e+12 
1.48625e+12 
1.48675e+12 
1.48725e+12 
1.48775e+12 
1.48825e+12 
1.48875e+12 
1.48925e+12 
1.48975e+12 
1.49025e+12 
1.49075e+12 
1.49125e+12 
1.49175e+12 
1.49225e+12 
1.49275e+12 
1.49325e+12 
1.49375e+12 
1.49425e+12 
1.49475e+12 
1.49525e+12 
1.49575e+12 
1.49625e+12 
1.49675e+12 
1.49725e+12 
1.49775e+12 
1.49825e+12 
1.49875e+12 
1.49925e+12 
1.49975e+12 
1.50025e+12 
1.50075e+12 
1.50125e+12 
1.50175e+12 
1.50225e+12 
1.50275e+12 
1.50325e+12 
1.50375e+12 
1.50425e+12 
1.50475e+12 
1.50525e+12 
1.50575e+12 
1.50625e+12 
1.50675e+12 
1.50725e+12 
1.50775e+12 
1.50825e+12 
1.50875e+12 
1.50925e+12 
1.50975e+12 
1.51025e+12 
1.51075e+12 
1.51125e+12 
1.51175e+12 
1.51225e+12 
1.51275e+12 
1.51325e+12 
1.51375e+12 
1.51425e+12 
1.51475e+12 
1.51525e+12 
1.51575e+12 
1.51625e+12 
1.51675e+12 
1.51725e+12 
1.51775e+12 
1.51825e+12 
1.51875e+12 
1.51925e+12 
1.51975e+12 
1.52025e+12 
1.52075e+12 
1.52125e+12 
1.52175e+12 
1.52225e+12 
1.52275e+12 
1.52325e+12 
1.52375e+12 
1.52425e+12 
1.52475e+12 
1.52525e+12 
1.52575e+12 
1.52625e+12 
1.52675e+12 
1.52725e+12 
1.52775e+12 
1.52825e+12 
1.52875e+12 
1.52925e+12 
1.52975e+12 
1.53025e+12 
1.53075e+12 
1.53125e+12 
1.53175e+12 
1.53225e+12 
1.53275e+12 
1.53325e+12 
1.53375e+12 
1.53425e+12 
1.53475e+12 
1.53525e+12 
1.53575e+12 
1.53625e+12 
1.53675e+12 
1.53725e+12 
1.53775e+12 
1.53825e+12 
1.53875e+12 
1.53925e+12 
1.53975e+12 
1.54025e+12 
1.54075e+12 
1.54125e+12 
1.54175e+12 
1.54225e+12 
1.54275e+12 
1.54325e+12 
1.54375e+12 
1.54425e+12 
1.54475e+12 
1.54525e+12 
1.54575e+12 
1.54625e+12 
1.54675e+12 
1.54725e+12 
1.54775e+12 
1.54825e+12 
1.54875e+12 
1.54925e+12 
1.54975e+12 
1.55025e+12 
1.55075e+12 
1.55125e+12 
1.55175e+12 
1.55225e+12 
1.55275e+12 
1.55325e+12 
1.55375e+12 
1.55425e+12 
1.55475e+12 
1.55525e+12 
1.55575e+12 
1.55625e+12 
1.55675e+12 
1.55725e+12 
1.55775e+12 
1.55825e+12 
1.55875e+12 
1.55925e+12 
1.55975e+12 
1.56025e+12 
1.56075e+12 
1.56125e+12 
1.56175e+12 
1.56225e+12 
1.56275e+12 
1.56325e+12 
1.56375e+12 
1.56425e+12 
1.56475e+12 
1.56525e+12 
1.56575e+12 
1.56625e+12 
1.56675e+12 
1.56725e+12 
1.56775e+12 
1.56825e+12 
1.56875e+12 
1.56925e+12 
1.56975e+12 
1.57025e+12 
1.57075e+12 
1.57125e+12 
1.57175e+12 
1.57225e+12 
1.57275e+12 
1.57325e+12 
1.57375e+12 
1.57425e+12 
1.57475e+12 
1.57525e+12 
1.57575e+12 
1.57625e+12 
1.57675e+12 
1.57725e+12 
1.57775e+12 
1.57825e+12 
1.57875e+12 
1.57925e+12 
1.57975e+12 
1.58025e+12 
1.58075e+12 
1.58125e+12 
1.58175e+12 
1.58225e+12 
1.58275e+12 
1.58325e+12 
1.58375e+12 
1.58425e+12 
1.58475e+12 
1.58525e+12 
1.58575e+12 
1.58625e+12 
1.58675e+12 
1.58725e+12 
1.58775e+12 
1.58825e+12 
1.58875e+12 
1.58925e+12 
1.58975e+12 
1.59025e+12 
1.59075e+12 
1.59125e+12 
1.59175e+12 
1.59225e+12 
1.59275e+12 
1.59325e+12 
1.59375e+12 
1.59425e+12 
1.59475e+12 
1.59525e+12 
1.59575e+12 
1.59625e+12 
1.59675e+12 
1.59725e+12 
1.59775e+12 
1.59825e+12 
1.59875e+12 
1.59925e+12 
1.59975e+12 
1.60025e+12 
1.60075e+12 
1.60125e+12 
1.60175e+12 
1.60225e+12 
1.60275e+12 
1.60325e+12 
1.60375e+12 
1.60425e+12 
1.60475e+12 
1.60525e+12 
1.60575e+12 
1.60625e+12 
1.60675e+12 
1.60725e+12 
1.60775e+12 
1.60825e+12 
1.60875e+12 
1.60925e+12 
1.60975e+12 
1.61025e+12 
1.61075e+12 
1.61125e+12 
1.61175e+12 
1.61225e+12 
1.61275e+12 
1.61325e+12 
1.61375e+12 
1.61425e+12 
1.61475e+12 
1.61525e+12 
1.61575e+12 
1.61625e+12 
1.61675e+12 
1.61725e+12 
1.61775e+12 
1.61825e+12 
1.61875e+12 
1.61925e+12 
1.61975e+12 
1.62025e+12 
1.62075e+12 
1.62125e+12 
1.62175e+12 
1.62225e+12 
1.62275e+12 
1.62325e+12 
1.62375e+12 
1.62425e+12 
1.62475e+12 
1.62525e+12 
1.62575e+12 
1.62625e+12 
1.62675e+12 
1.62725e+12 
1.62775e+12 
1.62825e+12 
1.62875e+12 
1.62925e+12 
1.62975e+12 
1.63025e+12 
1.63075e+12 
1.63125e+12 
1.63175e+12 
1.63225e+12 
1.63275e+12 
1.63325e+12 
1.63375e+12 
1.63425e+12 
1.63475e+12 
1.63525e+12 
1.63575e+12 
1.63625e+12 
1.63675e+12 
1.63725e+12 
1.63775e+12 
1.63825e+12 
1.63875e+12 
1.63925e+12 
1.63975e+12 
1.64025e+12 
1.64075e+12 
1.64125e+12 
1.64175e+12 
1.64225e+12 
1.64275e+12 
1.64325e+12 
1.64375e+12 
1.64425e+12 
1.64475e+12 
1.64525e+12 
1.64575e+12 
1.64625e+12 
1.64675e+12 
1.64725e+12 
1.64775e+12 
1.64825e+12 
1.64875e+12 
1.64925e+12 
1.64975e+12 
1.65025e+12 
1.65075e+12 
1.65125e+12 
1.65175e+12 
1.65225e+12 
1.65275e+12 
1.65325e+12 
1.65375e+12 
1.65425e+12 
1.65475e+12 
1.65525e+12 
1.65575e+12 
1.65625e+12 
1.65675e+12 
1.65725e+12 
1.65775e+12 
1.65825e+12 
1.65875e+12 
1.65925e+12 
1.65975e+12 
1.66025e+12 
1.66075e+12 
1.66125e+12 
1.66175e+12 
1.66225e+12 
1.66275e+12 
1.66325e+12 
1.66375e+12 
1.66425e+12 
1.66475e+12 
1.66525e+12 
1.66575e+12 
1.66625e+12 
1.66675e+12 
1.66725e+12 
1.66775e+12 
1.66825e+12 
1.66875e+12 
1.66925e+12 
1.66975e+12 
1.67025e+12 
1.67075e+12 
1.67125e+12 
1.67175e+12 
1.67225e+12 
1.67275e+12 
1.67325e+12 
1.67375e+12 
1.67425e+12 
1.67475e+12 
1.67525e+12 
1.67575e+12 
1.67625e+12 
1.67675e+12 
1.67725e+12 
1.67775e+12 
1.67825e+12 
1.67875e+12 
1.67925e+12 
1.67975e+12 
1.68025e+12 
1.68075e+12 
1.68125e+12 
1.68175e+12 
1.68225e+12 
1.68275e+12 
1.68325e+12 
1.68375e+12 
1.68425e+12 
1.68475e+12 
1.68525e+12 
1.68575e+12 
1.68625e+12 
1.68675e+12 
1.68725e+12 
1.68775e+12 
1.68825e+12 
1.68875e+12 
1.68925e+12 
1.68975e+12 
1.69025e+12 
1.69075e+12 
1.69125e+12 
1.69175e+12 
1.69225e+12 
1.69275e+12 
1.69325e+12 
1.69375e+12 
1.69425e+12 
1.69475e+12 
1.69525e+12 
1.69575e+12 
1.69625e+12 
1.69675e+12 
1.69725e+12 
1.69775e+12 
1.69825e+12 
1.69875e+12 
1.69925e+12 
1.69975e+12 
1.70025e+12 
1.70075e+12 
1.70125e+12 
1.70175e+12 
1.70225e+12 
1.70275e+12 
1.70325e+12 
1.70375e+12 
1.70425e+12 
1.70475e+12 
1.70525e+12 
1.70575e+12 
1.70625e+12 
1.70675e+12 
1.70725e+12 
1.70775e+12 
1.70825e+12 
1.70875e+12 
1.70925e+12 
1.70975e+12 
1.71025e+12 
1.71075e+12 
1.71125e+12 
1.71175e+12 
1.71225e+12 
1.71275e+12 
1.71325e+12 
1.71375e+12 
1.71425e+12 
1.71475e+12 
1.71525e+12 
1.71575e+12 
1.71625e+12 
1.71675e+12 
1.71725e+12 
1.71775e+12 
1.71825e+12 
1.71875e+12 
1.71925e+12 
1.71975e+12 
1.72025e+12 
1.72075e+12 
1.72125e+12 
1.72175e+12 
1.72225e+12 
1.72275e+12 
1.72325e+12 
1.72375e+12 
1.72425e+12 
1.72475e+12 
1.72525e+12 
1.72575e+12 
1.72625e+12 
1.72675e+12 
1.72725e+12 
1.72775e+12 
1.72825e+12 
1.72875e+12 
1.72925e+12 
1.72975e+12 
1.73025e+12 
1.73075e+12 
1.73125e+12 
1.73175e+12 
1.73225e+12 
1.73275e+12 
1.73325e+12 
1.73375e+12 
1.73425e+12 
1.73475e+12 
1.73525e+12 
1.73575e+12 
1.73625e+12 
1.73675e+12 
1.73725e+12 
1.73775e+12 
1.73825e+12 
1.73875e+12 
1.73925e+12 
1.73975e+12 
1.74025e+12 
1.74075e+12 
1.74125e+12 
1.74175e+12 
1.74225e+12 
1.74275e+12 
1.74325e+12 
1.74375e+12 
1.74425e+12 
1.74475e+12 
1.74525e+12 
1.74575e+12 
1.74625e+12 
1.74675e+12 
1.74725e+12 
1.74775e+12 
1.74825e+12 
1.74875e+12 
1.74925e+12 
1.74975e+12 
1.75025e+12 
1.75075e+12 
1.75125e+12 
1.75175e+12 
1.75225e+12 
1.75275e+12 
1.75325e+12 
1.75375e+12 
1.75425e+12 
1.75475e+12 
1.75525e+12 
1.75575e+12 
1.75625e+12 
1.75675e+12 
1.75725e+12 
1.75775e+12 
1.75825e+12 
1.75875e+12 
1.75925e+12 
1.75975e+12 
1.76025e+12 
1.76075e+12 
1.76125e+12 
1.76175e+12 
1.76225e+12 
1.76275e+12 
1.76325e+12 
1.76375e+12 
1.76425e+12 
1.76475e+12 
1.76525e+12 
1.76575e+12 
1.76625e+12 
1.76675e+12 
1.76725e+12 
1.76775e+12 
1.76825e+12 
1.76875e+12 
1.76925e+12 
1.76975e+12 
1.77025e+12 
1.77075e+12 
1.77125e+12 
1.77175e+12 
1.77225e+12 
1.77275e+12 
1.77325e+12 
1.77375e+12 
1.77425e+12 
1.77475e+12 
1.77525e+12 
1.77575e+12 
1.77625e+12 
1.77675e+12 
1.77725e+12 
1.77775e+12 
1.77825e+12 
1.77875e+12 
1.77925e+12 
1.77975e+12 
1.78025e+12 
1.78075e+12 
1.78125e+12 
1.78175e+12 
1.78225e+12 
1.78275e+12 
1.78325e+12 
1.78375e+12 
1.78425e+12 
1.78475e+12 
1.78525e+12 
1.78575e+12 
1.78625e+12 
1.78675e+12 
1.78725e+12 
1.78775e+12 
1.78825e+12 
1.78875e+12 
1.78925e+12 
1.78975e+12 
1.79025e+12 
1.79075e+12 
1.79125e+12 
1.79175e+12 
1.79225e+12 
1.79275e+12 
1.79325e+12 
1.79375e+12 
1.79425e+12 
1.79475e+12 
1.79525e+12 
1.79575e+12 
1.79625e+12 
1.79675e+12 
1.79725e+12 
1.79775e+12 
1.79825e+12 
1.79875e+12 
1.79925e+12 
1.79975e+12 
1.80025e+12 
1.80075e+12 
1.80125e+12 
1.80175e+12 
1.80225e+12 
1.80275e+12 
1.80325e+12 
1.80375e+12 
1.80425e+12 
1.80475e+12 
1.80525e+12 
1.80575e+12 
1.80625e+12 
1.80675e+12 
1.80725e+12 
1.80775e+12 
1.80825e+12 
1.80875e+12 
1.80925e+12 
1.80975e+12 
1.81025e+12 
1.81075e+12 
1.81125e+12 
1.81175e+12 
1.81225e+12 
1.81275e+12 
1.81325e+12 
1.81375e+12 
1.81425e+12 
1.81475e+12 
1.81525e+12 
1.81575e+12 
1.81625e+12 
1.81675e+12 
1.81725e+12 
1.81775e+12 
1.81825e+12 
1.81875e+12 
1.81925e+12 
1.81975e+12 
1.82025e+12 
1.82075e+12 
1.82125e+12 
1.82175e+12 
1.82225e+12 
1.82275e+12 
1.82325e+12 
1.82375e+12 
1.82425e+12 
1.82475e+12 
1.82525e+12 
1.82575e+12 
1.82625e+12 
1.82675e+12 
1.82725e+12 
1.82775e+12 
1.82825e+12 
1.82875e+12 
1.82925e+12 
1.82975e+12 
1.83025e+12 
1.83075e+12 
1.83125e+12 
1.83175e+12 
1.83225e+12 
1.83275e+12 
1.83325e+12 
1.83375e+12 
1.83425e+12 
1.83475e+12 
1.83525e+12 
1.83575e+12 
1.83625e+12 
1.83675e+12 
1.83725e+12 
1.83775e+12 
1.83825e+12 
1.83875e+12 
1.83925e+12 
1.83975e+12 
1.84025e+12 
1.84075e+12 
1.84125e+12 
1.84175e+12 
1.84225e+12 
1.84275e+12 
1.84325e+12 
1.84375e+12 
1.84425e+12 
1.84475e+12 
1.84525e+12 
1.84575e+12 
1.84625e+12 
1.84675e+12 
1.84725e+12 
1.84775e+12 
1.84825e+12 
1.84875e+12 
1.84925e+12 
1.84975e+12 
1.85025e+12 
1.85075e+12 
1.85125e+12 
1.85175e+12 
1.85225e+12 
1.85275e+12 
1.85325e+12 
1.85375e+12 
1.85425e+12 
1.85475e+12 
1.85525e+12 
1.85575e+12 
1.85625e+12 
1.85675e+12 
1.85725e+12 
1.85775e+12 
1.85825e+12 
1.85875e+12 
1.85925e+12 
1.85975e+12 
1.86025e+12 
1.86075e+12 
1.86125e+12 
1.86175e+12 
1.86225e+12 
1.86275e+12 
1.86325e+12 
1.86375e+12 
1.86425e+12 
1.86475e+12 
1.86525e+12 
1.86575e+12 
1.86625e+12 
1.86675e+12 
1.86725e+12 
1.86775e+12 
1.86825e+12 
1.86875e+12 
1.86925e+12 
1.86975e+12 
1.87025e+12 
1.87075e+12 
1.87125e+12 
1.87175e+12 
1.87225e+12 
1.87275e+12 
1.87325e+12 
1.87375e+12 
1.87425e+12 
1.87475e+12 
1.87525e+12 
1.87575e+12 
1.87625e+12 
1.87675e+12 
1.87725e+12 
1.87775e+12 
1.87825e+12 
1.87875e+12 
1.87925e+12 
1.87975e+12 
1.88025e+12 
1.88075e+12 
1.88125e+12 
1.88175e+12 
1.88225e+12 
1.88275e+12 
1.88325e+12 
1.88375e+12 
1.88425e+12 
1.88475e+12 
1.88525e+12 
1.88575e+12 
1.88625e+12 
1.88675e+12 
1.88725e+12 
1.88775e+12 
1.88825e+12 
1.88875e+12 
1.88925e+12 
1.88975e+12 
1.89025e+12 
1.89075e+12 
1.89125e+12 
1.89175e+12 
1.89225e+12 
1.89275e+12 
1.89325e+12 
1.89375e+12 
1.89425e+12 
1.89475e+12 
1.89525e+12 
1.89575e+12 
1.89625e+12 
1.89675e+12 
1.89725e+12 
1.89775e+12 
1.89825e+12 
1.89875e+12 
1.89925e+12 
1.89975e+12 
1.90025e+12 
1.90075e+12 
1.90125e+12 
1.90175e+12 
1.90225e+12 
1.90275e+12 
1.90325e+12 
1.90375e+12 
1.90425e+12 
1.90475e+12 
1.90525e+12 
1.90575e+12 
1.90625e+12 
1.90675e+12 
1.90725e+12 
1.90775e+12 
1.90825e+12 
1.90875e+12 
1.90925e+12 
1.90975e+12 
1.91025e+12 
1.91075e+12 
1.91125e+12 
1.91175e+12 
1.91225e+12 
1.91275e+12 
1.91325e+12 
1.91375e+12 
1.91425e+12 
1.91475e+12 
1.91525e+12 
1.91575e+12 
1.91625e+12 
1.91675e+12 
1.91725e+12 
1.91775e+12 
1.91825e+12 
1.91875e+12 
1.91925e+12 
1.91975e+12 
1.92025e+12 
1.92075e+12 
1.92125e+12 
1.92175e+12 
1.92225e+12 
1.92275e+12 
1.92325e+12 
1.92375e+12 
1.92425e+12 
1.92475e+12 
1.92525e+12 
1.92575e+12 
1.92625e+12 
1.92675e+12 
1.92725e+12 
1.92775e+12 
1.92825e+12 
1.92875e+12 
1.92925e+12 
1.92975e+12 
1.93025e+12 
1.93075e+12 
1.93125e+12 
1.93175e+12 
1.93225e+12 
1.93275e+12 
1.93325e+12 
1.93375e+12 
1.93425e+12 
1.93475e+12 
1.93525e+12 
1.93575e+12 
1.93625e+12 
1.93675e+12 
1.93725e+12 
1.93775e+12 
1.93825e+12 
1.93875e+12 
1.93925e+12 
1.93975e+12 
1.94025e+12 
1.94075e+12 
1.94125e+12 
1.94175e+12 
1.94225e+12 
1.94275e+12 
1.94325e+12 
1.94375e+12 
1.94425e+12 
1.94475e+12 
1.94525e+12 
1.94575e+12 
1.94625e+12 
1.94675e+12 
1.94725e+12 
1.94775e+12 
1.94825e+12 
1.94875e+12 
1.94925e+12 
1.94975e+12 
1.95025e+12 
1.95075e+12 
1.95125e+12 
1.95175e+12 
1.95225e+12 
1.95275e+12 
1.95325e+12 
1.95375e+12 
1.95425e+12 
1.95475e+12 
1.95525e+12 
1.95575e+12 
1.95625e+12 
1.95675e+12 
1.95725e+12 
1.95775e+12 
1.95825e+12 
1.95875e+12 
1.95925e+12 
1.95975e+12 
1.96025e+12 
1.96075e+12 
1.96125e+12 
1.96175e+12 
1.96225e+12 
1.96275e+12 
1.96325e+12 
1.96375e+12 
1.96425e+12 
1.96475e+12 
1.96525e+12 
1.96575e+12 
1.96625e+12 
1.96675e+12 
1.96725e+12 
1.96775e+12 
1.96825e+12 
1.96875e+12 
1.96925e+12 
1.96975e+12 
1.97025e+12 
1.97075e+12 
1.97125e+12 
1.97175e+12 
1.97225e+12 
1.97275e+12 
1.97325e+12 
1.97375e+12 
1.97425e+12 
1.97475e+12 
1.97525e+12 
1.97575e+12 
1.97625e+12 
1.97675e+12 
1.97725e+12 
1.97775e+12 
1.97825e+12 
1.97875e+12 
1.97925e+12 
1.97975e+12 
1.98025e+12 
1.98075e+12 
1.98125e+12 
1.98175e+12 
1.98225e+12 
1.98275e+12 
1.98325e+12 
1.98375e+12 
1.98425e+12 
1.98475e+12 
1.98525e+12 
1.98575e+12 
1.98625e+12 
1.98675e+12 
1.98725e+12 
1.98775e+12 
1.98825e+12 
1.98875e+12 
1.98925e+12 
1.98975e+12 
1.99025e+12 
1.99075e+12 
1.99125e+12 
1.99175e+12 
1.99225e+12 
1.99275e+12 
1.99325e+12 
1.99375e+12 
1.99425e+12 
1.99475e+12 
1.99525e+12 
1.99575e+12 
1.99625e+12 
1.99675e+12 
1.99725e+12 
1.99775e+12 
1.99825e+12 
1.99875e+12 
1.99925e+12 
1.99975e+12 
2.00025e+12 
2.00076e+12 
2.00125e+12 
2.00175e+12 
2.00225e+12 
2.00275e+12 
2.00325e+12 
2.00375e+12 
2.00425e+12 
2.00475e+12 
2.00525e+12 
2.00575e+12 
2.00625e+12 
2.00675e+12 
2.00725e+12 
2.00775e+12 
2.00825e+12 
2.00875e+12 
2.00925e+12 
2.00975e+12 
2.01025e+12 
2.01075e+12 
2.01125e+12 
2.01175e+12 
2.01225e+12 
2.01275e+12 
2.01325e+12 
2.01375e+12 
2.01425e+12 
2.01475e+12 
2.01525e+12 
2.01575e+12 
2.01625e+12 
2.01675e+12 
2.01725e+12 
2.01775e+12 
2.01825e+12 
2.01875e+12 
2.01925e+12 
2.01975e+12 
2.02025e+12 
2.02075e+12 
2.02125e+12 
2.02175e+12 
2.02225e+12 
2.02275e+12 
2.02325e+12 
2.02375e+12 
2.02425e+12 
2.02475e+12 
2.02525e+12 
2.02575e+12 
2.02625e+12 
2.02675e+12 
2.02725e+12 
2.02775e+12 
2.02825e+12 
2.02875e+12 
2.02925e+12 
2.02975e+12 
2.03025e+12 
2.03075e+12 
2.03125e+12 
2.03175e+12 
2.03225e+12 
2.03276e+12 
2.03325e+12 
2.03375e+12 
2.03425e+12 
2.03475e+12 
2.03525e+12 
2.03575e+12 
2.03625e+12 
2.03675e+12 
2.03725e+12 
2.03775e+12 
2.03825e+12 
2.03875e+12 
2.03925e+12 
2.03975e+12 
2.04025e+12 
2.04075e+12 
2.04125e+12 
2.04175e+12 
2.04225e+12 
2.04275e+12 
2.04325e+12 
2.04375e+12 
2.04425e+12 
2.04475e+12 
2.04525e+12 
2.04575e+12 
2.04625e+12 
2.04675e+12 
2.04725e+12 
2.04774e+12 
2.04825e+12 
2.04875e+12 
2.04925e+12 
2.04975e+12 
2.05025e+12 
2.05075e+12 
2.05125e+12 
2.05175e+12 
2.05225e+12 
2.05275e+12 
2.05325e+12 
2.05375e+12 
2.05425e+12 
2.05475e+12 
2.05525e+12 
2.05575e+12 
2.05625e+12 
2.05675e+12 
2.05725e+12 
2.05775e+12 
2.05825e+12 
2.05875e+12 
2.05925e+12 
2.05975e+12 
2.06025e+12 
2.06075e+12 
2.06125e+12 
2.06175e+12 
2.06225e+12 
2.06275e+12 
2.06325e+12 
2.06375e+12 
2.06425e+12 
2.06476e+12 
2.06525e+12 
2.06575e+12 
2.06625e+12 
2.06675e+12 
2.06725e+12 
2.06775e+12 
2.06825e+12 
2.06875e+12 
2.06925e+12 
2.06975e+12 
2.07025e+12 
2.07075e+12 
2.07125e+12 
2.07175e+12 
2.07225e+12 
2.07275e+12 
2.07326e+12 
2.07375e+12 
2.07425e+12 
2.07475e+12 
2.07525e+12 
2.07575e+12 
2.07625e+12 
2.07675e+12 
2.07725e+12 
2.07775e+12 
2.07825e+12 
2.07875e+12 
2.07925e+12 
2.07974e+12 
2.08025e+12 
2.08075e+12 
2.08125e+12 
2.08175e+12 
2.08225e+12 
2.08275e+12 
2.08325e+12 
2.08375e+12 
2.08425e+12 
2.08475e+12 
2.08525e+12 
2.08575e+12 
2.08625e+12 
2.08675e+12 
2.08725e+12 
2.08775e+12 
2.08825e+12 
2.08875e+12 
2.08925e+12 
2.08975e+12 
2.09025e+12 
2.09075e+12 
2.09125e+12 
2.09175e+12 
2.09225e+12 
2.09275e+12 
2.09325e+12 
2.09375e+12 
2.09425e+12 
2.09475e+12 
2.09525e+12 
2.09575e+12 
2.09625e+12 
2.09676e+12 
2.09725e+12 
2.09775e+12 
2.09825e+12 
2.09875e+12 
2.09925e+12 
2.09975e+12 
2.10025e+12 
2.10075e+12 
2.10125e+12 
2.10175e+12 
2.10225e+12 
2.10275e+12 
2.10325e+12 
2.10375e+12 
2.10425e+12 
2.10475e+12 
2.10526e+12 
2.10575e+12 
2.10625e+12 
2.10675e+12 
2.10725e+12 
2.10775e+12 
2.10825e+12 
2.10875e+12 
2.10925e+12 
2.10975e+12 
2.11025e+12 
2.11075e+12 
2.11125e+12 
2.11174e+12 
2.11225e+12 
2.11275e+12 
2.11325e+12 
2.11375e+12 
2.11425e+12 
2.11475e+12 
2.11525e+12 
2.11575e+12 
2.11625e+12 
2.11675e+12 
2.11725e+12 
2.11775e+12 
2.11825e+12 
2.11875e+12 
2.11925e+12 
2.11975e+12 
2.12025e+12 
2.12075e+12 
2.12125e+12 
2.12175e+12 
2.12225e+12 
2.12275e+12 
2.12325e+12 
2.12375e+12 
2.12425e+12 
2.12475e+12 
2.12525e+12 
2.12575e+12 
2.12625e+12 
2.12675e+12 
2.12725e+12 
2.12774e+12 
2.12825e+12 
2.12876e+12 
2.12925e+12 
2.12975e+12 
2.13025e+12 
2.13075e+12 
2.13125e+12 
2.13175e+12 
2.13225e+12 
2.13275e+12 
2.13325e+12 
2.13375e+12 
2.13425e+12 
2.13475e+12 
2.13525e+12 
2.13575e+12 
2.13625e+12 
2.13675e+12 
2.13726e+12 
2.13775e+12 
2.13825e+12 
2.13875e+12 
2.13925e+12 
2.13975e+12 
2.14025e+12 
2.14075e+12 
2.14125e+12 
2.14175e+12 
2.14225e+12 
2.14275e+12 
2.14325e+12 
2.14374e+12 
2.14425e+12 
2.14475e+12 
2.14525e+12 
2.14575e+12 
2.14625e+12 
2.14675e+12 
2.14725e+12 
2.14775e+12 
2.14825e+12 
2.14875e+12 
2.14925e+12 
2.14975e+12 
2.15025e+12 
2.15075e+12 
2.15125e+12 
2.15175e+12 
2.15225e+12 
2.15275e+12 
2.15325e+12 
2.15375e+12 
2.15425e+12 
2.15475e+12 
2.15525e+12 
2.15575e+12 
2.15625e+12 
2.15675e+12 
2.15725e+12 
2.15775e+12 
2.15825e+12 
2.15875e+12 
2.15925e+12 
2.15974e+12 
2.16025e+12 
2.16076e+12 
2.16125e+12 
2.16175e+12 
2.16225e+12 
2.16275e+12 
2.16325e+12 
2.16375e+12 
2.16425e+12 
2.16475e+12 
2.16525e+12 
2.16575e+12 
2.16625e+12 
2.16675e+12 
2.16725e+12 
2.16775e+12 
2.16825e+12 
2.16875e+12 
2.16926e+12 
2.16975e+12 
2.17025e+12 
2.17075e+12 
2.17125e+12 
2.17175e+12 
2.17225e+12 
2.17275e+12 
2.17325e+12 
2.17375e+12 
2.17425e+12 
2.17475e+12 
2.17525e+12 
2.17574e+12 
2.17625e+12 
2.17675e+12 
2.17725e+12 
2.17775e+12 
2.17825e+12 
2.17875e+12 
2.17925e+12 
2.17975e+12 
2.18025e+12 
2.18075e+12 
2.18125e+12 
2.18175e+12 
2.18225e+12 
2.18275e+12 
2.18325e+12 
2.18375e+12 
2.18425e+12 
2.18475e+12 
2.18525e+12 
2.18575e+12 
2.18625e+12 
2.18675e+12 
2.18725e+12 
2.18775e+12 
2.18825e+12 
2.18875e+12 
2.18925e+12 
2.18975e+12 
2.19025e+12 
2.19075e+12 
2.19125e+12 
2.19174e+12 
2.19225e+12 
2.19276e+12 
2.19325e+12 
2.19375e+12 
2.19425e+12 
2.19475e+12 
2.19525e+12 
2.19575e+12 
2.19625e+12 
2.19675e+12 
2.19725e+12 
2.19775e+12 
2.19825e+12 
2.19875e+12 
2.19925e+12 
2.19975e+12 
2.20025e+12 
2.20075e+12 
2.20126e+12 
2.20175e+12 
2.20225e+12 
2.20275e+12 
2.20325e+12 
2.20375e+12 
2.20425e+12 
2.20475e+12 
2.20525e+12 
2.20575e+12 
2.20625e+12 
2.20675e+12 
2.20725e+12 
2.20774e+12 
2.20825e+12 
2.20875e+12 
2.20925e+12 
2.20975e+12 
2.21025e+12 
2.21075e+12 
2.21125e+12 
2.21175e+12 
2.21225e+12 
2.21275e+12 
2.21325e+12 
2.21375e+12 
2.21425e+12 
2.21475e+12 
2.21525e+12 
2.21575e+12 
2.21625e+12 
2.21675e+12 
2.21725e+12 
2.21775e+12 
2.21825e+12 
2.21875e+12 
2.21925e+12 
2.21975e+12 
2.22025e+12 
2.22075e+12 
2.22125e+12 
2.22175e+12 
2.22225e+12 
2.22275e+12 
2.22325e+12 
2.22374e+12 
2.22425e+12 
2.22476e+12 
2.22525e+12 
2.22575e+12 
2.22625e+12 
2.22675e+12 
2.22725e+12 
2.22775e+12 
2.22825e+12 
2.22875e+12 
2.22925e+12 
2.22975e+12 
2.23025e+12 
2.23075e+12 
2.23124e+12 
2.23175e+12 
2.23225e+12 
2.23275e+12 
2.23326e+12 
2.23375e+12 
2.23425e+12 
2.23475e+12 
2.23525e+12 
2.23575e+12 
2.23625e+12 
2.23675e+12 
2.23725e+12 
2.23775e+12 
2.23825e+12 
2.23875e+12 
2.23925e+12 
2.23974e+12 
2.24025e+12 
2.24075e+12 
2.24125e+12 
2.24175e+12 
2.24225e+12 
2.24275e+12 
2.24325e+12 
2.24375e+12 
2.24425e+12 
2.24475e+12 
2.24525e+12 
2.24575e+12 
2.24625e+12 
2.24675e+12 
2.24725e+12 
2.24775e+12 
2.24825e+12 
2.24875e+12 
2.24925e+12 
2.24975e+12 
2.25025e+12 
2.25075e+12 
2.25125e+12 
2.25175e+12 
2.25225e+12 
2.25275e+12 
2.25325e+12 
2.25375e+12 
2.25425e+12 
2.25475e+12 
2.25525e+12 
2.25574e+12 
2.25625e+12 
2.25676e+12 
2.25725e+12 
2.25775e+12 
2.25825e+12 
2.25875e+12 
2.25925e+12 
2.25975e+12 
2.26025e+12 
2.26075e+12 
2.26125e+12 
2.26175e+12 
2.26225e+12 
2.26275e+12 
2.26324e+12 
2.26375e+12 
2.26425e+12 
2.26475e+12 
2.26526e+12 
2.26575e+12 
2.26625e+12 
2.26675e+12 
2.26725e+12 
2.26775e+12 
2.26825e+12 
2.26875e+12 
2.26925e+12 
2.26975e+12 
2.27025e+12 
2.27075e+12 
2.27125e+12 
2.27174e+12 
2.27225e+12 
2.27276e+12 
2.27325e+12 
2.27375e+12 
2.27425e+12 
2.27475e+12 
2.27525e+12 
2.27575e+12 
2.27625e+12 
2.27675e+12 
2.27725e+12 
2.27775e+12 
2.27825e+12 
2.27875e+12 
2.27925e+12 
2.27975e+12 
2.28025e+12 
2.28075e+12 
2.28125e+12 
2.28175e+12 
2.28225e+12 
2.28275e+12 
2.28325e+12 
2.28375e+12 
2.28425e+12 
2.28475e+12 
2.28525e+12 
2.28575e+12 
2.28625e+12 
2.28675e+12 
2.28725e+12 
2.28774e+12 
2.28825e+12 
2.28876e+12 
2.28925e+12 
2.28975e+12 
2.29025e+12 
2.29075e+12 
2.29125e+12 
2.29175e+12 
2.29225e+12 
2.29275e+12 
2.29325e+12 
2.29375e+12 
2.29425e+12 
2.29475e+12 
2.29525e+12 
2.29575e+12 
2.29625e+12 
2.29675e+12 
2.29726e+12 
2.29775e+12 
2.29825e+12 
2.29875e+12 
2.29925e+12 
2.29975e+12 
2.30025e+12 
2.30075e+12 
2.30125e+12 
2.30175e+12 
2.30225e+12 
2.30275e+12 
2.30325e+12 
2.30374e+12 
2.30425e+12 
2.30476e+12 
2.30525e+12 
2.30575e+12 
2.30625e+12 
2.30675e+12 
2.30725e+12 
2.30775e+12 
2.30825e+12 
2.30875e+12 
2.30925e+12 
2.30975e+12 
2.31025e+12 
2.31075e+12 
2.31125e+12 
2.31175e+12 
2.31225e+12 
2.31275e+12 
2.31325e+12 
2.31375e+12 
2.31425e+12 
2.31475e+12 
2.31525e+12 
2.31575e+12 
2.31625e+12 
2.31675e+12 
2.31725e+12 
2.31775e+12 
2.31825e+12 
2.31875e+12 
2.31925e+12 
2.31974e+12 
2.32025e+12 
2.32076e+12 
2.32125e+12 
2.32175e+12 
2.32225e+12 
2.32275e+12 
2.32325e+12 
2.32375e+12 
2.32425e+12 
2.32475e+12 
2.32525e+12 
2.32575e+12 
2.32625e+12 
2.32675e+12 
2.32724e+12 
2.32775e+12 
2.32825e+12 
2.32875e+12 
2.32926e+12 
2.32975e+12 
2.33025e+12 
2.33075e+12 
2.33125e+12 
2.33175e+12 
2.33225e+12 
2.33275e+12 
2.33325e+12 
2.33375e+12 
2.33425e+12 
2.33475e+12 
2.33525e+12 
2.33574e+12 
2.33625e+12 
2.33676e+12 
2.33725e+12 
2.33775e+12 
2.33825e+12 
2.33875e+12 
2.33925e+12 
2.33975e+12 
2.34025e+12 
2.34075e+12 
2.34125e+12 
2.34175e+12 
2.34225e+12 
2.34275e+12 
2.34324e+12 
2.34375e+12 
2.34425e+12 
2.34475e+12 
2.34526e+12 
2.34575e+12 
2.34625e+12 
2.34675e+12 
2.34725e+12 
2.34775e+12 
2.34825e+12 
2.34875e+12 
2.34925e+12 
2.34975e+12 
2.35025e+12 
2.35075e+12 
2.35125e+12 
2.35174e+12 
2.35225e+12 
2.35276e+12 
2.35325e+12 
2.35375e+12 
2.35425e+12 
2.35475e+12 
2.35525e+12 
2.35575e+12 
2.35625e+12 
2.35675e+12 
2.35725e+12 
2.35775e+12 
2.35825e+12 
2.35875e+12 
2.35924e+12 
2.35975e+12 
2.36025e+12 
2.36075e+12 
2.36126e+12 
2.36175e+12 
2.36225e+12 
2.36275e+12 
2.36325e+12 
2.36375e+12 
2.36425e+12 
2.36475e+12 
2.36525e+12 
2.36575e+12 
2.36625e+12 
2.36675e+12 
2.36725e+12 
2.36774e+12 
2.36825e+12 
2.36876e+12 
2.36925e+12 
2.36975e+12 
2.37025e+12 
2.37075e+12 
2.37125e+12 
2.37175e+12 
2.37225e+12 
2.37275e+12 
2.37325e+12 
2.37375e+12 
2.37425e+12 
2.37475e+12 
2.37525e+12 
2.37575e+12 
2.37625e+12 
2.37675e+12 
2.37725e+12 
2.37775e+12 
2.37825e+12 
2.37875e+12 
2.37925e+12 
2.37975e+12 
2.38025e+12 
2.38075e+12 
2.38125e+12 
2.38175e+12 
2.38225e+12 
2.38275e+12 
2.38325e+12 
2.38374e+12 
2.38425e+12 
2.38476e+12 
2.38525e+12 
2.38575e+12 
2.38625e+12 
2.38675e+12 
2.38725e+12 
2.38775e+12 
2.38825e+12 
2.38875e+12 
2.38925e+12 
2.38975e+12 
2.39025e+12 
2.39075e+12 
2.39124e+12 
2.39175e+12 
2.39225e+12 
2.39275e+12 
2.39326e+12 
2.39375e+12 
2.39425e+12 
2.39475e+12 
2.39525e+12 
2.39575e+12 
2.39625e+12 
2.39675e+12 
2.39725e+12 
2.39775e+12 
2.39825e+12 
2.39875e+12 
2.39925e+12 
2.39974e+12 
2.40025e+12 
2.40076e+12 
2.40125e+12 
2.40175e+12 
2.40225e+12 
2.40275e+12 
2.40325e+12 
2.40375e+12 
2.40425e+12 
2.40475e+12 
2.40525e+12 
2.40575e+12 
2.40625e+12 
2.40675e+12 
2.40724e+12 
2.40775e+12 
2.40825e+12 
2.40875e+12 
2.40926e+12 
2.40975e+12 
2.41025e+12 
2.41075e+12 
2.41125e+12 
2.41175e+12 
2.41225e+12 
2.41275e+12 
2.41325e+12 
2.41375e+12 
2.41425e+12 
2.41475e+12 
2.41525e+12 
2.41574e+12 
2.41625e+12 
2.41676e+12 
2.41725e+12 
2.41775e+12 
2.41825e+12 
2.41875e+12 
2.41925e+12 
2.41975e+12 
2.42025e+12 
2.42075e+12 
2.42125e+12 
2.42175e+12 
2.42225e+12 
2.42275e+12 
2.42324e+12 
2.42375e+12 
2.42425e+12 
2.42475e+12 
2.42526e+12 
2.42575e+12 
2.42625e+12 
2.42675e+12 
2.42725e+12 
2.42775e+12 
2.42825e+12 
2.42875e+12 
2.42925e+12 
2.42975e+12 
2.43025e+12 
2.43075e+12 
2.43125e+12 
2.43174e+12 
2.43225e+12 
2.43276e+12 
2.43325e+12 
2.43375e+12 
2.43425e+12 
2.43475e+12 
2.43525e+12 
2.43575e+12 
2.43625e+12 
2.43675e+12 
2.43725e+12 
2.43775e+12 
2.43825e+12 
2.43875e+12 
2.43924e+12 
2.43975e+12 
2.44025e+12 
2.44075e+12 
2.44126e+12 
2.44175e+12 
2.44225e+12 
2.44275e+12 
2.44325e+12 
2.44375e+12 
2.44425e+12 
2.44475e+12 
2.44525e+12 
2.44575e+12 
2.44625e+12 
2.44675e+12 
2.44725e+12 
2.44774e+12 
2.44825e+12 
2.44876e+12 
2.44925e+12 
2.44975e+12 
2.45025e+12 
2.45075e+12 
2.45125e+12 
2.45175e+12 
2.45225e+12 
2.45275e+12 
2.45325e+12 
2.45375e+12 
2.45425e+12 
2.45475e+12 
2.45524e+12 
2.45575e+12 
2.45625e+12 
2.45675e+12 
2.45726e+12 
2.45775e+12 
2.45825e+12 
2.45875e+12 
2.45925e+12 
2.45975e+12 
2.46025e+12 
2.46075e+12 
2.46125e+12 
2.46175e+12 
2.46225e+12 
2.46275e+12 
2.46325e+12 
2.46374e+12 
2.46425e+12 
2.46476e+12 
2.46525e+12 
2.46576e+12 
2.46625e+12 
2.46675e+12 
2.46725e+12 
2.46775e+12 
2.46825e+12 
2.46875e+12 
2.46925e+12 
2.46975e+12 
2.47025e+12 
2.47075e+12 
2.47124e+12 
2.47175e+12 
2.47225e+12 
2.47275e+12 
2.47326e+12 
2.47375e+12 
2.47425e+12 
2.47475e+12 
2.47525e+12 
2.47575e+12 
2.47625e+12 
2.47675e+12 
2.47725e+12 
2.47775e+12 
2.47825e+12 
2.47875e+12 
2.47925e+12 
2.47974e+12 
2.48025e+12 
2.48076e+12 
2.48125e+12 
2.48175e+12 
2.48225e+12 
2.48275e+12 
2.48325e+12 
2.48375e+12 
2.48425e+12 
2.48475e+12 
2.48525e+12 
2.48575e+12 
2.48625e+12 
2.48675e+12 
2.48724e+12 
2.48775e+12 
2.48825e+12 
2.48875e+12 
2.48926e+12 
2.48975e+12 
2.49025e+12 
2.49075e+12 
2.49125e+12 
2.49175e+12 
2.49225e+12 
2.49275e+12 
2.49325e+12 
2.49375e+12 
2.49425e+12 
2.49475e+12 
2.49525e+12 
2.49574e+12 
2.49625e+12 
2.49676e+12 
2.49725e+12 
2.49775e+12 
2.49825e+12 
2.49875e+12 
2.49925e+12 
2.49975e+12 
MATMUL (GPU) of size (M,N,K)     5000  5000 1 : min/avg/max: 0.000451627 0.000452917  0.00047146 seconds or   553555 GFLOPS/s or   221.51 GB/s
