Error in computation, got 2 instead of 526
*** Error in `./matmul': corrupted size vs. prev_size: 0x00000000029c8c90 ***
======= Backtrace: =========
/lib64/libc.so.6(+0x7f474)[0x2b53894de474]
/lib64/libc.so.6(+0x8156b)[0x2b53894e056b]
/lib64/libcuda.so.1(+0x45c20d)[0x2b5389c8920d]
/lib64/libcuda.so.1(+0x3cdfaa)[0x2b5389bfafaa]
/lib64/libcuda.so.1(+0x3cd6a0)[0x2b5389bfa6a0]
/lib64/libcuda.so.1(+0x131460)[0x2b538995e460]
/lib64/libcuda.so.1(+0x2d63f5)[0x2b5389b033f5]
./matmul[0x40e340]
./matmul[0x43f6f1]
./matmul[0x404ef0]
./matmul[0x40559b]
/lib64/libc.so.6(__libc_start_main+0xf5)[0x2b5389481555]
./matmul[0x4042c9]
======= Memory map: ========
00400000-00474000 r-xp 00000000 00:2a 9246547079165611999                /domus/h1/ebjerned/ABP/L2/matmul
00475000-00478000 r--p 00074000 00:2a 9246547079165611999                /domus/h1/ebjerned/ABP/L2/matmul
00478000-00479000 rw-p 00077000 00:2a 9246547079165611999                /domus/h1/ebjerned/ABP/L2/matmul
00479000-0047a000 rw-p 00000000 00:00 0 
02146000-02bb4000 rw-p 00000000 00:00 0                                  [heap]
200000000-200200000 ---p 00000000 00:00 0 
200200000-200400000 rw-s 00000000 00:05 28984                            /dev/nvidia0
200400000-203c00000 rw-s 00000000 00:05 17095                            /dev/nvidiactl
203c00000-204a00000 ---p 00000000 00:00 0 
204a00000-204c00000 rw-s 00000000 00:05 17095                            /dev/nvidiactl
204c00000-204e00000 rw-s 00000000 00:05 17095                            /dev/nvidiactl
204e00000-205000000 rw-s 00000000 00:05 17095                            /dev/nvidiactl
205000000-205200000 rw-s 205000000 00:05 11479                           /dev/nvidia-uvm
205200000-205400000 rw-s 00000000 00:05 17095                            /dev/nvidiactl
205400000-205600000 ---p 00000000 00:00 0 
205600000-205800000 rw-s 00000000 00:05 17095                            /dev/nvidiactl
205800000-205a00000 ---p 00000000 00:00 0 
205a00000-205c00000 rw-s 00000000 00:04 2836010                          /dev/zero (deleted)
205c00000-300200000 ---p 00000000 00:00 0 
10000000000-10004000000 ---p 00000000 00:00 0 
2b5388911000-2b5388933000 r-xp 00000000 09:01 918162                     /usr/lib64/ld-2.17.so
2b5388933000-2b5388935000 rw-p 00000000 00:00 0 
2b5388935000-2b5388945000 -w-s 00000000 00:05 28984                      /dev/nvidia0
2b5388945000-2b5388948000 rw-p 00000000 00:00 0 
2b5388955000-2b5388956000 rw-p 00000000 00:00 0 
2b5388956000-2b5388adf000 r-xp 00000000 00:2b 9246547087799663757        /sw/EasyBuild/snowy/software/GCCcore/8.3.0/lib64/libstdc++.so.6.0.25
2b5388adf000-2b5388ae9000 r--p 00188000 00:2b 9246547087799663757        /sw/EasyBuild/snowy/software/GCCcore/8.3.0/lib64/libstdc++.so.6.0.25
2b5388ae9000-2b5388aed000 rw-p 00192000 00:2b 9246547087799663757        /sw/EasyBuild/snowy/software/GCCcore/8.3.0/lib64/libstdc++.so.6.0.25
2b5388aed000-2b5388af1000 rw-p 00000000 00:00 0 
2b5388af1000-2b5388b08000 r-xp 00000000 00:2b 9246547087799663751        /sw/EasyBuild/snowy/software/GCCcore/8.3.0/lib64/libgcc_s.so.1
2b5388b08000-2b5388b09000 r--p 00016000 00:2b 9246547087799663751        /sw/EasyBuild/snowy/software/GCCcore/8.3.0/lib64/libgcc_s.so.1
2b5388b09000-2b5388b0a000 rw-p 00017000 00:2b 9246547087799663751        /sw/EasyBuild/snowy/software/GCCcore/8.3.0/lib64/libgcc_s.so.1
2b5388b0a000-2b5388b0f000 rw-p 00000000 00:00 0 
2b5388b32000-2b5388b33000 r--p 00021000 09:01 918162                     /usr/lib64/ld-2.17.so
2b5388b33000-2b5388b34000 rw-p 00022000 09:01 918162                     /usr/lib64/ld-2.17.so
2b5388b34000-2b5388b35000 rw-p 00000000 00:00 0 
2b5388b35000-2b5388b3c000 r-xp 00000000 09:01 918199                     /usr/lib64/librt-2.17.so
2b5388b3c000-2b5388d3b000 ---p 00007000 09:01 918199                     /usr/lib64/librt-2.17.so
2b5388d3b000-2b5388d3c000 r--p 00006000 09:01 918199                     /usr/lib64/librt-2.17.so
2b5388d3c000-2b5388d3d000 rw-p 00007000 09:01 918199                     /usr/lib64/librt-2.17.so
2b5388d3d000-2b5388d54000 r-xp 00000000 09:01 918195                     /usr/lib64/libpthread-2.17.so
2b5388d54000-2b5388f53000 ---p 00017000 09:01 918195                     /usr/lib64/libpthread-2.17.so
2b5388f53000-2b5388f54000 r--p 00016000 09:01 918195                     /usr/lib64/libpthread-2.17.so
2b5388f54000-2b5388f55000 rw-p 00017000 09:01 918195                     /usr/lib64/libpthread-2.17.so
2b5388f55000-2b5388f59000 rw-p 00000000 00:00 0 
2b5388f59000-2b5388f5b000 r-xp 00000000 09:01 918175                     /usr/lib64/libdl-2.17.so
2b5388f5b000-2b538915b000 ---p 00002000 09:01 918175                     /usr/lib64/libdl-2.17.so
2b538915b000-2b538915c000 r--p 00002000 09:01 918175                     /usr/lib64/libdl-2.17.so
2b538915c000-2b538915d000 rw-p 00003000 09:01 918175                     /usr/lib64/libdl-2.17.so
2b538915d000-2b538925e000 r-xp 00000000 09:01 918177                     /usr/lib64/libm-2.17.so
2b538925e000-2b538945d000 ---p 00101000 09:01 918177                     /usr/lib64/libm-2.17.so
2b538945d000-2b538945e000 r--p 00100000 09:01 918177                     /usr/lib64/libm-2.17.so
2b538945e000-2b538945f000 rw-p 00101000 09:01 918177                     /usr/lib64/libm-2.17.so
2b538945f000-2b5389623000 r-xp 00000000 09:01 918169                     /usr/lib64/libc-2.17.so
2b5389623000-2b5389822000 ---p 001c4000 09:01 918169                     /usr/lib64/libc-2.17.so
2b5389822000-2b5389826000 r--p 001c3000 09:01 918169                     /usr/lib64/libc-2.17.so
2b5389826000-2b5389828000 rw-p 001c7000 09:01 918169                     /usr/lib64/libc-2.17.so
2b5389828000-2b538982d000 rw-p 00000000 00:00 0 
2b538982d000-2b538990e000 r--p 00000000 09:01 922401                     /usr/lib64/libcuda.so.535.104.05
2b538990e000-2b5389e26000 r-xp 000e1000 09:01 922401                     /usr/lib64/libcuda.so.535.104.05
2b5389e26000-2b538b304000 r--p 005f9000 09:01 922401                     /usr/lib64/libcuda.so.535.104.05
2b538b304000-2b538b31d000 r--p 01ad6000 09:01 922401                     /usr/lib64/libcuda.so.535.104.05
2b538b31d000-2b538b423000 rw-p 01aef000 09:01 922401                     /usr/lib64/libcuda.so.535.104.05
2b538b423000-2b538b48a000 rw-p 00000000 00:00 0 
2b538b48a000-2b539148a000 ---p 00000000 00:00 0 
2b539148a000-2b5391555000 rw-p 00000000 00:00 0 
2b5391555000-2b53917f6000 ---p 00000000 00:00 0 
2b53917f6000-2b53917f7000 ---p 00000000 00:00 0 
2b53917f7000-2b53919f7000 rw-p 00000000 00:00 0 
2b53919f7000-2b53919f8000 ---p 00000000 00:00 0 
2b53919f8000-2b5391bf8000 rw-p 00000000 00:00 0 
2b5391bf8000-2b5391bf9000 rw-s 00000000 00:05 17095                      /dev/nvidiactl
2b5391bf9000-2b5391bfa000 rw-s 00000000 00:05 17095                      /dev/nvidiactl
2b5391bfa000-2b5391bfb000 rw-s 00000000 00:05 17095                      /dev/nvidiactl
2b5391bfb000-2b5391bfc000 rw-s 00000000 00:05 17095                      /dev/nvidiactl
2b5391bfc000-2b5391bfd000 rw-s 00000000 00:05 17095                      /dev/nvidiactl
2b5391bfd000-2b5391bfe000 rw-s 00000000 00:05 17095                      /dev/nvidiactl
2b5391bfe000-2b5391bff000 rw-s 00000000 00:05 17095                      /dev/nvidiactl
2b5391bff000-2b5391c00000 rw-s 00000000 00:05 17095                      /dev/nvidiactl
2b5391c00000-2b5391c01000 rw-s 00000000 00:05 17095                      /dev/nvidiactl
2b5391c01000-2b5391c02000 rw-s 00000000 00:05 17095                      /dev/nvidiactl
2b5391c02000-2b5391c03000 rw-s 00000000 00:05 17095                      /dev/nvidiactl
2b5391c03000-2b5391c04000 rw-s 00000000 00:05 17095                      /dev/nvidiactl
2b5391c04000-2b5391c05000 rw-s 00000000 00:05 17095                      /dev/nvidiactl
2b5391c05000-2b5391c06000 rw-s 00000000 00:05 17095                      /dev/nvidiactl
2b5391c06000-2b5391c07000 rw-s 00000000 00:05 17095                      /dev/nvidiactl
2b5391c07000-2b5391c08000 rw-s 00000000 00:05 17095                      /dev/nvidiactl
2b5391c08000-2b5391c09000 rw-s 00000000 00:05 17095                      /dev/nvidiactl
2b5391c09000-2b5391c0a000 rw-s 00000000 00:05 17095                      /dev/nvidiactl
2b5391c0a000-2b5391c0b000 rw-s 00000000 00:05 17095                      /dev/nvidiactl
2b5391c0b000-2b5391c0c000 rw-s 00000000 00:05 17095                      /dev/nvidiactl
2b5391c0c000-2b5391e99000 ---p 00000000 00:00 0 
2b5391e99000-2b5392090000 rw-p 00000000 00:00 0 
2b5392090000-2b5392290000 rw-s 00000000 00:04 2836009                    /dev/zero (deleted)
2b5392290000-2b53923db000 rw-p 00000000 00:00 0 
2b5394000000-2b5394021000 rw-p 00000000 00:00 0 
2b5394021000-2b5398000000 ---p 00000000 00:00 0 
2b5398000000-2b5398021000 rw-p 00000000 00:00 0 
2b5398021000-2b539c000000 ---p 00000000 00:00 0 
2b539c000000-2b539c400000 ---p 00000000 00:00 0 
2b539c400000-2b539c600000 rw-s 00000000 00:05 17095                      /dev/nvidiactl
2b539c600000-2b539c800000 rw-s 00000000 00:04 2836007                    /dev/zero (deleted)
2b539c800000-2b539ca00000 rw-s 00000000 00:04 2836008                    /dev/zero (deleted)
2b539ca00000-2b539d000000 ---p 00000000 00:00 0 
2b539d000000-2b539d200000 rw-s 00000000 00:05 17095                      /dev/nvidiactl
2b539d200000-2b539d400000 rw-s 00000000 00:04 2836011                    /dev/zero (deleted)
2b539d400000-2b539d4e7000 rw-s 00000000 00:05 17095                      /dev/nvidiactl
2b539d4e7000-2b539e000000 ---p 00000000 00:00 0 
2b53a0000000-2b53b6000000 ---p 00000000 00:00 0 
2b53b8000000-2b53b8021000 rw-p 00000000 00:00 0 
2b53b8021000-2b53bc000000 ---p 00000000 00:00 0 
7ffc7b243000-7ffc7b269000 rw-p 00000000 00:00 0                          [stack]
7ffc7b2ca000-7ffc7b2cc000 r-xp 00000000 00:00 0                          [vdso]
ffffffffff600000-ffffffffff601000 r-xp 00000000 00:00 0                  [vsyscall]
/var/spool/slurmd/job8223259/slurm_script: line 10: 43861 Aborted                 (core dumped) ./matmul -min 256
