MATMUL (GPU) of size (M,N,K)      128  128 1 : min/avg/max: 3.80047e-05 4.06995e-05 4.32554e-05 seconds or  110.363 GFLOPS/s or  1.75136 GB/s
MATMUL (GPU) of size (M,N,K)      147  147 1 : min/avg/max: 4.33848e-05 4.72421e-05 5.11294e-05 seconds or  146.435 GFLOPS/s or  2.01942 GB/s
MATMUL (GPU) of size (M,N,K)      169  169 1 : min/avg/max:  5.0874e-05 5.45828e-05 5.82686e-05 seconds or  189.755 GFLOPS/s or   2.2722 GB/s
MATMUL (GPU) of size (M,N,K)      194  194 1 : min/avg/max: 5.97979e-05 6.30815e-05 6.77168e-05 seconds or  244.202 GFLOPS/s or   2.5435 GB/s
MATMUL (GPU) of size (M,N,K)      223  223 1 : min/avg/max: 6.82944e-05 7.38461e-05 8.55663e-05 seconds or  324.758 GFLOPS/s or  2.93875 GB/s
MATMUL (GPU) of size (M,N,K)      256  256 1 : min/avg/max:  9.0265e-05 9.05611e-05 9.10206e-05 seconds or  371.733 GFLOPS/s or  2.92685 GB/s
MATMUL (GPU) of size (M,N,K)      294  294 1 : min/avg/max:  0.00011929 0.000119465 0.000120371 seconds or  426.056 GFLOPS/s or  2.91806 GB/s
MATMUL (GPU) of size (M,N,K)      338  338 1 : min/avg/max: 0.000157542 0.000157844 0.000158614 seconds or  490.212 GFLOPS/s or  2.91782 GB/s
MATMUL (GPU) of size (M,N,K)      388  388 1 : min/avg/max: 0.000207934 0.000208272 0.000209664 seconds or  561.823 GFLOPS/s or  2.91092 GB/s
MATMUL (GPU) of size (M,N,K)      446  446 1 : min/avg/max: 0.000274366 0.000275622 0.000290886 seconds or  646.703 GFLOPS/s or  2.91302 GB/s
MATMUL (GPU) of size (M,N,K)      512  512 1 : min/avg/max: 0.000361376 0.000364703   0.0004016 seconds or  742.815 GFLOPS/s or  2.91295 GB/s
MATMUL (GPU) of size (M,N,K)      588  588 1 : min/avg/max: 0.000349656 0.000411847  0.00049598 seconds or  1162.84 GFLOPS/s or   3.9687 GB/s
MATMUL (GPU) of size (M,N,K)      676  676 1 : min/avg/max: 0.000462489 0.000463828 0.000480531 seconds or  1335.88 GFLOPS/s or  3.96401 GB/s
MATMUL (GPU) of size (M,N,K)      776  776 1 : min/avg/max:  0.00061133 0.000613622 0.000630309 seconds or  1528.76 GFLOPS/s or  3.95026 GB/s
MATMUL (GPU) of size (M,N,K)      891  891 1 : min/avg/max: 0.000806015 0.000810054 0.000824816 seconds or  1755.17 GFLOPS/s or  3.94863 GB/s
MATMUL (GPU) of size (M,N,K)     1024  1024 1 : min/avg/max:  0.00106413  0.00106739  0.00108183 seconds or  2018.07 GFLOPS/s or  3.94923 GB/s
MATMUL (GPU) of size (M,N,K)     1176  1176 1 : min/avg/max:  0.00140505  0.00141117   0.0014385 seconds or  2315.05 GFLOPS/s or  3.94385 GB/s
MATMUL (GPU) of size (M,N,K)     1351  1351 1 : min/avg/max:  0.00185378   0.0018598  0.00187193 seconds or  2660.34 GFLOPS/s or  3.94415 GB/s
MATMUL (GPU) of size (M,N,K)     1552  1552 1 : min/avg/max:  0.00244892  0.00245715  0.00247233 seconds or  3053.03 GFLOPS/s or  3.93938 GB/s
MATMUL (GPU) of size (M,N,K)     1783  1783 1 : min/avg/max:  0.00323738  0.00325731  0.00342518 seconds or  3501.79 GFLOPS/s or  3.93239 GB/s
MATMUL (GPU) of size (M,N,K)     2048  2048 1 : min/avg/max:  0.00433253  0.00434728  0.00437413 seconds or  3965.32 GFLOPS/s or  3.87616 GB/s
MATMUL (GPU) of size (M,N,K)     2353  2353 1 : min/avg/max:  0.00598979  0.00600976  0.00629576 seconds or  4349.95 GFLOPS/s or  3.70051 GB/s
MATMUL (GPU) of size (M,N,K)     2702  2702 1 : min/avg/max:  0.00810065  0.00812909  0.00849798 seconds or  4870.42 GFLOPS/s or  3.60771 GB/s
MATMUL (GPU) of size (M,N,K)     3104  3104 1 : min/avg/max:   0.0107468   0.0107626   0.0107723 seconds or  5565.64 GFLOPS/s or  3.58842 GB/s
MATMUL (GPU) of size (M,N,K)     3566  3566 1 : min/avg/max:   0.0141908   0.0142358   0.0148726 seconds or  6390.96 GFLOPS/s or   3.5864 GB/s
MATMUL (GPU) of size (M,N,K)     4096  4096 1 : min/avg/max:   0.0187291   0.0191105   0.0247353 seconds or  7338.27 GFLOPS/s or  3.58489 GB/s
MATMUL (GPU) of size (M,N,K)     4705  4705 1 : min/avg/max:   0.0247229   0.0248192   0.0262359 seconds or  8425.77 GFLOPS/s or  3.58314 GB/s
MATMUL (GPU) of size (M,N,K)     5405  5405 1 : min/avg/max:   0.0326392   0.0326564   0.0327702 seconds or  9675.58 GFLOPS/s or  3.58156 GB/s
MATMUL (GPU) of size (M,N,K)     6208  6208 1 : min/avg/max:   0.0430441    0.043172   0.0452319 seconds or  11116.6 GFLOPS/s or  3.58253 GB/s
MATMUL (GPU) of size (M,N,K)     7132  7132 1 : min/avg/max:   0.0568083   0.0568316   0.0569942 seconds or  12771.8 GFLOPS/s or  3.58255 GB/s
MATMUL (GPU) of size (M,N,K)     8192  8192 1 : min/avg/max:   0.0749129   0.0750923   0.0781962 seconds or  14677.2 GFLOPS/s or  3.58418 GB/s
MATMUL (GPU) of size (M,N,K)     9410  9410 1 : min/avg/max:   0.0988657   0.0990492    0.101667 seconds or  16855.9 GFLOPS/s or  3.58332 GB/s
MATMUL (GPU) of size (M,N,K)    10809  10809 1 : min/avg/max:    0.130437    0.130658     0.13395 seconds or  19363.5 GFLOPS/s or  3.58351 GB/s
MATMUL (GPU) of size (M,N,K)    12417  12417 1 : min/avg/max:    0.172044    0.172474    0.175755 seconds or  22255.7 GFLOPS/s or  3.58529 GB/s
MATMUL (GPU) of size (M,N,K)    14263  14263 1 : min/avg/max:    0.226922    0.227538     0.23085 seconds or  25573.3 GFLOPS/s or  3.58647 GB/s
MATMUL (GPU) of size (M,N,K)    16384  16384 1 : min/avg/max:    0.299308    0.300411    0.303018 seconds or  29388.1 GFLOPS/s or  3.58785 GB/s
