MATMUL (GPU) of size (M,N,K)      128  128 1 : min/avg/max: 3.68752e-05 3.98245e-05 5.78192e-05 seconds or  113.743 GFLOPS/s or    1.805 GB/s
MATMUL (GPU) of size (M,N,K)      147  147 1 : min/avg/max: 3.91602e-05 4.19535e-05 4.64213e-05 seconds or  162.232 GFLOPS/s or  2.23727 GB/s
MATMUL (GPU) of size (M,N,K)      169  169 1 : min/avg/max: 4.64026e-05 4.97769e-05 5.37382e-05 seconds or   208.04 GFLOPS/s or  2.49115 GB/s
MATMUL (GPU) of size (M,N,K)      194  194 1 : min/avg/max: 5.48835e-05 5.85363e-05 6.38646e-05 seconds or  266.068 GFLOPS/s or  2.77125 GB/s
MATMUL (GPU) of size (M,N,K)      223  223 1 : min/avg/max: 7.04678e-05  7.1725e-05 8.02933e-05 seconds or  314.741 GFLOPS/s or  2.84811 GB/s
MATMUL (GPU) of size (M,N,K)      256  256 1 : min/avg/max: 0.000148753 0.000149918 0.000165638 seconds or  225.572 GFLOPS/s or  1.77605 GB/s
MATMUL (GPU) of size (M,N,K)      294  294 1 : min/avg/max: 0.000134023 0.000134615 0.000141828 seconds or  379.221 GFLOPS/s or  2.59728 GB/s
MATMUL (GPU) of size (M,N,K)      338  338 1 : min/avg/max: 0.000182374 0.000183836 0.000199225 seconds or  423.464 GFLOPS/s or  2.52053 GB/s
MATMUL (GPU) of size (M,N,K)      388  388 1 : min/avg/max: 0.000234114 0.000235545 0.000251291 seconds or  498.997 GFLOPS/s or  2.58541 GB/s
MATMUL (GPU) of size (M,N,K)      446  446 1 : min/avg/max:  0.00032845 0.000330363 0.000345534 seconds or  540.214 GFLOPS/s or  2.43335 GB/s
MATMUL (GPU) of size (M,N,K)      512  512 1 : min/avg/max: 0.000512377 0.000602572 0.000741219 seconds or  523.902 GFLOPS/s or  2.05449 GB/s
MATMUL (GPU) of size (M,N,K)      588  588 1 : min/avg/max: 0.000466824 0.000468639 0.000484063 seconds or  870.981 GFLOPS/s or   2.9726 GB/s
MATMUL (GPU) of size (M,N,K)      676  676 1 : min/avg/max: 0.000621226 0.000624341 0.000639983 seconds or  994.536 GFLOPS/s or  2.95112 GB/s
MATMUL (GPU) of size (M,N,K)      776  776 1 : min/avg/max:  0.00267352  0.00268321  0.00270049 seconds or  349.568 GFLOPS/s or 0.903269 GB/s
MATMUL (GPU) of size (M,N,K)      891  891 1 : min/avg/max:  0.00568215   0.0056997  0.00572775 seconds or  248.972 GFLOPS/s or 0.560114 GB/s
MATMUL (GPU) of size (M,N,K)     1024  1024 1 : min/avg/max:  0.00877742  0.00878977  0.00886018 seconds or   244.66 GFLOPS/s or 0.478785 GB/s
MATMUL (GPU) of size (M,N,K)     1176  1176 1 : min/avg/max:   0.0114587   0.0114864   0.0115797 seconds or  283.869 GFLOPS/s or 0.483591 GB/s
MATMUL (GPU) of size (M,N,K)     1351  1351 1 : min/avg/max:   0.0147654    0.014776   0.0147882 seconds or  334.003 GFLOPS/s or 0.495185 GB/s
MATMUL (GPU) of size (M,N,K)     1552  1552 1 : min/avg/max:   0.0203394   0.0203626    0.020471 seconds or  367.593 GFLOPS/s or 0.474312 GB/s
MATMUL (GPU) of size (M,N,K)     1783  1783 1 : min/avg/max:   0.0276471   0.0276718   0.0278847 seconds or  410.048 GFLOPS/s or 0.460468 GB/s
MATMUL (GPU) of size (M,N,K)     2048  2048 1 : min/avg/max:   0.0386701   0.0386968   0.0387153 seconds or  444.267 GFLOPS/s or 0.434278 GB/s
MATMUL (GPU) of size (M,N,K)     2353  2353 1 : min/avg/max:    0.051298   0.0513424   0.0516842 seconds or   507.92 GFLOPS/s or 0.432088 GB/s
MATMUL (GPU) of size (M,N,K)     2702  2702 1 : min/avg/max:   0.0716542   0.0717184   0.0722086 seconds or   550.61 GFLOPS/s or 0.407859 GB/s
MATMUL (GPU) of size (M,N,K)     3104  3104 1 : min/avg/max:    0.103135    0.103165    0.103224 seconds or   579.95 GFLOPS/s or  0.37392 GB/s
MATMUL (GPU) of size (M,N,K)     3566  3566 1 : min/avg/max:    0.143403    0.143538    0.144294 seconds or  632.433 GFLOPS/s or 0.354901 GB/s
MATMUL (GPU) of size (M,N,K)     4096  4096 1 : min/avg/max:    0.192498    0.192969    0.195723 seconds or  713.975 GFLOPS/s or 0.348791 GB/s
MATMUL (GPU) of size (M,N,K)     4705  4705 1 : min/avg/max:    0.272884    0.273032    0.274583 seconds or  763.362 GFLOPS/s or 0.324628 GB/s
MATMUL (GPU) of size (M,N,K)     5405  5405 1 : min/avg/max:    0.368395    0.369493    0.374855 seconds or  857.243 GFLOPS/s or 0.317321 GB/s
slurmstepd: error: *** JOB 8584071 ON s163 CANCELLED AT 2023-11-25T14:34:57 ***
