Sum: 1024
Error in computation, got 1 instead of 526
Finished printout
STREAM triad of size     1024 : min/avg/max: 4.92763e-06 5.12879e-06 6.71345e-06 seconds or  207.808 MUPD/s or   2.4937 GB/s
Sum: 1152
Error in computation, got 1 instead of 526
Finished printout
STREAM triad of size     1128 : min/avg/max: 4.92638e-06 4.93405e-06 4.94555e-06 seconds or  228.971 MUPD/s or  2.74766 GB/s
Sum: 1248
Error in computation, got 1 instead of 526
Finished printout
STREAM triad of size     1248 : min/avg/max: 4.91709e-06 4.92398e-06 4.93137e-06 seconds or  253.808 MUPD/s or   3.0457 GB/s
Sum: 1376
Error in computation, got 1 instead of 526
Finished printout
STREAM triad of size     1376 : min/avg/max: 4.96746e-06 4.97922e-06 5.00622e-06 seconds or  277.003 MUPD/s or  3.32404 GB/s
Sum: 1536
Error in computation, got 1 instead of 526
Finished printout
STREAM triad of size     1520 : min/avg/max: 4.95225e-06 4.96906e-06 4.98676e-06 seconds or  306.931 MUPD/s or  3.68317 GB/s
Sum: 1696
Error in computation, got 1 instead of 526
Finished printout
STREAM triad of size     1680 : min/avg/max: 4.91044e-06 4.92097e-06 4.93912e-06 seconds or  342.128 MUPD/s or  4.10554 GB/s
Sum: 1856
Error in computation, got 1 instead of 526
Finished printout
STREAM triad of size     1856 : min/avg/max: 4.91841e-06 4.95635e-06  4.9912e-06 seconds or  377.358 MUPD/s or  4.52829 GB/s
Sum: 2048
Error in computation, got 1 instead of 526
Finished printout
STREAM triad of size     2048 : min/avg/max: 4.91656e-06 4.93166e-06 4.94347e-06 seconds or  416.551 MUPD/s or  4.99861 GB/s
Sum: 2272
Error in computation, got 1 instead of 526
Finished printout
STREAM triad of size     2256 : min/avg/max: 4.92147e-06 5.16898e-06 6.50686e-06 seconds or    458.4 MUPD/s or  5.50079 GB/s
Sum: 2496
Error in computation, got 1 instead of 526
Finished printout
STREAM triad of size     2488 : min/avg/max: 4.92089e-06 4.93419e-06 4.95607e-06 seconds or    505.6 MUPD/s or  6.06719 GB/s
Sum: 2752
Error in computation, got 1 instead of 526
Finished printout
STREAM triad of size     2744 : min/avg/max:  4.9124e-06  4.9372e-06 4.98187e-06 seconds or  558.587 MUPD/s or  6.70304 GB/s
Sum: 3040
Error in computation, got 1 instead of 526
Finished printout
STREAM triad of size     3024 : min/avg/max: 4.90651e-06 4.92098e-06 4.93713e-06 seconds or  616.325 MUPD/s or   7.3959 GB/s
Sum: 3328
Error in computation, got 1 instead of 526
Finished printout
STREAM triad of size     3328 : min/avg/max: 4.90877e-06  4.9289e-06 4.94616e-06 seconds or  677.971 MUPD/s or  8.13565 GB/s
Sum: 3680
Error in computation, got 1 instead of 526
Finished printout
STREAM triad of size     3664 : min/avg/max: 4.91941e-06 4.93244e-06  4.9518e-06 seconds or  744.805 MUPD/s or  8.93766 GB/s
Sum: 4032
Error in computation, got 1 instead of 526
Finished printout
STREAM triad of size     4032 : min/avg/max: 4.92568e-06 4.94132e-06 4.97128e-06 seconds or  818.567 MUPD/s or  9.82281 GB/s
Sum: 4448
Error in computation, got 1 instead of 526
Finished printout
STREAM triad of size     4440 : min/avg/max: 4.95757e-06 4.97715e-06 4.99884e-06 seconds or    895.6 MUPD/s or  10.7472 GB/s
Sum: 4896
Error in computation, got 1 instead of 526
Finished printout
STREAM triad of size     4888 : min/avg/max: 4.90936e-06 4.93166e-06 4.94838e-06 seconds or  995.649 MUPD/s or  11.9478 GB/s
Sum: 5408
Error in computation, got 1 instead of 526
Finished printout
STREAM triad of size     5384 : min/avg/max:   4.906e-06 4.92851e-06 4.96952e-06 seconds or  1097.43 MUPD/s or  13.1692 GB/s
Sum: 5952
Error in computation, got 1 instead of 526
Finished printout
STREAM triad of size     5928 : min/avg/max: 4.89804e-06 4.92259e-06 4.94758e-06 seconds or  1210.28 MUPD/s or  14.5234 GB/s
Sum: 6528
Error in computation, got 1 instead of 526
Finished printout
STREAM triad of size     6528 : min/avg/max:  4.8927e-06 4.92184e-06 4.94049e-06 seconds or  1334.23 MUPD/s or  16.0108 GB/s
Sum: 7200
Error in computation, got 1 instead of 526
Finished printout
STREAM triad of size     7184 : min/avg/max: 4.91342e-06 4.93612e-06 4.99788e-06 seconds or  1462.12 MUPD/s or  17.5454 GB/s
Sum: 7904
Error in computation, got 1 instead of 526
Finished printout
STREAM triad of size     7904 : min/avg/max: 4.90903e-06 4.93414e-06 4.95716e-06 seconds or   1610.1 MUPD/s or  19.3211 GB/s
Sum: 8704
Error in computation, got 1 instead of 526
Finished printout
STREAM triad of size     8696 : min/avg/max: 4.89141e-06 4.91813e-06 4.94755e-06 seconds or  1777.81 MUPD/s or  21.3337 GB/s
Sum: 9568
Error in computation, got 1 instead of 526
Finished printout
STREAM triad of size     9568 : min/avg/max: 4.91276e-06 4.93358e-06 4.95994e-06 seconds or  1947.58 MUPD/s or   23.371 GB/s
Sum: 10528
Error in computation, got 1 instead of 526
Finished printout
STREAM triad of size    10528 : min/avg/max: 4.91014e-06 4.93095e-06 4.96553e-06 seconds or  2144.13 MUPD/s or  25.7296 GB/s
Sum: 11584
Error in computation, got 1 instead of 526
Finished printout
STREAM triad of size    11584 : min/avg/max: 4.90431e-06 4.93299e-06 4.99023e-06 seconds or  2362.01 MUPD/s or  28.3441 GB/s
Sum: 12768
Error in computation, got 1 instead of 526
Finished printout
STREAM triad of size    12744 : min/avg/max: 4.90201e-06 4.93739e-06 4.98159e-06 seconds or  2599.75 MUPD/s or   31.197 GB/s
Sum: 14048
Error in computation, got 1 instead of 526
Finished printout
STREAM triad of size    14024 : min/avg/max: 5.33021e-06 5.33377e-06 5.33966e-06 seconds or  2631.04 MUPD/s or  31.5725 GB/s
Sum: 15456
Error in computation, got 1 instead of 526
Finished printout
STREAM triad of size    15432 : min/avg/max: 6.18542e-06 6.18977e-06  6.2044e-06 seconds or   2494.9 MUPD/s or  29.9388 GB/s
Sum: 16992
Error in computation, got 1 instead of 526
Finished printout
STREAM triad of size    16976 : min/avg/max: 7.35417e-06 7.35983e-06 7.36714e-06 seconds or  2308.35 MUPD/s or  27.7002 GB/s
Sum: 18688
Error in computation, got 1 instead of 526
Finished printout
STREAM triad of size    18680 : min/avg/max: 7.42996e-06 7.43405e-06 7.44095e-06 seconds or  2514.15 MUPD/s or  30.1698 GB/s
Sum: 20576
Error in computation, got 1 instead of 526
Finished printout
STREAM triad of size    20552 : min/avg/max:  8.4031e-06 8.40643e-06  8.4208e-06 seconds or  2445.76 MUPD/s or  29.3492 GB/s
Sum: 22624
Error in computation, got 1 instead of 526
Finished printout
STREAM triad of size    22608 : min/avg/max: 1.17303e-05 1.17317e-05 1.17347e-05 seconds or  1927.31 MUPD/s or  23.1277 GB/s
Sum: 24896
Error in computation, got 1 instead of 526
Finished printout
STREAM triad of size    24872 : min/avg/max: 1.26879e-05 1.26935e-05 1.27085e-05 seconds or  1960.29 MUPD/s or  23.5234 GB/s
Sum: 27360
Error in computation, got 1 instead of 526
Finished printout
STREAM triad of size    27360 : min/avg/max: 1.37193e-05 1.37226e-05  1.3733e-05 seconds or  1994.27 MUPD/s or  23.9312 GB/s
Sum: 30112
Error in computation, got 1 instead of 526
Finished printout
STREAM triad of size    30104 : min/avg/max:  1.4797e-05 1.48038e-05 1.48291e-05 seconds or  2034.47 MUPD/s or  24.4136 GB/s
Sum: 33120
Error in computation, got 1 instead of 526
Finished printout
STREAM triad of size    33120 : min/avg/max: 2.97424e-05 2.97636e-05 2.97832e-05 seconds or  1113.56 MUPD/s or  13.3627 GB/s
Sum: 36448
Error in computation, got 1 instead of 526
Finished printout
STREAM triad of size    36440 : min/avg/max: 3.27243e-05 3.27307e-05 3.27384e-05 seconds or  1113.55 MUPD/s or  13.3626 GB/s
Sum: 40096
Error in computation, got 1 instead of 526
Finished printout
STREAM triad of size    40088 : min/avg/max: 3.57701e-05 3.57811e-05 3.58093e-05 seconds or  1120.71 MUPD/s or  13.4486 GB/s
Sum: 44128
Error in computation, got 1 instead of 526
Finished printout
STREAM triad of size    44104 : min/avg/max: 3.91015e-05 3.91032e-05 3.91071e-05 seconds or  1127.94 MUPD/s or  13.5352 GB/s
Sum: 48544
Error in computation, got 1 instead of 526
Finished printout
STREAM triad of size    48520 : min/avg/max: 4.26319e-05 4.26581e-05 4.26877e-05 seconds or  1138.12 MUPD/s or  13.6574 GB/s
Sum: 0
Error in computation, got 1 instead of 526
Finished printout
STREAM triad of size    53376 : min/avg/max: 1.77586e-06 1.80317e-06 1.96014e-06 seconds or  30056.5 MUPD/s or  360.678 GB/s
Sum: 0
Error in computation, got 1 instead of 526
Finished printout
STREAM triad of size    58720 : min/avg/max: 1.85634e-06 1.88149e-06 1.91014e-06 seconds or  31632.2 MUPD/s or  379.586 GB/s
Sum: 0
Error in computation, got 1 instead of 526
Finished printout
STREAM triad of size    64600 : min/avg/max: 1.77742e-06 1.80834e-06 2.01723e-06 seconds or  36344.9 MUPD/s or  436.138 GB/s
Sum: 0
Error in computation, got 1 instead of 526
Finished printout
STREAM triad of size    71064 : min/avg/max: 1.83024e-06 1.88062e-06 1.93452e-06 seconds or  38827.6 MUPD/s or  465.932 GB/s
Sum: 0
Error in computation, got 1 instead of 526
Finished printout
STREAM triad of size    78176 : min/avg/max: 1.79017e-06 1.81785e-06 2.06837e-06 seconds or  43669.6 MUPD/s or  524.035 GB/s
Sum: 0
Error in computation, got 1 instead of 526
Finished printout
STREAM triad of size    86000 : min/avg/max: 1.86408e-06 1.88334e-06 1.90313e-06 seconds or  46135.4 MUPD/s or  553.625 GB/s
Sum: 0
Error in computation, got 1 instead of 526
Finished printout
STREAM triad of size    94608 : min/avg/max: 1.78902e-06 1.80702e-06  1.8382e-06 seconds or  52882.7 MUPD/s or  634.593 GB/s
Sum: 0
Error in computation, got 1 instead of 526
Finished printout
STREAM triad of size   104072 : min/avg/max: 1.82826e-06   1.875e-06 2.21159e-06 seconds or  56924.2 MUPD/s or   683.09 GB/s
Sum: 0
Error in computation, got 1 instead of 526
Finished printout
STREAM triad of size   114480 : min/avg/max: 1.79304e-06  1.8094e-06 1.84245e-06 seconds or    63847 MUPD/s or  766.164 GB/s
Sum: 0
Error in computation, got 1 instead of 526
Finished printout
STREAM triad of size   125936 : min/avg/max: 1.83632e-06 1.86958e-06 1.91862e-06 seconds or  68580.6 MUPD/s or  822.968 GB/s
Sum: 0
Error in computation, got 1 instead of 526
Finished printout
STREAM triad of size   138536 : min/avg/max: 1.78155e-06 1.80283e-06 1.82576e-06 seconds or  77761.5 MUPD/s or  933.138 GB/s
Sum: 0
Error in computation, got 1 instead of 526
Finished printout
STREAM triad of size   152392 : min/avg/max: 1.85553e-06 1.89237e-06 1.92284e-06 seconds or  82128.7 MUPD/s or  985.545 GB/s
Sum: 0
Error in computation, got 1 instead of 526
Finished printout
STREAM triad of size   167632 : min/avg/max: 1.80842e-06 1.86422e-06 2.39619e-06 seconds or  92695.1 MUPD/s or  1112.34 GB/s
Sum: 0
Error in computation, got 1 instead of 526
Finished printout
STREAM triad of size   184400 : min/avg/max: 1.86925e-06 1.90298e-06 1.95639e-06 seconds or    98649 MUPD/s or  1183.79 GB/s
Sum: 0
Error in computation, got 1 instead of 526
Finished printout
STREAM triad of size   202848 : min/avg/max: 1.81543e-06 1.85768e-06 1.91887e-06 seconds or   111735 MUPD/s or  1340.82 GB/s
Sum: 0
Error in computation, got 1 instead of 526
Finished printout
STREAM triad of size   223136 : min/avg/max: 1.83544e-06 1.87268e-06 1.97081e-06 seconds or   121571 MUPD/s or  1458.85 GB/s
Sum: 0
Error in computation, got 1 instead of 526
Finished printout
STREAM triad of size   245456 : min/avg/max: 1.76663e-06 1.79499e-06 1.83451e-06 seconds or   138940 MUPD/s or  1667.28 GB/s
Sum: 0
Error in computation, got 1 instead of 526
Finished printout
STREAM triad of size   270008 : min/avg/max: 1.83256e-06 1.87982e-06 1.96786e-06 seconds or   147339 MUPD/s or  1768.07 GB/s
Sum: 0
Error in computation, got 1 instead of 526
Finished printout
STREAM triad of size   297016 : min/avg/max: 1.78684e-06 1.82401e-06 1.85863e-06 seconds or   166224 MUPD/s or  1994.69 GB/s
Sum: 0
Error in computation, got 1 instead of 526
Finished printout
STREAM triad of size   326720 : min/avg/max: 1.84077e-06 1.96465e-06 2.97399e-06 seconds or   177491 MUPD/s or  2129.89 GB/s
Sum: 0
Error in computation, got 1 instead of 526
Finished printout
STREAM triad of size   359400 : min/avg/max: 1.80493e-06 1.85084e-06 1.92947e-06 seconds or   199122 MUPD/s or  2389.46 GB/s
Sum: 0
Error in computation, got 1 instead of 526
Finished printout
STREAM triad of size   395344 : min/avg/max: 1.87742e-06 1.93134e-06 2.03518e-06 seconds or   210579 MUPD/s or  2526.94 GB/s
Sum: 0
Error in computation, got 1 instead of 526
Finished printout
STREAM triad of size   434880 : min/avg/max: 1.81003e-06 1.89129e-06 1.93939e-06 seconds or   240261 MUPD/s or  2883.13 GB/s
Sum: 0
Error in computation, got 1 instead of 526
Finished printout
STREAM triad of size   478376 : min/avg/max: 1.87919e-06 1.96734e-06 2.00493e-06 seconds or   254565 MUPD/s or  3054.79 GB/s
Sum: 0
Error in computation, got 1 instead of 526
Finished printout
STREAM triad of size   526216 : min/avg/max: 1.85219e-06 1.90823e-06 1.97794e-06 seconds or   284104 MUPD/s or  3409.25 GB/s
Sum: 0
Error in computation, got 1 instead of 526
Finished printout
STREAM triad of size   578840 : min/avg/max: 1.85942e-06 1.89774e-06 2.04969e-06 seconds or   311302 MUPD/s or  3735.62 GB/s
Sum: 0
Error in computation, got 1 instead of 526
Finished printout
STREAM triad of size   636728 : min/avg/max: 1.83157e-06 1.89989e-06 1.97469e-06 seconds or   347641 MUPD/s or  4171.69 GB/s
Sum: 0
Error in computation, got 1 instead of 526
Finished printout
STREAM triad of size   700408 : min/avg/max: 1.90793e-06 1.97145e-06 2.02387e-06 seconds or   367104 MUPD/s or  4405.24 GB/s
Sum: 0
Error in computation, got 1 instead of 526
Finished printout
STREAM triad of size   770456 : min/avg/max: 1.81963e-06 1.88388e-06 2.02998e-06 seconds or   423414 MUPD/s or  5080.97 GB/s
Sum: 0
Error in computation, got 1 instead of 526
Finished printout
STREAM triad of size   847504 : min/avg/max: 1.87939e-06 1.94866e-06 2.01694e-06 seconds or   450946 MUPD/s or  5411.35 GB/s
Sum: 0
Error in computation, got 1 instead of 526
Finished printout
STREAM triad of size   932256 : min/avg/max: 1.83698e-06 1.90488e-06 1.97971e-06 seconds or   507493 MUPD/s or  6089.92 GB/s
Sum: 0
Error in computation, got 1 instead of 526
Finished printout
STREAM triad of size  1025488 : min/avg/max: 1.85749e-06 1.95644e-06 2.14744e-06 seconds or   552081 MUPD/s or  6624.97 GB/s
Sum: 0
Error in computation, got 1 instead of 526
Finished printout
STREAM triad of size  1128040 : min/avg/max: 1.84526e-06 1.90544e-06 2.04816e-06 seconds or   611317 MUPD/s or  7335.81 GB/s
Sum: 0
Error in computation, got 1 instead of 526
Finished printout
STREAM triad of size  1240848 : min/avg/max: 1.87299e-06 1.93495e-06 2.01173e-06 seconds or   662497 MUPD/s or  7949.96 GB/s
Sum: 0
Error in computation, got 1 instead of 526
Finished printout
STREAM triad of size  1364936 : min/avg/max: 1.83245e-06  1.8945e-06 2.05577e-06 seconds or   744869 MUPD/s or  8938.42 GB/s
Sum: 0
Error in computation, got 1 instead of 526
Finished printout
STREAM triad of size  1501432 : min/avg/max: 1.88967e-06 1.97678e-06 2.18735e-06 seconds or   794549 MUPD/s or  9534.58 GB/s
Sum: 0
Error in computation, got 1 instead of 526
Finished printout
STREAM triad of size  1651576 : min/avg/max: 1.85288e-06 1.91999e-06 2.03875e-06 seconds or   891355 MUPD/s or  10696.3 GB/s
Sum: 0
Error in computation, got 1 instead of 526
Finished printout
STREAM triad of size  1816736 : min/avg/max:  1.9162e-06 1.99233e-06 2.14827e-06 seconds or   948093 MUPD/s or  11377.1 GB/s
Sum: 0
Error in computation, got 1 instead of 526
Finished printout
STREAM triad of size  1998416 : min/avg/max: 1.86324e-06 1.92725e-06  2.0507e-06 seconds or 1.07255e+06 MUPD/s or  12870.6 GB/s
Sum: 0
Error in computation, got 1 instead of 526
Finished printout
STREAM triad of size  2198264 : min/avg/max: 1.94331e-06  2.0169e-06 2.19622e-06 seconds or 1.1312e+06 MUPD/s or  13574.3 GB/s
Sum: 0
Error in computation, got 1 instead of 526
Finished printout
STREAM triad of size  2418096 : min/avg/max: 1.90373e-06 2.00384e-06 2.25246e-06 seconds or 1.27019e+06 MUPD/s or  15242.2 GB/s
Sum: 0
Error in computation, got 1 instead of 526
Finished printout
STREAM triad of size  2659912 : min/avg/max: 1.90378e-06 2.02968e-06   2.269e-06 seconds or 1.39717e+06 MUPD/s or  16766.1 GB/s
Sum: 0
Error in computation, got 1 instead of 526
Finished printout
STREAM triad of size  2925904 : min/avg/max: 1.92215e-06 2.02907e-06  2.2625e-06 seconds or 1.52221e+06 MUPD/s or  18266.5 GB/s
Sum: 0
Error in computation, got 1 instead of 526
Finished printout
STREAM triad of size  3218496 : min/avg/max: 1.94187e-06  2.0423e-06 2.34942e-06 seconds or 1.65742e+06 MUPD/s or    19889 GB/s
Sum: 0
Error in computation, got 1 instead of 526
Finished printout
STREAM triad of size  3540352 : min/avg/max: 1.89618e-06 2.01344e-06 2.38111e-06 seconds or 1.8671e+06 MUPD/s or  22405.2 GB/s
Sum: 0
Error in computation, got 1 instead of 526
Finished printout
STREAM triad of size  3894392 : min/avg/max: 2.01156e-06 2.08453e-06 2.57528e-06 seconds or 1.93601e+06 MUPD/s or  23232.1 GB/s
