MATMUL (GPU) of size (M,N,K)      128  128 1 : min/avg/max:  7.8299e-06 7.91005e-06 8.18305e-06 seconds or  535.678 GFLOPS/s or  8.50075 GB/s
MATMUL (GPU) of size (M,N,K)      147  147 1 : min/avg/max:  9.1549e-06 9.22084e-06 9.33215e-06 seconds or   693.95 GFLOPS/s or  9.56996 GB/s
MATMUL (GPU) of size (M,N,K)      169  169 1 : min/avg/max:  9.7443e-06 9.85024e-06  9.9697e-06 seconds or  990.694 GFLOPS/s or  11.8629 GB/s
MATMUL (GPU) of size (M,N,K)      194  194 1 : min/avg/max:  1.0554e-05 1.06009e-05 1.06873e-05 seconds or  1383.62 GFLOPS/s or  14.4112 GB/s
MATMUL (GPU) of size (M,N,K)      223  223 1 : min/avg/max: 1.18368e-05 1.19518e-05 1.22479e-05 seconds or  1873.74 GFLOPS/s or  16.9556 GB/s
MATMUL (GPU) of size (M,N,K)      256  256 1 : min/avg/max: 1.25452e-05 1.26361e-05 1.28053e-05 seconds or  2674.67 GFLOPS/s or  21.0591 GB/s
MATMUL (GPU) of size (M,N,K)      294  294 1 : min/avg/max: 1.44672e-05 1.46066e-05 1.47145e-05 seconds or  3513.06 GFLOPS/s or   24.061 GB/s
MATMUL (GPU) of size (M,N,K)      338  338 1 : min/avg/max: 1.54189e-05 1.55865e-05 1.57246e-05 seconds or   5008.7 GFLOPS/s or  29.8127 GB/s
MATMUL (GPU) of size (M,N,K)      388  388 1 : min/avg/max: 1.76819e-05 1.86795e-05 3.40193e-05 seconds or   6606.9 GFLOPS/s or  34.2317 GB/s
MATMUL (GPU) of size (M,N,K)      446  446 1 : min/avg/max: 1.95159e-05 1.97196e-05 2.00968e-05 seconds or   9091.7 GFLOPS/s or  40.9528 GB/s
MATMUL (GPU) of size (M,N,K)      512  512 1 : min/avg/max: 2.21273e-05 2.22232e-05 2.23192e-05 seconds or  12131.4 GFLOPS/s or  47.5736 GB/s
MATMUL (GPU) of size (M,N,K)      588  588 1 : min/avg/max: 2.37552e-05  2.4042e-05 2.44593e-05 seconds or    17116 GFLOPS/s or  58.4158 GB/s
MATMUL (GPU) of size (M,N,K)      676  676 1 : min/avg/max: 2.79883e-05 2.83291e-05 2.85818e-05 seconds or  22074.6 GFLOPS/s or  65.5028 GB/s
MATMUL (GPU) of size (M,N,K)      776  776 1 : min/avg/max: 3.17281e-05  3.1977e-05 3.21464e-05 seconds or  29455.8 GFLOPS/s or  76.1127 GB/s
MATMUL (GPU) of size (M,N,K)      891  891 1 : min/avg/max: 3.84668e-05 3.86566e-05 3.87616e-05 seconds or  36777.1 GFLOPS/s or  82.7376 GB/s
MATMUL (GPU) of size (M,N,K)     1024  1024 1 : min/avg/max: 4.63441e-05  4.6458e-05 4.65658e-05 seconds or  46337.8 GFLOPS/s or  90.6802 GB/s
MATMUL (GPU) of size (M,N,K)     1176  1176 1 : min/avg/max: 6.55692e-05  6.5783e-05 6.69021e-05 seconds or    49608 GFLOPS/s or  84.5109 GB/s
MATMUL (GPU) of size (M,N,K)     1351  1351 1 : min/avg/max: 7.66975e-05 7.70055e-05 7.85472e-05 seconds or  64300.5 GFLOPS/s or  95.3305 GB/s
MATMUL (GPU) of size (M,N,K)     1552  1552 1 : min/avg/max: 6.06587e-05 7.54111e-05 8.95861e-05 seconds or   123257 GFLOPS/s or  159.041 GB/s
MATMUL (GPU) of size (M,N,K)     1783  1783 1 : min/avg/max: 7.13259e-05 7.17352e-05 7.37132e-05 seconds or   158941 GFLOPS/s or  178.485 GB/s
MATMUL (GPU) of size (M,N,K)     2048  2048 1 : min/avg/max: 7.97819e-05 8.02634e-05 8.30517e-05 seconds or   215335 GFLOPS/s or  210.494 GB/s
MATMUL (GPU) of size (M,N,K)     2353  2353 1 : min/avg/max: 0.000101807 0.000102653 0.000106595 seconds or   255929 GFLOPS/s or  217.719 GB/s
MATMUL (GPU) of size (M,N,K)     2702  2702 1 : min/avg/max: 0.000127394 0.000128425 0.000133962 seconds or   309697 GFLOPS/s or  229.405 GB/s
MATMUL (GPU) of size (M,N,K)     3104  3104 1 : min/avg/max: 0.000160269 0.000161178 0.000167778 seconds or   373204 GFLOPS/s or  240.622 GB/s
MATMUL (GPU) of size (M,N,K)     3566  3566 1 : min/avg/max:  0.00020966 0.000211205 0.000220925 seconds or   432572 GFLOPS/s or  242.745 GB/s
MATMUL (GPU) of size (M,N,K)     4096  4096 1 : min/avg/max: 0.000251352 0.000252577 0.000265659 seconds or   546799 GFLOPS/s or  267.122 GB/s
MATMUL (GPU) of size (M,N,K)     4705  4705 1 : min/avg/max: 0.000354696 0.000357046 0.000374414 seconds or   587290 GFLOPS/s or  249.751 GB/s
MATMUL (GPU) of size (M,N,K)     5405  5405 1 : min/avg/max: 0.000468388 0.000470859  0.00049911 seconds or   674235 GFLOPS/s or  249.578 GB/s
MATMUL (GPU) of size (M,N,K)     6208  6208 1 : min/avg/max: 0.000599105 0.000602639 0.000636377 seconds or   798697 GFLOPS/s or  257.395 GB/s
MATMUL (GPU) of size (M,N,K)     7132  7132 1 : min/avg/max: 0.000827282 0.000832053 0.000877497 seconds or   877021 GFLOPS/s or  246.009 GB/s
MATMUL (GPU) of size (M,N,K)     8192  8192 1 : min/avg/max:  0.00102688  0.00103232  0.00109974 seconds or 1.07073e+06 GFLOPS/s or  261.473 GB/s
MATMUL (GPU) of size (M,N,K)     9410  9410 1 : min/avg/max:  0.00157154  0.00158582  0.00169313 seconds or 1.06041e+06 GFLOPS/s or  225.426 GB/s
MATMUL (GPU) of size (M,N,K)    10809  10809 1 : min/avg/max:  0.00222107  0.00224047  0.00238361 seconds or 1.13717e+06 GFLOPS/s or   210.45 GB/s
MATMUL (GPU) of size (M,N,K)    12417  12417 1 : min/avg/max:  0.00310336  0.00312225  0.00332301 seconds or 1.23381e+06 GFLOPS/s or  198.761 GB/s
MATMUL (GPU) of size (M,N,K)    14263  14263 1 : min/avg/max:  0.00423448  0.00425946  0.00452569 seconds or 1.37045e+06 GFLOPS/s or  192.195 GB/s
MATMUL (GPU) of size (M,N,K)    16384  16384 1 : min/avg/max:  0.00477078  0.00479445  0.00516946 seconds or 1.84374e+06 GFLOPS/s or  225.094 GB/s
