MATMUL (GPU) of size (M,N,K)      128  128 1 : min/avg/max: 5.83405e-06 6.16433e-06  9.4613e-06 seconds or  718.935 GFLOPS/s or  11.4089 GB/s
MATMUL (GPU) of size (M,N,K)      147  147 1 : min/avg/max: 5.67775e-06 5.93287e-06  6.8638e-06 seconds or  1118.94 GFLOPS/s or  15.4308 GB/s
MATMUL (GPU) of size (M,N,K)      169  169 1 : min/avg/max:  5.6483e-06 5.86181e-06  6.6313e-06 seconds or  1709.12 GFLOPS/s or  20.4656 GB/s
MATMUL (GPU) of size (M,N,K)      194  194 1 : min/avg/max:  5.6005e-06 5.75175e-06 6.42335e-06 seconds or   2607.4 GFLOPS/s or  27.1576 GB/s
MATMUL (GPU) of size (M,N,K)      223  223 1 : min/avg/max: 5.82095e-06 5.90172e-06 6.23305e-06 seconds or  3810.23 GFLOPS/s or  34.4789 GB/s
MATMUL (GPU) of size (M,N,K)      256  256 1 : min/avg/max:  8.2714e-06 8.35466e-06  8.6178e-06 seconds or  4056.68 GFLOPS/s or  31.9404 GB/s
MATMUL (GPU) of size (M,N,K)      294  294 1 : min/avg/max:  8.3288e-06 8.41724e-06 8.92705e-06 seconds or  6102.24 GFLOPS/s or  41.7943 GB/s
MATMUL (GPU) of size (M,N,K)      338  338 1 : min/avg/max:  9.0346e-06 9.09863e-06 9.18185e-06 seconds or  8548.13 GFLOPS/s or    50.88 GB/s
MATMUL (GPU) of size (M,N,K)      388  388 1 : min/avg/max: 1.10299e-05    1.11e-05 1.11743e-05 seconds or  10591.5 GFLOPS/s or  54.8765 GB/s
MATMUL (GPU) of size (M,N,K)      446  446 1 : min/avg/max: 1.23145e-05 1.29347e-05 2.27522e-05 seconds or  14408.5 GFLOPS/s or  64.9017 GB/s
MATMUL (GPU) of size (M,N,K)      512  512 1 : min/avg/max: 2.09759e-05 2.10707e-05 2.11639e-05 seconds or  12797.4 GFLOPS/s or   50.185 GB/s
MATMUL (GPU) of size (M,N,K)      588  588 1 : min/avg/max: 2.10444e-05 2.11087e-05 2.11781e-05 seconds or  19320.9 GFLOPS/s or  65.9407 GB/s
MATMUL (GPU) of size (M,N,K)      676  676 1 : min/avg/max: 2.68827e-05 2.69739e-05 2.70519e-05 seconds or  22982.5 GFLOPS/s or  68.1966 GB/s
MATMUL (GPU) of size (M,N,K)      776  776 1 : min/avg/max: 3.63382e-05 3.64299e-05 3.64806e-05 seconds or  25718.9 GFLOPS/s or  66.4566 GB/s
MATMUL (GPU) of size (M,N,K)      891  891 1 : min/avg/max: 4.19761e-05 4.20559e-05 4.23361e-05 seconds or  33702.4 GFLOPS/s or  75.8206 GB/s
MATMUL (GPU) of size (M,N,K)     1024  1024 1 : min/avg/max: 7.17148e-05  7.1772e-05 7.18387e-05 seconds or  29944.8 GFLOPS/s or  58.6001 GB/s
MATMUL (GPU) of size (M,N,K)     1176  1176 1 : min/avg/max: 5.42098e-05  5.6293e-05 7.55308e-05 seconds or  60003.2 GFLOPS/s or   102.22 GB/s
MATMUL (GPU) of size (M,N,K)     1351  1351 1 : min/avg/max: 7.87084e-05 8.10977e-05 8.48299e-05 seconds or  62657.7 GFLOPS/s or  92.8949 GB/s
MATMUL (GPU) of size (M,N,K)     1552  1552 1 : min/avg/max:  0.00011062 0.000113887 0.000115807 seconds or  67588.5 GFLOPS/s or  87.2108 GB/s
MATMUL (GPU) of size (M,N,K)     1783  1783 1 : min/avg/max: 0.000133103 0.000136323 0.000142301 seconds or  85171.7 GFLOPS/s or  95.6447 GB/s
MATMUL (GPU) of size (M,N,K)     2048  2048 1 : min/avg/max:  0.00021221 0.000222183 0.000240833 seconds or    80957 GFLOPS/s or  79.1368 GB/s
MATMUL (GPU) of size (M,N,K)     2353  2353 1 : min/avg/max: 0.000221679  0.00024027 0.000249414 seconds or   117536 GFLOPS/s or   99.988 GB/s
MATMUL (GPU) of size (M,N,K)     2702  2702 1 : min/avg/max: 0.000320571 0.000331085 0.000337622 seconds or   123073 GFLOPS/s or   91.165 GB/s
MATMUL (GPU) of size (M,N,K)     3104  3104 1 : min/avg/max:  0.00049245 0.000508948  0.00053579 seconds or   121460 GFLOPS/s or  78.3107 GB/s
MATMUL (GPU) of size (M,N,K)     3566  3566 1 : min/avg/max:  0.00052464 0.000582974 0.000661568 seconds or   172867 GFLOPS/s or  97.0074 GB/s
MATMUL (GPU) of size (M,N,K)     4096  4096 1 : min/avg/max:  0.00082128 0.000859697  0.00102544 seconds or   167347 GFLOPS/s or  81.7524 GB/s
MATMUL (GPU) of size (M,N,K)     4705  4705 1 : min/avg/max: 0.000881278 0.000990917  0.00101926 seconds or   236372 GFLOPS/s or   100.52 GB/s
MATMUL (GPU) of size (M,N,K)     5405  5405 1 : min/avg/max:  0.00124527   0.0013353  0.00139066 seconds or   253602 GFLOPS/s or  93.8745 GB/s
MATMUL (GPU) of size (M,N,K)     6208  6208 1 : min/avg/max:  0.00201447  0.00205991  0.00217246 seconds or   237533 GFLOPS/s or  76.5495 GB/s
MATMUL (GPU) of size (M,N,K)     7132  7132 1 : min/avg/max:  0.00219118  0.00234322   0.0024289 seconds or   331121 GFLOPS/s or  92.8811 GB/s
MATMUL (GPU) of size (M,N,K)     8192  8192 1 : min/avg/max:  0.00340846  0.00350108   0.0036409 seconds or   322583 GFLOPS/s or  78.7748 GB/s
MATMUL (GPU) of size (M,N,K)     9410  9410 1 : min/avg/max:  0.00386224  0.00404939  0.00414838 seconds or   431479 GFLOPS/s or  91.7259 GB/s
MATMUL (GPU) of size (M,N,K)    10809  10809 1 : min/avg/max:  0.00528255  0.00536686  0.00546363 seconds or   478127 GFLOPS/s or  88.4847 GB/s
MATMUL (GPU) of size (M,N,K)    12417  12417 1 : min/avg/max:  0.00702969  0.00707894  0.00720015 seconds or   544683 GFLOPS/s or   87.746 GB/s
MATMUL (GPU) of size (M,N,K)    14263  14263 1 : min/avg/max:  0.00934869  0.00942552  0.00959083 seconds or   620743 GFLOPS/s or  87.0547 GB/s
MATMUL (GPU) of size (M,N,K)    16384  16384 1 : min/avg/max:   0.0139707   0.0141453   0.0143347 seconds or   629612 GFLOPS/s or  76.8663 GB/s
MATMUL (GPU) of size (M,N,K)     5000  5000 1 : min/avg/max:  0.00110579  0.00119524  0.00122573 seconds or   226082 GFLOPS/s or  90.4691 GB/s
