STREAM triad of size      128  128 128 : min/avg/max:  0.00387356  0.00449422  0.00575915 seconds or   1.0828 GFLOPS/s or 0.0171831 GB/s
STREAM triad of size      147  147 147 : min/avg/max:  0.00492235  0.00494235  0.00526113 seconds or  1.29065 GFLOPS/s or 0.0177988 GB/s
STREAM triad of size      169  169 169 : min/avg/max:  0.00735238  0.00737253  0.00769168 seconds or  1.31299 GFLOPS/s or 0.0157223 GB/s
STREAM triad of size      194  194 194 : min/avg/max:  0.00993274   0.0109802   0.0113859 seconds or  1.47017 GFLOPS/s or 0.0153126 GB/s
STREAM triad of size      223  223 223 : min/avg/max:   0.0122096   0.0124641   0.0142906 seconds or  1.81653 GFLOPS/s or 0.0164379 GB/s
STREAM triad of size      256  256 256 : min/avg/max:   0.0328413   0.0329373   0.0332077 seconds or  1.02171 GFLOPS/s or 0.0080445 GB/s
STREAM triad of size      294  294 294 : min/avg/max:   0.0287482   0.0288547    0.029102 seconds or  1.76792 GFLOPS/s or 0.0121085 GB/s
STREAM triad of size      338  338 338 : min/avg/max:   0.0447253   0.0448778   0.0451003 seconds or  1.72674 GFLOPS/s or 0.0102778 GB/s
STREAM triad of size      388  388 388 : min/avg/max:   0.0691277   0.0693715   0.0699712 seconds or  1.68995 GFLOPS/s or 0.00875597 GB/s
STREAM triad of size      446  446 446 : min/avg/max:    0.107954     0.10827    0.108449 seconds or   1.6436 GFLOPS/s or 0.00740345 GB/s
STREAM triad of size      512  512 512 : min/avg/max:    0.309216    0.309525    0.310621 seconds or 0.868117 GFLOPS/s or 0.00340433 GB/s
STREAM triad of size      588  588 588 : min/avg/max:     0.31532    0.315589    0.315821 seconds or  1.28947 GFLOPS/s or 0.00440087 GB/s
STREAM triad of size      676  676 676 : min/avg/max:    0.492475    0.492658    0.493781 seconds or  1.25454 GFLOPS/s or 0.00372265 GB/s
STREAM triad of size      776  776 776 : min/avg/max:     2.05438     2.05541     2.05914 seconds or  0.45492 GFLOPS/s or 0.0011755 GB/s
STREAM triad of size      891  891 891 : min/avg/max:     4.83762      4.8388     4.84237 seconds or 0.292436 GFLOPS/s or 0.000657896 GB/s
STREAM triad of size     1024  1024 1024 : min/avg/max:     8.40392     8.40573     8.40908 seconds or 0.255533 GFLOPS/s or 0.000500064 GB/s
STREAM triad of size     1176  1176 1176 : min/avg/max:     12.7587     12.7717     12.9744 seconds or 0.254944 GFLOPS/s or 0.000434316 GB/s
STREAM triad of size     1351  1351 1351 : min/avg/max:       18.83     18.8342     18.8407 seconds or 0.261906 GFLOPS/s or 0.000388295 GB/s
STREAM triad of size     1552  1552 1552 : min/avg/max:     29.6677     29.6845     29.8712 seconds or 0.252012 GFLOPS/s or 0.000325176 GB/s
slurmstepd: error: *** JOB 8228515 ON s151 CANCELLED AT 2023-09-21T23:23:24 DUE TO TIME LIMIT ***
