MATMUL (GPU) of size (M,N,K)      128  128 1 : min/avg/max: 6.68985e-06 7.03012e-06  7.9922e-06 seconds or  626.965 GFLOPS/s or   9.9494 GB/s
MATMUL (GPU) of size (M,N,K)      147  147 1 : min/avg/max:  6.5632e-06 6.83885e-06 8.60155e-06 seconds or   967.98 GFLOPS/s or   13.349 GB/s
MATMUL (GPU) of size (M,N,K)      169  169 1 : min/avg/max:  6.1306e-06 6.59914e-06  7.6781e-06 seconds or  1574.66 GFLOPS/s or  18.8556 GB/s
MATMUL (GPU) of size (M,N,K)      194  194 1 : min/avg/max: 6.14465e-06 6.32471e-06 7.19815e-06 seconds or   2376.5 GFLOPS/s or  24.7526 GB/s
MATMUL (GPU) of size (M,N,K)      223  223 1 : min/avg/max: 6.19315e-06 6.36763e-06 7.14515e-06 seconds or  3581.24 GFLOPS/s or  32.4068 GB/s
MATMUL (GPU) of size (M,N,K)      256  256 1 : min/avg/max: 8.72405e-06 8.81702e-06  8.9248e-06 seconds or   3846.2 GFLOPS/s or  30.2832 GB/s
MATMUL (GPU) of size (M,N,K)      294  294 1 : min/avg/max:  8.9976e-06 9.12388e-06  9.2499e-06 seconds or  5648.66 GFLOPS/s or  38.6877 GB/s
MATMUL (GPU) of size (M,N,K)      338  338 1 : min/avg/max: 1.01592e-05 1.02505e-05 1.04918e-05 seconds or  7601.91 GFLOPS/s or  45.2479 GB/s
MATMUL (GPU) of size (M,N,K)      388  388 1 : min/avg/max: 1.22198e-05 1.22995e-05 1.23798e-05 seconds or  9560.11 GFLOPS/s or  49.5329 GB/s
MATMUL (GPU) of size (M,N,K)      446  446 1 : min/avg/max:  1.4194e-05 1.43104e-05 1.44706e-05 seconds or  12500.6 GFLOPS/s or  56.3077 GB/s
MATMUL (GPU) of size (M,N,K)      512  512 1 : min/avg/max: 2.20393e-05 2.28741e-05 3.75516e-05 seconds or  12179.9 GFLOPS/s or  47.7635 GB/s
MATMUL (GPU) of size (M,N,K)      588  588 1 : min/avg/max: 2.26335e-05  2.2756e-05 2.31038e-05 seconds or  17964.3 GFLOPS/s or  61.3108 GB/s
MATMUL (GPU) of size (M,N,K)      676  676 1 : min/avg/max: 3.24744e-05 3.26215e-05 3.28709e-05 seconds or  19025.2 GFLOPS/s or   56.454 GB/s
MATMUL (GPU) of size (M,N,K)      776  776 1 : min/avg/max: 3.72639e-05 3.75535e-05  3.7889e-05 seconds or  25079.9 GFLOPS/s or  64.8056 GB/s
MATMUL (GPU) of size (M,N,K)      891  891 1 : min/avg/max:  4.7194e-05 4.72557e-05 4.73063e-05 seconds or  29976.2 GFLOPS/s or  67.4376 GB/s
MATMUL (GPU) of size (M,N,K)     1024  1024 1 : min/avg/max: 7.49004e-05 7.49814e-05 7.50692e-05 seconds or  28671.2 GFLOPS/s or  56.1078 GB/s
MATMUL (GPU) of size (M,N,K)     1176  1176 1 : min/avg/max: 8.12853e-05 8.13686e-05 8.18298e-05 seconds or  40016.6 GFLOPS/s or  68.1712 GB/s
MATMUL (GPU) of size (M,N,K)     1351  1351 1 : min/avg/max: 8.60622e-05 9.29438e-05 0.000107372 seconds or  57303.8 GFLOPS/s or  84.9573 GB/s
MATMUL (GPU) of size (M,N,K)     1552  1552 1 : min/avg/max: 0.000123191 0.000123404 0.000124732 seconds or  60691.4 GFLOPS/s or  78.3113 GB/s
MATMUL (GPU) of size (M,N,K)     1783  1783 1 : min/avg/max: 0.000151576 0.000155318 0.000159162 seconds or  74791.8 GFLOPS/s or  83.9884 GB/s
MATMUL (GPU) of size (M,N,K)     2048  2048 1 : min/avg/max: 0.000223196 0.000230903 0.000254343 seconds or  76972.1 GFLOPS/s or  75.2415 GB/s
MATMUL (GPU) of size (M,N,K)     2353  2353 1 : min/avg/max: 0.000251572  0.00026967 0.000281675 seconds or   103570 GFLOPS/s or   88.107 GB/s
MATMUL (GPU) of size (M,N,K)     2702  2702 1 : min/avg/max: 0.000359374 0.000361577 0.000374896 seconds or   109784 GFLOPS/s or  81.3215 GB/s
MATMUL (GPU) of size (M,N,K)     3104  3104 1 : min/avg/max: 0.000563313 0.000576906  0.00063318 seconds or   106181 GFLOPS/s or  68.4594 GB/s
MATMUL (GPU) of size (M,N,K)     3566  3566 1 : min/avg/max: 0.000566217 0.000652679 0.000699117 seconds or   160174 GFLOPS/s or  89.8842 GB/s
MATMUL (GPU) of size (M,N,K)     4096  4096 1 : min/avg/max: 0.000946277 0.000968711   0.0011095 seconds or   145242 GFLOPS/s or  70.9534 GB/s
MATMUL (GPU) of size (M,N,K)     4705  4705 1 : min/avg/max: 0.000975445  0.00112602  0.00123755 seconds or   213553 GFLOPS/s or  90.8157 GB/s
MATMUL (GPU) of size (M,N,K)     5405  5405 1 : min/avg/max:  0.00146976  0.00151084  0.00160393 seconds or   214868 GFLOPS/s or  79.5365 GB/s
MATMUL (GPU) of size (M,N,K)     6208  6208 1 : min/avg/max:  0.00256867  0.00261066  0.00287161 seconds or   186284 GFLOPS/s or  60.0337 GB/s
MATMUL (GPU) of size (M,N,K)     7132  7132 1 : min/avg/max:  0.00246258  0.00268402  0.00286851 seconds or   294627 GFLOPS/s or  82.6444 GB/s
MATMUL (GPU) of size (M,N,K)     8192  8192 1 : min/avg/max:  0.00459462  0.00464542   0.0049746 seconds or   239304 GFLOPS/s or  58.4381 GB/s
MATMUL (GPU) of size (M,N,K)     9410  9410 1 : min/avg/max:  0.00456845  0.00469461  0.00505033 seconds or   364779 GFLOPS/s or  77.5466 GB/s
MATMUL (GPU) of size (M,N,K)    10809  10809 1 : min/avg/max:  0.00608297  0.00624587  0.00639128 seconds or   415213 GFLOPS/s or  76.8415 GB/s
MATMUL (GPU) of size (M,N,K)    12417  12417 1 : min/avg/max:  0.00809713  0.00824694  0.00835124 seconds or   472878 GFLOPS/s or  76.1784 GB/s
MATMUL (GPU) of size (M,N,K)    14263  14263 1 : min/avg/max:   0.0108956    0.011011   0.0110912 seconds or   532613 GFLOPS/s or   74.695 GB/s
MATMUL (GPU) of size (M,N,K)    16384  16384 1 : min/avg/max:   0.0190519   0.0191974    0.019529 seconds or   461691 GFLOPS/s or  56.3657 GB/s
