STREAM triad of size      128  128 128 : min/avg/max:  0.00406425  0.00480753  0.00610464 seconds or    1.032 GFLOPS/s or 0.0163769 GB/s
STREAM triad of size      147  147 147 : min/avg/max:   0.0060207   0.0060397  0.00635255 seconds or   1.0552 GFLOPS/s or 0.0145518 GB/s
STREAM triad of size      169  169 169 : min/avg/max:  0.00911377  0.00913398   0.0094465 seconds or  1.05923 GFLOPS/s or 0.0126837 GB/s
STREAM triad of size      194  194 194 : min/avg/max:    0.010698   0.0130504   0.0140687 seconds or    1.365 GFLOPS/s or 0.0142172 GB/s
STREAM triad of size      223  223 223 : min/avg/max:   0.0152459   0.0152863   0.0156085 seconds or  1.45476 GFLOPS/s or 0.0131642 GB/s
STREAM triad of size      256  256 256 : min/avg/max:    0.034423   0.0345214   0.0347898 seconds or 0.974769 GFLOPS/s or 0.00767487 GB/s
STREAM triad of size      294  294 294 : min/avg/max:   0.0349328   0.0350608   0.0352882 seconds or  1.45492 GFLOPS/s or 0.00996474 GB/s
STREAM triad of size      338  338 338 : min/avg/max:   0.0531607   0.0533216   0.0535278 seconds or  1.45274 GFLOPS/s or 0.00864699 GB/s
STREAM triad of size      388  388 388 : min/avg/max:   0.0801595   0.0804345   0.0807251 seconds or  1.45737 GFLOPS/s or 0.00755094 GB/s
STREAM triad of size      446  446 446 : min/avg/max:    0.122114     0.12253    0.123427 seconds or  1.45302 GFLOPS/s or 0.00654498 GB/s
STREAM triad of size      512  512 512 : min/avg/max:    0.312497    0.312785    0.313628 seconds or 0.859002 GFLOPS/s or 0.00336858 GB/s
STREAM triad of size      588  588 588 : min/avg/max:    0.318742    0.319053    0.319258 seconds or  1.27562 GFLOPS/s or 0.00435361 GB/s
STREAM triad of size      676  676 676 : min/avg/max:     0.49806     0.49827    0.499653 seconds or  1.24048 GFLOPS/s or 0.00368091 GB/s
STREAM triad of size      776  776 776 : min/avg/max:      2.0686     2.06968     2.07441 seconds or 0.451792 GFLOPS/s or 0.00116741 GB/s
STREAM triad of size      891  891 891 : min/avg/max:     4.84302     4.85448     5.00725 seconds or  0.29211 GFLOPS/s or 0.000657163 GB/s
STREAM triad of size     1024  1024 1024 : min/avg/max:     8.41623     8.43555     8.60041 seconds or  0.25516 GFLOPS/s or 0.000499333 GB/s
STREAM triad of size     1176  1176 1176 : min/avg/max:     12.7619      12.797     13.0362 seconds or 0.254881 GFLOPS/s or 0.000434208 GB/s
STREAM triad of size     1351  1351 1351 : min/avg/max:     18.8209     18.9009     19.2197 seconds or 0.262033 GFLOPS/s or 0.000388485 GB/s
STREAM triad of size     1552  1552 1552 : min/avg/max:     29.6689     29.7363     29.9072 seconds or 0.252002 GFLOPS/s or 0.000325163 GB/s
slurmstepd: error: *** JOB 8228508 ON s152 CANCELLED AT 2023-09-21T22:09:24 DUE TO TIME LIMIT ***
