MATMUL (GPU) of size (M,N,K)      128  128 1 : min/avg/max: 5.23185e-06 5.30728e-06   5.685e-06 seconds or  801.687 GFLOPS/s or  12.7221 GB/s
MATMUL (GPU) of size (M,N,K)      147  147 1 : min/avg/max: 4.88625e-06 4.99244e-06  5.4157e-06 seconds or  1300.19 GFLOPS/s or  17.9303 GB/s
MATMUL (GPU) of size (M,N,K)      169  169 1 : min/avg/max: 5.36975e-06 5.46054e-06  5.9648e-06 seconds or  1797.78 GFLOPS/s or  21.5273 GB/s
MATMUL (GPU) of size (M,N,K)      194  194 1 : min/avg/max:  5.5775e-06 5.64958e-06  5.7519e-06 seconds or  2618.16 GFLOPS/s or  27.2696 GB/s
MATMUL (GPU) of size (M,N,K)      223  223 1 : min/avg/max: 5.98975e-06 6.04129e-06  6.1213e-06 seconds or  3702.85 GFLOPS/s or  33.5072 GB/s
MATMUL (GPU) of size (M,N,K)      256  256 1 : min/avg/max: 8.83715e-06 8.87426e-06  8.9168e-06 seconds or  3796.97 GFLOPS/s or  29.8956 GB/s
MATMUL (GPU) of size (M,N,K)      294  294 1 : min/avg/max: 9.26615e-06 9.34371e-06  9.4919e-06 seconds or  5484.95 GFLOPS/s or  37.5664 GB/s
MATMUL (GPU) of size (M,N,K)      338  338 1 : min/avg/max: 1.03859e-05 1.04749e-05 1.05583e-05 seconds or  7435.94 GFLOPS/s or    44.26 GB/s
MATMUL (GPU) of size (M,N,K)      388  388 1 : min/avg/max: 1.26815e-05 1.28035e-05 1.28833e-05 seconds or  9212.05 GFLOPS/s or  47.7296 GB/s
MATMUL (GPU) of size (M,N,K)      446  446 1 : min/avg/max: 1.46099e-05 1.47409e-05 1.48441e-05 seconds or  12144.8 GFLOPS/s or   54.705 GB/s
MATMUL (GPU) of size (M,N,K)      512  512 1 : min/avg/max: 2.34936e-05 2.35307e-05  2.3592e-05 seconds or  11425.9 GFLOPS/s or  44.8069 GB/s
MATMUL (GPU) of size (M,N,K)      588  588 1 : min/avg/max: 2.39613e-05 2.40452e-05 2.41051e-05 seconds or  16968.8 GFLOPS/s or  57.9134 GB/s
MATMUL (GPU) of size (M,N,K)      676  676 1 : min/avg/max: 3.29635e-05 3.30545e-05  3.3145e-05 seconds or  18742.9 GFLOPS/s or  55.6164 GB/s
MATMUL (GPU) of size (M,N,K)      776  776 1 : min/avg/max:  4.0203e-05 4.02664e-05 4.03858e-05 seconds or  23246.4 GFLOPS/s or  60.0679 GB/s
MATMUL (GPU) of size (M,N,K)      891  891 1 : min/avg/max: 5.11255e-05 5.12149e-05 5.12792e-05 seconds or  27671.1 GFLOPS/s or  62.2518 GB/s
MATMUL (GPU) of size (M,N,K)     1024  1024 1 : min/avg/max: 6.52872e-05 6.70575e-05 8.15678e-05 seconds or  32892.9 GFLOPS/s or  64.3694 GB/s
MATMUL (GPU) of size (M,N,K)     1176  1176 1 : min/avg/max: 7.16478e-05 7.18054e-05 7.22843e-05 seconds or  45399.3 GFLOPS/s or   77.341 GB/s
MATMUL (GPU) of size (M,N,K)     1351  1351 1 : min/avg/max: 9.37199e-05 9.38933e-05 9.48217e-05 seconds or  52621.6 GFLOPS/s or  78.0156 GB/s
MATMUL (GPU) of size (M,N,K)     1552  1552 1 : min/avg/max: 0.000127231 0.000128115 0.000131365 seconds or  58764.1 GFLOPS/s or  75.8245 GB/s
MATMUL (GPU) of size (M,N,K)     1783  1783 1 : min/avg/max: 0.000153942 0.000154299 0.000157081 seconds or  73642.3 GFLOPS/s or  82.6976 GB/s
MATMUL (GPU) of size (M,N,K)     2048  2048 1 : min/avg/max: 0.000217114 0.000226529 0.000251233 seconds or  79128.4 GFLOPS/s or  77.3493 GB/s
MATMUL (GPU) of size (M,N,K)     2353  2353 1 : min/avg/max: 0.000251845 0.000267927 0.000280283 seconds or   103457 GFLOPS/s or  88.0114 GB/s
MATMUL (GPU) of size (M,N,K)     2702  2702 1 : min/avg/max: 0.000355229 0.000357078 0.000370495 seconds or   111065 GFLOPS/s or  82.2705 GB/s
MATMUL (GPU) of size (M,N,K)     3104  3104 1 : min/avg/max: 0.000561013 0.000572758  0.00062967 seconds or   106616 GFLOPS/s or  68.7401 GB/s
MATMUL (GPU) of size (M,N,K)     3566  3566 1 : min/avg/max: 0.000551097 0.000628129  0.00065156 seconds or   164568 GFLOPS/s or  92.3503 GB/s
MATMUL (GPU) of size (M,N,K)     4096  4096 1 : min/avg/max: 0.000935448 0.000960422  0.00109236 seconds or   146923 GFLOPS/s or  71.7749 GB/s
MATMUL (GPU) of size (M,N,K)     4705  4705 1 : min/avg/max: 0.000964355  0.00111138  0.00122507 seconds or   216009 GFLOPS/s or  91.8601 GB/s
MATMUL (GPU) of size (M,N,K)     5405  5405 1 : min/avg/max:  0.00142011  0.00147929  0.00154417 seconds or   222380 GFLOPS/s or  82.3173 GB/s
MATMUL (GPU) of size (M,N,K)     6208  6208 1 : min/avg/max:  0.00254549  0.00257975  0.00283876 seconds or   187981 GFLOPS/s or  60.5805 GB/s
MATMUL (GPU) of size (M,N,K)     7132  7132 1 : min/avg/max:  0.00243998  0.00264301  0.00291927 seconds or   297356 GFLOPS/s or  83.4099 GB/s
MATMUL (GPU) of size (M,N,K)     8192  8192 1 : min/avg/max:  0.00454538  0.00459323  0.00496818 seconds or   241897 GFLOPS/s or  59.0712 GB/s
MATMUL (GPU) of size (M,N,K)     9410  9410 1 : min/avg/max:  0.00450565  0.00461318  0.00494793 seconds or   369864 GFLOPS/s or  78.6275 GB/s
MATMUL (GPU) of size (M,N,K)    10809  10809 1 : min/avg/max:  0.00600206  0.00612322   0.0061695 seconds or   420810 GFLOPS/s or  77.8774 GB/s
MATMUL (GPU) of size (M,N,K)    12417  12417 1 : min/avg/max:  0.00799124  0.00809701  0.00820934 seconds or   479144 GFLOPS/s or  77.1879 GB/s
MATMUL (GPU) of size (M,N,K)    14263  14263 1 : min/avg/max:   0.0106475   0.0108131   0.0109241 seconds or   545022 GFLOPS/s or  76.4354 GB/s
MATMUL (GPU) of size (M,N,K)    16384  16384 1 : min/avg/max:   0.0188526   0.0190061   0.0193966 seconds or   466572 GFLOPS/s or  56.9615 GB/s
