Intrinsics-based vectorization over 8 floats = 256 bits
STREAM triad of size        8 : min/avg/max:     9.1e-09   2.268e-08    3.94e-08 seconds or  879.121 MUPD/s or  10.5495 GB/s
STREAM triad of size       16 : min/avg/max:    1.05e-08  1.2085e-08    2.34e-08 seconds or  1523.81 MUPD/s or  18.2857 GB/s
STREAM triad of size       24 : min/avg/max:    1.29e-08    1.39e-08    2.28e-08 seconds or  1860.47 MUPD/s or  22.3256 GB/s
STREAM triad of size       32 : min/avg/max:    1.49e-08  1.6495e-08    2.51e-08 seconds or  2147.65 MUPD/s or  25.7718 GB/s
STREAM triad of size       40 : min/avg/max:    1.77e-08   1.858e-08    2.55e-08 seconds or  2259.89 MUPD/s or  27.1186 GB/s
STREAM triad of size       48 : min/avg/max:    1.96e-08  2.0515e-08    3.09e-08 seconds or  2448.98 MUPD/s or  29.3878 GB/s
STREAM triad of size       56 : min/avg/max:    2.17e-08   2.284e-08    3.19e-08 seconds or  2580.65 MUPD/s or  30.9677 GB/s
STREAM triad of size       64 : min/avg/max:    2.48e-08   2.556e-08    3.28e-08 seconds or  2580.65 MUPD/s or  30.9677 GB/s
STREAM triad of size       72 : min/avg/max:    2.59e-08  2.6875e-08    3.32e-08 seconds or  2779.92 MUPD/s or  33.3591 GB/s
STREAM triad of size       80 : min/avg/max:    2.82e-08  2.8935e-08    3.57e-08 seconds or  2836.88 MUPD/s or  34.0426 GB/s
STREAM triad of size       96 : min/avg/max:    3.24e-08  3.3385e-08    4.49e-08 seconds or  2962.96 MUPD/s or  35.5556 GB/s
STREAM triad of size      112 : min/avg/max:    3.66e-08  5.2905e-08   3.349e-07 seconds or  3060.11 MUPD/s or  36.7213 GB/s
STREAM triad of size      128 : min/avg/max:    4.11e-08   4.202e-08    5.23e-08 seconds or  3114.36 MUPD/s or  37.3723 GB/s
STREAM triad of size      144 : min/avg/max:    5.14e-08  6.9025e-08   3.797e-07 seconds or  2801.56 MUPD/s or  33.6187 GB/s
STREAM triad of size      160 : min/avg/max:    4.95e-08     5.1e-08    6.27e-08 seconds or  3232.32 MUPD/s or  38.7879 GB/s
STREAM triad of size      184 : min/avg/max:    5.62e-08  5.6885e-08    6.27e-08 seconds or  3274.02 MUPD/s or  39.2883 GB/s
STREAM triad of size      208 : min/avg/max:    6.22e-08  6.3545e-08    7.33e-08 seconds or  3344.05 MUPD/s or  40.1286 GB/s
STREAM triad of size      232 : min/avg/max:    6.87e-08   6.954e-08    7.68e-08 seconds or     3377 MUPD/s or   40.524 GB/s
STREAM triad of size      256 : min/avg/max:    8.31e-08   8.463e-08    9.72e-08 seconds or  3080.63 MUPD/s or  36.9675 GB/s
STREAM triad of size      288 : min/avg/max:    9.29e-08  9.3685e-08    9.85e-08 seconds or  3100.11 MUPD/s or  37.2013 GB/s
STREAM triad of size      320 : min/avg/max:   1.018e-07 1.02455e-07   1.057e-07 seconds or  3143.42 MUPD/s or   37.721 GB/s
STREAM triad of size      360 : min/avg/max:   1.125e-07   1.131e-07    1.19e-07 seconds or     3200 MUPD/s or     38.4 GB/s
STREAM triad of size      400 : min/avg/max:   1.228e-07  1.2354e-07   1.283e-07 seconds or  3257.33 MUPD/s or  39.0879 GB/s
STREAM triad of size      448 : min/avg/max:   1.354e-07 1.36095e-07   1.393e-07 seconds or  3308.71 MUPD/s or  39.7046 GB/s
STREAM triad of size      496 : min/avg/max:   1.484e-07  1.4881e-07   1.529e-07 seconds or  3342.32 MUPD/s or  40.1078 GB/s
STREAM triad of size      552 : min/avg/max:   1.628e-07  1.7757e-07   4.425e-07 seconds or  3390.66 MUPD/s or   40.688 GB/s
STREAM triad of size      608 : min/avg/max:   1.777e-07 1.78595e-07   1.839e-07 seconds or   3421.5 MUPD/s or   41.058 GB/s
STREAM triad of size      672 : min/avg/max:   1.945e-07  1.9537e-07   2.016e-07 seconds or  3455.01 MUPD/s or  41.4602 GB/s
STREAM triad of size      744 : min/avg/max:   2.136e-07  2.1443e-07   2.193e-07 seconds or  3483.15 MUPD/s or  41.7978 GB/s
STREAM triad of size      824 : min/avg/max:   2.346e-07 2.35365e-07   2.397e-07 seconds or  3512.36 MUPD/s or  42.1483 GB/s
STREAM triad of size      912 : min/avg/max:   2.581e-07  2.5881e-07   2.631e-07 seconds or  3533.51 MUPD/s or  42.4022 GB/s
STREAM triad of size     1008 : min/avg/max:   2.831e-07  2.8391e-07   2.883e-07 seconds or  3560.58 MUPD/s or   42.727 GB/s
STREAM triad of size     1112 : min/avg/max:   3.106e-07  3.1134e-07   3.159e-07 seconds or  3580.17 MUPD/s or   42.962 GB/s
STREAM triad of size     1224 : min/avg/max:   3.405e-07 3.40885e-07   3.442e-07 seconds or  3594.71 MUPD/s or  43.1366 GB/s
STREAM triad of size     1352 : min/avg/max:    3.74e-07 3.74825e-07   3.799e-07 seconds or  3614.97 MUPD/s or  43.3797 GB/s
STREAM triad of size     1488 : min/avg/max:   4.099e-07 4.10495e-07   4.144e-07 seconds or  3630.15 MUPD/s or  43.5618 GB/s
STREAM triad of size     1640 : min/avg/max:   4.278e-07 5.72735e-07  2.1996e-06 seconds or  3833.57 MUPD/s or  46.0028 GB/s
STREAM triad of size     1808 : min/avg/max:   4.945e-07  4.9506e-07       5e-07 seconds or  3656.22 MUPD/s or  43.8746 GB/s
STREAM triad of size     1992 : min/avg/max:    5.43e-07 5.43715e-07   5.483e-07 seconds or  3668.51 MUPD/s or  44.0221 GB/s
STREAM triad of size     2192 : min/avg/max:   5.955e-07  5.9627e-07   6.006e-07 seconds or  3680.94 MUPD/s or  44.1713 GB/s
STREAM triad of size     2416 : min/avg/max:   6.555e-07  6.5619e-07   6.597e-07 seconds or  3685.74 MUPD/s or  44.2288 GB/s
STREAM triad of size     2664 : min/avg/max:   7.218e-07 7.53765e-07  1.3498e-06 seconds or  3690.77 MUPD/s or  44.2893 GB/s
STREAM triad of size     2936 : min/avg/max:   9.555e-07 9.59305e-07   9.639e-07 seconds or  3072.74 MUPD/s or  36.8728 GB/s
STREAM triad of size     3232 : min/avg/max:   1.224e-06 1.23408e-06  1.2519e-06 seconds or  2640.52 MUPD/s or  31.6863 GB/s
STREAM triad of size     3560 : min/avg/max:  1.4054e-06 1.45113e-06  1.9557e-06 seconds or  2533.09 MUPD/s or   30.397 GB/s
STREAM triad of size     3920 : min/avg/max:  1.5215e-06 1.53435e-06  1.5652e-06 seconds or   2576.4 MUPD/s or  30.9169 GB/s
STREAM triad of size     4320 : min/avg/max:  1.6179e-06  1.6899e-06  2.2459e-06 seconds or  2670.13 MUPD/s or  32.0415 GB/s
STREAM triad of size     4760 : min/avg/max:  1.7577e-06   1.772e-06  1.8197e-06 seconds or  2708.08 MUPD/s or   32.497 GB/s
STREAM triad of size     5240 : min/avg/max:  1.9282e-06 1.99162e-06  2.5685e-06 seconds or  2717.56 MUPD/s or  32.6107 GB/s
STREAM triad of size     5768 : min/avg/max:  2.1455e-06 2.16225e-06  2.2289e-06 seconds or  2688.42 MUPD/s or   32.261 GB/s
STREAM triad of size     6352 : min/avg/max:  2.4427e-06 2.45884e-06  2.5308e-06 seconds or   2600.4 MUPD/s or  31.2048 GB/s
STREAM triad of size     6992 : min/avg/max:  2.6529e-06 2.70245e-06  3.2428e-06 seconds or  2635.61 MUPD/s or  31.6273 GB/s
STREAM triad of size     7696 : min/avg/max:  3.1976e-06 3.24673e-06  3.7579e-06 seconds or  2406.81 MUPD/s or  28.8817 GB/s
STREAM triad of size     8472 : min/avg/max:  3.1765e-06 3.24515e-06   3.767e-06 seconds or  2667.09 MUPD/s or   32.005 GB/s
STREAM triad of size     9320 : min/avg/max:  3.4049e-06 3.64127e-06  4.6922e-06 seconds or  2737.23 MUPD/s or  32.8468 GB/s
STREAM triad of size    10256 : min/avg/max:    4.39e-06 4.45854e-06  5.0009e-06 seconds or  2336.22 MUPD/s or  28.0346 GB/s
STREAM triad of size    11288 : min/avg/max:  4.7357e-06 4.90282e-06  5.2455e-06 seconds or   2383.6 MUPD/s or  28.6032 GB/s
STREAM triad of size    12424 : min/avg/max:  4.6589e-06 4.82195e-06  5.6056e-06 seconds or  2666.72 MUPD/s or  32.0007 GB/s
STREAM triad of size    13672 : min/avg/max:  5.1008e-06 5.28453e-06  6.2063e-06 seconds or  2680.36 MUPD/s or  32.1644 GB/s
STREAM triad of size    15040 : min/avg/max:  5.5343e-06 5.79881e-06  6.6427e-06 seconds or   2717.6 MUPD/s or  32.6112 GB/s
STREAM triad of size    16552 : min/avg/max:  6.1116e-06 6.22796e-06  6.7879e-06 seconds or  2708.29 MUPD/s or  32.4995 GB/s
STREAM triad of size    18208 : min/avg/max:  6.6106e-06 6.78911e-06  7.4666e-06 seconds or  2754.36 MUPD/s or  33.0524 GB/s
STREAM triad of size    20032 : min/avg/max:  7.2508e-06 7.49806e-06  8.0363e-06 seconds or  2762.73 MUPD/s or  33.1528 GB/s
STREAM triad of size    22040 : min/avg/max:  8.2415e-06 8.70887e-06  9.6022e-06 seconds or  2674.27 MUPD/s or  32.0912 GB/s
STREAM triad of size    24248 : min/avg/max:  9.4561e-06   9.941e-06 1.06595e-05 seconds or  2564.27 MUPD/s or  30.7712 GB/s
STREAM triad of size    26680 : min/avg/max: 1.15742e-05 1.20733e-05 1.39556e-05 seconds or  2305.13 MUPD/s or  27.6615 GB/s
STREAM triad of size    29352 : min/avg/max:  1.2041e-05 1.25162e-05 1.44097e-05 seconds or  2437.67 MUPD/s or  29.2521 GB/s
STREAM triad of size    32288 : min/avg/max: 1.82589e-05 1.84413e-05 1.89079e-05 seconds or  1768.34 MUPD/s or  21.2201 GB/s
STREAM triad of size    35520 : min/avg/max: 2.09553e-05  2.1082e-05 2.14261e-05 seconds or  1695.04 MUPD/s or  20.3404 GB/s
STREAM triad of size    39080 : min/avg/max: 2.31753e-05 2.33232e-05 2.37883e-05 seconds or  1686.28 MUPD/s or  20.2353 GB/s
STREAM triad of size    42992 : min/avg/max: 2.55391e-05 2.56855e-05 2.60566e-05 seconds or  1683.38 MUPD/s or  20.2006 GB/s
STREAM triad of size    47296 : min/avg/max: 2.81349e-05 2.82668e-05 2.85849e-05 seconds or  1681.04 MUPD/s or  20.1725 GB/s
STREAM triad of size    52032 : min/avg/max: 3.08995e-05 3.10549e-05 3.13866e-05 seconds or  1683.91 MUPD/s or  20.2069 GB/s
STREAM triad of size    57240 : min/avg/max: 3.40234e-05 3.41929e-05 3.44591e-05 seconds or  1682.37 MUPD/s or  20.1885 GB/s
STREAM triad of size    62968 : min/avg/max: 3.74343e-05 3.76379e-05 3.79159e-05 seconds or  1682.09 MUPD/s or  20.1851 GB/s
STREAM triad of size    69272 : min/avg/max:  4.1185e-05 4.13831e-05  4.1686e-05 seconds or  1681.97 MUPD/s or  20.1837 GB/s
STREAM triad of size    76200 : min/avg/max: 4.52917e-05 4.55216e-05 4.61339e-05 seconds or  1682.43 MUPD/s or  20.1891 GB/s
STREAM triad of size    83824 : min/avg/max: 4.98453e-05 5.00759e-05 5.06208e-05 seconds or  1681.68 MUPD/s or  20.1802 GB/s
STREAM triad of size    92208 : min/avg/max: 5.48203e-05 5.50826e-05 5.52959e-05 seconds or     1682 MUPD/s or  20.1841 GB/s
STREAM triad of size   101432 : min/avg/max: 6.02846e-05  6.0592e-05 6.10768e-05 seconds or  1682.55 MUPD/s or  20.1906 GB/s
STREAM triad of size   111576 : min/avg/max: 6.63035e-05 6.66396e-05 6.71594e-05 seconds or  1682.81 MUPD/s or  20.1937 GB/s
STREAM triad of size   122736 : min/avg/max: 7.29636e-05 7.33495e-05 7.37554e-05 seconds or  1682.15 MUPD/s or  20.1858 GB/s
STREAM triad of size   135016 : min/avg/max: 8.02762e-05   8.072e-05 8.14819e-05 seconds or  1681.89 MUPD/s or  20.1827 GB/s
STREAM triad of size   148520 : min/avg/max:  8.8314e-05 8.87546e-05 8.91796e-05 seconds or  1681.73 MUPD/s or  20.1807 GB/s
STREAM triad of size   163376 : min/avg/max: 9.77541e-05 9.78587e-05 9.82125e-05 seconds or   1671.3 MUPD/s or  20.0555 GB/s
STREAM triad of size   179720 : min/avg/max: 0.000107665  0.00010779 0.000108229 seconds or  1669.25 MUPD/s or   20.031 GB/s
STREAM triad of size   197696 : min/avg/max: 0.000118756 0.000118951 0.000119502 seconds or  1664.72 MUPD/s or  19.9767 GB/s
STREAM triad of size   217472 : min/avg/max:  0.00013103 0.000131275 0.000131693 seconds or  1659.71 MUPD/s or  19.9165 GB/s
STREAM triad of size   239224 : min/avg/max: 0.000144212  0.00014454 0.000144918 seconds or  1658.83 MUPD/s or   19.906 GB/s
STREAM triad of size   263152 : min/avg/max: 0.000158565 0.000158999 0.000159457 seconds or  1659.58 MUPD/s or   19.915 GB/s
STREAM triad of size   289472 : min/avg/max: 0.000174363 0.000176486 0.000208095 seconds or  1660.17 MUPD/s or   19.922 GB/s
STREAM triad of size   318424 : min/avg/max:  0.00019166 0.000192282 0.000192676 seconds or   1661.4 MUPD/s or  19.9368 GB/s
STREAM triad of size   350272 : min/avg/max: 0.000193238 0.000209187  0.00023492 seconds or  1812.65 MUPD/s or  21.7518 GB/s
STREAM triad of size   385304 : min/avg/max: 0.000182686 0.000192244 0.000205005 seconds or  2109.11 MUPD/s or  25.3093 GB/s
STREAM triad of size   423840 : min/avg/max: 0.000187062 0.000187574 0.000190125 seconds or  2265.77 MUPD/s or  27.1893 GB/s
STREAM triad of size   466232 : min/avg/max: 0.000205792 0.000205908 0.000206283 seconds or  2265.55 MUPD/s or  27.1866 GB/s
STREAM triad of size   512856 : min/avg/max:  0.00022648 0.000226805  0.00022883 seconds or  2264.46 MUPD/s or  27.1735 GB/s
STREAM triad of size   564144 : min/avg/max: 0.000249107 0.000251148 0.000284571 seconds or  2264.66 MUPD/s or   27.176 GB/s
STREAM triad of size   620560 : min/avg/max: 0.000273736 0.000274185 0.000274791 seconds or     2267 MUPD/s or   27.204 GB/s
STREAM triad of size   682624 : min/avg/max: 0.000301543 0.000301742 0.000302307 seconds or  2263.77 MUPD/s or  27.1652 GB/s
STREAM triad of size   750888 : min/avg/max: 0.000331605 0.000333685 0.000366648 seconds or   2264.4 MUPD/s or  27.1728 GB/s
STREAM triad of size   825984 : min/avg/max: 0.000364757 0.000365097  0.00036549 seconds or  2264.48 MUPD/s or  27.1738 GB/s
STREAM triad of size   908584 : min/avg/max: 0.000400824 0.000400942 0.000401238 seconds or  2266.79 MUPD/s or  27.2015 GB/s
STREAM triad of size   999448 : min/avg/max: 0.000441342 0.000441737 0.000442162 seconds or  2264.56 MUPD/s or  27.1748 GB/s
STREAM triad of size  1099400 : min/avg/max: 0.000485177 0.000488996 0.000520967 seconds or  2265.98 MUPD/s or  27.1917 GB/s
STREAM triad of size  1209344 : min/avg/max: 0.000534109 0.000534431 0.000535079 seconds or  2264.23 MUPD/s or  27.1707 GB/s
STREAM triad of size  1330280 : min/avg/max: 0.000646223 0.000653835 0.000687696 seconds or  2058.55 MUPD/s or  24.7025 GB/s
STREAM triad of size  1463312 : min/avg/max: 0.000819073 0.000847178  0.00124539 seconds or  1786.55 MUPD/s or  21.4386 GB/s
STREAM triad of size  1609648 : min/avg/max:  0.00101466  0.00102711  0.00106136 seconds or  1586.39 MUPD/s or  19.0367 GB/s
STREAM triad of size  1770616 : min/avg/max:  0.00121568  0.00122952  0.00126278 seconds or  1456.48 MUPD/s or  17.4777 GB/s
STREAM triad of size  1947680 : min/avg/max:  0.00154398   0.0015622  0.00161055 seconds or  1261.46 MUPD/s or  15.1376 GB/s
STREAM triad of size  2142456 : min/avg/max:   0.0017961  0.00181252  0.00184754 seconds or  1192.84 MUPD/s or   14.314 GB/s
STREAM triad of size  2356704 : min/avg/max:  0.00210667  0.00212246  0.00215769 seconds or  1118.68 MUPD/s or  13.4242 GB/s
STREAM triad of size  2592376 : min/avg/max:    0.002373  0.00243704  0.00314724 seconds or  1092.44 MUPD/s or  13.1093 GB/s
STREAM triad of size  2851616 : min/avg/max:  0.00261836  0.00271464  0.00283375 seconds or  1089.09 MUPD/s or   13.069 GB/s
STREAM triad of size  3136784 : min/avg/max:  0.00300435  0.00303783  0.00309699 seconds or  1044.08 MUPD/s or   12.529 GB/s
STREAM triad of size  3450464 : min/avg/max:  0.00332356  0.00333744  0.00336431 seconds or  1038.18 MUPD/s or  12.4582 GB/s
STREAM triad of size  3795512 : min/avg/max:  0.00367834  0.00369441  0.00372148 seconds or  1031.85 MUPD/s or  12.3823 GB/s
STREAM triad of size  4175064 : min/avg/max:  0.00407947  0.00409749  0.00412438 seconds or  1023.43 MUPD/s or  12.2812 GB/s
STREAM triad of size  4592576 : min/avg/max:  0.00447924  0.00449663  0.00452099 seconds or   1025.3 MUPD/s or  12.3036 GB/s
STREAM triad of size  5051840 : min/avg/max:  0.00494063  0.00496049  0.00498769 seconds or  1022.51 MUPD/s or  12.2701 GB/s
STREAM triad of size  5557032 : min/avg/max:  0.00542181  0.00544265  0.00546326 seconds or  1024.94 MUPD/s or  12.2993 GB/s
STREAM triad of size  6112736 : min/avg/max:  0.00596403  0.00598624  0.00601089 seconds or  1024.93 MUPD/s or  12.2992 GB/s
STREAM triad of size  6724016 : min/avg/max:  0.00657764  0.00660116  0.00662205 seconds or  1022.25 MUPD/s or   12.267 GB/s
STREAM triad of size  7396424 : min/avg/max:  0.00724766  0.00727199   0.0072911 seconds or  1020.53 MUPD/s or  12.2463 GB/s
STREAM triad of size  8136072 : min/avg/max:  0.00794029  0.00796895  0.00798763 seconds or  1024.66 MUPD/s or  12.2959 GB/s
STREAM triad of size  8949680 : min/avg/max:  0.00877287  0.00880476  0.00882257 seconds or  1020.15 MUPD/s or  12.2418 GB/s
STREAM triad of size  9844656 : min/avg/max:  0.00964333  0.00967292  0.00970854 seconds or  1020.88 MUPD/s or  12.2505 GB/s
STREAM triad of size 10829128 : min/avg/max:   0.0106026   0.0107965   0.0138163 seconds or  1021.37 MUPD/s or  12.2564 GB/s
STREAM triad of size 11912048 : min/avg/max:   0.0116465   0.0116736   0.0116918 seconds or   1022.8 MUPD/s or  12.2736 GB/s
STREAM triad of size 13103256 : min/avg/max:   0.0128364   0.0128505   0.0128809 seconds or  1020.79 MUPD/s or  12.2495 GB/s
STREAM triad of size 14413584 : min/avg/max:   0.0141651   0.0141852   0.0142619 seconds or  1017.54 MUPD/s or  12.2105 GB/s
STREAM triad of size 15854944 : min/avg/max:   0.0155708    0.015592   0.0156253 seconds or  1018.25 MUPD/s or   12.219 GB/s
STREAM triad of size 17440440 : min/avg/max:    0.017117    0.017398   0.0222538 seconds or  1018.89 MUPD/s or  12.2267 GB/s
STREAM triad of size 19184488 : min/avg/max:   0.0187633   0.0187931   0.0188354 seconds or  1022.45 MUPD/s or  12.2694 GB/s
STREAM triad of size 21102944 : min/avg/max:   0.0206159   0.0206607   0.0207673 seconds or  1023.62 MUPD/s or  12.2835 GB/s
STREAM triad of size 23213240 : min/avg/max:   0.0227145   0.0227492   0.0227818 seconds or  1021.96 MUPD/s or  12.2635 GB/s
STREAM triad of size 25534568 : min/avg/max:   0.0249968   0.0250089   0.0250278 seconds or  1021.51 MUPD/s or  12.2582 GB/s
STREAM triad of size 28088032 : min/avg/max:   0.0275171   0.0275434   0.0276342 seconds or  1020.75 MUPD/s or   12.249 GB/s
STREAM triad of size 30896840 : min/avg/max:   0.0301993    0.030308   0.0318477 seconds or   1023.1 MUPD/s or  12.2772 GB/s
STREAM triad of size 33986528 : min/avg/max:   0.0332756   0.0333115   0.0333368 seconds or  1021.36 MUPD/s or  12.2564 GB/s
STREAM triad of size 37385184 : min/avg/max:   0.0365011   0.0365343   0.0365668 seconds or  1024.22 MUPD/s or  12.2907 GB/s
STREAM triad of size 41123704 : min/avg/max:    0.039926   0.0410403   0.0485099 seconds or     1030 MUPD/s or    12.36 GB/s
STREAM triad of size 45236080 : min/avg/max:   0.0438854   0.0439117   0.0439385 seconds or  1030.78 MUPD/s or  12.3693 GB/s
STREAM triad of size 49759696 : min/avg/max:    0.048589   0.0486259   0.0486544 seconds or  1024.09 MUPD/s or  12.2891 GB/s
STREAM triad of size 54735672 : min/avg/max:   0.0533773   0.0540864   0.0607608 seconds or  1025.45 MUPD/s or  12.3054 GB/s
STREAM triad of size 60209240 : min/avg/max:   0.0586585   0.0587036   0.0588281 seconds or  1026.44 MUPD/s or  12.3172 GB/s
STREAM triad of size 66230168 : min/avg/max:   0.0649675   0.0653155   0.0713106 seconds or  1019.44 MUPD/s or  12.2332 GB/s
STREAM triad of size 72853192 : min/avg/max:    0.071219   0.0712937   0.0716509 seconds or  1022.95 MUPD/s or  12.2754 GB/s
STREAM triad of size 80138512 : min/avg/max:   0.0782818   0.0786356   0.0845332 seconds or  1023.72 MUPD/s or  12.2846 GB/s
STREAM triad of size 88152368 : min/avg/max:   0.0864639   0.0868099    0.092419 seconds or  1019.53 MUPD/s or  12.2343 GB/s
STREAM triad of size 96967608 : min/avg/max:   0.0951843   0.0959238    0.105581 seconds or  1018.74 MUPD/s or  12.2248 GB/s
