STREAM triad of size        8 : min/avg/max:  5.8692e-06  6.2758e-06 1.07296e-05 seconds or  1.36305 MUPD/s or 0.0163566 GB/s
STREAM triad of size       16 : min/avg/max:  5.8775e-06 6.15524e-06  8.1798e-06 seconds or  2.72225 MUPD/s or 0.032667 GB/s
STREAM triad of size       24 : min/avg/max:  5.8088e-06 6.10148e-06  7.7362e-06 seconds or  4.13166 MUPD/s or 0.0495799 GB/s
STREAM triad of size       32 : min/avg/max:  5.9343e-06 6.13638e-06  7.4687e-06 seconds or  5.39238 MUPD/s or 0.0647086 GB/s
STREAM triad of size       40 : min/avg/max:   5.717e-06  6.1064e-06  7.8179e-06 seconds or  6.99668 MUPD/s or 0.0839601 GB/s
STREAM triad of size       48 : min/avg/max:  5.4289e-06 5.81479e-06  8.4004e-06 seconds or  8.84157 MUPD/s or 0.106099 GB/s
STREAM triad of size       56 : min/avg/max:  5.4184e-06 5.58524e-06  6.3182e-06 seconds or  10.3352 MUPD/s or 0.124022 GB/s
STREAM triad of size       64 : min/avg/max:  5.4746e-06 5.64836e-06  6.9671e-06 seconds or  11.6904 MUPD/s or 0.140284 GB/s
STREAM triad of size       72 : min/avg/max:  5.4609e-06 5.62067e-06  6.6844e-06 seconds or  13.1846 MUPD/s or 0.158216 GB/s
STREAM triad of size       80 : min/avg/max:  5.4128e-06 5.60756e-06  6.9532e-06 seconds or  14.7798 MUPD/s or 0.177357 GB/s
STREAM triad of size       96 : min/avg/max:   5.515e-06 5.66817e-06  6.5034e-06 seconds or  17.4071 MUPD/s or 0.208885 GB/s
STREAM triad of size      112 : min/avg/max:  5.4363e-06 5.65332e-06  6.8913e-06 seconds or  20.6022 MUPD/s or 0.247227 GB/s
STREAM triad of size      128 : min/avg/max:  5.2183e-06 5.62945e-06  8.0263e-06 seconds or  24.5291 MUPD/s or 0.294349 GB/s
STREAM triad of size      144 : min/avg/max:  5.1091e-06 5.30896e-06  6.4949e-06 seconds or   28.185 MUPD/s or  0.33822 GB/s
STREAM triad of size      160 : min/avg/max:  5.1773e-06 5.35714e-06  6.3447e-06 seconds or  30.9041 MUPD/s or  0.37085 GB/s
STREAM triad of size      184 : min/avg/max:  5.1376e-06 5.33749e-06  6.5244e-06 seconds or  35.8144 MUPD/s or 0.429773 GB/s
STREAM triad of size      208 : min/avg/max:  5.0991e-06 5.33554e-06  6.3348e-06 seconds or  40.7915 MUPD/s or 0.489498 GB/s
STREAM triad of size      232 : min/avg/max:  5.0368e-06 5.32753e-06  6.7557e-06 seconds or   46.061 MUPD/s or 0.552732 GB/s
STREAM triad of size      256 : min/avg/max:  5.1701e-06 5.37935e-06  6.9106e-06 seconds or  49.5155 MUPD/s or 0.594186 GB/s
STREAM triad of size      288 : min/avg/max:   5.166e-06 5.38737e-06  6.6048e-06 seconds or  55.7491 MUPD/s or  0.66899 GB/s
STREAM triad of size      320 : min/avg/max:  4.9292e-06 5.17021e-06  7.6736e-06 seconds or  64.9193 MUPD/s or 0.779031 GB/s
STREAM triad of size      360 : min/avg/max:  4.9484e-06 5.10097e-06  6.2578e-06 seconds or  72.7508 MUPD/s or 0.873009 GB/s
STREAM triad of size      400 : min/avg/max:    4.93e-06 5.08684e-06  6.1632e-06 seconds or  81.1359 MUPD/s or 0.973631 GB/s
STREAM triad of size      448 : min/avg/max:  4.9564e-06 5.07376e-06  5.7926e-06 seconds or  90.3882 MUPD/s or  1.08466 GB/s
STREAM triad of size      496 : min/avg/max:  4.9062e-06 5.10282e-06  6.1587e-06 seconds or  101.097 MUPD/s or  1.21316 GB/s
STREAM triad of size      552 : min/avg/max:  4.8622e-06 5.06496e-06  6.3026e-06 seconds or  113.529 MUPD/s or  1.36235 GB/s
STREAM triad of size      608 : min/avg/max:   4.835e-06 5.08169e-06  6.3111e-06 seconds or   125.75 MUPD/s or    1.509 GB/s
STREAM triad of size      672 : min/avg/max:  4.9256e-06 5.10255e-06  5.7995e-06 seconds or   136.43 MUPD/s or  1.63716 GB/s
STREAM triad of size      744 : min/avg/max:  4.7192e-06 4.94105e-06  7.3371e-06 seconds or  157.654 MUPD/s or  1.89185 GB/s
STREAM triad of size      824 : min/avg/max:  4.6775e-06 4.91011e-06  6.0885e-06 seconds or  176.162 MUPD/s or  2.11395 GB/s
STREAM triad of size      912 : min/avg/max:  4.6867e-06 4.87933e-06  6.0343e-06 seconds or  194.593 MUPD/s or  2.33512 GB/s
STREAM triad of size     1008 : min/avg/max:   4.734e-06 4.90649e-06  5.9936e-06 seconds or  212.928 MUPD/s or  2.55513 GB/s
STREAM triad of size     1112 : min/avg/max:  4.7535e-06 4.90598e-06  6.0067e-06 seconds or  233.933 MUPD/s or  2.80719 GB/s
STREAM triad of size     1224 : min/avg/max:  4.6861e-06 4.84781e-06   5.499e-06 seconds or  261.198 MUPD/s or  3.13438 GB/s
STREAM triad of size     1352 : min/avg/max:  4.7224e-06 4.90519e-06  6.0824e-06 seconds or  286.295 MUPD/s or  3.43554 GB/s
STREAM triad of size     1488 : min/avg/max:  4.7125e-06 4.91831e-06  5.1647e-06 seconds or  315.756 MUPD/s or  3.78907 GB/s
STREAM triad of size     1640 : min/avg/max:  4.7286e-06 5.01419e-06  7.4004e-06 seconds or  346.826 MUPD/s or  4.16191 GB/s
STREAM triad of size     1808 : min/avg/max:   4.642e-06  4.8446e-06  5.9083e-06 seconds or  389.487 MUPD/s or  4.67385 GB/s
STREAM triad of size     1992 : min/avg/max:  4.6741e-06 4.82538e-06  5.7023e-06 seconds or  426.178 MUPD/s or  5.11414 GB/s
STREAM triad of size     2192 : min/avg/max:  4.6305e-06 4.86949e-06  5.9145e-06 seconds or  473.383 MUPD/s or   5.6806 GB/s
STREAM triad of size     2416 : min/avg/max:  4.5792e-06 4.74893e-06  5.8128e-06 seconds or  527.603 MUPD/s or  6.33124 GB/s
STREAM triad of size     2664 : min/avg/max:  4.6332e-06 4.76119e-06   5.693e-06 seconds or  574.981 MUPD/s or  6.89977 GB/s
STREAM triad of size     2936 : min/avg/max:  4.5681e-06 4.74679e-06  5.7616e-06 seconds or  642.718 MUPD/s or  7.71262 GB/s
STREAM triad of size     3232 : min/avg/max:  4.5898e-06 4.72373e-06  5.7695e-06 seconds or   704.17 MUPD/s or  8.45004 GB/s
STREAM triad of size     3560 : min/avg/max:  4.5372e-06   4.722e-06  5.8995e-06 seconds or  784.625 MUPD/s or   9.4155 GB/s
STREAM triad of size     3920 : min/avg/max:  4.3641e-06 4.56671e-06  5.4791e-06 seconds or  898.238 MUPD/s or  10.7789 GB/s
STREAM triad of size     4320 : min/avg/max:  4.3262e-06 4.56342e-06  5.4688e-06 seconds or  998.567 MUPD/s or  11.9828 GB/s
STREAM triad of size     4760 : min/avg/max:  4.4461e-06 4.60434e-06  5.4634e-06 seconds or   1070.6 MUPD/s or  12.8472 GB/s
STREAM triad of size     5240 : min/avg/max:  4.3627e-06 4.55093e-06  5.7717e-06 seconds or  1201.09 MUPD/s or  14.4131 GB/s
STREAM triad of size     5768 : min/avg/max:  4.4221e-06 4.58725e-06  5.6277e-06 seconds or  1304.36 MUPD/s or  15.6523 GB/s
STREAM triad of size     6352 : min/avg/max:  4.5195e-06 4.69841e-06  5.5935e-06 seconds or  1405.47 MUPD/s or  16.8656 GB/s
STREAM triad of size     6992 : min/avg/max:  4.5524e-06 4.68281e-06  5.7337e-06 seconds or  1535.89 MUPD/s or  18.4307 GB/s
STREAM triad of size     7696 : min/avg/max:  4.5026e-06 4.64024e-06  5.4307e-06 seconds or  1709.23 MUPD/s or  20.5108 GB/s
STREAM triad of size     8472 : min/avg/max:  4.5006e-06 4.67453e-06  5.7558e-06 seconds or  1882.42 MUPD/s or   22.589 GB/s
STREAM triad of size     9320 : min/avg/max:  4.5253e-06 4.67168e-06  5.5656e-06 seconds or  2059.53 MUPD/s or  24.7144 GB/s
STREAM triad of size    10256 : min/avg/max:  4.5044e-06  4.7012e-06  5.8992e-06 seconds or  2276.88 MUPD/s or  27.3226 GB/s
STREAM triad of size    11288 : min/avg/max:  4.4661e-06 4.67234e-06   5.633e-06 seconds or  2527.48 MUPD/s or  30.3298 GB/s
STREAM triad of size    12424 : min/avg/max:  4.4343e-06 4.63206e-06  5.4069e-06 seconds or   2801.8 MUPD/s or  33.6215 GB/s
STREAM triad of size    13672 : min/avg/max:   4.506e-06 4.65622e-06  5.7363e-06 seconds or  3034.18 MUPD/s or  36.4101 GB/s
STREAM triad of size    15040 : min/avg/max:   4.572e-06 4.71294e-06    5.58e-06 seconds or  3289.59 MUPD/s or  39.4751 GB/s
STREAM triad of size    16552 : min/avg/max:  4.5011e-06 4.66353e-06  5.9549e-06 seconds or  3677.32 MUPD/s or  44.1279 GB/s
STREAM triad of size    18208 : min/avg/max:  4.4814e-06 4.68038e-06  5.7552e-06 seconds or  4063.02 MUPD/s or  48.7562 GB/s
STREAM triad of size    20032 : min/avg/max:   4.455e-06 4.68814e-06  5.8316e-06 seconds or  4496.52 MUPD/s or  53.9582 GB/s
STREAM triad of size    22040 : min/avg/max:  4.4355e-06 4.53302e-06  5.1372e-06 seconds or     4969 MUPD/s or   59.628 GB/s
STREAM triad of size    24248 : min/avg/max:  4.4291e-06 4.58549e-06   5.518e-06 seconds or   5474.7 MUPD/s or  65.6964 GB/s
STREAM triad of size    26680 : min/avg/max:  4.3438e-06 4.55822e-06  5.4901e-06 seconds or  6142.09 MUPD/s or  73.7051 GB/s
STREAM triad of size    29352 : min/avg/max:  4.3886e-06 4.57025e-06  5.4511e-06 seconds or  6688.24 MUPD/s or  80.2589 GB/s
STREAM triad of size    32288 : min/avg/max:  4.4316e-06 4.57563e-06  5.5428e-06 seconds or  7285.86 MUPD/s or  87.4303 GB/s
STREAM triad of size    35520 : min/avg/max:  4.3352e-06 4.51962e-06  5.2937e-06 seconds or  8193.39 MUPD/s or  98.3207 GB/s
STREAM triad of size    39080 : min/avg/max:  4.3937e-06 4.59094e-06  5.5942e-06 seconds or  8894.55 MUPD/s or  106.735 GB/s
STREAM triad of size    42992 : min/avg/max:  4.4333e-06 4.56857e-06  5.2146e-06 seconds or  9697.52 MUPD/s or   116.37 GB/s
STREAM triad of size    47296 : min/avg/max:  4.4916e-06 4.71199e-06  5.3556e-06 seconds or  10529.9 MUPD/s or  126.359 GB/s
STREAM triad of size    52032 : min/avg/max:  4.5587e-06 4.71983e-06  5.4424e-06 seconds or  11413.8 MUPD/s or  136.965 GB/s
STREAM triad of size    57240 : min/avg/max:  4.5705e-06 4.71354e-06  5.6008e-06 seconds or  12523.8 MUPD/s or  150.286 GB/s
STREAM triad of size    62968 : min/avg/max:  4.6261e-06 4.79121e-06  5.3212e-06 seconds or  13611.5 MUPD/s or  163.338 GB/s
STREAM triad of size    69272 : min/avg/max:  4.6573e-06 4.80757e-06  6.0611e-06 seconds or  14873.9 MUPD/s or  178.486 GB/s
STREAM triad of size    76200 : min/avg/max:  4.7196e-06 4.89373e-06  5.8037e-06 seconds or  16145.4 MUPD/s or  193.745 GB/s
STREAM triad of size    83824 : min/avg/max:  5.2656e-06 5.39139e-06  5.9309e-06 seconds or  15919.2 MUPD/s or   191.03 GB/s
STREAM triad of size    92208 : min/avg/max:  5.4425e-06 5.65268e-06  6.3381e-06 seconds or  16942.2 MUPD/s or  203.307 GB/s
STREAM triad of size   101432 : min/avg/max:  5.4633e-06 5.58504e-06  6.1965e-06 seconds or  18566.1 MUPD/s or  222.793 GB/s
STREAM triad of size   111576 : min/avg/max:  5.5639e-06 5.70568e-06  6.3283e-06 seconds or  20053.6 MUPD/s or  240.643 GB/s
STREAM triad of size   122736 : min/avg/max:  5.8202e-06 5.95724e-06  6.5787e-06 seconds or  21087.9 MUPD/s or  253.055 GB/s
STREAM triad of size   135016 : min/avg/max:  6.2669e-06 6.37142e-06  6.9512e-06 seconds or  21544.3 MUPD/s or  258.532 GB/s
STREAM triad of size   148520 : min/avg/max:  6.4903e-06 6.60646e-06  7.2773e-06 seconds or  22883.4 MUPD/s or  274.601 GB/s
STREAM triad of size   163376 : min/avg/max:  6.7503e-06 6.84703e-06  7.3393e-06 seconds or  24202.8 MUPD/s or  290.433 GB/s
STREAM triad of size   179720 : min/avg/max:  7.3007e-06  7.4096e-06  7.9814e-06 seconds or  24616.8 MUPD/s or  295.402 GB/s
STREAM triad of size   197696 : min/avg/max:  7.4925e-06 7.64912e-06  8.2382e-06 seconds or  26385.9 MUPD/s or   316.63 GB/s
STREAM triad of size   217472 : min/avg/max:  8.0871e-06 8.20378e-06  8.8359e-06 seconds or  26891.2 MUPD/s or  322.695 GB/s
STREAM triad of size   239224 : min/avg/max:    8.35e-06 8.50438e-06  9.1035e-06 seconds or  28649.6 MUPD/s or  343.795 GB/s
STREAM triad of size   263152 : min/avg/max:  8.9849e-06 9.07544e-06  9.7307e-06 seconds or  29288.3 MUPD/s or  351.459 GB/s
STREAM triad of size   289472 : min/avg/max:  9.5441e-06 9.64571e-06 1.03006e-05 seconds or  30329.9 MUPD/s or  363.959 GB/s
STREAM triad of size   318424 : min/avg/max:  9.9854e-06 1.01018e-05  1.0615e-05 seconds or    31889 MUPD/s or  382.667 GB/s
STREAM triad of size   350272 : min/avg/max: 1.33908e-05 1.35718e-05 1.41091e-05 seconds or  26157.7 MUPD/s or  313.892 GB/s
STREAM triad of size   385304 : min/avg/max: 2.05229e-05  2.0871e-05 2.10977e-05 seconds or  18774.3 MUPD/s or  225.292 GB/s
STREAM triad of size   423840 : min/avg/max: 2.21463e-05 2.23379e-05 2.26103e-05 seconds or  19138.2 MUPD/s or  229.658 GB/s
STREAM triad of size   466232 : min/avg/max: 2.45014e-05 2.47118e-05 2.49835e-05 seconds or  19028.8 MUPD/s or  228.345 GB/s
STREAM triad of size   512856 : min/avg/max: 2.67491e-05 2.69985e-05 2.73489e-05 seconds or  19172.8 MUPD/s or  230.074 GB/s
STREAM triad of size   564144 : min/avg/max: 2.97933e-05 2.99539e-05 3.04233e-05 seconds or  18935.3 MUPD/s or  227.223 GB/s
STREAM triad of size   620560 : min/avg/max: 3.23231e-05 3.32842e-05 4.70149e-05 seconds or  19198.7 MUPD/s or  230.384 GB/s
STREAM triad of size   682624 : min/avg/max: 3.51828e-05 3.53452e-05 3.59885e-05 seconds or  19402.2 MUPD/s or  232.826 GB/s
STREAM triad of size   750888 : min/avg/max: 3.83873e-05 3.84983e-05 3.92391e-05 seconds or  19560.8 MUPD/s or   234.73 GB/s
STREAM triad of size   825984 : min/avg/max: 4.16966e-05   4.186e-05 4.25943e-05 seconds or  19809.4 MUPD/s or  237.713 GB/s
STREAM triad of size   908584 : min/avg/max: 4.55517e-05 4.57364e-05 4.64533e-05 seconds or  19946.2 MUPD/s or  239.355 GB/s
STREAM triad of size   999448 : min/avg/max: 4.96086e-05 4.98207e-05 5.04008e-05 seconds or  20146.7 MUPD/s or   241.76 GB/s
STREAM triad of size  1099400 : min/avg/max: 5.42731e-05 5.44508e-05  5.5017e-05 seconds or  20256.8 MUPD/s or  243.082 GB/s
STREAM triad of size  1209344 : min/avg/max: 5.93227e-05 6.10629e-05 9.12475e-05 seconds or  20385.9 MUPD/s or   244.63 GB/s
STREAM triad of size  1330280 : min/avg/max: 6.46437e-05 6.48683e-05 6.60798e-05 seconds or  20578.6 MUPD/s or  246.944 GB/s
STREAM triad of size  1463312 : min/avg/max: 7.08841e-05 7.10312e-05 7.17132e-05 seconds or  20643.7 MUPD/s or  247.725 GB/s
STREAM triad of size  1609648 : min/avg/max: 7.79745e-05  7.8121e-05 7.87541e-05 seconds or  20643.3 MUPD/s or  247.719 GB/s
STREAM triad of size  1770616 : min/avg/max: 8.53978e-05  8.5564e-05 8.62313e-05 seconds or  20733.7 MUPD/s or  248.805 GB/s
STREAM triad of size  1947680 : min/avg/max: 9.37887e-05 9.39294e-05 9.47862e-05 seconds or  20766.7 MUPD/s or    249.2 GB/s
STREAM triad of size  2142456 : min/avg/max: 0.000102293 0.000102399 0.000103018 seconds or  20944.3 MUPD/s or  251.331 GB/s
STREAM triad of size  2356704 : min/avg/max: 0.000112176 0.000112486   0.0001129 seconds or  21009.1 MUPD/s or  252.109 GB/s
STREAM triad of size  2592376 : min/avg/max: 0.000123365 0.000123549 0.000124292 seconds or  21013.8 MUPD/s or  252.165 GB/s
STREAM triad of size  2851616 : min/avg/max: 0.000135742 0.000135869 0.000136691 seconds or  21007.6 MUPD/s or  252.091 GB/s
STREAM triad of size  3136784 : min/avg/max: 0.000149156 0.000149359  0.00015024 seconds or  21030.3 MUPD/s or  252.363 GB/s
STREAM triad of size  3450464 : min/avg/max: 0.000163664 0.000163803 0.000164722 seconds or  21082.6 MUPD/s or  252.991 GB/s
STREAM triad of size  3795512 : min/avg/max: 0.000179795 0.000179937 0.000180972 seconds or  21110.2 MUPD/s or  253.322 GB/s
STREAM triad of size  4175064 : min/avg/max: 0.000197539 0.000197739 0.000198862 seconds or  21135.4 MUPD/s or  253.624 GB/s
STREAM triad of size  4592576 : min/avg/max: 0.000217298 0.000217618 0.000219045 seconds or  21134.9 MUPD/s or  253.619 GB/s
STREAM triad of size  5051840 : min/avg/max: 0.000238536 0.000238786 0.000241121 seconds or  21178.5 MUPD/s or  254.142 GB/s
STREAM triad of size  5557032 : min/avg/max: 0.000261942 0.000262164 0.000264334 seconds or  21214.7 MUPD/s or  254.576 GB/s
STREAM triad of size  6112736 : min/avg/max: 0.000287869 0.000288097 0.000290467 seconds or  21234.5 MUPD/s or  254.813 GB/s
STREAM triad of size  6724016 : min/avg/max: 0.000316495 0.000316781 0.000320105 seconds or  21245.3 MUPD/s or  254.943 GB/s
STREAM triad of size  7396424 : min/avg/max: 0.000347562 0.000347853 0.000351869 seconds or  21280.9 MUPD/s or  255.371 GB/s
STREAM triad of size  8136072 : min/avg/max: 0.000382701 0.000382989 0.000386541 seconds or  21259.6 MUPD/s or  255.116 GB/s
STREAM triad of size  8949680 : min/avg/max:  0.00042009 0.000421124 0.000426729 seconds or  21304.2 MUPD/s or   255.65 GB/s
STREAM triad of size  9844656 : min/avg/max: 0.000462405 0.000462774 0.000467904 seconds or  21290.1 MUPD/s or  255.481 GB/s
STREAM triad of size 10829128 : min/avg/max: 0.000508402 0.000508818 0.000513252 seconds or  21300.3 MUPD/s or  255.604 GB/s
STREAM triad of size 11912048 : min/avg/max: 0.000559965  0.00056033 0.000564654 seconds or  21272.8 MUPD/s or  255.274 GB/s
STREAM triad of size 13103256 : min/avg/max: 0.000614667 0.000615037 0.000620023 seconds or  21317.7 MUPD/s or  255.812 GB/s
STREAM triad of size 14413584 : min/avg/max: 0.000676758 0.000677221 0.000682804 seconds or    21298 MUPD/s or  255.576 GB/s
STREAM triad of size 15854944 : min/avg/max:  0.00074278 0.000743173  0.00074783 seconds or  21345.4 MUPD/s or  256.145 GB/s
STREAM triad of size 17440440 : min/avg/max: 0.000816841 0.000817261 0.000821556 seconds or  21351.1 MUPD/s or  256.213 GB/s
STREAM triad of size 19184488 : min/avg/max: 0.000898617 0.000900054 0.000917285 seconds or  21348.9 MUPD/s or  256.187 GB/s
STREAM triad of size 21102944 : min/avg/max: 0.000988792 0.000989306 0.000993992 seconds or  21342.1 MUPD/s or  256.106 GB/s
STREAM triad of size 23213240 : min/avg/max:  0.00108266  0.00108316  0.00108784 seconds or    21441 MUPD/s or  257.292 GB/s
STREAM triad of size 25534568 : min/avg/max:  0.00119424  0.00119476  0.00119936 seconds or  21381.4 MUPD/s or  256.576 GB/s
STREAM triad of size 28088032 : min/avg/max:  0.00131579  0.00131635  0.00132092 seconds or  21346.8 MUPD/s or  256.162 GB/s
STREAM triad of size 30896840 : min/avg/max:  0.00144634  0.00144678  0.00145154 seconds or  21362.1 MUPD/s or  256.345 GB/s
STREAM triad of size 33986528 : min/avg/max:  0.00159028  0.00159519  0.00167598 seconds or  21371.5 MUPD/s or  256.458 GB/s
STREAM triad of size 37385184 : min/avg/max:  0.00174915  0.00174956   0.0017541 seconds or  21373.4 MUPD/s or  256.481 GB/s
STREAM triad of size 41123704 : min/avg/max:  0.00192409  0.00192454  0.00192912 seconds or  21373.1 MUPD/s or  256.477 GB/s
STREAM triad of size 45236080 : min/avg/max:  0.00211427  0.00211473   0.0021192 seconds or  21395.6 MUPD/s or  256.748 GB/s
STREAM triad of size 49759696 : min/avg/max:  0.00232664  0.00232707   0.0023317 seconds or  21386.9 MUPD/s or  256.643 GB/s
STREAM triad of size 54735672 : min/avg/max:  0.00255638  0.00255852  0.00256775 seconds or  21411.4 MUPD/s or  256.937 GB/s
STREAM triad of size 60209240 : min/avg/max:   0.0028143  0.00281489  0.00281964 seconds or    21394 MUPD/s or  256.728 GB/s
STREAM triad of size 66230168 : min/avg/max:  0.00309582  0.00309651   0.0031008 seconds or  21393.4 MUPD/s or  256.721 GB/s
STREAM triad of size 72853192 : min/avg/max:  0.00340436  0.00340482  0.00340891 seconds or    21400 MUPD/s or    256.8 GB/s
STREAM triad of size 80138512 : min/avg/max:   0.0037445  0.00374503  0.00374929 seconds or  21401.7 MUPD/s or   256.82 GB/s
STREAM triad of size 88152368 : min/avg/max:  0.00411952  0.00412032  0.00412435 seconds or  21398.7 MUPD/s or  256.785 GB/s
STREAM triad of size 96967608 : min/avg/max:  0.00453143  0.00453203  0.00453634 seconds or  21398.9 MUPD/s or  256.787 GB/s
